# file delete -force work
# set Path_DUV "/home/reds/vsn21_student/labo3/code/src"
# /home/reds/vsn21_student/labo3/code/src
# set Path_TB  "/home/reds/vsn21_student/labo3/code/src_tb"
# /home/reds/vsn21_student/labo3/code/src_tb
# global Path_DUV
# global Path_TB
# vlib tlmvm
# vcom -2008 -work tlmvm /home/reds/vsn21_student/labo3/code/tlmvm/src/heartbeat_pkg.vhd
# QuestaSim-64 vcom 2020.1_1 Compiler 2020.03 Mar  4 2020
# Start time: 13:15:17 on Apr 24,2021
# vcom -2008 -work tlmvm /home/reds/vsn21_student/labo3/code/tlmvm/src/heartbeat_pkg.vhd 
# ** Warning: (vcom-6) -- Waiting for lock by "reds@reds2021, pid = 25597". Lockfile is "/home/reds/vsn21_student/libs/tlmvm/comp/tlmvm/_lock".
# -- Loading package STANDARD
# -- Compiling package heartbeat_pkg
# -- Compiling package body heartbeat_pkg
# -- Loading package heartbeat_pkg
# End time: 13:15:22 on Apr 24,2021, Elapsed time: 0:00:05
# Errors: 0, Warnings: 1
# vcom -2008 -work tlmvm /home/reds/vsn21_student/labo3/code/tlmvm/src/heartbeat_env_pkg.vhd
# QuestaSim-64 vcom 2020.1_1 Compiler 2020.03 Mar  4 2020
# Start time: 13:15:22 on Apr 24,2021
# vcom -2008 -work tlmvm /home/reds/vsn21_student/labo3/code/tlmvm/src/heartbeat_env_pkg.vhd 
# ** Warning: (vcom-6) -- Waiting for lock by "reds@reds2021, pid = 25799". Lockfile is "/home/reds/vsn21_student/libs/tlmvm/comp/tlmvm/_lock".
# -- Loading package STANDARD
# -- Loading package heartbeat_pkg
# -- Compiling package heartbeat_env_pkg
# -- Compiling package body heartbeat_env_pkg
# -- Loading package heartbeat_env_pkg
# End time: 13:15:23 on Apr 24,2021, Elapsed time: 0:00:01
# Errors: 0, Warnings: 1
# vcom -2008 -work tlmvm /home/reds/vsn21_student/labo3/code/tlmvm/src/objection_pkg.vhd
# QuestaSim-64 vcom 2020.1_1 Compiler 2020.03 Mar  4 2020
# Start time: 13:15:23 on Apr 24,2021
# vcom -2008 -work tlmvm /home/reds/vsn21_student/labo3/code/tlmvm/src/objection_pkg.vhd 
# ** Warning: (vcom-6) -- Waiting for lock by "reds@reds2021, pid = 25853". Lockfile is "/home/reds/vsn21_student/libs/tlmvm/comp/tlmvm/_lock".
# -- Loading package STANDARD
# -- Compiling package objection_pkg
# -- Loading package heartbeat_pkg
# -- Loading package heartbeat_env_pkg
# -- Compiling package body objection_pkg
# -- Loading package objection_pkg
# End time: 13:15:24 on Apr 24,2021, Elapsed time: 0:00:01
# Errors: 0, Warnings: 1
# vcom -2008 -work tlmvm /home/reds/vsn21_student/labo3/code/tlmvm/src/objection_env_pkg.vhd
# QuestaSim-64 vcom 2020.1_1 Compiler 2020.03 Mar  4 2020
# Start time: 13:15:24 on Apr 24,2021
# vcom -2008 -work tlmvm /home/reds/vsn21_student/labo3/code/tlmvm/src/objection_env_pkg.vhd 
# -- Loading package STANDARD
# -- Loading package objection_pkg
# -- Compiling package objection_env_pkg
# -- Loading package heartbeat_pkg
# -- Compiling package body objection_env_pkg
# -- Loading package objection_env_pkg
# End time: 13:15:24 on Apr 24,2021, Elapsed time: 0:00:00
# Errors: 0, Warnings: 0
# vcom -2008 -work tlmvm /home/reds/vsn21_student/labo3/code/tlmvm/src/simulation_end_pkg.vhd
# QuestaSim-64 vcom 2020.1_1 Compiler 2020.03 Mar  4 2020
# Start time: 13:15:24 on Apr 24,2021
# vcom -2008 -work tlmvm /home/reds/vsn21_student/labo3/code/tlmvm/src/simulation_end_pkg.vhd 
# ** Warning: (vcom-6) -- Waiting for lock by "reds@reds2021, pid = 25670". Lockfile is "/home/reds/vsn21_student/libs/tlmvm/comp/tlmvm/_lock".
# -- Loading package STANDARD
# -- Loading package TEXTIO
# -- Loading package std_logic_1164
# -- Loading package ENV
# -- Loading package objection_pkg
# -- Loading package objection_env_pkg
# -- Loading package heartbeat_pkg
# -- Loading package heartbeat_env_pkg
# -- Compiling package simulation_end_pkg
# -- Compiling package body simulation_end_pkg
# -- Loading package simulation_end_pkg
# -- Loading package simulation_end_pkg
# -- Compiling entity simulation_monitor
# -- Compiling architecture behave of simulation_monitor
# End time: 13:15:25 on Apr 24,2021, Elapsed time: 0:00:01
# Errors: 0, Warnings: 1
# vcom -2008 -work tlmvm /home/reds/vsn21_student/labo3/code/tlmvm/src/tlm_fifo_pkg.vhd
# QuestaSim-64 vcom 2020.1_1 Compiler 2020.03 Mar  4 2020
# Start time: 13:15:25 on Apr 24,2021
# vcom -2008 -work tlmvm /home/reds/vsn21_student/labo3/code/tlmvm/src/tlm_fifo_pkg.vhd 
# ** Warning: (vcom-6) -- Waiting for lock by "reds@reds2021, pid = 25687". Lockfile is "/home/reds/vsn21_student/libs/tlmvm/comp/tlmvm/_lock".
# -- Loading package STANDARD
# -- Compiling package tlm_fifo_pkg
# -- Loading package objection_pkg
# -- Loading package objection_env_pkg
# -- Compiling package body tlm_fifo_pkg
# -- Loading package tlm_fifo_pkg
# End time: 13:15:27 on Apr 24,2021, Elapsed time: 0:00:02
# Errors: 0, Warnings: 1
# vcom -2008 -work tlmvm /home/reds/vsn21_student/labo3/code/tlmvm/src/tlm_unbounded_fifo_pkg.vhd
# QuestaSim-64 vcom 2020.1_1 Compiler 2020.03 Mar  4 2020
# Start time: 13:15:27 on Apr 24,2021
# vcom -2008 -work tlmvm /home/reds/vsn21_student/labo3/code/tlmvm/src/tlm_unbounded_fifo_pkg.vhd 
# -- Loading package STANDARD
# -- Compiling package tlm_unbounded_fifo_pkg
# -- Loading package objection_pkg
# -- Loading package objection_env_pkg
# -- Compiling package body tlm_unbounded_fifo_pkg
# -- Loading package tlm_unbounded_fifo_pkg
# End time: 13:15:27 on Apr 24,2021, Elapsed time: 0:00:00
# Errors: 0, Warnings: 0
# vcom -2008 -work tlmvm /home/reds/vsn21_student/labo3/code/tlmvm/src/tlm_fifo_array_pkg.vhd
# QuestaSim-64 vcom 2020.1_1 Compiler 2020.03 Mar  4 2020
# Start time: 13:15:27 on Apr 24,2021
# vcom -2008 -work tlmvm /home/reds/vsn21_student/labo3/code/tlmvm/src/tlm_fifo_array_pkg.vhd 
# ** Warning: (vcom-6) -- Waiting for lock by "reds@reds2021, pid = 25973". Lockfile is "/home/reds/vsn21_student/libs/tlmvm/comp/tlmvm/_lock".
# ** Warning: (vcom-6) -- Waiting for lock by "reds@reds2021, pid = 26839". Lockfile is "/home/reds/vsn21_student/libs/tlmvm/comp/tlmvm/_lock".
# -- Loading package STANDARD
# -- Compiling package tlm_fifo_array_pkg
# -- Loading package objection_pkg
# -- Loading package objection_env_pkg
# -- Compiling package body tlm_fifo_array_pkg
# -- Loading package tlm_fifo_array_pkg
# End time: 13:15:33 on Apr 24,2021, Elapsed time: 0:00:06
# Errors: 0, Warnings: 2
# vcom -2008 -work tlmvm /home/reds/vsn21_student/labo3/code/tlmvm/src/tlm_unbounded_fifo_array_pkg.vhd
# QuestaSim-64 vcom 2020.1_1 Compiler 2020.03 Mar  4 2020
# Start time: 13:15:33 on Apr 24,2021
# vcom -2008 -work tlmvm /home/reds/vsn21_student/labo3/code/tlmvm/src/tlm_unbounded_fifo_array_pkg.vhd 
# -- Loading package STANDARD
# -- Compiling package tlm_unbounded_fifo_array_pkg
# -- Loading package objection_pkg
# -- Loading package objection_env_pkg
# -- Compiling package body tlm_unbounded_fifo_array_pkg
# -- Loading package tlm_unbounded_fifo_array_pkg
# End time: 13:15:33 on Apr 24,2021, Elapsed time: 0:00:00
# Errors: 0, Warnings: 0
# vcom -2008 -work tlmvm /home/reds/vsn21_student/labo3/code/tlmvm/src/memory_object_pkg.vhd
# QuestaSim-64 vcom 2020.1_1 Compiler 2020.03 Mar  4 2020
# Start time: 13:15:33 on Apr 24,2021
# vcom -2008 -work tlmvm /home/reds/vsn21_student/labo3/code/tlmvm/src/memory_object_pkg.vhd 
# -- Loading package STANDARD
# -- Loading context declaration IEEE_STD_CONTEXT
# -- Loading package TEXTIO
# -- Loading package std_logic_1164
# -- Loading package NUMERIC_STD
# -- Compiling package memory_object_pkg
# -- Compiling package body memory_object_pkg
# -- Loading context declaration IEEE_STD_CONTEXT
# -- Loading package memory_object_pkg
# End time: 13:15:34 on Apr 24,2021, Elapsed time: 0:00:01
# Errors: 0, Warnings: 0
# vcom -2008 -work tlmvm /home/reds/vsn21_student/labo3/code/tlmvm/src/tlmvm_context.vhd
# QuestaSim-64 vcom 2020.1_1 Compiler 2020.03 Mar  4 2020
# Start time: 13:15:34 on Apr 24,2021
# vcom -2008 -work tlmvm /home/reds/vsn21_student/labo3/code/tlmvm/src/tlmvm_context.vhd 
# -- Loading package STANDARD
# -- Compiling context declaration tlmvm_context
# End time: 13:15:34 on Apr 24,2021, Elapsed time: 0:00:00
# Errors: 0, Warnings: 0
# vlib common_lib
# vcom -work common_lib  -2008 $Path_TB/common_lib/logger_pkg.vhd
# QuestaSim-64 vcom 2020.1_1 Compiler 2020.03 Mar  4 2020
# Start time: 13:15:34 on Apr 24,2021
# vcom -work common_lib -2008 /home/reds/vsn21_student/labo3/code/src_tb/common_lib/logger_pkg.vhd 
# -- Loading package STANDARD
# -- Loading package TEXTIO
# -- Loading package std_logic_1164
# -- Loading package NUMERIC_STD
# -- Loading package std_logic_textio
# -- Compiling package logger_pkg
# End time: 13:15:34 on Apr 24,2021, Elapsed time: 0:00:00
# Errors: 0, Warnings: 0
# vcom -work common_lib  -2008 $Path_TB/common_lib/comparator_pkg.vhd
# QuestaSim-64 vcom 2020.1_1 Compiler 2020.03 Mar  4 2020
# Start time: 13:15:34 on Apr 24,2021
# vcom -work common_lib -2008 /home/reds/vsn21_student/labo3/code/src_tb/common_lib/comparator_pkg.vhd 
# -- Loading package STANDARD
# -- Loading package TEXTIO
# -- Loading package std_logic_1164
# -- Loading package NUMERIC_STD
# -- Loading package std_logic_textio
# -- Loading package logger_pkg
# -- Compiling package comparator_pkg
# End time: 13:15:34 on Apr 24,2021, Elapsed time: 0:00:00
# Errors: 0, Warnings: 0
# vcom -work common_lib  -2008 $Path_TB/common_lib/complex_comparator_pkg.vhd
# QuestaSim-64 vcom 2020.1_1 Compiler 2020.03 Mar  4 2020
# Start time: 13:15:34 on Apr 24,2021
# vcom -work common_lib -2008 /home/reds/vsn21_student/labo3/code/src_tb/common_lib/complex_comparator_pkg.vhd 
# -- Loading package STANDARD
# -- Loading package TEXTIO
# -- Loading package std_logic_1164
# -- Loading package NUMERIC_STD
# -- Loading package std_logic_textio
# -- Loading package logger_pkg
# -- Compiling package complex_comparator_pkg
# End time: 13:15:34 on Apr 24,2021, Elapsed time: 0:00:00
# Errors: 0, Warnings: 0
# vcom -work common_lib  -2008 $Path_TB/common_lib/common_ctx.vhd
# QuestaSim-64 vcom 2020.1_1 Compiler 2020.03 Mar  4 2020
# Start time: 13:15:34 on Apr 24,2021
# vcom -work common_lib -2008 /home/reds/vsn21_student/labo3/code/src_tb/common_lib/common_ctx.vhd 
# -- Loading package STANDARD
# -- Compiling context declaration common_ctx
# End time: 13:15:34 on Apr 24,2021, Elapsed time: 0:00:00
# Errors: 0, Warnings: 0
# vcom -work project_lib -2008 $Path_TB/project_logger_pkg.vhd
# QuestaSim-64 vcom 2020.1_1 Compiler 2020.03 Mar  4 2020
# Start time: 13:15:34 on Apr 24,2021
# vcom -work project_lib -2008 /home/reds/vsn21_student/labo3/code/src_tb/project_logger_pkg.vhd 
# -- Loading package STANDARD
# -- Loading context declaration common_ctx
# -- Loading package TEXTIO
# -- Loading package std_logic_1164
# -- Loading package NUMERIC_STD
# -- Loading package std_logic_textio
# -- Loading package logger_pkg
# -- Loading package comparator_pkg
# -- Loading package complex_comparator_pkg
# -- Compiling package project_logger_pkg
# End time: 13:15:34 on Apr 24,2021, Elapsed time: 0:00:00
# Errors: 0, Warnings: 0
# vcom -work project_lib -2008 $Path_TB/project_ctx.vhd
# QuestaSim-64 vcom 2020.1_1 Compiler 2020.03 Mar  4 2020
# Start time: 13:15:34 on Apr 24,2021
# vcom -work project_lib -2008 /home/reds/vsn21_student/labo3/code/src_tb/project_ctx.vhd 
# -- Loading package STANDARD
# -- Compiling context declaration project_ctx
# End time: 13:15:34 on Apr 24,2021, Elapsed time: 0:00:00
# Errors: 0, Warnings: 0
# vlib morse
# vcom -2008 -work morse $Path_DUV/morse_pkg.vhd
# QuestaSim-64 vcom 2020.1_1 Compiler 2020.03 Mar  4 2020
# Start time: 13:15:35 on Apr 24,2021
# vcom -2008 -work morse /home/reds/vsn21_student/labo3/code/src/morse_pkg.vhd 
# -- Loading package STANDARD
# -- Loading package TEXTIO
# -- Loading package std_logic_1164
# -- Loading package NUMERIC_STD
# -- Compiling package morse_pkg
# -- Compiling package body morse_pkg
# -- Loading package morse_pkg
# End time: 13:15:35 on Apr 24,2021, Elapsed time: 0:00:00
# Errors: 0, Warnings: 0
# vcom -2008 -work morse $Path_DUV/morse_burst_emitter_pkg.vhd
# QuestaSim-64 vcom 2020.1_1 Compiler 2020.03 Mar  4 2020
# Start time: 13:15:35 on Apr 24,2021
# vcom -2008 -work morse /home/reds/vsn21_student/labo3/code/src/morse_burst_emitter_pkg.vhd 
# -- Loading package STANDARD
# -- Loading package TEXTIO
# -- Loading package std_logic_1164
# -- Loading package NUMERIC_STD
# -- Compiling package morse_burst_emitter_pkg
# End time: 13:15:35 on Apr 24,2021, Elapsed time: 0:00:00
# Errors: 0, Warnings: 0
# vlib work
# vcom -2008 -work work $Path_DUV/fifo.vhd
# QuestaSim-64 vcom 2020.1_1 Compiler 2020.03 Mar  4 2020
# Start time: 13:15:35 on Apr 24,2021
# vcom -2008 -work work /home/reds/vsn21_student/labo3/code/src/fifo.vhd 
# -- Loading package STANDARD
# End time: 13:15:35 on Apr 24,2021, Elapsed time: 0:00:00
# Errors: 0, Warnings: 0
# vcom -2008 -work work $Path_DUV/morse_char_emitter.vhd
# QuestaSim-64 vcom 2020.1_1 Compiler 2020.03 Mar  4 2020
# Start time: 13:15:35 on Apr 24,2021
# vcom -2008 -work work /home/reds/vsn21_student/labo3/code/src/morse_char_emitter.vhd 
# -- Loading package STANDARD
# End time: 13:15:35 on Apr 24,2021, Elapsed time: 0:00:00
# Errors: 0, Warnings: 0
# vcom -2008 -work work $Path_DUV/morse_burst_emitter.vhd
# QuestaSim-64 vcom 2020.1_1 Compiler 2020.03 Mar  4 2020
# Start time: 13:15:35 on Apr 24,2021
# vcom -2008 -work work /home/reds/vsn21_student/labo3/code/src/morse_burst_emitter.vhd 
# -- Loading package STANDARD
# -- Loading package TEXTIO
# -- Loading package std_logic_1164
# -- Loading package NUMERIC_STD
# -- Loading package morse_pkg
# -- Loading package morse_burst_emitter_pkg
# -- Compiling entity morse_burst_emitter
# End time: 13:15:35 on Apr 24,2021, Elapsed time: 0:00:00
# Errors: 0, Warnings: 0
# vcom -2008 $Path_TB/transactions_pkg.vhd
# QuestaSim-64 vcom 2020.1_1 Compiler 2020.03 Mar  4 2020
# Start time: 13:15:35 on Apr 24,2021
# vcom -2008 /home/reds/vsn21_student/labo3/code/src_tb/transactions_pkg.vhd 
# -- Loading package STANDARD
# -- Loading package TEXTIO
# -- Loading package std_logic_1164
# -- Compiling package transactions_pkg
# End time: 13:15:35 on Apr 24,2021, Elapsed time: 0:00:00
# Errors: 0, Warnings: 0
# vcom -2008 $Path_TB/input_agent/input_agent_driver.vhd
# QuestaSim-64 vcom 2020.1_1 Compiler 2020.03 Mar  4 2020
# Start time: 13:15:35 on Apr 24,2021
# vcom -2008 /home/reds/vsn21_student/labo3/code/src_tb/input_agent/input_agent_driver.vhd 
# -- Loading package STANDARD
# -- Loading package TEXTIO
# -- Loading package std_logic_1164
# -- Loading package NUMERIC_STD
# -- Loading context declaration tlmvm_context
# -- Loading package heartbeat_pkg
# -- Loading package heartbeat_env_pkg
# -- Loading package objection_pkg
# -- Loading package objection_env_pkg
# -- Loading package ENV
# -- Loading package simulation_end_pkg
# -- Loading package tlm_fifo_pkg
# -- Loading package tlm_unbounded_fifo_pkg
# -- Loading context declaration project_ctx
# -- Loading context declaration common_ctx
# -- Loading package std_logic_textio
# -- Loading package logger_pkg
# -- Loading package comparator_pkg
# -- Loading package complex_comparator_pkg
# -- Loading package project_logger_pkg
# -- Loading package morse_pkg
# -- Loading package morse_burst_emitter_pkg
# -- Loading package transactions_pkg
# -- Compiling entity input_agent_driver
# -- Compiling architecture testbench of input_agent_driver
# End time: 13:15:36 on Apr 24,2021, Elapsed time: 0:00:01
# Errors: 0, Warnings: 0
# vcom -2008 $Path_TB/input_agent/input_agent_monitor.vhd
# QuestaSim-64 vcom 2020.1_1 Compiler 2020.03 Mar  4 2020
# Start time: 13:15:36 on Apr 24,2021
# vcom -2008 /home/reds/vsn21_student/labo3/code/src_tb/input_agent/input_agent_monitor.vhd 
# -- Loading package STANDARD
# -- Loading package TEXTIO
# -- Loading package std_logic_1164
# -- Loading package NUMERIC_STD
# -- Loading context declaration tlmvm_context
# -- Loading package heartbeat_pkg
# -- Loading package heartbeat_env_pkg
# -- Loading package objection_pkg
# -- Loading package objection_env_pkg
# -- Loading package ENV
# -- Loading package simulation_end_pkg
# -- Loading package tlm_fifo_pkg
# -- Loading package tlm_unbounded_fifo_pkg
# -- Loading context declaration project_ctx
# -- Loading context declaration common_ctx
# -- Loading package std_logic_textio
# -- Loading package logger_pkg
# -- Loading package comparator_pkg
# -- Loading package complex_comparator_pkg
# -- Loading package project_logger_pkg
# -- Loading package morse_pkg
# -- Loading package morse_burst_emitter_pkg
# -- Loading package transactions_pkg
# -- Compiling entity input_agent_monitor
# -- Compiling architecture testbench of input_agent_monitor
# End time: 13:15:36 on Apr 24,2021, Elapsed time: 0:00:00
# Errors: 0, Warnings: 0
# vcom -2008 $Path_TB/input_agent/input_agent_sequencer.vhd
# QuestaSim-64 vcom 2020.1_1 Compiler 2020.03 Mar  4 2020
# Start time: 13:15:36 on Apr 24,2021
# vcom -2008 /home/reds/vsn21_student/labo3/code/src_tb/input_agent/input_agent_sequencer.vhd 
# -- Loading package STANDARD
# -- Loading package TEXTIO
# -- Loading package std_logic_1164
# -- Loading package NUMERIC_STD
# -- Loading context declaration tlmvm_context
# -- Loading package heartbeat_pkg
# -- Loading package heartbeat_env_pkg
# -- Loading package objection_pkg
# -- Loading package objection_env_pkg
# -- Loading package ENV
# -- Loading package simulation_end_pkg
# -- Loading package tlm_fifo_pkg
# -- Loading package tlm_unbounded_fifo_pkg
# -- Loading context declaration project_ctx
# -- Loading context declaration common_ctx
# -- Loading package std_logic_textio
# -- Loading package logger_pkg
# -- Loading package comparator_pkg
# -- Loading package complex_comparator_pkg
# -- Loading package project_logger_pkg
# -- Loading package morse_pkg
# -- Loading package morse_burst_emitter_pkg
# -- Loading package transactions_pkg
# -- Compiling entity input_agent_sequencer
# -- Compiling architecture testbench of input_agent_sequencer
# End time: 13:15:36 on Apr 24,2021, Elapsed time: 0:00:00
# Errors: 0, Warnings: 0
# vcom -2008 $Path_TB/input_agent/input_agent.vhd
# QuestaSim-64 vcom 2020.1_1 Compiler 2020.03 Mar  4 2020
# Start time: 13:15:36 on Apr 24,2021
# vcom -2008 /home/reds/vsn21_student/labo3/code/src_tb/input_agent/input_agent.vhd 
# -- Loading package STANDARD
# -- Loading package TEXTIO
# -- Loading package std_logic_1164
# -- Loading package NUMERIC_STD
# -- Loading context declaration tlmvm_context
# -- Loading package heartbeat_pkg
# -- Loading package heartbeat_env_pkg
# -- Loading package objection_pkg
# -- Loading package objection_env_pkg
# -- Loading package ENV
# -- Loading package simulation_end_pkg
# -- Loading package tlm_fifo_pkg
# -- Loading package tlm_unbounded_fifo_pkg
# -- Loading context declaration project_ctx
# -- Loading context declaration common_ctx
# -- Loading package std_logic_textio
# -- Loading package logger_pkg
# -- Loading package comparator_pkg
# -- Loading package complex_comparator_pkg
# -- Loading package project_logger_pkg
# -- Loading package morse_pkg
# -- Loading package morse_burst_emitter_pkg
# -- Loading package transactions_pkg
# -- Compiling entity input_agent
# -- Compiling architecture testbench of input_agent
# -- Loading package body tlm_fifo_pkg
# -- Loading context declaration tlmvm_context
# -- Loading context declaration project_ctx
# -- Loading entity input_agent_sequencer
# -- Loading context declaration tlmvm_context
# -- Loading context declaration project_ctx
# -- Loading entity input_agent_driver
# -- Loading context declaration tlmvm_context
# -- Loading context declaration project_ctx
# -- Loading entity input_agent_monitor
# End time: 13:15:36 on Apr 24,2021, Elapsed time: 0:00:00
# Errors: 0, Warnings: 0
# vcom -2008 $Path_TB/output_agent/output_agent_monitor.vhd
# QuestaSim-64 vcom 2020.1_1 Compiler 2020.03 Mar  4 2020
# Start time: 13:15:36 on Apr 24,2021
# vcom -2008 /home/reds/vsn21_student/labo3/code/src_tb/output_agent/output_agent_monitor.vhd 
# -- Loading package STANDARD
# -- Loading package TEXTIO
# -- Loading package std_logic_1164
# -- Loading package NUMERIC_STD
# -- Loading context declaration tlmvm_context
# -- Loading package heartbeat_pkg
# -- Loading package heartbeat_env_pkg
# -- Loading package objection_pkg
# -- Loading package objection_env_pkg
# -- Loading package ENV
# -- Loading package simulation_end_pkg
# -- Loading package tlm_fifo_pkg
# -- Loading package tlm_unbounded_fifo_pkg
# -- Loading context declaration project_ctx
# -- Loading context declaration common_ctx
# -- Loading package std_logic_textio
# -- Loading package logger_pkg
# -- Loading package comparator_pkg
# -- Loading package complex_comparator_pkg
# -- Loading package project_logger_pkg
# -- Loading package morse_pkg
# -- Loading package morse_burst_emitter_pkg
# -- Loading package transactions_pkg
# -- Compiling entity output_agent_monitor
# -- Compiling architecture testbench of output_agent_monitor
# End time: 13:15:36 on Apr 24,2021, Elapsed time: 0:00:00
# Errors: 0, Warnings: 0
# vcom -2008 $Path_TB/output_agent/output_agent.vhd
# QuestaSim-64 vcom 2020.1_1 Compiler 2020.03 Mar  4 2020
# Start time: 13:15:36 on Apr 24,2021
# vcom -2008 /home/reds/vsn21_student/labo3/code/src_tb/output_agent/output_agent.vhd 
# -- Loading package STANDARD
# -- Loading package TEXTIO
# -- Loading package std_logic_1164
# -- Loading package NUMERIC_STD
# -- Loading context declaration tlmvm_context
# -- Loading package heartbeat_pkg
# -- Loading package heartbeat_env_pkg
# -- Loading package objection_pkg
# -- Loading package objection_env_pkg
# -- Loading package ENV
# -- Loading package simulation_end_pkg
# -- Loading package tlm_fifo_pkg
# -- Loading package tlm_unbounded_fifo_pkg
# -- Loading package transactions_pkg
# -- Compiling entity output_agent
# -- Compiling architecture testbench of output_agent
# -- Loading context declaration tlmvm_context
# -- Loading context declaration project_ctx
# -- Loading context declaration common_ctx
# -- Loading package std_logic_textio
# -- Loading package logger_pkg
# -- Loading package comparator_pkg
# -- Loading package complex_comparator_pkg
# -- Loading package project_logger_pkg
# -- Loading package morse_pkg
# -- Loading package morse_burst_emitter_pkg
# -- Loading entity output_agent_monitor
# End time: 13:15:36 on Apr 24,2021, Elapsed time: 0:00:00
# Errors: 0, Warnings: 0
# vcom -2008 $Path_TB/scoreboard.vhd
# QuestaSim-64 vcom 2020.1_1 Compiler 2020.03 Mar  4 2020
# Start time: 13:15:36 on Apr 24,2021
# vcom -2008 /home/reds/vsn21_student/labo3/code/src_tb/scoreboard.vhd 
# -- Loading package STANDARD
# -- Loading package TEXTIO
# -- Loading package std_logic_1164
# -- Loading package NUMERIC_STD
# -- Loading context declaration tlmvm_context
# -- Loading package heartbeat_pkg
# -- Loading package heartbeat_env_pkg
# -- Loading package objection_pkg
# -- Loading package objection_env_pkg
# -- Loading package ENV
# -- Loading package simulation_end_pkg
# -- Loading package tlm_fifo_pkg
# -- Loading package tlm_unbounded_fifo_pkg
# -- Loading context declaration project_ctx
# -- Loading context declaration common_ctx
# -- Loading package std_logic_textio
# -- Loading package logger_pkg
# -- Loading package comparator_pkg
# -- Loading package complex_comparator_pkg
# -- Loading package project_logger_pkg
# -- Loading package morse_pkg
# -- Loading package morse_burst_emitter_pkg
# -- Loading package transactions_pkg
# -- Compiling entity scoreboard
# -- Compiling architecture testbench of scoreboard
# End time: 13:15:37 on Apr 24,2021, Elapsed time: 0:00:01
# Errors: 0, Warnings: 0
# vcom -2008 $Path_TB/morse_burst_emitter_tb.vhd
# QuestaSim-64 vcom 2020.1_1 Compiler 2020.03 Mar  4 2020
# Start time: 13:15:37 on Apr 24,2021
# vcom -2008 /home/reds/vsn21_student/labo3/code/src_tb/morse_burst_emitter_tb.vhd 
# -- Loading package STANDARD
# -- Loading package TEXTIO
# -- Loading package std_logic_1164
# -- Loading package NUMERIC_STD
# -- Loading context declaration tlmvm_context
# -- Loading package heartbeat_pkg
# -- Loading package heartbeat_env_pkg
# -- Loading package objection_pkg
# -- Loading package objection_env_pkg
# -- Loading package ENV
# -- Loading package simulation_end_pkg
# -- Loading package tlm_fifo_pkg
# -- Loading package tlm_unbounded_fifo_pkg
# -- Loading context declaration project_ctx
# -- Loading context declaration common_ctx
# -- Loading package std_logic_textio
# -- Loading package logger_pkg
# -- Loading package comparator_pkg
# -- Loading package complex_comparator_pkg
# -- Loading package project_logger_pkg
# -- Loading package morse_pkg
# -- Loading package morse_burst_emitter_pkg
# -- Loading package transactions_pkg
# -- Compiling entity morse_burst_emitter_tb
# -- Compiling architecture testbench of morse_burst_emitter_tb
# -- Loading package body tlm_unbounded_fifo_pkg
# -- Loading context declaration tlmvm_context
# -- Loading context declaration project_ctx
# -- Loading entity input_agent
# -- Loading context declaration tlmvm_context
# -- Loading entity output_agent
# -- Loading context declaration tlmvm_context
# -- Loading context declaration project_ctx
# -- Loading entity scoreboard
# End time: 13:15:37 on Apr 24,2021, Elapsed time: 0:00:00
# Errors: 0, Warnings: 0
# vsim -coverage -t 10ps -GFIFOSIZE=8 -GTESTCASE=3 -GERRNO=0 work.morse_burst_emitter_tb
# vsim -coverage -t 10ps work.morse_burst_emitter_tb -GTESTCASE=3 -GERRNO=0 -GFIFOSIZE=8 
# Start time: 13:15:37 on Apr 24,2021
# ** Note: (vsim-3812) Design is being optimized...
# //  Questa Sim-64
# //  Version 2020.1_1 linux_x86_64 Mar  4 2020
# //
# //  Copyright 1991-2020 Mentor Graphics Corporation
# //  All Rights Reserved.
# //
# //  QuestaSim and its associated documentation contain trade
# //  secrets and commercial or financial information that are the property of
# //  Mentor Graphics Corporation and are privileged, confidential,
# //  and exempt from disclosure under the Freedom of Information Act,
# //  5 U.S.C. Section 552. Furthermore, this information
# //  is prohibited from disclosure under the Trade Secrets Act,
# //  18 U.S.C. Section 1905.
# //
# Loading std.standard
# Loading std.textio(body)
# Loading ieee.std_logic_1164(body)
# Loading ieee.numeric_std(body)
# Loading tlmvm.heartbeat_pkg(body)
# Loading tlmvm.heartbeat_env_pkg(body)
# Loading tlmvm.objection_pkg(body)
# Loading tlmvm.objection_env_pkg(body)
# Loading std.env(body)
# Loading tlmvm.simulation_end_pkg(body)
# Loading tlmvm.tlm_fifo_pkg(body)
# Loading tlmvm.tlm_unbounded_fifo_pkg(body)
# Loading ieee.std_logic_textio(body)
# Loading project_lib.project_logger_pkg
# Loading morse.morse_pkg(body)
# Loading morse.morse_burst_emitter_pkg
# Loading work.transactions_pkg
# Loading work.morse_burst_emitter_tb(testbench)#1
# Loading tlmvm.simulation_monitor(behave)#1
# Loading work.input_agent(testbench)#1
# Loading work.input_agent_sequencer(testbench)#1
# Loading work.input_agent_driver(testbench)#1
# Loading work.input_agent_monitor(testbench)#1
# Loading work.output_agent(testbench)#1
# Loading work.output_agent_monitor(testbench)#1
# Loading work.scoreboard(testbench)#1
# ** Warning: (vsim-8634) Code was not compiled with coverage options.
# set StdArithNoWarnings 1
# 1
# set NumericStdNoWarnings 1
# 1
# run 2 ns
# ** Note: Scoreboard waiting for transaction number 0
#    Time: 10 ps  Iteration: 0  Instance: /morse_burst_emitter_tb/scoreboard_inst
# ** Note: Monitor waiting for transaction number 0
#    Time: 10 ps  Iteration: 0  Instance: /morse_burst_emitter_tb/output_agent/output_agent_monitor
# ** Note: Sequencer : Sent transaction number 0
#    Time: 10 ps  Iteration: 0  Instance: /morse_burst_emitter_tb/input_agent/input_agent_sequencer
# set StdArithNoWarnings 0
# 0
# set NumericStdNoWarnings 0
# 0
# run -all
# ** Note: Driver waiting for transaction number 0
#    Time: 40 ns  Iteration: 1  Instance: /morse_burst_emitter_tb/input_agent/input_agent_driver
# ** Note: Driver received transaction number 0
#    Time: 40 ns  Iteration: 1  Instance: /morse_burst_emitter_tb/input_agent/input_agent_driver
# ** Note: Sequencer : Sent transaction number 1
#    Time: 40010 ps  Iteration: 0  Instance: /morse_burst_emitter_tb/input_agent/input_agent_sequencer
# ** Note: Driver waiting for transaction number 1
#    Time: 50 ns  Iteration: 1  Instance: /morse_burst_emitter_tb/input_agent/input_agent_driver
# ** Note: Driver received transaction number 1
#    Time: 50 ns  Iteration: 1  Instance: /morse_burst_emitter_tb/input_agent/input_agent_driver
# ** Note: Sequencer : Sent transaction number 2
#    Time: 50010 ps  Iteration: 0  Instance: /morse_burst_emitter_tb/input_agent/input_agent_sequencer
# ** Note: Driver waiting for transaction number 2
#    Time: 60 ns  Iteration: 1  Instance: /morse_burst_emitter_tb/input_agent/input_agent_driver
# ** Note: Driver received transaction number 2
#    Time: 60 ns  Iteration: 1  Instance: /morse_burst_emitter_tb/input_agent/input_agent_driver
# ** Note: Sequencer : Sent transaction number 3
#    Time: 60010 ps  Iteration: 0  Instance: /morse_burst_emitter_tb/input_agent/input_agent_sequencer
# ** Note: Driver waiting for transaction number 3
#    Time: 70 ns  Iteration: 1  Instance: /morse_burst_emitter_tb/input_agent/input_agent_driver
# ** Note: Driver received transaction number 3
#    Time: 70 ns  Iteration: 1  Instance: /morse_burst_emitter_tb/input_agent/input_agent_driver
# ** Note: Sequencer : Sent transaction number 4
#    Time: 70010 ps  Iteration: 0  Instance: /morse_burst_emitter_tb/input_agent/input_agent_sequencer
# ** Note: VALUE : 11111
#    Time: 1095 ns  Iteration: 1  Instance: /morse_burst_emitter_tb/output_agent/output_agent_monitor
# ** Note: Output Monitor received transaction number 0
# Value : 48
# Size : 5
# Char : -----
#    Time: 1095 ns  Iteration: 1  Instance: /morse_burst_emitter_tb/output_agent/output_agent_monitor
# ** Note: Scoreboard received transaction number 0
#    Time: 1095010 ps  Iteration: 0  Instance: /morse_burst_emitter_tb/scoreboard_inst
# ** Note: 48 48
#    Time: 1095010 ps  Iteration: 0  Instance: /morse_burst_emitter_tb/scoreboard_inst
# ** Note: Everything's fine !
#    Time: 1095010 ps  Iteration: 0  Instance: /morse_burst_emitter_tb/scoreboard_inst
# ** Note: Scoreboard waiting for transaction number 1
#    Time: 1095010 ps  Iteration: 0  Instance: /morse_burst_emitter_tb/scoreboard_inst
# ** Note: Monitor waiting for transaction number 1
#    Time: 1185 ns  Iteration: 1  Instance: /morse_burst_emitter_tb/output_agent/output_agent_monitor
# ** Note: VALUE : 01111
#    Time: 2095 ns  Iteration: 1  Instance: /morse_burst_emitter_tb/output_agent/output_agent_monitor
# ** Note: Output Monitor received transaction number 1
# Value : 49
# Size : 5
# Char : .----
#    Time: 2095 ns  Iteration: 1  Instance: /morse_burst_emitter_tb/output_agent/output_agent_monitor
# ** Note: Scoreboard received transaction number 1
#    Time: 2095010 ps  Iteration: 0  Instance: /morse_burst_emitter_tb/scoreboard_inst
# ** Note: 49 49
#    Time: 2095010 ps  Iteration: 0  Instance: /morse_burst_emitter_tb/scoreboard_inst
# ** Note: Everything's fine !
#    Time: 2095010 ps  Iteration: 0  Instance: /morse_burst_emitter_tb/scoreboard_inst
# ** Note: Scoreboard waiting for transaction number 2
#    Time: 2095010 ps  Iteration: 0  Instance: /morse_burst_emitter_tb/scoreboard_inst
# ** Note: Driver waiting for transaction number 4
#    Time: 2170 ns  Iteration: 1  Instance: /morse_burst_emitter_tb/input_agent/input_agent_driver
# ** Note: Driver received transaction number 4
#    Time: 2170 ns  Iteration: 1  Instance: /morse_burst_emitter_tb/input_agent/input_agent_driver
# ** Note: Sequencer : Sent transaction number 5
#    Time: 2170010 ps  Iteration: 0  Instance: /morse_burst_emitter_tb/input_agent/input_agent_sequencer
# ** Note: Driver waiting for transaction number 5
#    Time: 2180 ns  Iteration: 1  Instance: /morse_burst_emitter_tb/input_agent/input_agent_driver
# ** Note: Driver received transaction number 5
#    Time: 2180 ns  Iteration: 1  Instance: /morse_burst_emitter_tb/input_agent/input_agent_driver
# ** Note: Sequencer : Sent transaction number 6
#    Time: 2180010 ps  Iteration: 0  Instance: /morse_burst_emitter_tb/input_agent/input_agent_sequencer
# ** Note: Driver waiting for transaction number 6
#    Time: 2190 ns  Iteration: 1  Instance: /morse_burst_emitter_tb/input_agent/input_agent_driver
# ** Note: Driver received transaction number 6
#    Time: 2190 ns  Iteration: 1  Instance: /morse_burst_emitter_tb/input_agent/input_agent_driver
# ** Note: Sequencer : Sent transaction number 7
#    Time: 2190010 ps  Iteration: 0  Instance: /morse_burst_emitter_tb/input_agent/input_agent_sequencer
# ** Note: Driver waiting for transaction number 7
#    Time: 2200 ns  Iteration: 1  Instance: /morse_burst_emitter_tb/input_agent/input_agent_driver
# ** Note: Driver received transaction number 7
#    Time: 2200 ns  Iteration: 1  Instance: /morse_burst_emitter_tb/input_agent/input_agent_driver
# ** Note: Sequencer : Sent transaction number 8
#    Time: 2200010 ps  Iteration: 0  Instance: /morse_burst_emitter_tb/input_agent/input_agent_sequencer
# ** Note: Monitor waiting for transaction number 2
#    Time: 2215 ns  Iteration: 1  Instance: /morse_burst_emitter_tb/output_agent/output_agent_monitor
# ** Note: VALUE : 00111
#    Time: 3025 ns  Iteration: 1  Instance: /morse_burst_emitter_tb/output_agent/output_agent_monitor
# ** Note: Output Monitor received transaction number 2
# Value : 50
# Size : 5
# Char : ..---
#    Time: 3025 ns  Iteration: 1  Instance: /morse_burst_emitter_tb/output_agent/output_agent_monitor
# ** Note: Scoreboard received transaction number 2
#    Time: 3025010 ps  Iteration: 0  Instance: /morse_burst_emitter_tb/scoreboard_inst
# ** Note: 50 50
#    Time: 3025010 ps  Iteration: 0  Instance: /morse_burst_emitter_tb/scoreboard_inst
# ** Note: Everything's fine !
#    Time: 3025010 ps  Iteration: 0  Instance: /morse_burst_emitter_tb/scoreboard_inst
# ** Note: Scoreboard waiting for transaction number 3
#    Time: 3025010 ps  Iteration: 0  Instance: /morse_burst_emitter_tb/scoreboard_inst
# ** Note: Monitor waiting for transaction number 3
#    Time: 3115 ns  Iteration: 1  Instance: /morse_burst_emitter_tb/output_agent/output_agent_monitor
# ** Note: VALUE : 00011
#    Time: 3825 ns  Iteration: 1  Instance: /morse_burst_emitter_tb/output_agent/output_agent_monitor
# ** Note: Output Monitor received transaction number 3
# Value : 51
# Size : 5
# Char : ...--
#    Time: 3825 ns  Iteration: 1  Instance: /morse_burst_emitter_tb/output_agent/output_agent_monitor
# ** Note: Scoreboard received transaction number 3
#    Time: 3825010 ps  Iteration: 0  Instance: /morse_burst_emitter_tb/scoreboard_inst
# ** Note: 51 51
#    Time: 3825010 ps  Iteration: 0  Instance: /morse_burst_emitter_tb/scoreboard_inst
# ** Note: Everything's fine !
#    Time: 3825010 ps  Iteration: 0  Instance: /morse_burst_emitter_tb/scoreboard_inst
# ** Note: Scoreboard waiting for transaction number 4
#    Time: 3825010 ps  Iteration: 0  Instance: /morse_burst_emitter_tb/scoreboard_inst
# ** Note: Driver waiting for transaction number 8
#    Time: 3900 ns  Iteration: 1  Instance: /morse_burst_emitter_tb/input_agent/input_agent_driver
# ** Note: Driver received transaction number 8
#    Time: 3900 ns  Iteration: 1  Instance: /morse_burst_emitter_tb/input_agent/input_agent_driver
# ** Note: Sequencer : Sent transaction number 9
#    Time: 3900010 ps  Iteration: 0  Instance: /morse_burst_emitter_tb/input_agent/input_agent_sequencer
# ** Note: Driver waiting for transaction number 9
#    Time: 3910 ns  Iteration: 1  Instance: /morse_burst_emitter_tb/input_agent/input_agent_driver
# ** Note: Driver received transaction number 9
#    Time: 3910 ns  Iteration: 1  Instance: /morse_burst_emitter_tb/input_agent/input_agent_driver
# ** Note: Sequencer : Sent transaction number 10
#    Time: 3910010 ps  Iteration: 0  Instance: /morse_burst_emitter_tb/input_agent/input_agent_sequencer
# ** Note: Driver waiting for transaction number 10
#    Time: 3920 ns  Iteration: 1  Instance: /morse_burst_emitter_tb/input_agent/input_agent_driver
# ** Note: Driver received transaction number 10
#    Time: 3920 ns  Iteration: 1  Instance: /morse_burst_emitter_tb/input_agent/input_agent_driver
# ** Note: Sequencer : Sent transaction number 11
#    Time: 3920010 ps  Iteration: 0  Instance: /morse_burst_emitter_tb/input_agent/input_agent_sequencer
# ** Note: Driver waiting for transaction number 11
#    Time: 3930 ns  Iteration: 1  Instance: /morse_burst_emitter_tb/input_agent/input_agent_driver
# ** Note: Driver received transaction number 11
#    Time: 3930 ns  Iteration: 1  Instance: /morse_burst_emitter_tb/input_agent/input_agent_driver
# ** Note: Sequencer : Sent transaction number 12
#    Time: 3930010 ps  Iteration: 0  Instance: /morse_burst_emitter_tb/input_agent/input_agent_sequencer
# ** Note: Monitor waiting for transaction number 4
#    Time: 3945 ns  Iteration: 1  Instance: /morse_burst_emitter_tb/output_agent/output_agent_monitor
# ** Note: VALUE : 00001
#    Time: 4555 ns  Iteration: 1  Instance: /morse_burst_emitter_tb/output_agent/output_agent_monitor
# ** Note: Output Monitor received transaction number 4
# Value : 52
# Size : 5
# Char : ....-
#    Time: 4555 ns  Iteration: 1  Instance: /morse_burst_emitter_tb/output_agent/output_agent_monitor
# ** Note: Scoreboard received transaction number 4
#    Time: 4555010 ps  Iteration: 0  Instance: /morse_burst_emitter_tb/scoreboard_inst
# ** Note: 52 52
#    Time: 4555010 ps  Iteration: 0  Instance: /morse_burst_emitter_tb/scoreboard_inst
# ** Note: Everything's fine !
#    Time: 4555010 ps  Iteration: 0  Instance: /morse_burst_emitter_tb/scoreboard_inst
# ** Note: Scoreboard waiting for transaction number 5
#    Time: 4555010 ps  Iteration: 0  Instance: /morse_burst_emitter_tb/scoreboard_inst
# ** Note: Monitor waiting for transaction number 5
#    Time: 4645 ns  Iteration: 1  Instance: /morse_burst_emitter_tb/output_agent/output_agent_monitor
# ** Note: VALUE : 00000
#    Time: 5155 ns  Iteration: 1  Instance: /morse_burst_emitter_tb/output_agent/output_agent_monitor
# ** Note: Output Monitor received transaction number 5
# Value : 53
# Size : 5
# Char : .....
#    Time: 5155 ns  Iteration: 1  Instance: /morse_burst_emitter_tb/output_agent/output_agent_monitor
# ** Note: Scoreboard received transaction number 5
#    Time: 5155010 ps  Iteration: 0  Instance: /morse_burst_emitter_tb/scoreboard_inst
# ** Note: 53 53
#    Time: 5155010 ps  Iteration: 0  Instance: /morse_burst_emitter_tb/scoreboard_inst
# ** Note: Everything's fine !
#    Time: 5155010 ps  Iteration: 0  Instance: /morse_burst_emitter_tb/scoreboard_inst
# ** Note: Scoreboard waiting for transaction number 6
#    Time: 5155010 ps  Iteration: 0  Instance: /morse_burst_emitter_tb/scoreboard_inst
# ** Note: Driver waiting for transaction number 12
#    Time: 5230 ns  Iteration: 1  Instance: /morse_burst_emitter_tb/input_agent/input_agent_driver
# ** Note: Driver received transaction number 12
#    Time: 5230 ns  Iteration: 1  Instance: /morse_burst_emitter_tb/input_agent/input_agent_driver
# ** Note: Sequencer : Sent transaction number 13
#    Time: 5230010 ps  Iteration: 0  Instance: /morse_burst_emitter_tb/input_agent/input_agent_sequencer
# ** Note: Driver waiting for transaction number 13
#    Time: 5240 ns  Iteration: 1  Instance: /morse_burst_emitter_tb/input_agent/input_agent_driver
# ** Note: Driver received transaction number 13
#    Time: 5240 ns  Iteration: 1  Instance: /morse_burst_emitter_tb/input_agent/input_agent_driver
# ** Note: Sequencer : Sent transaction number 14
#    Time: 5240010 ps  Iteration: 0  Instance: /morse_burst_emitter_tb/input_agent/input_agent_sequencer
# ** Note: Driver waiting for transaction number 14
#    Time: 5250 ns  Iteration: 1  Instance: /morse_burst_emitter_tb/input_agent/input_agent_driver
# ** Note: Driver received transaction number 14
#    Time: 5250 ns  Iteration: 1  Instance: /morse_burst_emitter_tb/input_agent/input_agent_driver
# ** Note: Sequencer : Sent transaction number 15
#    Time: 5250010 ps  Iteration: 0  Instance: /morse_burst_emitter_tb/input_agent/input_agent_sequencer
# ** Note: Driver waiting for transaction number 15
#    Time: 5260 ns  Iteration: 1  Instance: /morse_burst_emitter_tb/input_agent/input_agent_driver
# ** Note: Driver received transaction number 15
#    Time: 5260 ns  Iteration: 1  Instance: /morse_burst_emitter_tb/input_agent/input_agent_driver
# ** Note: Sequencer : Sent transaction number 16
#    Time: 5260010 ps  Iteration: 0  Instance: /morse_burst_emitter_tb/input_agent/input_agent_sequencer
# ** Note: Monitor waiting for transaction number 6
#    Time: 5275 ns  Iteration: 1  Instance: /morse_burst_emitter_tb/output_agent/output_agent_monitor
# ** Note: VALUE : 10000
#    Time: 5885 ns  Iteration: 1  Instance: /morse_burst_emitter_tb/output_agent/output_agent_monitor
# ** Note: Output Monitor received transaction number 6
# Value : 54
# Size : 5
# Char : -....
#    Time: 5885 ns  Iteration: 1  Instance: /morse_burst_emitter_tb/output_agent/output_agent_monitor
# ** Note: Scoreboard received transaction number 6
#    Time: 5885010 ps  Iteration: 0  Instance: /morse_burst_emitter_tb/scoreboard_inst
# ** Note: 54 54
#    Time: 5885010 ps  Iteration: 0  Instance: /morse_burst_emitter_tb/scoreboard_inst
# ** Note: Everything's fine !
#    Time: 5885010 ps  Iteration: 0  Instance: /morse_burst_emitter_tb/scoreboard_inst
# ** Note: Scoreboard waiting for transaction number 7
#    Time: 5885010 ps  Iteration: 0  Instance: /morse_burst_emitter_tb/scoreboard_inst
# ** Note: Monitor waiting for transaction number 7
#    Time: 5975 ns  Iteration: 1  Instance: /morse_burst_emitter_tb/output_agent/output_agent_monitor
# ** Note: VALUE : 11000
#    Time: 6685 ns  Iteration: 1  Instance: /morse_burst_emitter_tb/output_agent/output_agent_monitor
# ** Note: Output Monitor received transaction number 7
# Value : 55
# Size : 5
# Char : --...
#    Time: 6685 ns  Iteration: 1  Instance: /morse_burst_emitter_tb/output_agent/output_agent_monitor
# ** Note: Scoreboard received transaction number 7
#    Time: 6685010 ps  Iteration: 0  Instance: /morse_burst_emitter_tb/scoreboard_inst
# ** Note: 55 55
#    Time: 6685010 ps  Iteration: 0  Instance: /morse_burst_emitter_tb/scoreboard_inst
# ** Note: Everything's fine !
#    Time: 6685010 ps  Iteration: 0  Instance: /morse_burst_emitter_tb/scoreboard_inst
# ** Note: Scoreboard waiting for transaction number 8
#    Time: 6685010 ps  Iteration: 0  Instance: /morse_burst_emitter_tb/scoreboard_inst
# ** Note: Driver waiting for transaction number 16
#    Time: 6760 ns  Iteration: 1  Instance: /morse_burst_emitter_tb/input_agent/input_agent_driver
# ** Note: Driver received transaction number 16
#    Time: 6760 ns  Iteration: 1  Instance: /morse_burst_emitter_tb/input_agent/input_agent_driver
# ** Note: Sequencer : Sent transaction number 17
#    Time: 6760010 ps  Iteration: 0  Instance: /morse_burst_emitter_tb/input_agent/input_agent_sequencer
# ** Note: Driver waiting for transaction number 17
#    Time: 6770 ns  Iteration: 1  Instance: /morse_burst_emitter_tb/input_agent/input_agent_driver
# ** Note: Driver received transaction number 17
#    Time: 6770 ns  Iteration: 1  Instance: /morse_burst_emitter_tb/input_agent/input_agent_driver
# ** Note: Sequencer : Sent transaction number 18
#    Time: 6770010 ps  Iteration: 0  Instance: /morse_burst_emitter_tb/input_agent/input_agent_sequencer
# ** Note: Driver waiting for transaction number 18
#    Time: 6780 ns  Iteration: 1  Instance: /morse_burst_emitter_tb/input_agent/input_agent_driver
# ** Note: Driver received transaction number 18
#    Time: 6780 ns  Iteration: 1  Instance: /morse_burst_emitter_tb/input_agent/input_agent_driver
# ** Note: Sequencer : Sent transaction number 19
#    Time: 6780010 ps  Iteration: 0  Instance: /morse_burst_emitter_tb/input_agent/input_agent_sequencer
# ** Note: Sequencer finished his job
#    Time: 6780010 ps  Iteration: 0  Instance: /morse_burst_emitter_tb/input_agent/input_agent_sequencer
# ** Note: Driver waiting for transaction number 19
#    Time: 6790 ns  Iteration: 1  Instance: /morse_burst_emitter_tb/input_agent/input_agent_driver
# ** Note: Driver received transaction number 19
#    Time: 6790 ns  Iteration: 1  Instance: /morse_burst_emitter_tb/input_agent/input_agent_driver
# ** Note: Monitor waiting for transaction number 8
#    Time: 6805 ns  Iteration: 1  Instance: /morse_burst_emitter_tb/output_agent/output_agent_monitor
# ** Note: VALUE : 11100
#    Time: 7615 ns  Iteration: 1  Instance: /morse_burst_emitter_tb/output_agent/output_agent_monitor
# ** Note: Output Monitor received transaction number 8
# Value : 56
# Size : 5
# Char : ---..
#    Time: 7615 ns  Iteration: 1  Instance: /morse_burst_emitter_tb/output_agent/output_agent_monitor
# ** Note: Scoreboard received transaction number 8
#    Time: 7615010 ps  Iteration: 0  Instance: /morse_burst_emitter_tb/scoreboard_inst
# ** Note: 56 56
#    Time: 7615010 ps  Iteration: 0  Instance: /morse_burst_emitter_tb/scoreboard_inst
# ** Note: Everything's fine !
#    Time: 7615010 ps  Iteration: 0  Instance: /morse_burst_emitter_tb/scoreboard_inst
# ** Note: Scoreboard waiting for transaction number 9
#    Time: 7615010 ps  Iteration: 0  Instance: /morse_burst_emitter_tb/scoreboard_inst
# ** Note: Monitor waiting for transaction number 9
#    Time: 7705 ns  Iteration: 1  Instance: /morse_burst_emitter_tb/output_agent/output_agent_monitor
# ** Note: VALUE : 11110
#    Time: 8615 ns  Iteration: 1  Instance: /morse_burst_emitter_tb/output_agent/output_agent_monitor
# ** Note: Output Monitor received transaction number 9
# Value : 57
# Size : 5
# Char : ----.
#    Time: 8615 ns  Iteration: 1  Instance: /morse_burst_emitter_tb/output_agent/output_agent_monitor
# ** Note: Scoreboard received transaction number 9
#    Time: 8615010 ps  Iteration: 0  Instance: /morse_burst_emitter_tb/scoreboard_inst
# ** Note: 57 57
#    Time: 8615010 ps  Iteration: 0  Instance: /morse_burst_emitter_tb/scoreboard_inst
# ** Note: Everything's fine !
#    Time: 8615010 ps  Iteration: 0  Instance: /morse_burst_emitter_tb/scoreboard_inst
# ** Note: Scoreboard waiting for transaction number 10
#    Time: 8615010 ps  Iteration: 0  Instance: /morse_burst_emitter_tb/scoreboard_inst
# ** Note: Driver waiting for transaction number 20
#    Time: 8690 ns  Iteration: 1  Instance: /morse_burst_emitter_tb/input_agent/input_agent_driver
# ** Note: Monitor waiting for transaction number 10
#    Time: 8915 ns  Iteration: 1  Instance: /morse_burst_emitter_tb/output_agent/output_agent_monitor
# ** Note: Finishing at time 100000000 ps
#    Time: 100 us  Iteration: 0  Instance: /morse_burst_emitter_tb/monitor
# ** Note: Ending status: Because of no more objections
#    Time: 100 us  Iteration: 0  Instance: /morse_burst_emitter_tb/monitor
# ** Note: --------------------------------
# FINAL report
# Total number of warnings : 0
# Total number of errors : 0
# --------------------------------
#    Time: 100 us  Iteration: 0  Instance: /morse_burst_emitter_tb/monitor
# Break in Process monitor_proc at /home/reds/vsn21_student/labo3/code/tlmvm/src/simulation_end_pkg.vhd line 175
# Stopped at /home/reds/vsn21_student/labo3/code/tlmvm/src/simulation_end_pkg.vhd line 175
# coverage attribute -name TESTNAME -value all_num_burst
# coverage save ../all_num_burst.ucdb
# quit -f
