================================================================================
== Profile: REAL-TIME, CPU-freq = 4.01 GHz
                                                          Calls Real-Time  Parent 
                                                                  (milli) fraction

    <zixl_543IiP35>~_zixl                                                1     653.9 (100.0%)
  zixl_z57-ZAiL~_zixl                                                    1     653.9         
    zixl_zi_z57_rI1A21_5Le_ALS_4118tAI~_zixl                             1     340.2 ( 52.0%)
      zixl_zi_A16_51234_ALS_rI1A21_L12ei52_6PIZAe~_zixl                  1     254.6 ( 74.9%)
        zixl_A16_6PIZAe_rI1A21_L12ei52~_zixl                             1     246.3 ( 96.7%)
          zixl_zi_A16_6PIZAe_rI1A21_L12ei52~_zixl                        1     246.2 (100.0%)
            zixl_zi_SyP_ZPS1e_q12_PI_ZA81_Le_qIA47_r352PZ~_zixl          6     243.3 ( 98.8%)
              zixl_zi_1eAy_1eAyPIA21_SyP~_zixl                           3      53.4 ( 22.0%)
                zixl_zi_Le_I52I_qIA47_ePrAe~_zixl                        3      51.9 ( 97.2%)
                <zixl_I152>~_zixl                                                1.5 (  2.8%)
              <zixl_I152>~_zixl                                                189.9 ( 78.0%)
            <zixl_I152>~_zixl                                                    2.5 (  1.0%)
        zixl_A16_6PIZAe_rI1A21_SyP_ZPS1e5_SAq~_zixl                      1       6.9 (  2.7%)
      zixl_zi_rI1A21_5Le_6IPZ_7i1IqIA47~_zixl                            1      57.0 ( 16.8%)
        zixl_jQx-NP-dQx-rI1A2iPL~_zixl                                   1      31.8 ( 55.8%)
          zixl_bPLL1r2g323I1bePr8V94I5~_zixl                             1      27.5 ( 86.3%)
            <zixl_I152>~_zixl                                                   27.4 ( 99.9%)
          zixl_bPee1r2atoL6P~_zixl                                       1       1.5 (  4.6%)
            zixl_y35-q12-SIitiLq-194I-6PI-5Le~_zixl                    154       1.1 ( 77.8%)
              zixl_mTVxU2ji1INIAtb::2PV94I_y35 [T]~_zixl               154       1.1 ( 96.3%)
              <zixl_I152>~_zixl                                                  0.0 (  3.7%)
            <zixl_I152>~_zixl                                                    0.3 ( 22.2%)
          zixl_bPLt1I2QeV94INPdLeV94I~_zixl                              1       0.6 (  2.0%)
            zixl_y3ieS_194I~_zixl                                      115       0.2 ( 38.8%)
              zixl_m3ieSV94IB1Ae~_zixl                                 115       0.1 ( 51.5%)
                zixl_QxN1IZm3ieSV94I~_zixl                              28       0.1 ( 88.0%)
                  zixl_m3ieSdP3Ir1N1IZ~_zixl                            15       0.0 ( 44.5%)
                  <zixl_I152>~_zixl                                              0.1 ( 55.5%)
                <zixl_I152>~_zixl                                                0.0 ( 12.0%)
              <zixl_I152>~_zixl                                                  0.1 ( 48.5%)
            zixl_4P52_4IPr155_194I~_zixl                               115       0.1 ( 20.3%)
              zixl_aP52aIPr155V94IB1Ae~_zixl                           115       0.0 (  4.9%)
              <zixl_I152>~_zixl                                                  0.1 ( 95.1%)
            <zixl_I152>~_zixl                                                    0.3 ( 40.9%)
          zixl_m3ieSdLeg6~_zixl                                          1       0.6 (  1.9%)
            zixl_m3ieSg6~_zixl                                          21       0.6 ( 99.6%)
              <zixl_I152>~_zixl                                                  0.6 ( 99.0%)
          <zixl_I152>~_zixl                                                      0.5 (  1.6%)
          <zixl_58i441S>~_zixl                                                   1.1 (  3.6%)
        zixl_zi_4IPr155_eiL81S_7i1IqIA47~_zixl                           1       1.1 (  2.0%)
          zixl_zi_ArSy_i5_A32Pr71r8_r71r8_PL_6PI_5iqLAe_iL_S32~_zixl        145       0.3 ( 27.4%)
            zixl_zi_ArSy_i5_A32Pr71r8_r71r8_PL_6PI_5iqLAe_iL_S32~_zixl        121       0.1 ( 40.1%)
              zixl_ePP8_6PI_LAZ15_ZA2r7 [R]~_zixl                      121       0.1 ( 62.4%)
              <zixl_I152>~_zixl                                                  0.0 ( 37.6%)
            <zixl_I152>~_zixl                                                    0.2 ( 59.9%)
          zixl_mTVxU2ji1INIAtb::2PV94I_y35 [E]~_zixl                     1       0.1 (  6.1%)
          zixl_zi_Le_y35_q12_SIitiLq_194I_Ui27P32_y35_21IZ~_zixl          4       0.0 (  2.4%)
            zixl_mTVxU2ji1INIAtb::2PV94I_y35 [R]~_zixl                   4       0.0 ( 92.8%)
            <zixl_I152>~_zixl                                                    0.0 (  7.2%)
          <zixl_I152>~_zixl                                                      0.7 ( 63.7%)
        <zixl_I152>~_zixl                                                       24.1 ( 42.2%)
      zixl_Qxji1IhIA47bPL2192::q12ji1IhIA47~_zixl                        1      28.4 (  8.3%)
        zixl_jQx_bpQdN_aBpa~_zixl                                        1       0.6 (  2.0%)
          zixl_diZ4ei6OV94IQPS15~_zixl                                   1       0.2 ( 40.6%)
          zixl_aIP4AqA21bPL52AL2~_zixl                                   1       0.2 ( 38.3%)
            zixl_QxV94IQPS1VtAe3A21~_zixl                               51       0.1 ( 56.1%)
              zixl_4IP4bPL52oL2PV94I~_zixl                             228       0.0 ( 27.8%)
                zixl_q12aIP41I2O_y35 [T]~_zixl                         148       0.0 ( 10.7%)
                zixl_q12p42iZiz1SgPImiLAIO~_zixl                        64       0.0 (  3.0%)
                <zixl_I152>~_zixl                                                0.0 ( 86.3%)
              <zixl_I152>~_zixl                                                  0.1 ( 71.9%)
            zixl_QxB1qQPS1VtAe3A21~_zixl                                21       0.0 (  3.8%)
              zixl_q12aIP41I2O_y35 [Y]~_zixl                            23       0.0 (  6.8%)
              <zixl_I152>~_zixl                                                  0.0 ( 93.2%)
            zixl_512aIP41I2O_LPS1~_zixl                                 22       0.0 (  2.2%)
              zixl_34SA21QPS15NPm1f1e121S~_zixl                         22       0.0 (  7.0%)
              <zixl_I152>~_zixl                                                  0.0 ( 93.0%)
            zixl_q12aIP41I2O_LPS1~_zixl                                100       0.0 (  1.4%)
            zixl_512aIP41I2O [E]~_zixl                                  21       0.0 (  1.1%)
            <zixl_I152>~_zixl                                                    0.1 ( 33.7%)
            <zixl_58i441S>~_zixl                                                 0.0 (  1.8%)
          zixl_zi_Le_P42P_52PI1_rPL52_4IP4_iL6P~_zixl                    1       0.0 (  8.4%)
            zixl_Le-LPS1-AeePr-4IiL2Aye1-LAZ1~_zixl                     22       0.0 ( 68.0%)
              zixl_Le-LPS1-AeePr-4IiL2Aye1-LAZ1-3Li6i1S~_zixl           22       0.0 ( 94.6%)
              <zixl_I152>~_zixl                                                  0.0 (  5.4%)
            <zixl_I152>~_zixl                                                    0.0 ( 32.0%)
          <zixl_I152>~_zixl                                                      0.1 ( 11.7%)
        <zixl_I152>~_zixl                                                       27.7 ( 97.8%)
    <zixl_I152>~_zixl                                                          313.8 ( 48.0%)


================================================================================
== Profile: PEAK-MEMORY, CPU-freq = 4.01 GHz
                                                          Calls   Peak-Mb         
                                                                                  

    <zixl_543IiP35>~_zixl                                                1     172.0 (100.0%)
  zixl_z57-ZAiL~_zixl                                                    1     172.0         
    zixl_zi_z57_rI1A21_5Le_ALS_4118tAI~_zixl                             1     172.0 (100.0%)
      zixl_zi_A16_51234_ALS_rI1A21_L12ei52_6PIZAe~_zixl                  1      88.0 ( 51.2%)
        zixl_A16_6PIZAe_rI1A21_L12ei52~_zixl                             1      84.0 ( 95.5%)
          zixl_zi_A16_6PIZAe_rI1A21_L12ei52~_zixl                        1      84.0 (100.0%)
            zixl_zi_SyP_ZPS1e_q12_PI_ZA81_Le_qIA47_r352PZ~_zixl          6      84.0 (100.0%)
              <zixl_I152>~_zixl                                                 84.0 (100.0%)
        <zixl_I152>~_zixl                                                        4.0 (  4.5%)
      zixl_zi_rI1A21_5Le_6IPZ_7i1IqIA47~_zixl                            1      84.0 ( 48.8%)
        zixl_jQx-NP-dQx-rI1A2iPL~_zixl                                   1      84.0 (100.0%)
          zixl_bPLL1r2g323I1bePr8V94I5~_zixl                             1      84.0 (100.0%)
            <zixl_I152>~_zixl                                                   84.0 (100.0%)

