# file delete -force work
# set Path_DUV "/home/reds/vsn21_student/labo3/code/src"
# /home/reds/vsn21_student/labo3/code/src
# set Path_TB  "/home/reds/vsn21_student/labo3/code/src_tb"
# /home/reds/vsn21_student/labo3/code/src_tb
# global Path_DUV
# global Path_TB
# vlib tlmvm
# vcom -2008 -work tlmvm /home/reds/vsn21_student/labo3/code/tlmvm/src/heartbeat_pkg.vhd
# QuestaSim-64 vcom 2020.1_1 Compiler 2020.03 Mar  4 2020
# Start time: 14:27:36 on Apr 24,2021
# vcom -2008 -work tlmvm /home/reds/vsn21_student/labo3/code/tlmvm/src/heartbeat_pkg.vhd 
# ** Warning: (vcom-6) -- Waiting for lock by "reds@reds2021, pid = 5394". Lockfile is "/home/reds/vsn21_student/libs/tlmvm/comp/tlmvm/_lock".
# ** Warning: (vcom-6) -- Waiting for lock by "reds@reds2021, pid = 5738". Lockfile is "/home/reds/vsn21_student/libs/tlmvm/comp/tlmvm/_lock".
# -- Loading package STANDARD
# -- Compiling package heartbeat_pkg
# -- Compiling package body heartbeat_pkg
# -- Loading package heartbeat_pkg
# End time: 14:27:43 on Apr 24,2021, Elapsed time: 0:00:07
# Errors: 0, Warnings: 2
# vcom -2008 -work tlmvm /home/reds/vsn21_student/labo3/code/tlmvm/src/heartbeat_env_pkg.vhd
# QuestaSim-64 vcom 2020.1_1 Compiler 2020.03 Mar  4 2020
# Start time: 14:27:43 on Apr 24,2021
# vcom -2008 -work tlmvm /home/reds/vsn21_student/labo3/code/tlmvm/src/heartbeat_env_pkg.vhd 
# ** Warning: (vcom-6) -- Waiting for lock by "reds@reds2021, pid = 5810". Lockfile is "/home/reds/vsn21_student/libs/tlmvm/comp/tlmvm/_lock".
# -- Loading package STANDARD
# -- Loading package heartbeat_pkg
# -- Compiling package heartbeat_env_pkg
# -- Compiling package body heartbeat_env_pkg
# -- Loading package heartbeat_env_pkg
# End time: 14:27:44 on Apr 24,2021, Elapsed time: 0:00:01
# Errors: 0, Warnings: 1
# vcom -2008 -work tlmvm /home/reds/vsn21_student/labo3/code/tlmvm/src/objection_pkg.vhd
# QuestaSim-64 vcom 2020.1_1 Compiler 2020.03 Mar  4 2020
# Start time: 14:27:44 on Apr 24,2021
# vcom -2008 -work tlmvm /home/reds/vsn21_student/labo3/code/tlmvm/src/objection_pkg.vhd 
# -- Loading package STANDARD
# -- Compiling package objection_pkg
# -- Loading package heartbeat_pkg
# -- Loading package heartbeat_env_pkg
# -- Compiling package body objection_pkg
# -- Loading package objection_pkg
# End time: 14:27:44 on Apr 24,2021, Elapsed time: 0:00:00
# Errors: 0, Warnings: 0
# vcom -2008 -work tlmvm /home/reds/vsn21_student/labo3/code/tlmvm/src/objection_env_pkg.vhd
# QuestaSim-64 vcom 2020.1_1 Compiler 2020.03 Mar  4 2020
# Start time: 14:27:44 on Apr 24,2021
# vcom -2008 -work tlmvm /home/reds/vsn21_student/labo3/code/tlmvm/src/objection_env_pkg.vhd 
# -- Loading package STANDARD
# -- Loading package objection_pkg
# -- Compiling package objection_env_pkg
# -- Loading package heartbeat_pkg
# -- Compiling package body objection_env_pkg
# -- Loading package objection_env_pkg
# End time: 14:27:44 on Apr 24,2021, Elapsed time: 0:00:00
# Errors: 0, Warnings: 0
# vcom -2008 -work tlmvm /home/reds/vsn21_student/labo3/code/tlmvm/src/simulation_end_pkg.vhd
# QuestaSim-64 vcom 2020.1_1 Compiler 2020.03 Mar  4 2020
# Start time: 14:27:44 on Apr 24,2021
# vcom -2008 -work tlmvm /home/reds/vsn21_student/labo3/code/tlmvm/src/simulation_end_pkg.vhd 
# ** Warning: (vcom-6) -- Waiting for lock by "reds@reds2021, pid = 6023". Lockfile is "/home/reds/vsn21_student/libs/tlmvm/comp/tlmvm/_lock".
# ** Warning: (vcom-6) -- Waiting for lock by "reds@reds2021, pid = 6773". Lockfile is "/home/reds/vsn21_student/libs/tlmvm/comp/tlmvm/_lock".
# -- Loading package STANDARD
# -- Loading package TEXTIO
# -- Loading package std_logic_1164
# -- Loading package ENV
# -- Loading package objection_pkg
# -- Loading package objection_env_pkg
# -- Loading package heartbeat_pkg
# -- Loading package heartbeat_env_pkg
# -- Compiling package simulation_end_pkg
# -- Compiling package body simulation_end_pkg
# -- Loading package simulation_end_pkg
# -- Loading package simulation_end_pkg
# -- Compiling entity simulation_monitor
# -- Compiling architecture behave of simulation_monitor
# End time: 14:27:51 on Apr 24,2021, Elapsed time: 0:00:07
# Errors: 0, Warnings: 2
# vcom -2008 -work tlmvm /home/reds/vsn21_student/labo3/code/tlmvm/src/tlm_fifo_pkg.vhd
# QuestaSim-64 vcom 2020.1_1 Compiler 2020.03 Mar  4 2020
# Start time: 14:27:51 on Apr 24,2021
# vcom -2008 -work tlmvm /home/reds/vsn21_student/labo3/code/tlmvm/src/tlm_fifo_pkg.vhd 
# -- Loading package STANDARD
# -- Compiling package tlm_fifo_pkg
# -- Loading package objection_pkg
# -- Loading package objection_env_pkg
# -- Compiling package body tlm_fifo_pkg
# -- Loading package tlm_fifo_pkg
# End time: 14:27:51 on Apr 24,2021, Elapsed time: 0:00:00
# Errors: 0, Warnings: 0
# vcom -2008 -work tlmvm /home/reds/vsn21_student/labo3/code/tlmvm/src/tlm_unbounded_fifo_pkg.vhd
# QuestaSim-64 vcom 2020.1_1 Compiler 2020.03 Mar  4 2020
# Start time: 14:27:51 on Apr 24,2021
# vcom -2008 -work tlmvm /home/reds/vsn21_student/labo3/code/tlmvm/src/tlm_unbounded_fifo_pkg.vhd 
# ** Warning: (vcom-6) -- Waiting for lock by "reds@reds2021, pid = 6909". Lockfile is "/home/reds/vsn21_student/libs/tlmvm/comp/tlmvm/_lock".
# -- Loading package STANDARD
# -- Compiling package tlm_unbounded_fifo_pkg
# -- Loading package objection_pkg
# -- Loading package objection_env_pkg
# -- Compiling package body tlm_unbounded_fifo_pkg
# -- Loading package tlm_unbounded_fifo_pkg
# End time: 14:27:56 on Apr 24,2021, Elapsed time: 0:00:05
# Errors: 0, Warnings: 1
# vcom -2008 -work tlmvm /home/reds/vsn21_student/labo3/code/tlmvm/src/tlm_fifo_array_pkg.vhd
# QuestaSim-64 vcom 2020.1_1 Compiler 2020.03 Mar  4 2020
# Start time: 14:27:56 on Apr 24,2021
# vcom -2008 -work tlmvm /home/reds/vsn21_student/labo3/code/tlmvm/src/tlm_fifo_array_pkg.vhd 
# -- Loading package STANDARD
# -- Compiling package tlm_fifo_array_pkg
# -- Loading package objection_pkg
# -- Loading package objection_env_pkg
# -- Compiling package body tlm_fifo_array_pkg
# -- Loading package tlm_fifo_array_pkg
# End time: 14:27:56 on Apr 24,2021, Elapsed time: 0:00:00
# Errors: 0, Warnings: 0
# vcom -2008 -work tlmvm /home/reds/vsn21_student/labo3/code/tlmvm/src/tlm_unbounded_fifo_array_pkg.vhd
# QuestaSim-64 vcom 2020.1_1 Compiler 2020.03 Mar  4 2020
# Start time: 14:27:56 on Apr 24,2021
# vcom -2008 -work tlmvm /home/reds/vsn21_student/labo3/code/tlmvm/src/tlm_unbounded_fifo_array_pkg.vhd 
# -- Loading package STANDARD
# -- Compiling package tlm_unbounded_fifo_array_pkg
# -- Loading package objection_pkg
# -- Loading package objection_env_pkg
# -- Compiling package body tlm_unbounded_fifo_array_pkg
# -- Loading package tlm_unbounded_fifo_array_pkg
# End time: 14:27:56 on Apr 24,2021, Elapsed time: 0:00:00
# Errors: 0, Warnings: 0
# vcom -2008 -work tlmvm /home/reds/vsn21_student/labo3/code/tlmvm/src/memory_object_pkg.vhd
# QuestaSim-64 vcom 2020.1_1 Compiler 2020.03 Mar  4 2020
# Start time: 14:27:56 on Apr 24,2021
# vcom -2008 -work tlmvm /home/reds/vsn21_student/labo3/code/tlmvm/src/memory_object_pkg.vhd 
# -- Loading package STANDARD
# -- Loading context declaration IEEE_STD_CONTEXT
# -- Loading package TEXTIO
# -- Loading package std_logic_1164
# -- Loading package NUMERIC_STD
# -- Compiling package memory_object_pkg
# -- Compiling package body memory_object_pkg
# -- Loading context declaration IEEE_STD_CONTEXT
# -- Loading package memory_object_pkg
# End time: 14:27:56 on Apr 24,2021, Elapsed time: 0:00:00
# Errors: 0, Warnings: 0
# vcom -2008 -work tlmvm /home/reds/vsn21_student/labo3/code/tlmvm/src/tlmvm_context.vhd
# QuestaSim-64 vcom 2020.1_1 Compiler 2020.03 Mar  4 2020
# Start time: 14:27:56 on Apr 24,2021
# vcom -2008 -work tlmvm /home/reds/vsn21_student/labo3/code/tlmvm/src/tlmvm_context.vhd 
# -- Loading package STANDARD
# -- Compiling context declaration tlmvm_context
# End time: 14:27:56 on Apr 24,2021, Elapsed time: 0:00:00
# Errors: 0, Warnings: 0
# vlib common_lib
# vcom -work common_lib  -2008 $Path_TB/common_lib/logger_pkg.vhd
# QuestaSim-64 vcom 2020.1_1 Compiler 2020.03 Mar  4 2020
# Start time: 14:27:56 on Apr 24,2021
# vcom -work common_lib -2008 /home/reds/vsn21_student/labo3/code/src_tb/common_lib/logger_pkg.vhd 
# -- Loading package STANDARD
# -- Loading package TEXTIO
# -- Loading package std_logic_1164
# -- Loading package NUMERIC_STD
# -- Loading package std_logic_textio
# -- Compiling package logger_pkg
# End time: 14:27:56 on Apr 24,2021, Elapsed time: 0:00:00
# Errors: 0, Warnings: 0
# vcom -work common_lib  -2008 $Path_TB/common_lib/comparator_pkg.vhd
# QuestaSim-64 vcom 2020.1_1 Compiler 2020.03 Mar  4 2020
# Start time: 14:27:56 on Apr 24,2021
# vcom -work common_lib -2008 /home/reds/vsn21_student/labo3/code/src_tb/common_lib/comparator_pkg.vhd 
# -- Loading package STANDARD
# -- Loading package TEXTIO
# -- Loading package std_logic_1164
# -- Loading package NUMERIC_STD
# -- Loading package std_logic_textio
# -- Loading package logger_pkg
# -- Compiling package comparator_pkg
# End time: 14:27:56 on Apr 24,2021, Elapsed time: 0:00:00
# Errors: 0, Warnings: 0
# vcom -work common_lib  -2008 $Path_TB/common_lib/complex_comparator_pkg.vhd
# QuestaSim-64 vcom 2020.1_1 Compiler 2020.03 Mar  4 2020
# Start time: 14:27:56 on Apr 24,2021
# vcom -work common_lib -2008 /home/reds/vsn21_student/labo3/code/src_tb/common_lib/complex_comparator_pkg.vhd 
# -- Loading package STANDARD
# -- Loading package TEXTIO
# -- Loading package std_logic_1164
# -- Loading package NUMERIC_STD
# -- Loading package std_logic_textio
# -- Loading package logger_pkg
# -- Compiling package complex_comparator_pkg
# End time: 14:27:56 on Apr 24,2021, Elapsed time: 0:00:00
# Errors: 0, Warnings: 0
# vcom -work common_lib  -2008 $Path_TB/common_lib/common_ctx.vhd
# QuestaSim-64 vcom 2020.1_1 Compiler 2020.03 Mar  4 2020
# Start time: 14:27:56 on Apr 24,2021
# vcom -work common_lib -2008 /home/reds/vsn21_student/labo3/code/src_tb/common_lib/common_ctx.vhd 
# -- Loading package STANDARD
# -- Compiling context declaration common_ctx
# End time: 14:27:56 on Apr 24,2021, Elapsed time: 0:00:00
# Errors: 0, Warnings: 0
# vcom -work project_lib -2008 $Path_TB/project_logger_pkg.vhd
# QuestaSim-64 vcom 2020.1_1 Compiler 2020.03 Mar  4 2020
# Start time: 14:27:56 on Apr 24,2021
# vcom -work project_lib -2008 /home/reds/vsn21_student/labo3/code/src_tb/project_logger_pkg.vhd 
# -- Loading package STANDARD
# -- Loading context declaration common_ctx
# -- Loading package TEXTIO
# -- Loading package std_logic_1164
# -- Loading package NUMERIC_STD
# -- Loading package std_logic_textio
# -- Loading package logger_pkg
# -- Loading package comparator_pkg
# -- Loading package complex_comparator_pkg
# -- Compiling package project_logger_pkg
# End time: 14:27:56 on Apr 24,2021, Elapsed time: 0:00:00
# Errors: 0, Warnings: 0
# vcom -work project_lib -2008 $Path_TB/project_ctx.vhd
# QuestaSim-64 vcom 2020.1_1 Compiler 2020.03 Mar  4 2020
# Start time: 14:27:56 on Apr 24,2021
# vcom -work project_lib -2008 /home/reds/vsn21_student/labo3/code/src_tb/project_ctx.vhd 
# -- Loading package STANDARD
# -- Compiling context declaration project_ctx
# End time: 14:27:56 on Apr 24,2021, Elapsed time: 0:00:00
# Errors: 0, Warnings: 0
# vlib morse
# vcom -2008 -work morse $Path_DUV/morse_pkg.vhd
# QuestaSim-64 vcom 2020.1_1 Compiler 2020.03 Mar  4 2020
# Start time: 14:27:57 on Apr 24,2021
# vcom -2008 -work morse /home/reds/vsn21_student/labo3/code/src/morse_pkg.vhd 
# -- Loading package STANDARD
# -- Loading package TEXTIO
# -- Loading package std_logic_1164
# -- Loading package NUMERIC_STD
# -- Compiling package morse_pkg
# -- Compiling package body morse_pkg
# -- Loading package morse_pkg
# End time: 14:27:57 on Apr 24,2021, Elapsed time: 0:00:00
# Errors: 0, Warnings: 0
# vcom -2008 -work morse $Path_DUV/morse_burst_emitter_pkg.vhd
# QuestaSim-64 vcom 2020.1_1 Compiler 2020.03 Mar  4 2020
# Start time: 14:27:57 on Apr 24,2021
# vcom -2008 -work morse /home/reds/vsn21_student/labo3/code/src/morse_burst_emitter_pkg.vhd 
# -- Loading package STANDARD
# -- Loading package TEXTIO
# -- Loading package std_logic_1164
# -- Loading package NUMERIC_STD
# -- Compiling package morse_burst_emitter_pkg
# End time: 14:27:57 on Apr 24,2021, Elapsed time: 0:00:00
# Errors: 0, Warnings: 0
# vlib work
# vcom -2008 -work work $Path_DUV/fifo.vhd
# QuestaSim-64 vcom 2020.1_1 Compiler 2020.03 Mar  4 2020
# Start time: 14:27:57 on Apr 24,2021
# vcom -2008 -work work /home/reds/vsn21_student/labo3/code/src/fifo.vhd 
# -- Loading package STANDARD
# End time: 14:27:57 on Apr 24,2021, Elapsed time: 0:00:00
# Errors: 0, Warnings: 0
# vcom -2008 -work work $Path_DUV/morse_char_emitter.vhd
# QuestaSim-64 vcom 2020.1_1 Compiler 2020.03 Mar  4 2020
# Start time: 14:27:57 on Apr 24,2021
# vcom -2008 -work work /home/reds/vsn21_student/labo3/code/src/morse_char_emitter.vhd 
# -- Loading package STANDARD
# End time: 14:27:57 on Apr 24,2021, Elapsed time: 0:00:00
# Errors: 0, Warnings: 0
# vcom -2008 -work work $Path_DUV/morse_burst_emitter.vhd
# QuestaSim-64 vcom 2020.1_1 Compiler 2020.03 Mar  4 2020
# Start time: 14:27:57 on Apr 24,2021
# vcom -2008 -work work /home/reds/vsn21_student/labo3/code/src/morse_burst_emitter.vhd 
# -- Loading package STANDARD
# -- Loading package TEXTIO
# -- Loading package std_logic_1164
# -- Loading package NUMERIC_STD
# -- Loading package morse_pkg
# -- Loading package morse_burst_emitter_pkg
# -- Compiling entity morse_burst_emitter
# End time: 14:27:57 on Apr 24,2021, Elapsed time: 0:00:00
# Errors: 0, Warnings: 0
# vcom -2008 $Path_TB/transactions_pkg.vhd
# QuestaSim-64 vcom 2020.1_1 Compiler 2020.03 Mar  4 2020
# Start time: 14:27:57 on Apr 24,2021
# vcom -2008 /home/reds/vsn21_student/labo3/code/src_tb/transactions_pkg.vhd 
# -- Loading package STANDARD
# -- Loading package TEXTIO
# -- Loading package std_logic_1164
# -- Compiling package transactions_pkg
# End time: 14:27:57 on Apr 24,2021, Elapsed time: 0:00:00
# Errors: 0, Warnings: 0
# vcom -2008 $Path_TB/input_agent/input_agent_driver.vhd
# QuestaSim-64 vcom 2020.1_1 Compiler 2020.03 Mar  4 2020
# Start time: 14:27:57 on Apr 24,2021
# vcom -2008 /home/reds/vsn21_student/labo3/code/src_tb/input_agent/input_agent_driver.vhd 
# -- Loading package STANDARD
# -- Loading package TEXTIO
# -- Loading package std_logic_1164
# -- Loading package NUMERIC_STD
# -- Loading context declaration tlmvm_context
# -- Loading package heartbeat_pkg
# -- Loading package heartbeat_env_pkg
# -- Loading package objection_pkg
# -- Loading package objection_env_pkg
# -- Loading package ENV
# -- Loading package simulation_end_pkg
# -- Loading package tlm_fifo_pkg
# -- Loading package tlm_unbounded_fifo_pkg
# -- Loading context declaration project_ctx
# -- Loading context declaration common_ctx
# -- Loading package std_logic_textio
# -- Loading package logger_pkg
# -- Loading package comparator_pkg
# -- Loading package complex_comparator_pkg
# -- Loading package project_logger_pkg
# -- Loading package morse_pkg
# -- Loading package morse_burst_emitter_pkg
# -- Loading package transactions_pkg
# -- Compiling entity input_agent_driver
# -- Compiling architecture testbench of input_agent_driver
# End time: 14:27:57 on Apr 24,2021, Elapsed time: 0:00:00
# Errors: 0, Warnings: 0
# vcom -2008 $Path_TB/input_agent/input_agent_monitor.vhd
# QuestaSim-64 vcom 2020.1_1 Compiler 2020.03 Mar  4 2020
# Start time: 14:27:57 on Apr 24,2021
# vcom -2008 /home/reds/vsn21_student/labo3/code/src_tb/input_agent/input_agent_monitor.vhd 
# -- Loading package STANDARD
# -- Loading package TEXTIO
# -- Loading package std_logic_1164
# -- Loading package NUMERIC_STD
# -- Loading context declaration tlmvm_context
# -- Loading package heartbeat_pkg
# -- Loading package heartbeat_env_pkg
# -- Loading package objection_pkg
# -- Loading package objection_env_pkg
# -- Loading package ENV
# -- Loading package simulation_end_pkg
# -- Loading package tlm_fifo_pkg
# -- Loading package tlm_unbounded_fifo_pkg
# -- Loading context declaration project_ctx
# -- Loading context declaration common_ctx
# -- Loading package std_logic_textio
# -- Loading package logger_pkg
# -- Loading package comparator_pkg
# -- Loading package complex_comparator_pkg
# -- Loading package project_logger_pkg
# -- Loading package morse_pkg
# -- Loading package morse_burst_emitter_pkg
# -- Loading package transactions_pkg
# -- Compiling entity input_agent_monitor
# -- Compiling architecture testbench of input_agent_monitor
# End time: 14:27:57 on Apr 24,2021, Elapsed time: 0:00:00
# Errors: 0, Warnings: 0
# vcom -2008 $Path_TB/input_agent/input_agent_sequencer.vhd
# QuestaSim-64 vcom 2020.1_1 Compiler 2020.03 Mar  4 2020
# Start time: 14:27:57 on Apr 24,2021
# vcom -2008 /home/reds/vsn21_student/labo3/code/src_tb/input_agent/input_agent_sequencer.vhd 
# -- Loading package STANDARD
# -- Loading package TEXTIO
# -- Loading package std_logic_1164
# -- Loading package NUMERIC_STD
# -- Loading context declaration tlmvm_context
# -- Loading package heartbeat_pkg
# -- Loading package heartbeat_env_pkg
# -- Loading package objection_pkg
# -- Loading package objection_env_pkg
# -- Loading package ENV
# -- Loading package simulation_end_pkg
# -- Loading package tlm_fifo_pkg
# -- Loading package tlm_unbounded_fifo_pkg
# -- Loading context declaration project_ctx
# -- Loading context declaration common_ctx
# -- Loading package std_logic_textio
# -- Loading package logger_pkg
# -- Loading package comparator_pkg
# -- Loading package complex_comparator_pkg
# -- Loading package project_logger_pkg
# -- Loading package morse_pkg
# -- Loading package morse_burst_emitter_pkg
# -- Loading package transactions_pkg
# -- Compiling entity input_agent_sequencer
# -- Compiling architecture testbench of input_agent_sequencer
# End time: 14:27:57 on Apr 24,2021, Elapsed time: 0:00:00
# Errors: 0, Warnings: 0
# vcom -2008 $Path_TB/input_agent/input_agent.vhd
# QuestaSim-64 vcom 2020.1_1 Compiler 2020.03 Mar  4 2020
# Start time: 14:27:57 on Apr 24,2021
# vcom -2008 /home/reds/vsn21_student/labo3/code/src_tb/input_agent/input_agent.vhd 
# -- Loading package STANDARD
# -- Loading package TEXTIO
# -- Loading package std_logic_1164
# -- Loading package NUMERIC_STD
# -- Loading context declaration tlmvm_context
# -- Loading package heartbeat_pkg
# -- Loading package heartbeat_env_pkg
# -- Loading package objection_pkg
# -- Loading package objection_env_pkg
# -- Loading package ENV
# -- Loading package simulation_end_pkg
# -- Loading package tlm_fifo_pkg
# -- Loading package tlm_unbounded_fifo_pkg
# -- Loading context declaration project_ctx
# -- Loading context declaration common_ctx
# -- Loading package std_logic_textio
# -- Loading package logger_pkg
# -- Loading package comparator_pkg
# -- Loading package complex_comparator_pkg
# -- Loading package project_logger_pkg
# -- Loading package morse_pkg
# -- Loading package morse_burst_emitter_pkg
# -- Loading package transactions_pkg
# -- Compiling entity input_agent
# -- Compiling architecture testbench of input_agent
# -- Loading package body tlm_fifo_pkg
# -- Loading context declaration tlmvm_context
# -- Loading context declaration project_ctx
# -- Loading entity input_agent_sequencer
# -- Loading context declaration tlmvm_context
# -- Loading context declaration project_ctx
# -- Loading entity input_agent_driver
# -- Loading context declaration tlmvm_context
# -- Loading context declaration project_ctx
# -- Loading entity input_agent_monitor
# End time: 14:27:57 on Apr 24,2021, Elapsed time: 0:00:00
# Errors: 0, Warnings: 0
# vcom -2008 $Path_TB/output_agent/output_agent_monitor.vhd
# QuestaSim-64 vcom 2020.1_1 Compiler 2020.03 Mar  4 2020
# Start time: 14:27:57 on Apr 24,2021
# vcom -2008 /home/reds/vsn21_student/labo3/code/src_tb/output_agent/output_agent_monitor.vhd 
# -- Loading package STANDARD
# -- Loading package TEXTIO
# -- Loading package std_logic_1164
# -- Loading package NUMERIC_STD
# -- Loading context declaration tlmvm_context
# -- Loading package heartbeat_pkg
# -- Loading package heartbeat_env_pkg
# -- Loading package objection_pkg
# -- Loading package objection_env_pkg
# -- Loading package ENV
# -- Loading package simulation_end_pkg
# -- Loading package tlm_fifo_pkg
# -- Loading package tlm_unbounded_fifo_pkg
# -- Loading context declaration project_ctx
# -- Loading context declaration common_ctx
# -- Loading package std_logic_textio
# -- Loading package logger_pkg
# -- Loading package comparator_pkg
# -- Loading package complex_comparator_pkg
# -- Loading package project_logger_pkg
# -- Loading package morse_pkg
# -- Loading package morse_burst_emitter_pkg
# -- Loading package transactions_pkg
# -- Compiling entity output_agent_monitor
# -- Compiling architecture testbench of output_agent_monitor
# End time: 14:27:57 on Apr 24,2021, Elapsed time: 0:00:00
# Errors: 0, Warnings: 0
# vcom -2008 $Path_TB/output_agent/output_agent.vhd
# QuestaSim-64 vcom 2020.1_1 Compiler 2020.03 Mar  4 2020
# Start time: 14:27:57 on Apr 24,2021
# vcom -2008 /home/reds/vsn21_student/labo3/code/src_tb/output_agent/output_agent.vhd 
# -- Loading package STANDARD
# -- Loading package TEXTIO
# -- Loading package std_logic_1164
# -- Loading package NUMERIC_STD
# -- Loading context declaration tlmvm_context
# -- Loading package heartbeat_pkg
# -- Loading package heartbeat_env_pkg
# -- Loading package objection_pkg
# -- Loading package objection_env_pkg
# -- Loading package ENV
# -- Loading package simulation_end_pkg
# -- Loading package tlm_fifo_pkg
# -- Loading package tlm_unbounded_fifo_pkg
# -- Loading package transactions_pkg
# -- Compiling entity output_agent
# -- Compiling architecture testbench of output_agent
# -- Loading context declaration tlmvm_context
# -- Loading context declaration project_ctx
# -- Loading context declaration common_ctx
# -- Loading package std_logic_textio
# -- Loading package logger_pkg
# -- Loading package comparator_pkg
# -- Loading package complex_comparator_pkg
# -- Loading package project_logger_pkg
# -- Loading package morse_pkg
# -- Loading package morse_burst_emitter_pkg
# -- Loading entity output_agent_monitor
# End time: 14:27:57 on Apr 24,2021, Elapsed time: 0:00:00
# Errors: 0, Warnings: 0
# vcom -2008 $Path_TB/scoreboard.vhd
# QuestaSim-64 vcom 2020.1_1 Compiler 2020.03 Mar  4 2020
# Start time: 14:27:57 on Apr 24,2021
# vcom -2008 /home/reds/vsn21_student/labo3/code/src_tb/scoreboard.vhd 
# -- Loading package STANDARD
# -- Loading package TEXTIO
# -- Loading package std_logic_1164
# -- Loading package NUMERIC_STD
# -- Loading context declaration tlmvm_context
# -- Loading package heartbeat_pkg
# -- Loading package heartbeat_env_pkg
# -- Loading package objection_pkg
# -- Loading package objection_env_pkg
# -- Loading package ENV
# -- Loading package simulation_end_pkg
# -- Loading package tlm_fifo_pkg
# -- Loading package tlm_unbounded_fifo_pkg
# -- Loading context declaration project_ctx
# -- Loading context declaration common_ctx
# -- Loading package std_logic_textio
# -- Loading package logger_pkg
# -- Loading package comparator_pkg
# -- Loading package complex_comparator_pkg
# -- Loading package project_logger_pkg
# -- Loading package morse_pkg
# -- Loading package morse_burst_emitter_pkg
# -- Loading package transactions_pkg
# -- Compiling entity scoreboard
# -- Compiling architecture testbench of scoreboard
# End time: 14:27:57 on Apr 24,2021, Elapsed time: 0:00:00
# Errors: 0, Warnings: 0
# vcom -2008 $Path_TB/morse_burst_emitter_tb.vhd
# QuestaSim-64 vcom 2020.1_1 Compiler 2020.03 Mar  4 2020
# Start time: 14:27:57 on Apr 24,2021
# vcom -2008 /home/reds/vsn21_student/labo3/code/src_tb/morse_burst_emitter_tb.vhd 
# -- Loading package STANDARD
# -- Loading package TEXTIO
# -- Loading package std_logic_1164
# -- Loading package NUMERIC_STD
# -- Loading context declaration tlmvm_context
# -- Loading package heartbeat_pkg
# -- Loading package heartbeat_env_pkg
# -- Loading package objection_pkg
# -- Loading package objection_env_pkg
# -- Loading package ENV
# -- Loading package simulation_end_pkg
# -- Loading package tlm_fifo_pkg
# -- Loading package tlm_unbounded_fifo_pkg
# -- Loading context declaration project_ctx
# -- Loading context declaration common_ctx
# -- Loading package std_logic_textio
# -- Loading package logger_pkg
# -- Loading package comparator_pkg
# -- Loading package complex_comparator_pkg
# -- Loading package project_logger_pkg
# -- Loading package morse_pkg
# -- Loading package morse_burst_emitter_pkg
# -- Loading package transactions_pkg
# -- Compiling entity morse_burst_emitter_tb
# -- Compiling architecture testbench of morse_burst_emitter_tb
# -- Loading package body tlm_unbounded_fifo_pkg
# -- Loading context declaration tlmvm_context
# -- Loading context declaration project_ctx
# -- Loading entity input_agent
# -- Loading context declaration tlmvm_context
# -- Loading entity output_agent
# -- Loading context declaration tlmvm_context
# -- Loading context declaration project_ctx
# -- Loading entity scoreboard
# End time: 14:27:58 on Apr 24,2021, Elapsed time: 0:00:01
# Errors: 0, Warnings: 0
# vsim -coverage -t 10ps -GFIFOSIZE=8 -GTESTCASE=2 -GERRNO=0 work.morse_burst_emitter_tb
# vsim -coverage -t 10ps work.morse_burst_emitter_tb -GTESTCASE=2 -GERRNO=0 -GFIFOSIZE=8 
# Start time: 14:27:58 on Apr 24,2021
# ** Note: (vsim-3812) Design is being optimized...
# //  Questa Sim-64
# //  Version 2020.1_1 linux_x86_64 Mar  4 2020
# //
# //  Copyright 1991-2020 Mentor Graphics Corporation
# //  All Rights Reserved.
# //
# //  QuestaSim and its associated documentation contain trade
# //  secrets and commercial or financial information that are the property of
# //  Mentor Graphics Corporation and are privileged, confidential,
# //  and exempt from disclosure under the Freedom of Information Act,
# //  5 U.S.C. Section 552. Furthermore, this information
# //  is prohibited from disclosure under the Trade Secrets Act,
# //  18 U.S.C. Section 1905.
# //
# Loading std.standard
# Loading std.textio(body)
# Loading ieee.std_logic_1164(body)
# Loading ieee.numeric_std(body)
# Loading tlmvm.heartbeat_pkg(body)
# Loading tlmvm.heartbeat_env_pkg(body)
# Loading tlmvm.objection_pkg(body)
# Loading tlmvm.objection_env_pkg(body)
# Loading std.env(body)
# Loading tlmvm.simulation_end_pkg(body)
# Loading tlmvm.tlm_fifo_pkg(body)
# Loading tlmvm.tlm_unbounded_fifo_pkg(body)
# Loading ieee.std_logic_textio(body)
# Loading project_lib.project_logger_pkg
# Loading morse.morse_pkg(body)
# Loading morse.morse_burst_emitter_pkg
# Loading work.transactions_pkg
# Loading work.morse_burst_emitter_tb(testbench)#1
# Loading tlmvm.simulation_monitor(behave)#1
# Loading work.input_agent(testbench)#1
# Loading work.input_agent_sequencer(testbench)#1
# Loading work.input_agent_driver(testbench)#1
# Loading work.input_agent_monitor(testbench)#1
# Loading work.output_agent(testbench)#1
# Loading work.output_agent_monitor(testbench)#1
# Loading work.scoreboard(testbench)#1
# ** Warning: (vsim-8634) Code was not compiled with coverage options.
# set StdArithNoWarnings 1
# 1
# set NumericStdNoWarnings 1
# 1
# run 2 ns
# ** Note: Scoreboard waiting for transaction number 0
#    Time: 10 ps  Iteration: 0  Instance: /morse_burst_emitter_tb/scoreboard_inst
# ** Note: Monitor waiting for transaction number 0
#    Time: 10 ps  Iteration: 0  Instance: /morse_burst_emitter_tb/output_agent/output_agent_monitor
# ** Note: Sequencer : Sent transaction number 0
#    Time: 10 ps  Iteration: 0  Instance: /morse_burst_emitter_tb/input_agent/input_agent_sequencer
# set StdArithNoWarnings 0
# 0
# set NumericStdNoWarnings 0
# 0
# run -all
# ** Note: Driver waiting for transaction number 0
#    Time: 40 ns  Iteration: 1  Instance: /morse_burst_emitter_tb/input_agent/input_agent_driver
# ** Note: Driver received transaction number 0
#    Time: 40 ns  Iteration: 1  Instance: /morse_burst_emitter_tb/input_agent/input_agent_driver
# ** Note: Sequencer : Sent transaction number 1
#    Time: 40010 ps  Iteration: 0  Instance: /morse_burst_emitter_tb/input_agent/input_agent_sequencer
# ** Note: Driver waiting for transaction number 1
#    Time: 50 ns  Iteration: 1  Instance: /morse_burst_emitter_tb/input_agent/input_agent_driver
# ** Note: Driver received transaction number 1
#    Time: 50 ns  Iteration: 1  Instance: /morse_burst_emitter_tb/input_agent/input_agent_driver
# ** Note: Sequencer : Sent transaction number 2
#    Time: 50010 ps  Iteration: 0  Instance: /morse_burst_emitter_tb/input_agent/input_agent_sequencer
# ** Note: Driver waiting for transaction number 2
#    Time: 60 ns  Iteration: 1  Instance: /morse_burst_emitter_tb/input_agent/input_agent_driver
# ** Note: Driver received transaction number 2
#    Time: 60 ns  Iteration: 1  Instance: /morse_burst_emitter_tb/input_agent/input_agent_driver
# ** Note: Sequencer : Sent transaction number 3
#    Time: 60010 ps  Iteration: 0  Instance: /morse_burst_emitter_tb/input_agent/input_agent_sequencer
# ** Note: Driver waiting for transaction number 3
#    Time: 70 ns  Iteration: 1  Instance: /morse_burst_emitter_tb/input_agent/input_agent_driver
# ** Note: Driver received transaction number 3
#    Time: 70 ns  Iteration: 1  Instance: /morse_burst_emitter_tb/input_agent/input_agent_driver
# ** Note: Sequencer : Sent transaction number 4
#    Time: 70010 ps  Iteration: 0  Instance: /morse_burst_emitter_tb/input_agent/input_agent_sequencer
# ** Note: VALUE : 01---
#    Time: 395 ns  Iteration: 1  Instance: /morse_burst_emitter_tb/output_agent/output_agent_monitor
# ** Note: Output Monitor received transaction number 0
# Value : 65
# Size : 2
# Char : .-
#    Time: 395 ns  Iteration: 1  Instance: /morse_burst_emitter_tb/output_agent/output_agent_monitor
# ** Note: Scoreboard received transaction number 0
#    Time: 395010 ps  Iteration: 0  Instance: /morse_burst_emitter_tb/scoreboard_inst
# ** Note: 65 65
#    Time: 395010 ps  Iteration: 0  Instance: /morse_burst_emitter_tb/scoreboard_inst
# ** Note: Everything's fine !
#    Time: 395010 ps  Iteration: 0  Instance: /morse_burst_emitter_tb/scoreboard_inst
# ** Note: Scoreboard waiting for transaction number 1
#    Time: 395010 ps  Iteration: 0  Instance: /morse_burst_emitter_tb/scoreboard_inst
# ** Note: Monitor waiting for transaction number 1
#    Time: 485 ns  Iteration: 1  Instance: /morse_burst_emitter_tb/output_agent/output_agent_monitor
# ** Note: VALUE : 1000-
#    Time: 995 ns  Iteration: 1  Instance: /morse_burst_emitter_tb/output_agent/output_agent_monitor
# ** Note: Output Monitor received transaction number 1
# Value : 66
# Size : 4
# Char : -...
#    Time: 995 ns  Iteration: 1  Instance: /morse_burst_emitter_tb/output_agent/output_agent_monitor
# ** Note: Scoreboard received transaction number 1
#    Time: 995010 ps  Iteration: 0  Instance: /morse_burst_emitter_tb/scoreboard_inst
# ** Note: 66 66
#    Time: 995010 ps  Iteration: 0  Instance: /morse_burst_emitter_tb/scoreboard_inst
# ** Note: Everything's fine !
#    Time: 995010 ps  Iteration: 0  Instance: /morse_burst_emitter_tb/scoreboard_inst
# ** Note: Scoreboard waiting for transaction number 2
#    Time: 995010 ps  Iteration: 0  Instance: /morse_burst_emitter_tb/scoreboard_inst
# ** Note: Driver waiting for transaction number 4
#    Time: 1070 ns  Iteration: 1  Instance: /morse_burst_emitter_tb/input_agent/input_agent_driver
# ** Note: Driver received transaction number 4
#    Time: 1070 ns  Iteration: 1  Instance: /morse_burst_emitter_tb/input_agent/input_agent_driver
# ** Note: Sequencer : Sent transaction number 5
#    Time: 1070010 ps  Iteration: 0  Instance: /morse_burst_emitter_tb/input_agent/input_agent_sequencer
# ** Note: Driver waiting for transaction number 5
#    Time: 1080 ns  Iteration: 1  Instance: /morse_burst_emitter_tb/input_agent/input_agent_driver
# ** Note: Driver received transaction number 5
#    Time: 1080 ns  Iteration: 1  Instance: /morse_burst_emitter_tb/input_agent/input_agent_driver
# ** Note: Sequencer : Sent transaction number 6
#    Time: 1080010 ps  Iteration: 0  Instance: /morse_burst_emitter_tb/input_agent/input_agent_sequencer
# ** Note: Driver waiting for transaction number 6
#    Time: 1090 ns  Iteration: 1  Instance: /morse_burst_emitter_tb/input_agent/input_agent_driver
# ** Note: Driver received transaction number 6
#    Time: 1090 ns  Iteration: 1  Instance: /morse_burst_emitter_tb/input_agent/input_agent_driver
# ** Note: Sequencer : Sent transaction number 7
#    Time: 1090010 ps  Iteration: 0  Instance: /morse_burst_emitter_tb/input_agent/input_agent_sequencer
# ** Note: Driver waiting for transaction number 7
#    Time: 1100 ns  Iteration: 1  Instance: /morse_burst_emitter_tb/input_agent/input_agent_driver
# ** Note: Driver received transaction number 7
#    Time: 1100 ns  Iteration: 1  Instance: /morse_burst_emitter_tb/input_agent/input_agent_driver
# ** Note: Sequencer : Sent transaction number 8
#    Time: 1100010 ps  Iteration: 0  Instance: /morse_burst_emitter_tb/input_agent/input_agent_sequencer
# ** Note: Monitor waiting for transaction number 2
#    Time: 1115 ns  Iteration: 1  Instance: /morse_burst_emitter_tb/output_agent/output_agent_monitor
# ** Note: VALUE : 1010-
#    Time: 1725 ns  Iteration: 1  Instance: /morse_burst_emitter_tb/output_agent/output_agent_monitor
# ** Note: Output Monitor received transaction number 2
# Value : 67
# Size : 4
# Char : -.-.
#    Time: 1725 ns  Iteration: 1  Instance: /morse_burst_emitter_tb/output_agent/output_agent_monitor
# ** Note: Scoreboard received transaction number 2
#    Time: 1725010 ps  Iteration: 0  Instance: /morse_burst_emitter_tb/scoreboard_inst
# ** Note: 67 67
#    Time: 1725010 ps  Iteration: 0  Instance: /morse_burst_emitter_tb/scoreboard_inst
# ** Note: Everything's fine !
#    Time: 1725010 ps  Iteration: 0  Instance: /morse_burst_emitter_tb/scoreboard_inst
# ** Note: Scoreboard waiting for transaction number 3
#    Time: 1725010 ps  Iteration: 0  Instance: /morse_burst_emitter_tb/scoreboard_inst
# ** Note: Monitor waiting for transaction number 3
#    Time: 1815 ns  Iteration: 1  Instance: /morse_burst_emitter_tb/output_agent/output_agent_monitor
# ** Note: VALUE : 100--
#    Time: 2225 ns  Iteration: 1  Instance: /morse_burst_emitter_tb/output_agent/output_agent_monitor
# ** Note: Output Monitor received transaction number 3
# Value : 68
# Size : 3
# Char : -..
#    Time: 2225 ns  Iteration: 1  Instance: /morse_burst_emitter_tb/output_agent/output_agent_monitor
# ** Note: Scoreboard received transaction number 3
#    Time: 2225010 ps  Iteration: 0  Instance: /morse_burst_emitter_tb/scoreboard_inst
# ** Note: 68 68
#    Time: 2225010 ps  Iteration: 0  Instance: /morse_burst_emitter_tb/scoreboard_inst
# ** Note: Everything's fine !
#    Time: 2225010 ps  Iteration: 0  Instance: /morse_burst_emitter_tb/scoreboard_inst
# ** Note: Scoreboard waiting for transaction number 4
#    Time: 2225010 ps  Iteration: 0  Instance: /morse_burst_emitter_tb/scoreboard_inst
# ** Note: Driver waiting for transaction number 8
#    Time: 2300 ns  Iteration: 1  Instance: /morse_burst_emitter_tb/input_agent/input_agent_driver
# ** Note: Driver received transaction number 8
#    Time: 2300 ns  Iteration: 1  Instance: /morse_burst_emitter_tb/input_agent/input_agent_driver
# ** Note: Sequencer : Sent transaction number 9
#    Time: 2300010 ps  Iteration: 0  Instance: /morse_burst_emitter_tb/input_agent/input_agent_sequencer
# ** Note: Driver waiting for transaction number 9
#    Time: 2310 ns  Iteration: 1  Instance: /morse_burst_emitter_tb/input_agent/input_agent_driver
# ** Note: Driver received transaction number 9
#    Time: 2310 ns  Iteration: 1  Instance: /morse_burst_emitter_tb/input_agent/input_agent_driver
# ** Note: Sequencer : Sent transaction number 10
#    Time: 2310010 ps  Iteration: 0  Instance: /morse_burst_emitter_tb/input_agent/input_agent_sequencer
# ** Note: Driver waiting for transaction number 10
#    Time: 2320 ns  Iteration: 1  Instance: /morse_burst_emitter_tb/input_agent/input_agent_driver
# ** Note: Driver received transaction number 10
#    Time: 2320 ns  Iteration: 1  Instance: /morse_burst_emitter_tb/input_agent/input_agent_driver
# ** Note: Sequencer : Sent transaction number 11
#    Time: 2320010 ps  Iteration: 0  Instance: /morse_burst_emitter_tb/input_agent/input_agent_sequencer
# ** Note: Driver waiting for transaction number 11
#    Time: 2330 ns  Iteration: 1  Instance: /morse_burst_emitter_tb/input_agent/input_agent_driver
# ** Note: Driver received transaction number 11
#    Time: 2330 ns  Iteration: 1  Instance: /morse_burst_emitter_tb/input_agent/input_agent_driver
# ** Note: Sequencer : Sent transaction number 12
#    Time: 2330010 ps  Iteration: 0  Instance: /morse_burst_emitter_tb/input_agent/input_agent_sequencer
# ** Note: Monitor waiting for transaction number 4
#    Time: 2345 ns  Iteration: 1  Instance: /morse_burst_emitter_tb/output_agent/output_agent_monitor
# ** Note: VALUE : 0----
#    Time: 2455 ns  Iteration: 1  Instance: /morse_burst_emitter_tb/output_agent/output_agent_monitor
# ** Note: Output Monitor received transaction number 4
# Value : 69
# Size : 1
# Char : .
#    Time: 2455 ns  Iteration: 1  Instance: /morse_burst_emitter_tb/output_agent/output_agent_monitor
# ** Note: Scoreboard received transaction number 4
#    Time: 2455010 ps  Iteration: 0  Instance: /morse_burst_emitter_tb/scoreboard_inst
# ** Note: 69 69
#    Time: 2455010 ps  Iteration: 0  Instance: /morse_burst_emitter_tb/scoreboard_inst
# ** Note: Everything's fine !
#    Time: 2455010 ps  Iteration: 0  Instance: /morse_burst_emitter_tb/scoreboard_inst
# ** Note: Scoreboard waiting for transaction number 5
#    Time: 2455010 ps  Iteration: 0  Instance: /morse_burst_emitter_tb/scoreboard_inst
# ** Note: Monitor waiting for transaction number 5
#    Time: 2545 ns  Iteration: 1  Instance: /morse_burst_emitter_tb/output_agent/output_agent_monitor
# ** Note: VALUE : 0010-
#    Time: 3055 ns  Iteration: 1  Instance: /morse_burst_emitter_tb/output_agent/output_agent_monitor
# ** Note: Output Monitor received transaction number 5
# Value : 70
# Size : 4
# Char : ..-.
#    Time: 3055 ns  Iteration: 1  Instance: /morse_burst_emitter_tb/output_agent/output_agent_monitor
# ** Note: Scoreboard received transaction number 5
#    Time: 3055010 ps  Iteration: 0  Instance: /morse_burst_emitter_tb/scoreboard_inst
# ** Note: 70 70
#    Time: 3055010 ps  Iteration: 0  Instance: /morse_burst_emitter_tb/scoreboard_inst
# ** Note: Everything's fine !
#    Time: 3055010 ps  Iteration: 0  Instance: /morse_burst_emitter_tb/scoreboard_inst
# ** Note: Scoreboard waiting for transaction number 6
#    Time: 3055010 ps  Iteration: 0  Instance: /morse_burst_emitter_tb/scoreboard_inst
# ** Note: Driver waiting for transaction number 12
#    Time: 3130 ns  Iteration: 1  Instance: /morse_burst_emitter_tb/input_agent/input_agent_driver
# ** Note: Driver received transaction number 12
#    Time: 3130 ns  Iteration: 1  Instance: /morse_burst_emitter_tb/input_agent/input_agent_driver
# ** Note: Sequencer : Sent transaction number 13
#    Time: 3130010 ps  Iteration: 0  Instance: /morse_burst_emitter_tb/input_agent/input_agent_sequencer
# ** Note: Driver waiting for transaction number 13
#    Time: 3140 ns  Iteration: 1  Instance: /morse_burst_emitter_tb/input_agent/input_agent_driver
# ** Note: Driver received transaction number 13
#    Time: 3140 ns  Iteration: 1  Instance: /morse_burst_emitter_tb/input_agent/input_agent_driver
# ** Note: Sequencer : Sent transaction number 14
#    Time: 3140010 ps  Iteration: 0  Instance: /morse_burst_emitter_tb/input_agent/input_agent_sequencer
# ** Note: Driver waiting for transaction number 14
#    Time: 3150 ns  Iteration: 1  Instance: /morse_burst_emitter_tb/input_agent/input_agent_driver
# ** Note: Driver received transaction number 14
#    Time: 3150 ns  Iteration: 1  Instance: /morse_burst_emitter_tb/input_agent/input_agent_driver
# ** Note: Sequencer : Sent transaction number 15
#    Time: 3150010 ps  Iteration: 0  Instance: /morse_burst_emitter_tb/input_agent/input_agent_sequencer
# ** Note: Driver waiting for transaction number 15
#    Time: 3160 ns  Iteration: 1  Instance: /morse_burst_emitter_tb/input_agent/input_agent_driver
# ** Note: Driver received transaction number 15
#    Time: 3160 ns  Iteration: 1  Instance: /morse_burst_emitter_tb/input_agent/input_agent_driver
# ** Note: Sequencer : Sent transaction number 16
#    Time: 3160010 ps  Iteration: 0  Instance: /morse_burst_emitter_tb/input_agent/input_agent_sequencer
# ** Note: Monitor waiting for transaction number 6
#    Time: 3175 ns  Iteration: 1  Instance: /morse_burst_emitter_tb/output_agent/output_agent_monitor
# ** Note: VALUE : 110--
#    Time: 3685 ns  Iteration: 1  Instance: /morse_burst_emitter_tb/output_agent/output_agent_monitor
# ** Note: Output Monitor received transaction number 6
# Value : 71
# Size : 3
# Char : --.
#    Time: 3685 ns  Iteration: 1  Instance: /morse_burst_emitter_tb/output_agent/output_agent_monitor
# ** Note: Scoreboard received transaction number 6
#    Time: 3685010 ps  Iteration: 0  Instance: /morse_burst_emitter_tb/scoreboard_inst
# ** Note: 71 71
#    Time: 3685010 ps  Iteration: 0  Instance: /morse_burst_emitter_tb/scoreboard_inst
# ** Note: Everything's fine !
#    Time: 3685010 ps  Iteration: 0  Instance: /morse_burst_emitter_tb/scoreboard_inst
# ** Note: Scoreboard waiting for transaction number 7
#    Time: 3685010 ps  Iteration: 0  Instance: /morse_burst_emitter_tb/scoreboard_inst
# ** Note: Monitor waiting for transaction number 7
#    Time: 3775 ns  Iteration: 1  Instance: /morse_burst_emitter_tb/output_agent/output_agent_monitor
# ** Note: VALUE : 0000-
#    Time: 4185 ns  Iteration: 1  Instance: /morse_burst_emitter_tb/output_agent/output_agent_monitor
# ** Note: Output Monitor received transaction number 7
# Value : 72
# Size : 4
# Char : ....
#    Time: 4185 ns  Iteration: 1  Instance: /morse_burst_emitter_tb/output_agent/output_agent_monitor
# ** Note: Scoreboard received transaction number 7
#    Time: 4185010 ps  Iteration: 0  Instance: /morse_burst_emitter_tb/scoreboard_inst
# ** Note: 72 72
#    Time: 4185010 ps  Iteration: 0  Instance: /morse_burst_emitter_tb/scoreboard_inst
# ** Note: Everything's fine !
#    Time: 4185010 ps  Iteration: 0  Instance: /morse_burst_emitter_tb/scoreboard_inst
# ** Note: Scoreboard waiting for transaction number 8
#    Time: 4185010 ps  Iteration: 0  Instance: /morse_burst_emitter_tb/scoreboard_inst
# ** Note: Driver waiting for transaction number 16
#    Time: 4260 ns  Iteration: 1  Instance: /morse_burst_emitter_tb/input_agent/input_agent_driver
# ** Note: Driver received transaction number 16
#    Time: 4260 ns  Iteration: 1  Instance: /morse_burst_emitter_tb/input_agent/input_agent_driver
# ** Note: Sequencer : Sent transaction number 17
#    Time: 4260010 ps  Iteration: 0  Instance: /morse_burst_emitter_tb/input_agent/input_agent_sequencer
# ** Note: Driver waiting for transaction number 17
#    Time: 4270 ns  Iteration: 1  Instance: /morse_burst_emitter_tb/input_agent/input_agent_driver
# ** Note: Driver received transaction number 17
#    Time: 4270 ns  Iteration: 1  Instance: /morse_burst_emitter_tb/input_agent/input_agent_driver
# ** Note: Sequencer : Sent transaction number 18
#    Time: 4270010 ps  Iteration: 0  Instance: /morse_burst_emitter_tb/input_agent/input_agent_sequencer
# ** Note: Driver waiting for transaction number 18
#    Time: 4280 ns  Iteration: 1  Instance: /morse_burst_emitter_tb/input_agent/input_agent_driver
# ** Note: Driver received transaction number 18
#    Time: 4280 ns  Iteration: 1  Instance: /morse_burst_emitter_tb/input_agent/input_agent_driver
# ** Note: Sequencer : Sent transaction number 19
#    Time: 4280010 ps  Iteration: 0  Instance: /morse_burst_emitter_tb/input_agent/input_agent_sequencer
# ** Note: Driver waiting for transaction number 19
#    Time: 4290 ns  Iteration: 1  Instance: /morse_burst_emitter_tb/input_agent/input_agent_driver
# ** Note: Driver received transaction number 19
#    Time: 4290 ns  Iteration: 1  Instance: /morse_burst_emitter_tb/input_agent/input_agent_driver
# ** Note: Sequencer : Sent transaction number 20
#    Time: 4290010 ps  Iteration: 0  Instance: /morse_burst_emitter_tb/input_agent/input_agent_sequencer
# ** Note: Monitor waiting for transaction number 8
#    Time: 4305 ns  Iteration: 1  Instance: /morse_burst_emitter_tb/output_agent/output_agent_monitor
# ** Note: VALUE : 00---
#    Time: 4515 ns  Iteration: 1  Instance: /morse_burst_emitter_tb/output_agent/output_agent_monitor
# ** Note: Output Monitor received transaction number 8
# Value : 73
# Size : 2
# Char : ..
#    Time: 4515 ns  Iteration: 1  Instance: /morse_burst_emitter_tb/output_agent/output_agent_monitor
# ** Note: Scoreboard received transaction number 8
#    Time: 4515010 ps  Iteration: 0  Instance: /morse_burst_emitter_tb/scoreboard_inst
# ** Note: 73 73
#    Time: 4515010 ps  Iteration: 0  Instance: /morse_burst_emitter_tb/scoreboard_inst
# ** Note: Everything's fine !
#    Time: 4515010 ps  Iteration: 0  Instance: /morse_burst_emitter_tb/scoreboard_inst
# ** Note: Scoreboard waiting for transaction number 9
#    Time: 4515010 ps  Iteration: 0  Instance: /morse_burst_emitter_tb/scoreboard_inst
# ** Note: Monitor waiting for transaction number 9
#    Time: 4605 ns  Iteration: 1  Instance: /morse_burst_emitter_tb/output_agent/output_agent_monitor
# ** Note: VALUE : 0111-
#    Time: 5315 ns  Iteration: 1  Instance: /morse_burst_emitter_tb/output_agent/output_agent_monitor
# ** Note: Output Monitor received transaction number 9
# Value : 74
# Size : 4
# Char : .---
#    Time: 5315 ns  Iteration: 1  Instance: /morse_burst_emitter_tb/output_agent/output_agent_monitor
# ** Note: Scoreboard received transaction number 9
#    Time: 5315010 ps  Iteration: 0  Instance: /morse_burst_emitter_tb/scoreboard_inst
# ** Note: 74 74
#    Time: 5315010 ps  Iteration: 0  Instance: /morse_burst_emitter_tb/scoreboard_inst
# ** Note: Everything's fine !
#    Time: 5315010 ps  Iteration: 0  Instance: /morse_burst_emitter_tb/scoreboard_inst
# ** Note: Scoreboard waiting for transaction number 10
#    Time: 5315010 ps  Iteration: 0  Instance: /morse_burst_emitter_tb/scoreboard_inst
# ** Note: Driver waiting for transaction number 20
#    Time: 5390 ns  Iteration: 1  Instance: /morse_burst_emitter_tb/input_agent/input_agent_driver
# ** Note: Driver received transaction number 20
#    Time: 5390 ns  Iteration: 1  Instance: /morse_burst_emitter_tb/input_agent/input_agent_driver
# ** Note: Sequencer : Sent transaction number 21
#    Time: 5390010 ps  Iteration: 0  Instance: /morse_burst_emitter_tb/input_agent/input_agent_sequencer
# ** Note: Driver waiting for transaction number 21
#    Time: 5400 ns  Iteration: 1  Instance: /morse_burst_emitter_tb/input_agent/input_agent_driver
# ** Note: Driver received transaction number 21
#    Time: 5400 ns  Iteration: 1  Instance: /morse_burst_emitter_tb/input_agent/input_agent_driver
# ** Note: Sequencer : Sent transaction number 22
#    Time: 5400010 ps  Iteration: 0  Instance: /morse_burst_emitter_tb/input_agent/input_agent_sequencer
# ** Note: Driver waiting for transaction number 22
#    Time: 5410 ns  Iteration: 1  Instance: /morse_burst_emitter_tb/input_agent/input_agent_driver
# ** Note: Driver received transaction number 22
#    Time: 5410 ns  Iteration: 1  Instance: /morse_burst_emitter_tb/input_agent/input_agent_driver
# ** Note: Sequencer : Sent transaction number 23
#    Time: 5410010 ps  Iteration: 0  Instance: /morse_burst_emitter_tb/input_agent/input_agent_sequencer
# ** Note: Driver waiting for transaction number 23
#    Time: 5420 ns  Iteration: 1  Instance: /morse_burst_emitter_tb/input_agent/input_agent_driver
# ** Note: Driver received transaction number 23
#    Time: 5420 ns  Iteration: 1  Instance: /morse_burst_emitter_tb/input_agent/input_agent_driver
# ** Note: Sequencer : Sent transaction number 24
#    Time: 5420010 ps  Iteration: 0  Instance: /morse_burst_emitter_tb/input_agent/input_agent_sequencer
# ** Note: Monitor waiting for transaction number 10
#    Time: 5435 ns  Iteration: 1  Instance: /morse_burst_emitter_tb/output_agent/output_agent_monitor
# ** Note: VALUE : 101--
#    Time: 5945 ns  Iteration: 1  Instance: /morse_burst_emitter_tb/output_agent/output_agent_monitor
# ** Note: Output Monitor received transaction number 10
# Value : 75
# Size : 3
# Char : -.-
#    Time: 5945 ns  Iteration: 1  Instance: /morse_burst_emitter_tb/output_agent/output_agent_monitor
# ** Note: Scoreboard received transaction number 10
#    Time: 5945010 ps  Iteration: 0  Instance: /morse_burst_emitter_tb/scoreboard_inst
# ** Note: 75 75
#    Time: 5945010 ps  Iteration: 0  Instance: /morse_burst_emitter_tb/scoreboard_inst
# ** Note: Everything's fine !
#    Time: 5945010 ps  Iteration: 0  Instance: /morse_burst_emitter_tb/scoreboard_inst
# ** Note: Scoreboard waiting for transaction number 11
#    Time: 5945010 ps  Iteration: 0  Instance: /morse_burst_emitter_tb/scoreboard_inst
# ** Note: Monitor waiting for transaction number 11
#    Time: 6035 ns  Iteration: 1  Instance: /morse_burst_emitter_tb/output_agent/output_agent_monitor
# ** Note: VALUE : 0100-
#    Time: 6545 ns  Iteration: 1  Instance: /morse_burst_emitter_tb/output_agent/output_agent_monitor
# ** Note: Output Monitor received transaction number 11
# Value : 76
# Size : 4
# Char : .-..
#    Time: 6545 ns  Iteration: 1  Instance: /morse_burst_emitter_tb/output_agent/output_agent_monitor
# ** Note: Scoreboard received transaction number 11
#    Time: 6545010 ps  Iteration: 0  Instance: /morse_burst_emitter_tb/scoreboard_inst
# ** Note: 76 76
#    Time: 6545010 ps  Iteration: 0  Instance: /morse_burst_emitter_tb/scoreboard_inst
# ** Note: Everything's fine !
#    Time: 6545010 ps  Iteration: 0  Instance: /morse_burst_emitter_tb/scoreboard_inst
# ** Note: Scoreboard waiting for transaction number 12
#    Time: 6545010 ps  Iteration: 0  Instance: /morse_burst_emitter_tb/scoreboard_inst
# ** Note: Driver waiting for transaction number 24
#    Time: 6620 ns  Iteration: 1  Instance: /morse_burst_emitter_tb/input_agent/input_agent_driver
# ** Note: Driver received transaction number 24
#    Time: 6620 ns  Iteration: 1  Instance: /morse_burst_emitter_tb/input_agent/input_agent_driver
# ** Note: Sequencer : Sent transaction number 25
#    Time: 6620010 ps  Iteration: 0  Instance: /morse_burst_emitter_tb/input_agent/input_agent_sequencer
# ** Note: Driver waiting for transaction number 25
#    Time: 6630 ns  Iteration: 1  Instance: /morse_burst_emitter_tb/input_agent/input_agent_driver
# ** Note: Driver received transaction number 25
#    Time: 6630 ns  Iteration: 1  Instance: /morse_burst_emitter_tb/input_agent/input_agent_driver
# ** Note: Sequencer : Sent transaction number 26
#    Time: 6630010 ps  Iteration: 0  Instance: /morse_burst_emitter_tb/input_agent/input_agent_sequencer
# ** Note: Driver waiting for transaction number 26
#    Time: 6640 ns  Iteration: 1  Instance: /morse_burst_emitter_tb/input_agent/input_agent_driver
# ** Note: Driver received transaction number 26
#    Time: 6640 ns  Iteration: 1  Instance: /morse_burst_emitter_tb/input_agent/input_agent_driver
# ** Note: Sequencer : Sent transaction number 27
#    Time: 6640010 ps  Iteration: 0  Instance: /morse_burst_emitter_tb/input_agent/input_agent_sequencer
# ** Note: Driver waiting for transaction number 27
#    Time: 6650 ns  Iteration: 1  Instance: /morse_burst_emitter_tb/input_agent/input_agent_driver
# ** Note: Driver received transaction number 27
#    Time: 6650 ns  Iteration: 1  Instance: /morse_burst_emitter_tb/input_agent/input_agent_driver
# ** Note: Sequencer : Sent transaction number 28
#    Time: 6650010 ps  Iteration: 0  Instance: /morse_burst_emitter_tb/input_agent/input_agent_sequencer
# ** Note: Monitor waiting for transaction number 12
#    Time: 6665 ns  Iteration: 1  Instance: /morse_burst_emitter_tb/output_agent/output_agent_monitor
# ** Note: VALUE : 11---
#    Time: 7075 ns  Iteration: 1  Instance: /morse_burst_emitter_tb/output_agent/output_agent_monitor
# ** Note: Output Monitor received transaction number 12
# Value : 77
# Size : 2
# Char : --
#    Time: 7075 ns  Iteration: 1  Instance: /morse_burst_emitter_tb/output_agent/output_agent_monitor
# ** Note: Scoreboard received transaction number 12
#    Time: 7075010 ps  Iteration: 0  Instance: /morse_burst_emitter_tb/scoreboard_inst
# ** Note: 77 77
#    Time: 7075010 ps  Iteration: 0  Instance: /morse_burst_emitter_tb/scoreboard_inst
# ** Note: Everything's fine !
#    Time: 7075010 ps  Iteration: 0  Instance: /morse_burst_emitter_tb/scoreboard_inst
# ** Note: Scoreboard waiting for transaction number 13
#    Time: 7075010 ps  Iteration: 0  Instance: /morse_burst_emitter_tb/scoreboard_inst
# ** Note: Monitor waiting for transaction number 13
#    Time: 7165 ns  Iteration: 1  Instance: /morse_burst_emitter_tb/output_agent/output_agent_monitor
# ** Note: VALUE : 10---
#    Time: 7475 ns  Iteration: 1  Instance: /morse_burst_emitter_tb/output_agent/output_agent_monitor
# ** Note: Output Monitor received transaction number 13
# Value : 78
# Size : 2
# Char : -.
#    Time: 7475 ns  Iteration: 1  Instance: /morse_burst_emitter_tb/output_agent/output_agent_monitor
# ** Note: Scoreboard received transaction number 13
#    Time: 7475010 ps  Iteration: 0  Instance: /morse_burst_emitter_tb/scoreboard_inst
# ** Note: 78 78
#    Time: 7475010 ps  Iteration: 0  Instance: /morse_burst_emitter_tb/scoreboard_inst
# ** Note: Everything's fine !
#    Time: 7475010 ps  Iteration: 0  Instance: /morse_burst_emitter_tb/scoreboard_inst
# ** Note: Scoreboard waiting for transaction number 14
#    Time: 7475010 ps  Iteration: 0  Instance: /morse_burst_emitter_tb/scoreboard_inst
# ** Note: Driver waiting for transaction number 28
#    Time: 7550 ns  Iteration: 1  Instance: /morse_burst_emitter_tb/input_agent/input_agent_driver
# ** Note: Driver received transaction number 28
#    Time: 7550 ns  Iteration: 1  Instance: /morse_burst_emitter_tb/input_agent/input_agent_driver
# ** Note: Sequencer : Sent transaction number 29
#    Time: 7550010 ps  Iteration: 0  Instance: /morse_burst_emitter_tb/input_agent/input_agent_sequencer
# ** Note: Driver waiting for transaction number 29
#    Time: 7560 ns  Iteration: 1  Instance: /morse_burst_emitter_tb/input_agent/input_agent_driver
# ** Note: Driver received transaction number 29
#    Time: 7560 ns  Iteration: 1  Instance: /morse_burst_emitter_tb/input_agent/input_agent_driver
# ** Note: Sequencer : Sent transaction number 30
#    Time: 7560010 ps  Iteration: 0  Instance: /morse_burst_emitter_tb/input_agent/input_agent_sequencer
# ** Note: Driver waiting for transaction number 30
#    Time: 7570 ns  Iteration: 1  Instance: /morse_burst_emitter_tb/input_agent/input_agent_driver
# ** Note: Driver received transaction number 30
#    Time: 7570 ns  Iteration: 1  Instance: /morse_burst_emitter_tb/input_agent/input_agent_driver
# ** Note: Sequencer : Sent transaction number 31
#    Time: 7570010 ps  Iteration: 0  Instance: /morse_burst_emitter_tb/input_agent/input_agent_sequencer
# ** Note: Driver waiting for transaction number 31
#    Time: 7580 ns  Iteration: 1  Instance: /morse_burst_emitter_tb/input_agent/input_agent_driver
# ** Note: Driver received transaction number 31
#    Time: 7580 ns  Iteration: 1  Instance: /morse_burst_emitter_tb/input_agent/input_agent_driver
# ** Note: Sequencer : Sent transaction number 32
#    Time: 7580010 ps  Iteration: 0  Instance: /morse_burst_emitter_tb/input_agent/input_agent_sequencer
# ** Note: Monitor waiting for transaction number 14
#    Time: 7595 ns  Iteration: 1  Instance: /morse_burst_emitter_tb/output_agent/output_agent_monitor
# ** Note: VALUE : 111--
#    Time: 8205 ns  Iteration: 1  Instance: /morse_burst_emitter_tb/output_agent/output_agent_monitor
# ** Note: Output Monitor received transaction number 14
# Value : 79
# Size : 3
# Char : ---
#    Time: 8205 ns  Iteration: 1  Instance: /morse_burst_emitter_tb/output_agent/output_agent_monitor
# ** Note: Scoreboard received transaction number 14
#    Time: 8205010 ps  Iteration: 0  Instance: /morse_burst_emitter_tb/scoreboard_inst
# ** Note: 79 79
#    Time: 8205010 ps  Iteration: 0  Instance: /morse_burst_emitter_tb/scoreboard_inst
# ** Note: Everything's fine !
#    Time: 8205010 ps  Iteration: 0  Instance: /morse_burst_emitter_tb/scoreboard_inst
# ** Note: Scoreboard waiting for transaction number 15
#    Time: 8205010 ps  Iteration: 0  Instance: /morse_burst_emitter_tb/scoreboard_inst
# ** Note: Monitor waiting for transaction number 15
#    Time: 8295 ns  Iteration: 1  Instance: /morse_burst_emitter_tb/output_agent/output_agent_monitor
# ** Note: VALUE : 0110-
#    Time: 8905 ns  Iteration: 1  Instance: /morse_burst_emitter_tb/output_agent/output_agent_monitor
# ** Note: Output Monitor received transaction number 15
# Value : 80
# Size : 4
# Char : .--.
#    Time: 8905 ns  Iteration: 1  Instance: /morse_burst_emitter_tb/output_agent/output_agent_monitor
# ** Note: Scoreboard received transaction number 15
#    Time: 8905010 ps  Iteration: 0  Instance: /morse_burst_emitter_tb/scoreboard_inst
# ** Note: 80 80
#    Time: 8905010 ps  Iteration: 0  Instance: /morse_burst_emitter_tb/scoreboard_inst
# ** Note: Everything's fine !
#    Time: 8905010 ps  Iteration: 0  Instance: /morse_burst_emitter_tb/scoreboard_inst
# ** Note: Scoreboard waiting for transaction number 16
#    Time: 8905010 ps  Iteration: 0  Instance: /morse_burst_emitter_tb/scoreboard_inst
# ** Note: Driver waiting for transaction number 32
#    Time: 8980 ns  Iteration: 1  Instance: /morse_burst_emitter_tb/input_agent/input_agent_driver
# ** Note: Driver received transaction number 32
#    Time: 8980 ns  Iteration: 1  Instance: /morse_burst_emitter_tb/input_agent/input_agent_driver
# ** Note: Sequencer : Sent transaction number 33
#    Time: 8980010 ps  Iteration: 0  Instance: /morse_burst_emitter_tb/input_agent/input_agent_sequencer
# ** Note: Driver waiting for transaction number 33
#    Time: 8990 ns  Iteration: 1  Instance: /morse_burst_emitter_tb/input_agent/input_agent_driver
# ** Note: Driver received transaction number 33
#    Time: 8990 ns  Iteration: 1  Instance: /morse_burst_emitter_tb/input_agent/input_agent_driver
# ** Note: Sequencer : Sent transaction number 34
#    Time: 8990010 ps  Iteration: 0  Instance: /morse_burst_emitter_tb/input_agent/input_agent_sequencer
# ** Note: Driver waiting for transaction number 34
#    Time: 9 us  Iteration: 1  Instance: /morse_burst_emitter_tb/input_agent/input_agent_driver
# ** Note: Driver received transaction number 34
#    Time: 9 us  Iteration: 1  Instance: /morse_burst_emitter_tb/input_agent/input_agent_driver
# ** Note: Sequencer : Sent transaction number 35
#    Time: 9000010 ps  Iteration: 0  Instance: /morse_burst_emitter_tb/input_agent/input_agent_sequencer
# ** Note: Driver waiting for transaction number 35
#    Time: 9010 ns  Iteration: 1  Instance: /morse_burst_emitter_tb/input_agent/input_agent_driver
# ** Note: Driver received transaction number 35
#    Time: 9010 ns  Iteration: 1  Instance: /morse_burst_emitter_tb/input_agent/input_agent_driver
# ** Note: Sequencer : Sent transaction number 36
#    Time: 9010010 ps  Iteration: 0  Instance: /morse_burst_emitter_tb/input_agent/input_agent_sequencer
# ** Note: Monitor waiting for transaction number 16
#    Time: 9025 ns  Iteration: 1  Instance: /morse_burst_emitter_tb/output_agent/output_agent_monitor
# ** Note: VALUE : 1101-
#    Time: 9735 ns  Iteration: 1  Instance: /morse_burst_emitter_tb/output_agent/output_agent_monitor
# ** Note: Output Monitor received transaction number 16
# Value : 81
# Size : 4
# Char : --.-
#    Time: 9735 ns  Iteration: 1  Instance: /morse_burst_emitter_tb/output_agent/output_agent_monitor
# ** Note: Scoreboard received transaction number 16
#    Time: 9735010 ps  Iteration: 0  Instance: /morse_burst_emitter_tb/scoreboard_inst
# ** Note: 81 81
#    Time: 9735010 ps  Iteration: 0  Instance: /morse_burst_emitter_tb/scoreboard_inst
# ** Note: Everything's fine !
#    Time: 9735010 ps  Iteration: 0  Instance: /morse_burst_emitter_tb/scoreboard_inst
# ** Note: Scoreboard waiting for transaction number 17
#    Time: 9735010 ps  Iteration: 0  Instance: /morse_burst_emitter_tb/scoreboard_inst
# ** Note: Monitor waiting for transaction number 17
#    Time: 9825 ns  Iteration: 1  Instance: /morse_burst_emitter_tb/output_agent/output_agent_monitor
# ** Note: VALUE : 010--
#    Time: 10235 ns  Iteration: 1  Instance: /morse_burst_emitter_tb/output_agent/output_agent_monitor
# ** Note: Output Monitor received transaction number 17
# Value : 82
# Size : 3
# Char : .-.
#    Time: 10235 ns  Iteration: 1  Instance: /morse_burst_emitter_tb/output_agent/output_agent_monitor
# ** Note: Scoreboard received transaction number 17
#    Time: 10235010 ps  Iteration: 0  Instance: /morse_burst_emitter_tb/scoreboard_inst
# ** Note: 82 82
#    Time: 10235010 ps  Iteration: 0  Instance: /morse_burst_emitter_tb/scoreboard_inst
# ** Note: Everything's fine !
#    Time: 10235010 ps  Iteration: 0  Instance: /morse_burst_emitter_tb/scoreboard_inst
# ** Note: Scoreboard waiting for transaction number 18
#    Time: 10235010 ps  Iteration: 0  Instance: /morse_burst_emitter_tb/scoreboard_inst
# ** Note: Driver waiting for transaction number 36
#    Time: 10310 ns  Iteration: 1  Instance: /morse_burst_emitter_tb/input_agent/input_agent_driver
# ** Note: Driver received transaction number 36
#    Time: 10310 ns  Iteration: 1  Instance: /morse_burst_emitter_tb/input_agent/input_agent_driver
# ** Note: Sequencer : Sent transaction number 37
#    Time: 10310010 ps  Iteration: 0  Instance: /morse_burst_emitter_tb/input_agent/input_agent_sequencer
# ** Note: Driver waiting for transaction number 37
#    Time: 10320 ns  Iteration: 1  Instance: /morse_burst_emitter_tb/input_agent/input_agent_driver
# ** Note: Driver received transaction number 37
#    Time: 10320 ns  Iteration: 1  Instance: /morse_burst_emitter_tb/input_agent/input_agent_driver
# ** Note: Sequencer : Sent transaction number 38
#    Time: 10320010 ps  Iteration: 0  Instance: /morse_burst_emitter_tb/input_agent/input_agent_sequencer
# ** Note: Driver waiting for transaction number 38
#    Time: 10330 ns  Iteration: 1  Instance: /morse_burst_emitter_tb/input_agent/input_agent_driver
# ** Note: Driver received transaction number 38
#    Time: 10330 ns  Iteration: 1  Instance: /morse_burst_emitter_tb/input_agent/input_agent_driver
# ** Note: Sequencer : Sent transaction number 39
#    Time: 10330010 ps  Iteration: 0  Instance: /morse_burst_emitter_tb/input_agent/input_agent_sequencer
# ** Note: Driver waiting for transaction number 39
#    Time: 10340 ns  Iteration: 1  Instance: /morse_burst_emitter_tb/input_agent/input_agent_driver
# ** Note: Driver received transaction number 39
#    Time: 10340 ns  Iteration: 1  Instance: /morse_burst_emitter_tb/input_agent/input_agent_driver
# ** Note: Sequencer : Sent transaction number 40
#    Time: 10340010 ps  Iteration: 0  Instance: /morse_burst_emitter_tb/input_agent/input_agent_sequencer
# ** Note: Monitor waiting for transaction number 18
#    Time: 10355 ns  Iteration: 1  Instance: /morse_burst_emitter_tb/output_agent/output_agent_monitor
# ** Note: VALUE : 000--
#    Time: 10665 ns  Iteration: 1  Instance: /morse_burst_emitter_tb/output_agent/output_agent_monitor
# ** Note: Output Monitor received transaction number 18
# Value : 83
# Size : 3
# Char : ...
#    Time: 10665 ns  Iteration: 1  Instance: /morse_burst_emitter_tb/output_agent/output_agent_monitor
# ** Note: Scoreboard received transaction number 18
#    Time: 10665010 ps  Iteration: 0  Instance: /morse_burst_emitter_tb/scoreboard_inst
# ** Note: 83 83
#    Time: 10665010 ps  Iteration: 0  Instance: /morse_burst_emitter_tb/scoreboard_inst
# ** Note: Everything's fine !
#    Time: 10665010 ps  Iteration: 0  Instance: /morse_burst_emitter_tb/scoreboard_inst
# ** Note: Scoreboard waiting for transaction number 19
#    Time: 10665010 ps  Iteration: 0  Instance: /morse_burst_emitter_tb/scoreboard_inst
# ** Note: Monitor waiting for transaction number 19
#    Time: 10755 ns  Iteration: 1  Instance: /morse_burst_emitter_tb/output_agent/output_agent_monitor
# ** Note: VALUE : 1----
#    Time: 10965 ns  Iteration: 1  Instance: /morse_burst_emitter_tb/output_agent/output_agent_monitor
# ** Note: Output Monitor received transaction number 19
# Value : 84
# Size : 1
# Char : -
#    Time: 10965 ns  Iteration: 1  Instance: /morse_burst_emitter_tb/output_agent/output_agent_monitor
# ** Note: Scoreboard received transaction number 19
#    Time: 10965010 ps  Iteration: 0  Instance: /morse_burst_emitter_tb/scoreboard_inst
# ** Note: 84 84
#    Time: 10965010 ps  Iteration: 0  Instance: /morse_burst_emitter_tb/scoreboard_inst
# ** Note: Everything's fine !
#    Time: 10965010 ps  Iteration: 0  Instance: /morse_burst_emitter_tb/scoreboard_inst
# ** Note: Scoreboard waiting for transaction number 20
#    Time: 10965010 ps  Iteration: 0  Instance: /morse_burst_emitter_tb/scoreboard_inst
# ** Note: Driver waiting for transaction number 40
#    Time: 11040 ns  Iteration: 1  Instance: /morse_burst_emitter_tb/input_agent/input_agent_driver
# ** Note: Driver received transaction number 40
#    Time: 11040 ns  Iteration: 1  Instance: /morse_burst_emitter_tb/input_agent/input_agent_driver
# ** Note: Sequencer : Sent transaction number 41
#    Time: 11040010 ps  Iteration: 0  Instance: /morse_burst_emitter_tb/input_agent/input_agent_sequencer
# ** Note: Driver waiting for transaction number 41
#    Time: 11050 ns  Iteration: 1  Instance: /morse_burst_emitter_tb/input_agent/input_agent_driver
# ** Note: Driver received transaction number 41
#    Time: 11050 ns  Iteration: 1  Instance: /morse_burst_emitter_tb/input_agent/input_agent_driver
# ** Note: Sequencer : Sent transaction number 42
#    Time: 11050010 ps  Iteration: 0  Instance: /morse_burst_emitter_tb/input_agent/input_agent_sequencer
# ** Note: Driver waiting for transaction number 42
#    Time: 11060 ns  Iteration: 1  Instance: /morse_burst_emitter_tb/input_agent/input_agent_driver
# ** Note: Driver received transaction number 42
#    Time: 11060 ns  Iteration: 1  Instance: /morse_burst_emitter_tb/input_agent/input_agent_driver
# ** Note: Sequencer : Sent transaction number 43
#    Time: 11060010 ps  Iteration: 0  Instance: /morse_burst_emitter_tb/input_agent/input_agent_sequencer
# ** Note: Driver waiting for transaction number 43
#    Time: 11070 ns  Iteration: 1  Instance: /morse_burst_emitter_tb/input_agent/input_agent_driver
# ** Note: Driver received transaction number 43
#    Time: 11070 ns  Iteration: 1  Instance: /morse_burst_emitter_tb/input_agent/input_agent_driver
# ** Note: Sequencer : Sent transaction number 44
#    Time: 11070010 ps  Iteration: 0  Instance: /morse_burst_emitter_tb/input_agent/input_agent_sequencer
# ** Note: Monitor waiting for transaction number 20
#    Time: 11085 ns  Iteration: 1  Instance: /morse_burst_emitter_tb/output_agent/output_agent_monitor
# ** Note: VALUE : 001--
#    Time: 11495 ns  Iteration: 1  Instance: /morse_burst_emitter_tb/output_agent/output_agent_monitor
# ** Note: Output Monitor received transaction number 20
# Value : 85
# Size : 3
# Char : ..-
#    Time: 11495 ns  Iteration: 1  Instance: /morse_burst_emitter_tb/output_agent/output_agent_monitor
# ** Note: Scoreboard received transaction number 20
#    Time: 11495010 ps  Iteration: 0  Instance: /morse_burst_emitter_tb/scoreboard_inst
# ** Note: 85 85
#    Time: 11495010 ps  Iteration: 0  Instance: /morse_burst_emitter_tb/scoreboard_inst
# ** Note: Everything's fine !
#    Time: 11495010 ps  Iteration: 0  Instance: /morse_burst_emitter_tb/scoreboard_inst
# ** Note: Scoreboard waiting for transaction number 21
#    Time: 11495010 ps  Iteration: 0  Instance: /morse_burst_emitter_tb/scoreboard_inst
# ** Note: Monitor waiting for transaction number 21
#    Time: 11585 ns  Iteration: 1  Instance: /morse_burst_emitter_tb/output_agent/output_agent_monitor
# ** Note: VALUE : 0001-
#    Time: 12095 ns  Iteration: 1  Instance: /morse_burst_emitter_tb/output_agent/output_agent_monitor
# ** Note: Output Monitor received transaction number 21
# Value : 86
# Size : 4
# Char : ...-
#    Time: 12095 ns  Iteration: 1  Instance: /morse_burst_emitter_tb/output_agent/output_agent_monitor
# ** Note: Scoreboard received transaction number 21
#    Time: 12095010 ps  Iteration: 0  Instance: /morse_burst_emitter_tb/scoreboard_inst
# ** Note: 86 86
#    Time: 12095010 ps  Iteration: 0  Instance: /morse_burst_emitter_tb/scoreboard_inst
# ** Note: Everything's fine !
#    Time: 12095010 ps  Iteration: 0  Instance: /morse_burst_emitter_tb/scoreboard_inst
# ** Note: Scoreboard waiting for transaction number 22
#    Time: 12095010 ps  Iteration: 0  Instance: /morse_burst_emitter_tb/scoreboard_inst
# ** Note: Driver waiting for transaction number 44
#    Time: 12170 ns  Iteration: 1  Instance: /morse_burst_emitter_tb/input_agent/input_agent_driver
# ** Note: Driver received transaction number 44
#    Time: 12170 ns  Iteration: 1  Instance: /morse_burst_emitter_tb/input_agent/input_agent_driver
# ** Note: Sequencer : Sent transaction number 45
#    Time: 12170010 ps  Iteration: 0  Instance: /morse_burst_emitter_tb/input_agent/input_agent_sequencer
# ** Note: Driver waiting for transaction number 45
#    Time: 12180 ns  Iteration: 1  Instance: /morse_burst_emitter_tb/input_agent/input_agent_driver
# ** Note: Driver received transaction number 45
#    Time: 12180 ns  Iteration: 1  Instance: /morse_burst_emitter_tb/input_agent/input_agent_driver
# ** Note: Sequencer : Sent transaction number 46
#    Time: 12180010 ps  Iteration: 0  Instance: /morse_burst_emitter_tb/input_agent/input_agent_sequencer
# ** Note: Driver waiting for transaction number 46
#    Time: 12190 ns  Iteration: 1  Instance: /morse_burst_emitter_tb/input_agent/input_agent_driver
# ** Note: Driver received transaction number 46
#    Time: 12190 ns  Iteration: 1  Instance: /morse_burst_emitter_tb/input_agent/input_agent_driver
# ** Note: Sequencer : Sent transaction number 47
#    Time: 12190010 ps  Iteration: 0  Instance: /morse_burst_emitter_tb/input_agent/input_agent_sequencer
# ** Note: Driver waiting for transaction number 47
#    Time: 12200 ns  Iteration: 1  Instance: /morse_burst_emitter_tb/input_agent/input_agent_driver
# ** Note: Driver received transaction number 47
#    Time: 12200 ns  Iteration: 1  Instance: /morse_burst_emitter_tb/input_agent/input_agent_driver
# ** Note: Sequencer : Sent transaction number 48
#    Time: 12200010 ps  Iteration: 0  Instance: /morse_burst_emitter_tb/input_agent/input_agent_sequencer
# ** Note: Monitor waiting for transaction number 22
#    Time: 12215 ns  Iteration: 1  Instance: /morse_burst_emitter_tb/output_agent/output_agent_monitor
# ** Note: VALUE : 011--
#    Time: 12725 ns  Iteration: 1  Instance: /morse_burst_emitter_tb/output_agent/output_agent_monitor
# ** Note: Output Monitor received transaction number 22
# Value : 87
# Size : 3
# Char : .--
#    Time: 12725 ns  Iteration: 1  Instance: /morse_burst_emitter_tb/output_agent/output_agent_monitor
# ** Note: Scoreboard received transaction number 22
#    Time: 12725010 ps  Iteration: 0  Instance: /morse_burst_emitter_tb/scoreboard_inst
# ** Note: 87 87
#    Time: 12725010 ps  Iteration: 0  Instance: /morse_burst_emitter_tb/scoreboard_inst
# ** Note: Everything's fine !
#    Time: 12725010 ps  Iteration: 0  Instance: /morse_burst_emitter_tb/scoreboard_inst
# ** Note: Scoreboard waiting for transaction number 23
#    Time: 12725010 ps  Iteration: 0  Instance: /morse_burst_emitter_tb/scoreboard_inst
# ** Note: Monitor waiting for transaction number 23
#    Time: 12815 ns  Iteration: 1  Instance: /morse_burst_emitter_tb/output_agent/output_agent_monitor
# ** Note: VALUE : 1001-
#    Time: 13425 ns  Iteration: 1  Instance: /morse_burst_emitter_tb/output_agent/output_agent_monitor
# ** Note: Output Monitor received transaction number 23
# Value : 88
# Size : 4
# Char : -..-
#    Time: 13425 ns  Iteration: 1  Instance: /morse_burst_emitter_tb/output_agent/output_agent_monitor
# ** Note: Scoreboard received transaction number 23
#    Time: 13425010 ps  Iteration: 0  Instance: /morse_burst_emitter_tb/scoreboard_inst
# ** Note: 88 88
#    Time: 13425010 ps  Iteration: 0  Instance: /morse_burst_emitter_tb/scoreboard_inst
# ** Note: Everything's fine !
#    Time: 13425010 ps  Iteration: 0  Instance: /morse_burst_emitter_tb/scoreboard_inst
# ** Note: Scoreboard waiting for transaction number 24
#    Time: 13425010 ps  Iteration: 0  Instance: /morse_burst_emitter_tb/scoreboard_inst
# ** Note: Driver waiting for transaction number 48
#    Time: 13500 ns  Iteration: 1  Instance: /morse_burst_emitter_tb/input_agent/input_agent_driver
# ** Note: Driver received transaction number 48
#    Time: 13500 ns  Iteration: 1  Instance: /morse_burst_emitter_tb/input_agent/input_agent_driver
# ** Note: Sequencer : Sent transaction number 49
#    Time: 13500010 ps  Iteration: 0  Instance: /morse_burst_emitter_tb/input_agent/input_agent_sequencer
# ** Note: Driver waiting for transaction number 49
#    Time: 13510 ns  Iteration: 1  Instance: /morse_burst_emitter_tb/input_agent/input_agent_driver
# ** Note: Driver received transaction number 49
#    Time: 13510 ns  Iteration: 1  Instance: /morse_burst_emitter_tb/input_agent/input_agent_driver
# ** Note: Sequencer : Sent transaction number 50
#    Time: 13510010 ps  Iteration: 0  Instance: /morse_burst_emitter_tb/input_agent/input_agent_sequencer
# ** Note: Driver waiting for transaction number 50
#    Time: 13520 ns  Iteration: 1  Instance: /morse_burst_emitter_tb/input_agent/input_agent_driver
# ** Note: Driver received transaction number 50
#    Time: 13520 ns  Iteration: 1  Instance: /morse_burst_emitter_tb/input_agent/input_agent_driver
# ** Note: Sequencer : Sent transaction number 51
#    Time: 13520010 ps  Iteration: 0  Instance: /morse_burst_emitter_tb/input_agent/input_agent_sequencer
# ** Note: Sequencer finished his job
#    Time: 13520010 ps  Iteration: 0  Instance: /morse_burst_emitter_tb/input_agent/input_agent_sequencer
# ** Note: Driver waiting for transaction number 51
#    Time: 13530 ns  Iteration: 1  Instance: /morse_burst_emitter_tb/input_agent/input_agent_driver
# ** Note: Driver received transaction number 51
#    Time: 13530 ns  Iteration: 1  Instance: /morse_burst_emitter_tb/input_agent/input_agent_driver
# ** Note: Monitor waiting for transaction number 24
#    Time: 13545 ns  Iteration: 1  Instance: /morse_burst_emitter_tb/output_agent/output_agent_monitor
# ** Note: VALUE : 1011-
#    Time: 14255 ns  Iteration: 1  Instance: /morse_burst_emitter_tb/output_agent/output_agent_monitor
# ** Note: Output Monitor received transaction number 24
# Value : 89
# Size : 4
# Char : -.--
#    Time: 14255 ns  Iteration: 1  Instance: /morse_burst_emitter_tb/output_agent/output_agent_monitor
# ** Note: Scoreboard received transaction number 24
#    Time: 14255010 ps  Iteration: 0  Instance: /morse_burst_emitter_tb/scoreboard_inst
# ** Note: 89 89
#    Time: 14255010 ps  Iteration: 0  Instance: /morse_burst_emitter_tb/scoreboard_inst
# ** Note: Everything's fine !
#    Time: 14255010 ps  Iteration: 0  Instance: /morse_burst_emitter_tb/scoreboard_inst
# ** Note: Scoreboard waiting for transaction number 25
#    Time: 14255010 ps  Iteration: 0  Instance: /morse_burst_emitter_tb/scoreboard_inst
# ** Note: Monitor waiting for transaction number 25
#    Time: 14345 ns  Iteration: 1  Instance: /morse_burst_emitter_tb/output_agent/output_agent_monitor
# ** Note: VALUE : 1100-
#    Time: 14955 ns  Iteration: 1  Instance: /morse_burst_emitter_tb/output_agent/output_agent_monitor
# ** Note: Output Monitor received transaction number 25
# Value : 90
# Size : 4
# Char : --..
#    Time: 14955 ns  Iteration: 1  Instance: /morse_burst_emitter_tb/output_agent/output_agent_monitor
# ** Note: Scoreboard received transaction number 25
#    Time: 14955010 ps  Iteration: 0  Instance: /morse_burst_emitter_tb/scoreboard_inst
# ** Note: 90 90
#    Time: 14955010 ps  Iteration: 0  Instance: /morse_burst_emitter_tb/scoreboard_inst
# ** Note: Everything's fine !
#    Time: 14955010 ps  Iteration: 0  Instance: /morse_burst_emitter_tb/scoreboard_inst
# ** Note: Scoreboard waiting for transaction number 26
#    Time: 14955010 ps  Iteration: 0  Instance: /morse_burst_emitter_tb/scoreboard_inst
# ** Note: Driver waiting for transaction number 52
#    Time: 15030 ns  Iteration: 1  Instance: /morse_burst_emitter_tb/input_agent/input_agent_driver
# ** Note: Monitor waiting for transaction number 26
#    Time: 15255 ns  Iteration: 1  Instance: /morse_burst_emitter_tb/output_agent/output_agent_monitor
# ** Note: Finishing at time 100000000 ps
#    Time: 100 us  Iteration: 0  Instance: /morse_burst_emitter_tb/monitor
# ** Note: Ending status: Because of no more objections
#    Time: 100 us  Iteration: 0  Instance: /morse_burst_emitter_tb/monitor
# ** Note: --------------------------------
# FINAL report
# Total number of warnings : 0
# Total number of errors : 0
# --------------------------------
#    Time: 100 us  Iteration: 0  Instance: /morse_burst_emitter_tb/monitor
# Break in Process monitor_proc at /home/reds/vsn21_student/labo3/code/tlmvm/src/simulation_end_pkg.vhd line 175
# Stopped at /home/reds/vsn21_student/labo3/code/tlmvm/src/simulation_end_pkg.vhd line 175
# coverage attribute -name TESTNAME -value all_char_nburst
# coverage save ../all_char_nburst.ucdb
# quit -f
