# file delete -force work
# set Path_DUV "/home/reds/vsn21_student/labo3/code/src"
# /home/reds/vsn21_student/labo3/code/src
# set Path_TB  "/home/reds/vsn21_student/labo3/code/src_tb"
# /home/reds/vsn21_student/labo3/code/src_tb
# global Path_DUV
# global Path_TB
# vlib tlmvm
# vcom -2008 -work tlmvm /home/reds/vsn21_student/labo3/code/tlmvm/src/heartbeat_pkg.vhd
# QuestaSim-64 vcom 2020.1_1 Compiler 2020.03 Mar  4 2020
# Start time: 13:15:17 on Apr 24,2021
# vcom -2008 -work tlmvm /home/reds/vsn21_student/labo3/code/tlmvm/src/heartbeat_pkg.vhd 
# ** Warning: (vcom-6) -- Waiting for lock by "reds@reds2021, pid = 25597". Lockfile is "/home/reds/vsn21_student/libs/tlmvm/comp/tlmvm/_lock".
# -- Loading package STANDARD
# -- Compiling package heartbeat_pkg
# -- Compiling package body heartbeat_pkg
# -- Loading package heartbeat_pkg
# End time: 13:15:19 on Apr 24,2021, Elapsed time: 0:00:02
# Errors: 0, Warnings: 1
# vcom -2008 -work tlmvm /home/reds/vsn21_student/labo3/code/tlmvm/src/heartbeat_env_pkg.vhd
# QuestaSim-64 vcom 2020.1_1 Compiler 2020.03 Mar  4 2020
# Start time: 13:15:19 on Apr 24,2021
# vcom -2008 -work tlmvm /home/reds/vsn21_student/labo3/code/tlmvm/src/heartbeat_env_pkg.vhd 
# ** Warning: (vcom-6) -- Waiting for lock by "reds@reds2021, pid = 25611". Lockfile is "/home/reds/vsn21_student/libs/tlmvm/comp/tlmvm/_lock".
# -- Loading package STANDARD
# -- Loading package heartbeat_pkg
# -- Compiling package heartbeat_env_pkg
# -- Compiling package body heartbeat_env_pkg
# -- Loading package heartbeat_env_pkg
# End time: 13:15:20 on Apr 24,2021, Elapsed time: 0:00:01
# Errors: 0, Warnings: 1
# vcom -2008 -work tlmvm /home/reds/vsn21_student/labo3/code/tlmvm/src/objection_pkg.vhd
# QuestaSim-64 vcom 2020.1_1 Compiler 2020.03 Mar  4 2020
# Start time: 13:15:20 on Apr 24,2021
# vcom -2008 -work tlmvm /home/reds/vsn21_student/labo3/code/tlmvm/src/objection_pkg.vhd 
# -- Loading package STANDARD
# -- Compiling package objection_pkg
# -- Loading package heartbeat_pkg
# -- Loading package heartbeat_env_pkg
# -- Compiling package body objection_pkg
# -- Loading package objection_pkg
# End time: 13:15:20 on Apr 24,2021, Elapsed time: 0:00:00
# Errors: 0, Warnings: 0
# vcom -2008 -work tlmvm /home/reds/vsn21_student/labo3/code/tlmvm/src/objection_env_pkg.vhd
# QuestaSim-64 vcom 2020.1_1 Compiler 2020.03 Mar  4 2020
# Start time: 13:15:20 on Apr 24,2021
# vcom -2008 -work tlmvm /home/reds/vsn21_student/labo3/code/tlmvm/src/objection_env_pkg.vhd 
# -- Loading package STANDARD
# -- Loading package objection_pkg
# -- Compiling package objection_env_pkg
# -- Loading package heartbeat_pkg
# -- Compiling package body objection_env_pkg
# -- Loading package objection_env_pkg
# End time: 13:15:20 on Apr 24,2021, Elapsed time: 0:00:00
# Errors: 0, Warnings: 0
# vcom -2008 -work tlmvm /home/reds/vsn21_student/labo3/code/tlmvm/src/simulation_end_pkg.vhd
# QuestaSim-64 vcom 2020.1_1 Compiler 2020.03 Mar  4 2020
# Start time: 13:15:20 on Apr 24,2021
# vcom -2008 -work tlmvm /home/reds/vsn21_student/labo3/code/tlmvm/src/simulation_end_pkg.vhd 
# ** Warning: (vcom-6) -- Waiting for lock by "reds@reds2021, pid = 25621". Lockfile is "/home/reds/vsn21_student/libs/tlmvm/comp/tlmvm/_lock".
# ** Warning: (vcom-6) -- Waiting for lock by "reds@reds2021, pid = 26048". Lockfile is "/home/reds/vsn21_student/libs/tlmvm/comp/tlmvm/_lock".
# -- Loading package STANDARD
# -- Loading package TEXTIO
# -- Loading package std_logic_1164
# -- Loading package ENV
# -- Loading package objection_pkg
# -- Loading package objection_env_pkg
# -- Loading package heartbeat_pkg
# -- Loading package heartbeat_env_pkg
# -- Compiling package simulation_end_pkg
# -- Compiling package body simulation_end_pkg
# -- Loading package simulation_end_pkg
# -- Loading package simulation_end_pkg
# -- Compiling entity simulation_monitor
# -- Compiling architecture behave of simulation_monitor
# End time: 13:15:26 on Apr 24,2021, Elapsed time: 0:00:06
# Errors: 0, Warnings: 2
# vcom -2008 -work tlmvm /home/reds/vsn21_student/labo3/code/tlmvm/src/tlm_fifo_pkg.vhd
# QuestaSim-64 vcom 2020.1_1 Compiler 2020.03 Mar  4 2020
# Start time: 13:15:26 on Apr 24,2021
# vcom -2008 -work tlmvm /home/reds/vsn21_student/labo3/code/tlmvm/src/tlm_fifo_pkg.vhd 
# -- Loading package STANDARD
# -- Compiling package tlm_fifo_pkg
# -- Loading package objection_pkg
# -- Loading package objection_env_pkg
# -- Compiling package body tlm_fifo_pkg
# -- Loading package tlm_fifo_pkg
# End time: 13:15:26 on Apr 24,2021, Elapsed time: 0:00:00
# Errors: 0, Warnings: 0
# vcom -2008 -work tlmvm /home/reds/vsn21_student/labo3/code/tlmvm/src/tlm_unbounded_fifo_pkg.vhd
# QuestaSim-64 vcom 2020.1_1 Compiler 2020.03 Mar  4 2020
# Start time: 13:15:26 on Apr 24,2021
# vcom -2008 -work tlmvm /home/reds/vsn21_student/labo3/code/tlmvm/src/tlm_unbounded_fifo_pkg.vhd 
# -- Loading package STANDARD
# -- Compiling package tlm_unbounded_fifo_pkg
# -- Loading package objection_pkg
# -- Loading package objection_env_pkg
# -- Compiling package body tlm_unbounded_fifo_pkg
# -- Loading package tlm_unbounded_fifo_pkg
# End time: 13:15:26 on Apr 24,2021, Elapsed time: 0:00:00
# Errors: 0, Warnings: 0
# vcom -2008 -work tlmvm /home/reds/vsn21_student/labo3/code/tlmvm/src/tlm_fifo_array_pkg.vhd
# QuestaSim-64 vcom 2020.1_1 Compiler 2020.03 Mar  4 2020
# Start time: 13:15:26 on Apr 24,2021
# vcom -2008 -work tlmvm /home/reds/vsn21_student/labo3/code/tlmvm/src/tlm_fifo_array_pkg.vhd 
# -- Loading package STANDARD
# -- Compiling package tlm_fifo_array_pkg
# -- Loading package objection_pkg
# -- Loading package objection_env_pkg
# -- Compiling package body tlm_fifo_array_pkg
# -- Loading package tlm_fifo_array_pkg
# End time: 13:15:27 on Apr 24,2021, Elapsed time: 0:00:01
# Errors: 0, Warnings: 0
# vcom -2008 -work tlmvm /home/reds/vsn21_student/labo3/code/tlmvm/src/tlm_unbounded_fifo_array_pkg.vhd
# QuestaSim-64 vcom 2020.1_1 Compiler 2020.03 Mar  4 2020
# Start time: 13:15:27 on Apr 24,2021
# vcom -2008 -work tlmvm /home/reds/vsn21_student/labo3/code/tlmvm/src/tlm_unbounded_fifo_array_pkg.vhd 
# -- Loading package STANDARD
# -- Compiling package tlm_unbounded_fifo_array_pkg
# -- Loading package objection_pkg
# -- Loading package objection_env_pkg
# -- Compiling package body tlm_unbounded_fifo_array_pkg
# -- Loading package tlm_unbounded_fifo_array_pkg
# End time: 13:15:27 on Apr 24,2021, Elapsed time: 0:00:00
# Errors: 0, Warnings: 0
# vcom -2008 -work tlmvm /home/reds/vsn21_student/labo3/code/tlmvm/src/memory_object_pkg.vhd
# QuestaSim-64 vcom 2020.1_1 Compiler 2020.03 Mar  4 2020
# Start time: 13:15:27 on Apr 24,2021
# vcom -2008 -work tlmvm /home/reds/vsn21_student/labo3/code/tlmvm/src/memory_object_pkg.vhd 
# ** Warning: (vcom-6) -- Waiting for lock by "reds@reds2021, pid = 26108". Lockfile is "/home/reds/vsn21_student/libs/tlmvm/comp/tlmvm/_lock".
# -- Loading package STANDARD
# -- Loading context declaration IEEE_STD_CONTEXT
# -- Loading package TEXTIO
# -- Loading package std_logic_1164
# -- Loading package NUMERIC_STD
# -- Compiling package memory_object_pkg
# -- Compiling package body memory_object_pkg
# -- Loading context declaration IEEE_STD_CONTEXT
# -- Loading package memory_object_pkg
# End time: 13:15:30 on Apr 24,2021, Elapsed time: 0:00:03
# Errors: 0, Warnings: 1
# vcom -2008 -work tlmvm /home/reds/vsn21_student/labo3/code/tlmvm/src/tlmvm_context.vhd
# QuestaSim-64 vcom 2020.1_1 Compiler 2020.03 Mar  4 2020
# Start time: 13:15:30 on Apr 24,2021
# vcom -2008 -work tlmvm /home/reds/vsn21_student/labo3/code/tlmvm/src/tlmvm_context.vhd 
# -- Loading package STANDARD
# -- Compiling context declaration tlmvm_context
# End time: 13:15:30 on Apr 24,2021, Elapsed time: 0:00:00
# Errors: 0, Warnings: 0
# vlib common_lib
# vcom -work common_lib  -2008 $Path_TB/common_lib/logger_pkg.vhd
# QuestaSim-64 vcom 2020.1_1 Compiler 2020.03 Mar  4 2020
# Start time: 13:15:30 on Apr 24,2021
# vcom -work common_lib -2008 /home/reds/vsn21_student/labo3/code/src_tb/common_lib/logger_pkg.vhd 
# -- Loading package STANDARD
# -- Loading package TEXTIO
# -- Loading package std_logic_1164
# -- Loading package NUMERIC_STD
# -- Loading package std_logic_textio
# -- Compiling package logger_pkg
# End time: 13:15:30 on Apr 24,2021, Elapsed time: 0:00:00
# Errors: 0, Warnings: 0
# vcom -work common_lib  -2008 $Path_TB/common_lib/comparator_pkg.vhd
# QuestaSim-64 vcom 2020.1_1 Compiler 2020.03 Mar  4 2020
# Start time: 13:15:30 on Apr 24,2021
# vcom -work common_lib -2008 /home/reds/vsn21_student/labo3/code/src_tb/common_lib/comparator_pkg.vhd 
# -- Loading package STANDARD
# -- Loading package TEXTIO
# -- Loading package std_logic_1164
# -- Loading package NUMERIC_STD
# -- Loading package std_logic_textio
# -- Loading package logger_pkg
# -- Compiling package comparator_pkg
# End time: 13:15:30 on Apr 24,2021, Elapsed time: 0:00:00
# Errors: 0, Warnings: 0
# vcom -work common_lib  -2008 $Path_TB/common_lib/complex_comparator_pkg.vhd
# QuestaSim-64 vcom 2020.1_1 Compiler 2020.03 Mar  4 2020
# Start time: 13:15:30 on Apr 24,2021
# vcom -work common_lib -2008 /home/reds/vsn21_student/labo3/code/src_tb/common_lib/complex_comparator_pkg.vhd 
# -- Loading package STANDARD
# -- Loading package TEXTIO
# -- Loading package std_logic_1164
# -- Loading package NUMERIC_STD
# -- Loading package std_logic_textio
# -- Loading package logger_pkg
# -- Compiling package complex_comparator_pkg
# End time: 13:15:30 on Apr 24,2021, Elapsed time: 0:00:00
# Errors: 0, Warnings: 0
# vcom -work common_lib  -2008 $Path_TB/common_lib/common_ctx.vhd
# QuestaSim-64 vcom 2020.1_1 Compiler 2020.03 Mar  4 2020
# Start time: 13:15:30 on Apr 24,2021
# vcom -work common_lib -2008 /home/reds/vsn21_student/labo3/code/src_tb/common_lib/common_ctx.vhd 
# -- Loading package STANDARD
# -- Compiling context declaration common_ctx
# End time: 13:15:30 on Apr 24,2021, Elapsed time: 0:00:00
# Errors: 0, Warnings: 0
# vcom -work project_lib -2008 $Path_TB/project_logger_pkg.vhd
# QuestaSim-64 vcom 2020.1_1 Compiler 2020.03 Mar  4 2020
# Start time: 13:15:30 on Apr 24,2021
# vcom -work project_lib -2008 /home/reds/vsn21_student/labo3/code/src_tb/project_logger_pkg.vhd 
# -- Loading package STANDARD
# -- Loading context declaration common_ctx
# -- Loading package TEXTIO
# -- Loading package std_logic_1164
# -- Loading package NUMERIC_STD
# -- Loading package std_logic_textio
# -- Loading package logger_pkg
# -- Loading package comparator_pkg
# -- Loading package complex_comparator_pkg
# -- Compiling package project_logger_pkg
# End time: 13:15:31 on Apr 24,2021, Elapsed time: 0:00:01
# Errors: 0, Warnings: 0
# vcom -work project_lib -2008 $Path_TB/project_ctx.vhd
# QuestaSim-64 vcom 2020.1_1 Compiler 2020.03 Mar  4 2020
# Start time: 13:15:31 on Apr 24,2021
# vcom -work project_lib -2008 /home/reds/vsn21_student/labo3/code/src_tb/project_ctx.vhd 
# -- Loading package STANDARD
# -- Compiling context declaration project_ctx
# End time: 13:15:31 on Apr 24,2021, Elapsed time: 0:00:00
# Errors: 0, Warnings: 0
# vlib morse
# vcom -2008 -work morse $Path_DUV/morse_pkg.vhd
# QuestaSim-64 vcom 2020.1_1 Compiler 2020.03 Mar  4 2020
# Start time: 13:15:31 on Apr 24,2021
# vcom -2008 -work morse /home/reds/vsn21_student/labo3/code/src/morse_pkg.vhd 
# -- Loading package STANDARD
# -- Loading package TEXTIO
# -- Loading package std_logic_1164
# -- Loading package NUMERIC_STD
# -- Compiling package morse_pkg
# -- Compiling package body morse_pkg
# -- Loading package morse_pkg
# End time: 13:15:31 on Apr 24,2021, Elapsed time: 0:00:00
# Errors: 0, Warnings: 0
# vcom -2008 -work morse $Path_DUV/morse_burst_emitter_pkg.vhd
# QuestaSim-64 vcom 2020.1_1 Compiler 2020.03 Mar  4 2020
# Start time: 13:15:31 on Apr 24,2021
# vcom -2008 -work morse /home/reds/vsn21_student/labo3/code/src/morse_burst_emitter_pkg.vhd 
# -- Loading package STANDARD
# -- Loading package TEXTIO
# -- Loading package std_logic_1164
# -- Loading package NUMERIC_STD
# -- Compiling package morse_burst_emitter_pkg
# End time: 13:15:31 on Apr 24,2021, Elapsed time: 0:00:00
# Errors: 0, Warnings: 0
# vlib work
# vcom -2008 -work work $Path_DUV/fifo.vhd
# QuestaSim-64 vcom 2020.1_1 Compiler 2020.03 Mar  4 2020
# Start time: 13:15:31 on Apr 24,2021
# vcom -2008 -work work /home/reds/vsn21_student/labo3/code/src/fifo.vhd 
# -- Loading package STANDARD
# End time: 13:15:31 on Apr 24,2021, Elapsed time: 0:00:00
# Errors: 0, Warnings: 0
# vcom -2008 -work work $Path_DUV/morse_char_emitter.vhd
# QuestaSim-64 vcom 2020.1_1 Compiler 2020.03 Mar  4 2020
# Start time: 13:15:31 on Apr 24,2021
# vcom -2008 -work work /home/reds/vsn21_student/labo3/code/src/morse_char_emitter.vhd 
# -- Loading package STANDARD
# End time: 13:15:31 on Apr 24,2021, Elapsed time: 0:00:00
# Errors: 0, Warnings: 0
# vcom -2008 -work work $Path_DUV/morse_burst_emitter.vhd
# QuestaSim-64 vcom 2020.1_1 Compiler 2020.03 Mar  4 2020
# Start time: 13:15:31 on Apr 24,2021
# vcom -2008 -work work /home/reds/vsn21_student/labo3/code/src/morse_burst_emitter.vhd 
# -- Loading package STANDARD
# -- Loading package TEXTIO
# -- Loading package std_logic_1164
# -- Loading package NUMERIC_STD
# -- Loading package morse_pkg
# -- Loading package morse_burst_emitter_pkg
# -- Compiling entity morse_burst_emitter
# End time: 13:15:32 on Apr 24,2021, Elapsed time: 0:00:01
# Errors: 0, Warnings: 0
# vcom -2008 $Path_TB/transactions_pkg.vhd
# QuestaSim-64 vcom 2020.1_1 Compiler 2020.03 Mar  4 2020
# Start time: 13:15:32 on Apr 24,2021
# vcom -2008 /home/reds/vsn21_student/labo3/code/src_tb/transactions_pkg.vhd 
# -- Loading package STANDARD
# -- Loading package TEXTIO
# -- Loading package std_logic_1164
# -- Compiling package transactions_pkg
# End time: 13:15:32 on Apr 24,2021, Elapsed time: 0:00:00
# Errors: 0, Warnings: 0
# vcom -2008 $Path_TB/input_agent/input_agent_driver.vhd
# QuestaSim-64 vcom 2020.1_1 Compiler 2020.03 Mar  4 2020
# Start time: 13:15:32 on Apr 24,2021
# vcom -2008 /home/reds/vsn21_student/labo3/code/src_tb/input_agent/input_agent_driver.vhd 
# -- Loading package STANDARD
# -- Loading package TEXTIO
# -- Loading package std_logic_1164
# -- Loading package NUMERIC_STD
# -- Loading context declaration tlmvm_context
# -- Loading package heartbeat_pkg
# -- Loading package heartbeat_env_pkg
# -- Loading package objection_pkg
# -- Loading package objection_env_pkg
# -- Loading package ENV
# -- Loading package simulation_end_pkg
# -- Loading package tlm_fifo_pkg
# -- Loading package tlm_unbounded_fifo_pkg
# -- Loading context declaration project_ctx
# -- Loading context declaration common_ctx
# -- Loading package std_logic_textio
# -- Loading package logger_pkg
# -- Loading package comparator_pkg
# -- Loading package complex_comparator_pkg
# -- Loading package project_logger_pkg
# -- Loading package morse_pkg
# -- Loading package morse_burst_emitter_pkg
# -- Loading package transactions_pkg
# -- Compiling entity input_agent_driver
# -- Compiling architecture testbench of input_agent_driver
# End time: 13:15:32 on Apr 24,2021, Elapsed time: 0:00:00
# Errors: 0, Warnings: 0
# vcom -2008 $Path_TB/input_agent/input_agent_monitor.vhd
# QuestaSim-64 vcom 2020.1_1 Compiler 2020.03 Mar  4 2020
# Start time: 13:15:32 on Apr 24,2021
# vcom -2008 /home/reds/vsn21_student/labo3/code/src_tb/input_agent/input_agent_monitor.vhd 
# -- Loading package STANDARD
# -- Loading package TEXTIO
# -- Loading package std_logic_1164
# -- Loading package NUMERIC_STD
# -- Loading context declaration tlmvm_context
# -- Loading package heartbeat_pkg
# -- Loading package heartbeat_env_pkg
# -- Loading package objection_pkg
# -- Loading package objection_env_pkg
# -- Loading package ENV
# -- Loading package simulation_end_pkg
# -- Loading package tlm_fifo_pkg
# -- Loading package tlm_unbounded_fifo_pkg
# -- Loading context declaration project_ctx
# -- Loading context declaration common_ctx
# -- Loading package std_logic_textio
# -- Loading package logger_pkg
# -- Loading package comparator_pkg
# -- Loading package complex_comparator_pkg
# -- Loading package project_logger_pkg
# -- Loading package morse_pkg
# -- Loading package morse_burst_emitter_pkg
# -- Loading package transactions_pkg
# -- Compiling entity input_agent_monitor
# -- Compiling architecture testbench of input_agent_monitor
# End time: 13:15:32 on Apr 24,2021, Elapsed time: 0:00:00
# Errors: 0, Warnings: 0
# vcom -2008 $Path_TB/input_agent/input_agent_sequencer.vhd
# QuestaSim-64 vcom 2020.1_1 Compiler 2020.03 Mar  4 2020
# Start time: 13:15:32 on Apr 24,2021
# vcom -2008 /home/reds/vsn21_student/labo3/code/src_tb/input_agent/input_agent_sequencer.vhd 
# -- Loading package STANDARD
# -- Loading package TEXTIO
# -- Loading package std_logic_1164
# -- Loading package NUMERIC_STD
# -- Loading context declaration tlmvm_context
# -- Loading package heartbeat_pkg
# -- Loading package heartbeat_env_pkg
# -- Loading package objection_pkg
# -- Loading package objection_env_pkg
# -- Loading package ENV
# -- Loading package simulation_end_pkg
# -- Loading package tlm_fifo_pkg
# -- Loading package tlm_unbounded_fifo_pkg
# -- Loading context declaration project_ctx
# -- Loading context declaration common_ctx
# -- Loading package std_logic_textio
# -- Loading package logger_pkg
# -- Loading package comparator_pkg
# -- Loading package complex_comparator_pkg
# -- Loading package project_logger_pkg
# -- Loading package morse_pkg
# -- Loading package morse_burst_emitter_pkg
# -- Loading package transactions_pkg
# -- Compiling entity input_agent_sequencer
# -- Compiling architecture testbench of input_agent_sequencer
# End time: 13:15:32 on Apr 24,2021, Elapsed time: 0:00:00
# Errors: 0, Warnings: 0
# vcom -2008 $Path_TB/input_agent/input_agent.vhd
# QuestaSim-64 vcom 2020.1_1 Compiler 2020.03 Mar  4 2020
# Start time: 13:15:32 on Apr 24,2021
# vcom -2008 /home/reds/vsn21_student/labo3/code/src_tb/input_agent/input_agent.vhd 
# -- Loading package STANDARD
# -- Loading package TEXTIO
# -- Loading package std_logic_1164
# -- Loading package NUMERIC_STD
# -- Loading context declaration tlmvm_context
# -- Loading package heartbeat_pkg
# -- Loading package heartbeat_env_pkg
# -- Loading package objection_pkg
# -- Loading package objection_env_pkg
# -- Loading package ENV
# -- Loading package simulation_end_pkg
# -- Loading package tlm_fifo_pkg
# -- Loading package tlm_unbounded_fifo_pkg
# -- Loading context declaration project_ctx
# -- Loading context declaration common_ctx
# -- Loading package std_logic_textio
# -- Loading package logger_pkg
# -- Loading package comparator_pkg
# -- Loading package complex_comparator_pkg
# -- Loading package project_logger_pkg
# -- Loading package morse_pkg
# -- Loading package morse_burst_emitter_pkg
# -- Loading package transactions_pkg
# -- Compiling entity input_agent
# -- Compiling architecture testbench of input_agent
# -- Loading package body tlm_fifo_pkg
# -- Loading context declaration tlmvm_context
# -- Loading context declaration project_ctx
# -- Loading entity input_agent_sequencer
# -- Loading context declaration tlmvm_context
# -- Loading context declaration project_ctx
# -- Loading entity input_agent_driver
# -- Loading context declaration tlmvm_context
# -- Loading context declaration project_ctx
# -- Loading entity input_agent_monitor
# End time: 13:15:32 on Apr 24,2021, Elapsed time: 0:00:00
# Errors: 0, Warnings: 0
# vcom -2008 $Path_TB/output_agent/output_agent_monitor.vhd
# QuestaSim-64 vcom 2020.1_1 Compiler 2020.03 Mar  4 2020
# Start time: 13:15:32 on Apr 24,2021
# vcom -2008 /home/reds/vsn21_student/labo3/code/src_tb/output_agent/output_agent_monitor.vhd 
# -- Loading package STANDARD
# -- Loading package TEXTIO
# -- Loading package std_logic_1164
# -- Loading package NUMERIC_STD
# -- Loading context declaration tlmvm_context
# -- Loading package heartbeat_pkg
# -- Loading package heartbeat_env_pkg
# -- Loading package objection_pkg
# -- Loading package objection_env_pkg
# -- Loading package ENV
# -- Loading package simulation_end_pkg
# -- Loading package tlm_fifo_pkg
# -- Loading package tlm_unbounded_fifo_pkg
# -- Loading context declaration project_ctx
# -- Loading context declaration common_ctx
# -- Loading package std_logic_textio
# -- Loading package logger_pkg
# -- Loading package comparator_pkg
# -- Loading package complex_comparator_pkg
# -- Loading package project_logger_pkg
# -- Loading package morse_pkg
# -- Loading package morse_burst_emitter_pkg
# -- Loading package transactions_pkg
# -- Compiling entity output_agent_monitor
# -- Compiling architecture testbench of output_agent_monitor
# End time: 13:15:33 on Apr 24,2021, Elapsed time: 0:00:01
# Errors: 0, Warnings: 0
# vcom -2008 $Path_TB/output_agent/output_agent.vhd
# QuestaSim-64 vcom 2020.1_1 Compiler 2020.03 Mar  4 2020
# Start time: 13:15:33 on Apr 24,2021
# vcom -2008 /home/reds/vsn21_student/labo3/code/src_tb/output_agent/output_agent.vhd 
# -- Loading package STANDARD
# -- Loading package TEXTIO
# -- Loading package std_logic_1164
# -- Loading package NUMERIC_STD
# -- Loading context declaration tlmvm_context
# -- Loading package heartbeat_pkg
# -- Loading package heartbeat_env_pkg
# -- Loading package objection_pkg
# -- Loading package objection_env_pkg
# -- Loading package ENV
# -- Loading package simulation_end_pkg
# -- Loading package tlm_fifo_pkg
# -- Loading package tlm_unbounded_fifo_pkg
# -- Loading package transactions_pkg
# -- Compiling entity output_agent
# -- Compiling architecture testbench of output_agent
# -- Loading context declaration tlmvm_context
# -- Loading context declaration project_ctx
# -- Loading context declaration common_ctx
# -- Loading package std_logic_textio
# -- Loading package logger_pkg
# -- Loading package comparator_pkg
# -- Loading package complex_comparator_pkg
# -- Loading package project_logger_pkg
# -- Loading package morse_pkg
# -- Loading package morse_burst_emitter_pkg
# -- Loading entity output_agent_monitor
# End time: 13:15:33 on Apr 24,2021, Elapsed time: 0:00:00
# Errors: 0, Warnings: 0
# vcom -2008 $Path_TB/scoreboard.vhd
# QuestaSim-64 vcom 2020.1_1 Compiler 2020.03 Mar  4 2020
# Start time: 13:15:33 on Apr 24,2021
# vcom -2008 /home/reds/vsn21_student/labo3/code/src_tb/scoreboard.vhd 
# -- Loading package STANDARD
# -- Loading package TEXTIO
# -- Loading package std_logic_1164
# -- Loading package NUMERIC_STD
# -- Loading context declaration tlmvm_context
# -- Loading package heartbeat_pkg
# -- Loading package heartbeat_env_pkg
# -- Loading package objection_pkg
# -- Loading package objection_env_pkg
# -- Loading package ENV
# -- Loading package simulation_end_pkg
# -- Loading package tlm_fifo_pkg
# -- Loading package tlm_unbounded_fifo_pkg
# -- Loading context declaration project_ctx
# -- Loading context declaration common_ctx
# -- Loading package std_logic_textio
# -- Loading package logger_pkg
# -- Loading package comparator_pkg
# -- Loading package complex_comparator_pkg
# -- Loading package project_logger_pkg
# -- Loading package morse_pkg
# -- Loading package morse_burst_emitter_pkg
# -- Loading package transactions_pkg
# -- Compiling entity scoreboard
# -- Compiling architecture testbench of scoreboard
# End time: 13:15:33 on Apr 24,2021, Elapsed time: 0:00:00
# Errors: 0, Warnings: 0
# vcom -2008 $Path_TB/morse_burst_emitter_tb.vhd
# QuestaSim-64 vcom 2020.1_1 Compiler 2020.03 Mar  4 2020
# Start time: 13:15:33 on Apr 24,2021
# vcom -2008 /home/reds/vsn21_student/labo3/code/src_tb/morse_burst_emitter_tb.vhd 
# -- Loading package STANDARD
# -- Loading package TEXTIO
# -- Loading package std_logic_1164
# -- Loading package NUMERIC_STD
# -- Loading context declaration tlmvm_context
# -- Loading package heartbeat_pkg
# -- Loading package heartbeat_env_pkg
# -- Loading package objection_pkg
# -- Loading package objection_env_pkg
# -- Loading package ENV
# -- Loading package simulation_end_pkg
# -- Loading package tlm_fifo_pkg
# -- Loading package tlm_unbounded_fifo_pkg
# -- Loading context declaration project_ctx
# -- Loading context declaration common_ctx
# -- Loading package std_logic_textio
# -- Loading package logger_pkg
# -- Loading package comparator_pkg
# -- Loading package complex_comparator_pkg
# -- Loading package project_logger_pkg
# -- Loading package morse_pkg
# -- Loading package morse_burst_emitter_pkg
# -- Loading package transactions_pkg
# -- Compiling entity morse_burst_emitter_tb
# -- Compiling architecture testbench of morse_burst_emitter_tb
# -- Loading package body tlm_unbounded_fifo_pkg
# -- Loading context declaration tlmvm_context
# -- Loading context declaration project_ctx
# -- Loading entity input_agent
# -- Loading context declaration tlmvm_context
# -- Loading entity output_agent
# -- Loading context declaration tlmvm_context
# -- Loading context declaration project_ctx
# -- Loading entity scoreboard
# End time: 13:15:33 on Apr 24,2021, Elapsed time: 0:00:00
# Errors: 0, Warnings: 0
# vsim -coverage -t 10ps -GFIFOSIZE=8 -GTESTCASE=2 -GERRNO=0 work.morse_burst_emitter_tb
# vsim -coverage -t 10ps work.morse_burst_emitter_tb -GTESTCASE=2 -GERRNO=0 -GFIFOSIZE=8 
# Start time: 13:15:33 on Apr 24,2021
# ** Note: (vsim-3812) Design is being optimized...
# doVOpenFlatFile(): INTERNAL ERROR: page load failed for file /home/reds/vsn21_student/libs/tlmvm/comp/tlmvm/tlmvm_context/_primary.dat (155:155 1:1 12877 0 400 1619262932 0x10b:0x101)
# ** Error: /home/reds/vsn21_student/labo3/code/src_tb/input_agent/input_agent.vhd(34): (vopt-1915) Cannot load design unit "tlmvm.tlmvm_context".
# ** Error: (vopt-7) Failed to open library file "/home/reds/vsn21_student/libs/tlmvm/comp/tlmvm/tlmvm_context/_primary.dat" in read mode.
# No such file or directory. (errno = ENOENT)
# ** Note: /home/reds/vsn21_student/labo3/code/src_tb/input_agent/input_agent.vhd(34): Vopt Compiler exiting
# ** Note: (vsim-12126) Error and warning message counts have been restored: Errors=2, Warnings=0.
# Error loading design
# Error: Error loading design
#        Executing onElabError command(s): runmgr::rm_status 1 {Elaboration error}; quit -f
