# file delete -force work
# set Path_DUV "/home/reds/vsn21_student/labo3/code/src"
# /home/reds/vsn21_student/labo3/code/src
# set Path_TB  "/home/reds/vsn21_student/labo3/code/src_tb"
# /home/reds/vsn21_student/labo3/code/src_tb
# global Path_DUV
# global Path_TB
# vlib common_lib
# vcom +cover -work common_lib  -2008 $Path_TB/common_lib/logger_pkg.vhd
# QuestaSim-64 vcom 2020.1_1 Compiler 2020.03 Mar  4 2020
# Start time: 19:50:33 on Apr 28,2021
# vcom "+cover" -work common_lib -2008 /home/reds/vsn21_student/labo3/code/src_tb/common_lib/logger_pkg.vhd 
# -- Loading package STANDARD
# -- Loading package TEXTIO
# -- Loading package std_logic_1164
# -- Loading package NUMERIC_STD
# -- Loading package std_logic_textio
# -- Compiling package logger_pkg
# End time: 19:50:34 on Apr 28,2021, Elapsed time: 0:00:01
# Errors: 0, Warnings: 0
# vcom +cover -work common_lib  -2008 $Path_TB/common_lib/comparator_pkg.vhd
# QuestaSim-64 vcom 2020.1_1 Compiler 2020.03 Mar  4 2020
# Start time: 19:50:34 on Apr 28,2021
# vcom "+cover" -work common_lib -2008 /home/reds/vsn21_student/labo3/code/src_tb/common_lib/comparator_pkg.vhd 
# -- Loading package STANDARD
# -- Loading package TEXTIO
# -- Loading package std_logic_1164
# -- Loading package NUMERIC_STD
# -- Loading package std_logic_textio
# -- Loading package logger_pkg
# -- Compiling package comparator_pkg
# End time: 19:50:35 on Apr 28,2021, Elapsed time: 0:00:01
# Errors: 0, Warnings: 0
# vcom +cover -work common_lib  -2008 $Path_TB/common_lib/complex_comparator_pkg.vhd
# QuestaSim-64 vcom 2020.1_1 Compiler 2020.03 Mar  4 2020
# Start time: 19:50:35 on Apr 28,2021
# vcom "+cover" -work common_lib -2008 /home/reds/vsn21_student/labo3/code/src_tb/common_lib/complex_comparator_pkg.vhd 
# -- Loading package STANDARD
# -- Loading package TEXTIO
# -- Loading package std_logic_1164
# -- Loading package NUMERIC_STD
# -- Loading package std_logic_textio
# -- Loading package logger_pkg
# -- Compiling package complex_comparator_pkg
# End time: 19:50:36 on Apr 28,2021, Elapsed time: 0:00:01
# Errors: 0, Warnings: 0
# vcom +cover -work common_lib  -2008 $Path_TB/common_lib/common_ctx.vhd
# QuestaSim-64 vcom 2020.1_1 Compiler 2020.03 Mar  4 2020
# Start time: 19:50:36 on Apr 28,2021
# vcom "+cover" -work common_lib -2008 /home/reds/vsn21_student/labo3/code/src_tb/common_lib/common_ctx.vhd 
# -- Loading package STANDARD
# -- Compiling context declaration common_ctx
# End time: 19:50:36 on Apr 28,2021, Elapsed time: 0:00:00
# Errors: 0, Warnings: 0
# vcom +cover -work project_lib -2008 $Path_TB/project_logger_pkg.vhd
# QuestaSim-64 vcom 2020.1_1 Compiler 2020.03 Mar  4 2020
# Start time: 19:50:36 on Apr 28,2021
# vcom "+cover" -work project_lib -2008 /home/reds/vsn21_student/labo3/code/src_tb/project_logger_pkg.vhd 
# -- Loading package STANDARD
# -- Loading context declaration common_ctx
# -- Loading package TEXTIO
# -- Loading package std_logic_1164
# -- Loading package NUMERIC_STD
# -- Loading package std_logic_textio
# -- Loading package logger_pkg
# -- Loading package comparator_pkg
# -- Loading package complex_comparator_pkg
# -- Compiling package project_logger_pkg
# End time: 19:50:37 on Apr 28,2021, Elapsed time: 0:00:01
# Errors: 0, Warnings: 0
# vcom +cover -work project_lib -2008 $Path_TB/project_ctx.vhd
# QuestaSim-64 vcom 2020.1_1 Compiler 2020.03 Mar  4 2020
# Start time: 19:50:37 on Apr 28,2021
# vcom "+cover" -work project_lib -2008 /home/reds/vsn21_student/labo3/code/src_tb/project_ctx.vhd 
# -- Loading package STANDARD
# -- Compiling context declaration project_ctx
# End time: 19:50:37 on Apr 28,2021, Elapsed time: 0:00:00
# Errors: 0, Warnings: 0
# vlib morse
# vcom +cover -2008 -work morse $Path_DUV/morse_pkg.vhd
# QuestaSim-64 vcom 2020.1_1 Compiler 2020.03 Mar  4 2020
# Start time: 19:50:38 on Apr 28,2021
# vcom "+cover" -2008 -work morse /home/reds/vsn21_student/labo3/code/src/morse_pkg.vhd 
# -- Loading package STANDARD
# -- Loading package TEXTIO
# -- Loading package std_logic_1164
# -- Loading package NUMERIC_STD
# -- Compiling package morse_pkg
# -- Compiling package body morse_pkg
# -- Loading package morse_pkg
# End time: 19:50:38 on Apr 28,2021, Elapsed time: 0:00:00
# Errors: 0, Warnings: 0
# vcom +cover -2008 -work morse $Path_DUV/morse_burst_emitter_pkg.vhd
# QuestaSim-64 vcom 2020.1_1 Compiler 2020.03 Mar  4 2020
# Start time: 19:50:38 on Apr 28,2021
# vcom "+cover" -2008 -work morse /home/reds/vsn21_student/labo3/code/src/morse_burst_emitter_pkg.vhd 
# -- Loading package STANDARD
# -- Loading package TEXTIO
# -- Loading package std_logic_1164
# -- Loading package NUMERIC_STD
# -- Compiling package morse_burst_emitter_pkg
# End time: 19:50:38 on Apr 28,2021, Elapsed time: 0:00:00
# Errors: 0, Warnings: 0
# vlib work
# vcom +cover -2008 -work work $Path_DUV/fifo.vhd
# QuestaSim-64 vcom 2020.1_1 Compiler 2020.03 Mar  4 2020
# Start time: 19:50:39 on Apr 28,2021
# vcom "+cover" -2008 -work work /home/reds/vsn21_student/labo3/code/src/fifo.vhd 
# -- Loading package STANDARD
# End time: 19:50:40 on Apr 28,2021, Elapsed time: 0:00:01
# Errors: 0, Warnings: 0
# vcom +cover -2008 -work work $Path_DUV/morse_char_emitter.vhd
# QuestaSim-64 vcom 2020.1_1 Compiler 2020.03 Mar  4 2020
# Start time: 19:50:40 on Apr 28,2021
# vcom "+cover" -2008 -work work /home/reds/vsn21_student/labo3/code/src/morse_char_emitter.vhd 
# -- Loading package STANDARD
# End time: 19:50:41 on Apr 28,2021, Elapsed time: 0:00:01
# Errors: 0, Warnings: 0
# vcom +cover -2008 -work work $Path_DUV/morse_burst_emitter.vhd
# QuestaSim-64 vcom 2020.1_1 Compiler 2020.03 Mar  4 2020
# Start time: 19:50:41 on Apr 28,2021
# vcom "+cover" -2008 -work work /home/reds/vsn21_student/labo3/code/src/morse_burst_emitter.vhd 
# -- Loading package STANDARD
# -- Loading package TEXTIO
# -- Loading package std_logic_1164
# -- Loading package NUMERIC_STD
# -- Loading package morse_pkg
# -- Loading package morse_burst_emitter_pkg
# -- Compiling entity morse_burst_emitter
# End time: 19:50:42 on Apr 28,2021, Elapsed time: 0:00:01
# Errors: 0, Warnings: 0
# vcom +cover -2008 $Path_TB/transactions_pkg.vhd
# QuestaSim-64 vcom 2020.1_1 Compiler 2020.03 Mar  4 2020
# Start time: 19:50:42 on Apr 28,2021
# vcom "+cover" -2008 /home/reds/vsn21_student/labo3/code/src_tb/transactions_pkg.vhd 
# -- Loading package STANDARD
# -- Loading package TEXTIO
# -- Loading package std_logic_1164
# -- Compiling package transactions_pkg
# End time: 19:50:43 on Apr 28,2021, Elapsed time: 0:00:01
# Errors: 0, Warnings: 0
# vcom +cover -2008 $Path_TB/input_agent/input_agent_driver.vhd
# QuestaSim-64 vcom 2020.1_1 Compiler 2020.03 Mar  4 2020
# Start time: 19:50:43 on Apr 28,2021
# vcom "+cover" -2008 /home/reds/vsn21_student/labo3/code/src_tb/input_agent/input_agent_driver.vhd 
# -- Loading package STANDARD
# -- Loading package TEXTIO
# -- Loading package std_logic_1164
# -- Loading package NUMERIC_STD
# -- Loading context declaration tlmvm_context
# -- Loading package heartbeat_pkg
# -- Loading package heartbeat_env_pkg
# -- Loading package objection_pkg
# -- Loading package objection_env_pkg
# -- Loading package ENV
# -- Loading package simulation_end_pkg
# -- Loading package tlm_fifo_pkg
# -- Loading package tlm_unbounded_fifo_pkg
# -- Loading context declaration project_ctx
# -- Loading package MATH_REAL
# -- Loading context declaration common_ctx
# -- Loading package std_logic_textio
# -- Loading package logger_pkg
# -- Loading package comparator_pkg
# -- Loading package complex_comparator_pkg
# -- Loading package project_logger_pkg
# -- Loading package morse_pkg
# -- Loading package morse_burst_emitter_pkg
# -- Loading package transactions_pkg
# -- Compiling entity input_agent_driver
# -- Compiling architecture testbench of input_agent_driver
# End time: 19:50:45 on Apr 28,2021, Elapsed time: 0:00:02
# Errors: 0, Warnings: 0
# vcom +cover -2008 $Path_TB/input_agent/input_agent_monitor.vhd
# QuestaSim-64 vcom 2020.1_1 Compiler 2020.03 Mar  4 2020
# Start time: 19:50:45 on Apr 28,2021
# vcom "+cover" -2008 /home/reds/vsn21_student/labo3/code/src_tb/input_agent/input_agent_monitor.vhd 
# -- Loading package STANDARD
# -- Loading package TEXTIO
# -- Loading package std_logic_1164
# -- Loading package NUMERIC_STD
# -- Loading context declaration tlmvm_context
# -- Loading package heartbeat_pkg
# -- Loading package heartbeat_env_pkg
# -- Loading package objection_pkg
# -- Loading package objection_env_pkg
# -- Loading package ENV
# -- Loading package simulation_end_pkg
# -- Loading package tlm_fifo_pkg
# -- Loading package tlm_unbounded_fifo_pkg
# -- Loading context declaration project_ctx
# -- Loading package MATH_REAL
# -- Loading context declaration common_ctx
# -- Loading package std_logic_textio
# -- Loading package logger_pkg
# -- Loading package comparator_pkg
# -- Loading package complex_comparator_pkg
# -- Loading package project_logger_pkg
# -- Loading package morse_pkg
# -- Loading package morse_burst_emitter_pkg
# -- Loading package transactions_pkg
# -- Compiling entity input_agent_monitor
# -- Compiling architecture testbench of input_agent_monitor
# End time: 19:50:46 on Apr 28,2021, Elapsed time: 0:00:01
# Errors: 0, Warnings: 0
# vcom +cover -2008 $Path_TB/input_agent/input_agent_sequencer.vhd
# QuestaSim-64 vcom 2020.1_1 Compiler 2020.03 Mar  4 2020
# Start time: 19:50:46 on Apr 28,2021
# vcom "+cover" -2008 /home/reds/vsn21_student/labo3/code/src_tb/input_agent/input_agent_sequencer.vhd 
# -- Loading package STANDARD
# -- Loading package TEXTIO
# -- Loading package std_logic_1164
# -- Loading package NUMERIC_STD
# -- Loading context declaration tlmvm_context
# -- Loading package heartbeat_pkg
# -- Loading package heartbeat_env_pkg
# -- Loading package objection_pkg
# -- Loading package objection_env_pkg
# -- Loading package ENV
# -- Loading package simulation_end_pkg
# -- Loading package tlm_fifo_pkg
# -- Loading package tlm_unbounded_fifo_pkg
# -- Loading context declaration project_ctx
# -- Loading package MATH_REAL
# -- Loading context declaration common_ctx
# -- Loading package std_logic_textio
# -- Loading package logger_pkg
# -- Loading package comparator_pkg
# -- Loading package complex_comparator_pkg
# -- Loading package project_logger_pkg
# -- Loading package morse_pkg
# -- Loading package morse_burst_emitter_pkg
# -- Loading package transactions_pkg
# -- Compiling entity input_agent_sequencer
# -- Compiling architecture testbench of input_agent_sequencer
# End time: 19:50:48 on Apr 28,2021, Elapsed time: 0:00:02
# Errors: 0, Warnings: 0
# vcom +cover -2008 $Path_TB/input_agent/input_agent.vhd
# QuestaSim-64 vcom 2020.1_1 Compiler 2020.03 Mar  4 2020
# Start time: 19:50:48 on Apr 28,2021
# vcom "+cover" -2008 /home/reds/vsn21_student/labo3/code/src_tb/input_agent/input_agent.vhd 
# -- Loading package STANDARD
# -- Loading package TEXTIO
# -- Loading package std_logic_1164
# -- Loading package NUMERIC_STD
# -- Loading context declaration tlmvm_context
# -- Loading package heartbeat_pkg
# -- Loading package heartbeat_env_pkg
# -- Loading package objection_pkg
# -- Loading package objection_env_pkg
# -- Loading package ENV
# -- Loading package simulation_end_pkg
# -- Loading package tlm_fifo_pkg
# -- Loading package tlm_unbounded_fifo_pkg
# -- Loading context declaration project_ctx
# -- Loading package MATH_REAL
# -- Loading context declaration common_ctx
# -- Loading package std_logic_textio
# -- Loading package logger_pkg
# -- Loading package comparator_pkg
# -- Loading package complex_comparator_pkg
# -- Loading package project_logger_pkg
# -- Loading package morse_pkg
# -- Loading package morse_burst_emitter_pkg
# -- Loading package transactions_pkg
# -- Compiling entity input_agent
# -- Compiling architecture testbench of input_agent
# -- Loading package body tlm_fifo_pkg
# -- Loading context declaration tlmvm_context
# -- Loading context declaration project_ctx
# -- Loading entity input_agent_sequencer
# -- Loading context declaration tlmvm_context
# -- Loading context declaration project_ctx
# -- Loading entity input_agent_driver
# -- Loading context declaration tlmvm_context
# -- Loading context declaration project_ctx
# -- Loading entity input_agent_monitor
# End time: 19:50:49 on Apr 28,2021, Elapsed time: 0:00:01
# Errors: 0, Warnings: 0
# vcom +cover -2008 $Path_TB/output_agent/output_agent_monitor.vhd
# QuestaSim-64 vcom 2020.1_1 Compiler 2020.03 Mar  4 2020
# Start time: 19:50:49 on Apr 28,2021
# vcom "+cover" -2008 /home/reds/vsn21_student/labo3/code/src_tb/output_agent/output_agent_monitor.vhd 
# -- Loading package STANDARD
# -- Loading package TEXTIO
# -- Loading package std_logic_1164
# -- Loading package NUMERIC_STD
# -- Loading context declaration tlmvm_context
# -- Loading package heartbeat_pkg
# -- Loading package heartbeat_env_pkg
# -- Loading package objection_pkg
# -- Loading package objection_env_pkg
# -- Loading package ENV
# -- Loading package simulation_end_pkg
# -- Loading package tlm_fifo_pkg
# -- Loading package tlm_unbounded_fifo_pkg
# -- Loading context declaration project_ctx
# -- Loading package MATH_REAL
# -- Loading context declaration common_ctx
# -- Loading package std_logic_textio
# -- Loading package logger_pkg
# -- Loading package comparator_pkg
# -- Loading package complex_comparator_pkg
# -- Loading package project_logger_pkg
# -- Loading package morse_pkg
# -- Loading package morse_burst_emitter_pkg
# -- Loading package transactions_pkg
# -- Compiling entity output_agent_monitor
# -- Compiling architecture testbench of output_agent_monitor
# End time: 19:50:51 on Apr 28,2021, Elapsed time: 0:00:02
# Errors: 0, Warnings: 0
# vcom +cover -2008 $Path_TB/output_agent/output_agent.vhd
# QuestaSim-64 vcom 2020.1_1 Compiler 2020.03 Mar  4 2020
# Start time: 19:50:51 on Apr 28,2021
# vcom "+cover" -2008 /home/reds/vsn21_student/labo3/code/src_tb/output_agent/output_agent.vhd 
# -- Loading package STANDARD
# -- Loading package TEXTIO
# -- Loading package std_logic_1164
# -- Loading package NUMERIC_STD
# -- Loading context declaration tlmvm_context
# -- Loading package heartbeat_pkg
# -- Loading package heartbeat_env_pkg
# -- Loading package objection_pkg
# -- Loading package objection_env_pkg
# -- Loading package ENV
# -- Loading package simulation_end_pkg
# -- Loading package tlm_fifo_pkg
# -- Loading package tlm_unbounded_fifo_pkg
# -- Loading package transactions_pkg
# -- Compiling entity output_agent
# -- Compiling architecture testbench of output_agent
# -- Loading context declaration tlmvm_context
# -- Loading context declaration project_ctx
# -- Loading package MATH_REAL
# -- Loading context declaration common_ctx
# -- Loading package std_logic_textio
# -- Loading package logger_pkg
# -- Loading package comparator_pkg
# -- Loading package complex_comparator_pkg
# -- Loading package project_logger_pkg
# -- Loading package morse_pkg
# -- Loading package morse_burst_emitter_pkg
# -- Loading entity output_agent_monitor
# End time: 19:50:52 on Apr 28,2021, Elapsed time: 0:00:01
# Errors: 0, Warnings: 0
# vcom +cover -2008 $Path_TB/scoreboard.vhd
# QuestaSim-64 vcom 2020.1_1 Compiler 2020.03 Mar  4 2020
# Start time: 19:50:52 on Apr 28,2021
# vcom "+cover" -2008 /home/reds/vsn21_student/labo3/code/src_tb/scoreboard.vhd 
# -- Loading package STANDARD
# -- Loading package TEXTIO
# -- Loading package std_logic_1164
# -- Loading package NUMERIC_STD
# -- Loading context declaration tlmvm_context
# -- Loading package heartbeat_pkg
# -- Loading package heartbeat_env_pkg
# -- Loading package objection_pkg
# -- Loading package objection_env_pkg
# -- Loading package ENV
# -- Loading package simulation_end_pkg
# -- Loading package tlm_fifo_pkg
# -- Loading package tlm_unbounded_fifo_pkg
# -- Loading context declaration project_ctx
# -- Loading package MATH_REAL
# -- Loading context declaration common_ctx
# -- Loading package std_logic_textio
# -- Loading package logger_pkg
# -- Loading package comparator_pkg
# -- Loading package complex_comparator_pkg
# -- Loading package project_logger_pkg
# -- Loading package morse_pkg
# -- Loading package morse_burst_emitter_pkg
# -- Loading package transactions_pkg
# -- Compiling entity scoreboard
# -- Compiling architecture testbench of scoreboard
# End time: 19:50:54 on Apr 28,2021, Elapsed time: 0:00:02
# Errors: 0, Warnings: 0
# vcom +cover -2008 $Path_TB/morse_burst_emitter_tb.vhd
# QuestaSim-64 vcom 2020.1_1 Compiler 2020.03 Mar  4 2020
# Start time: 19:50:54 on Apr 28,2021
# vcom "+cover" -2008 /home/reds/vsn21_student/labo3/code/src_tb/morse_burst_emitter_tb.vhd 
# -- Loading package STANDARD
# -- Loading package TEXTIO
# -- Loading package std_logic_1164
# -- Loading package NUMERIC_STD
# -- Loading context declaration tlmvm_context
# -- Loading package heartbeat_pkg
# -- Loading package heartbeat_env_pkg
# -- Loading package objection_pkg
# -- Loading package objection_env_pkg
# -- Loading package ENV
# -- Loading package simulation_end_pkg
# -- Loading package tlm_fifo_pkg
# -- Loading package tlm_unbounded_fifo_pkg
# -- Loading context declaration project_ctx
# -- Loading package MATH_REAL
# -- Loading context declaration common_ctx
# -- Loading package std_logic_textio
# -- Loading package logger_pkg
# -- Loading package comparator_pkg
# -- Loading package complex_comparator_pkg
# -- Loading package project_logger_pkg
# -- Loading package morse_pkg
# -- Loading package morse_burst_emitter_pkg
# -- Loading package transactions_pkg
# -- Compiling entity morse_burst_emitter_tb
# -- Compiling architecture testbench of morse_burst_emitter_tb
# -- Loading package body tlm_unbounded_fifo_pkg
# -- Loading context declaration tlmvm_context
# -- Loading context declaration project_ctx
# -- Loading entity input_agent
# -- Loading context declaration tlmvm_context
# -- Loading entity output_agent
# -- Loading context declaration tlmvm_context
# -- Loading context declaration project_ctx
# -- Loading entity scoreboard
# End time: 19:50:55 on Apr 28,2021, Elapsed time: 0:00:01
# Errors: 0, Warnings: 0
# vsim -coverage -t 10ps -GFIFOSIZE=52 -GTESTCASE=5 -GERRNO=0 work.morse_burst_emitter_tb
# vsim -coverage -t 10ps work.morse_burst_emitter_tb -GTESTCASE=5 -GERRNO=0 -GFIFOSIZE=52 
# Start time: 19:50:55 on Apr 28,2021
# ** Note: (vsim-3812) Design is being optimized...
# //  Questa Sim-64
# //  Version 2020.1_1 linux_x86_64 Mar  4 2020
# //
# //  Copyright 1991-2020 Mentor Graphics Corporation
# //  All Rights Reserved.
# //
# //  QuestaSim and its associated documentation contain trade
# //  secrets and commercial or financial information that are the property of
# //  Mentor Graphics Corporation and are privileged, confidential,
# //  and exempt from disclosure under the Freedom of Information Act,
# //  5 U.S.C. Section 552. Furthermore, this information
# //  is prohibited from disclosure under the Trade Secrets Act,
# //  18 U.S.C. Section 1905.
# //
# Loading std.standard
# Loading std.textio(body)
# Loading ieee.std_logic_1164(body)
# Loading ieee.numeric_std(body)
# Loading tlmvm.heartbeat_pkg(body)
# Loading tlmvm.heartbeat_env_pkg(body)
# Loading tlmvm.objection_pkg(body)
# Loading tlmvm.objection_env_pkg(body)
# Loading std.env(body)
# Loading tlmvm.simulation_end_pkg(body)
# Loading tlmvm.tlm_fifo_pkg(body)
# Loading tlmvm.tlm_unbounded_fifo_pkg(body)
# Loading ieee.math_real(body)
# Loading ieee.std_logic_textio(body)
# Loading project_lib.project_logger_pkg
# Loading morse.morse_pkg(body)
# Loading morse.morse_burst_emitter_pkg
# Loading work.transactions_pkg
# Loading work.morse_burst_emitter_tb(testbench)#1
# Loading tlmvm.simulation_monitor(behave)#1
# Loading work.input_agent(testbench)#1
# Loading work.input_agent_sequencer(testbench)#1
# Loading work.input_agent_driver(testbench)#1
# Loading work.input_agent_monitor(testbench)#1
# Loading work.output_agent(testbench)#1
# Loading work.output_agent_monitor(testbench)#1
# Loading work.scoreboard(testbench)#1
# set StdArithNoWarnings 1
# 1
# set NumericStdNoWarnings 1
# 1
# run 2 ns
# ** Note: Scoreboard waiting for transaction number 0
#    Time: 10 ps  Iteration: 0  Instance: /morse_burst_emitter_tb/scoreboard_inst
# ** Note: Monitor waiting for transaction number 0
#    Time: 10 ps  Iteration: 0  Instance: /morse_burst_emitter_tb/output_agent/output_agent_monitor
# ** Note: Sequencer : Sent transaction number 0
#    Time: 10 ps  Iteration: 0  Instance: /morse_burst_emitter_tb/input_agent/input_agent_sequencer
# set StdArithNoWarnings 0
# 0
# set NumericStdNoWarnings 0
# 0
# run -all
# ** Note: Driver waiting for transaction number 0
#    Time: 40 ns  Iteration: 1  Instance: /morse_burst_emitter_tb/input_agent/input_agent_driver
# ** Note: Driver received transaction number 0
#    Time: 40 ns  Iteration: 1  Instance: /morse_burst_emitter_tb/input_agent/input_agent_driver
# ** Note: Sequencer : Sent transaction number 1
#    Time: 40010 ps  Iteration: 0  Instance: /morse_burst_emitter_tb/input_agent/input_agent_sequencer
# ** Note: Driver waiting for transaction number 1
#    Time: 50 ns  Iteration: 1  Instance: /morse_burst_emitter_tb/input_agent/input_agent_driver
# ** Note: Driver received transaction number 1
#    Time: 50 ns  Iteration: 1  Instance: /morse_burst_emitter_tb/input_agent/input_agent_driver
# ** Note: Sequencer : Sent transaction number 2
#    Time: 50010 ps  Iteration: 0  Instance: /morse_burst_emitter_tb/input_agent/input_agent_sequencer
# ** Note: Driver waiting for transaction number 2
#    Time: 60 ns  Iteration: 1  Instance: /morse_burst_emitter_tb/input_agent/input_agent_driver
# ** Note: Driver received transaction number 2
#    Time: 60 ns  Iteration: 1  Instance: /morse_burst_emitter_tb/input_agent/input_agent_driver
# ** Note: Sequencer : Sent transaction number 3
#    Time: 60010 ps  Iteration: 0  Instance: /morse_burst_emitter_tb/input_agent/input_agent_sequencer
# ** Note: Driver waiting for transaction number 3
#    Time: 70 ns  Iteration: 1  Instance: /morse_burst_emitter_tb/input_agent/input_agent_driver
# ** Note: Driver received transaction number 3
#    Time: 70 ns  Iteration: 1  Instance: /morse_burst_emitter_tb/input_agent/input_agent_driver
# ** Note: Sequencer : Sent transaction number 4
#    Time: 70010 ps  Iteration: 0  Instance: /morse_burst_emitter_tb/input_agent/input_agent_sequencer
# ** Note: Driver waiting for transaction number 4
#    Time: 80 ns  Iteration: 1  Instance: /morse_burst_emitter_tb/input_agent/input_agent_driver
# ** Note: Driver received transaction number 4
#    Time: 80 ns  Iteration: 1  Instance: /morse_burst_emitter_tb/input_agent/input_agent_driver
# ** Note: Sequencer : Sent transaction number 5
#    Time: 80010 ps  Iteration: 0  Instance: /morse_burst_emitter_tb/input_agent/input_agent_sequencer
# ** Note: Driver waiting for transaction number 5
#    Time: 90 ns  Iteration: 1  Instance: /morse_burst_emitter_tb/input_agent/input_agent_driver
# ** Note: Driver received transaction number 5
#    Time: 90 ns  Iteration: 1  Instance: /morse_burst_emitter_tb/input_agent/input_agent_driver
# ** Note: Sequencer : Sent transaction number 6
#    Time: 90010 ps  Iteration: 0  Instance: /morse_burst_emitter_tb/input_agent/input_agent_sequencer
# ** Note: Driver waiting for transaction number 6
#    Time: 100 ns  Iteration: 1  Instance: /morse_burst_emitter_tb/input_agent/input_agent_driver
# ** Note: Driver received transaction number 6
#    Time: 100 ns  Iteration: 1  Instance: /morse_burst_emitter_tb/input_agent/input_agent_driver
# ** Note: Sequencer : Sent transaction number 7
#    Time: 100010 ps  Iteration: 0  Instance: /morse_burst_emitter_tb/input_agent/input_agent_sequencer
# ** Note: Driver waiting for transaction number 7
#    Time: 110 ns  Iteration: 1  Instance: /morse_burst_emitter_tb/input_agent/input_agent_driver
# ** Note: Driver received transaction number 7
#    Time: 110 ns  Iteration: 1  Instance: /morse_burst_emitter_tb/input_agent/input_agent_driver
# ** Note: Sequencer : Sent transaction number 8
#    Time: 110010 ps  Iteration: 0  Instance: /morse_burst_emitter_tb/input_agent/input_agent_sequencer
# ** Note: Driver waiting for transaction number 8
#    Time: 120 ns  Iteration: 1  Instance: /morse_burst_emitter_tb/input_agent/input_agent_driver
# ** Note: Driver received transaction number 8
#    Time: 120 ns  Iteration: 1  Instance: /morse_burst_emitter_tb/input_agent/input_agent_driver
# ** Note: Sequencer : Sent transaction number 9
#    Time: 120010 ps  Iteration: 0  Instance: /morse_burst_emitter_tb/input_agent/input_agent_sequencer
# ** Note: Driver waiting for transaction number 9
#    Time: 130 ns  Iteration: 1  Instance: /morse_burst_emitter_tb/input_agent/input_agent_driver
# ** Note: Driver received transaction number 9
#    Time: 130 ns  Iteration: 1  Instance: /morse_burst_emitter_tb/input_agent/input_agent_driver
# ** Note: Sequencer : Sent transaction number 10
#    Time: 130010 ps  Iteration: 0  Instance: /morse_burst_emitter_tb/input_agent/input_agent_sequencer
# ** Note: Driver waiting for transaction number 10
#    Time: 140 ns  Iteration: 1  Instance: /morse_burst_emitter_tb/input_agent/input_agent_driver
# ** Note: Driver received transaction number 10
#    Time: 140 ns  Iteration: 1  Instance: /morse_burst_emitter_tb/input_agent/input_agent_driver
# ** Note: Sequencer : Sent transaction number 11
#    Time: 140010 ps  Iteration: 0  Instance: /morse_burst_emitter_tb/input_agent/input_agent_sequencer
# ** Note: Driver waiting for transaction number 11
#    Time: 150 ns  Iteration: 1  Instance: /morse_burst_emitter_tb/input_agent/input_agent_driver
# ** Note: Driver received transaction number 11
#    Time: 150 ns  Iteration: 1  Instance: /morse_burst_emitter_tb/input_agent/input_agent_driver
# ** Note: Sequencer : Sent transaction number 12
#    Time: 150010 ps  Iteration: 0  Instance: /morse_burst_emitter_tb/input_agent/input_agent_sequencer
# ** Note: Driver waiting for transaction number 12
#    Time: 160 ns  Iteration: 1  Instance: /morse_burst_emitter_tb/input_agent/input_agent_driver
# ** Note: Driver received transaction number 12
#    Time: 160 ns  Iteration: 1  Instance: /morse_burst_emitter_tb/input_agent/input_agent_driver
# ** Note: Sequencer : Sent transaction number 13
#    Time: 160010 ps  Iteration: 0  Instance: /morse_burst_emitter_tb/input_agent/input_agent_sequencer
# ** Note: Driver waiting for transaction number 13
#    Time: 170 ns  Iteration: 1  Instance: /morse_burst_emitter_tb/input_agent/input_agent_driver
# ** Note: Driver received transaction number 13
#    Time: 170 ns  Iteration: 1  Instance: /morse_burst_emitter_tb/input_agent/input_agent_driver
# ** Note: Sequencer : Sent transaction number 14
#    Time: 170010 ps  Iteration: 0  Instance: /morse_burst_emitter_tb/input_agent/input_agent_sequencer
# ** Note: Driver waiting for transaction number 14
#    Time: 180 ns  Iteration: 1  Instance: /morse_burst_emitter_tb/input_agent/input_agent_driver
# ** Note: Driver received transaction number 14
#    Time: 180 ns  Iteration: 1  Instance: /morse_burst_emitter_tb/input_agent/input_agent_driver
# ** Note: Sequencer : Sent transaction number 15
#    Time: 180010 ps  Iteration: 0  Instance: /morse_burst_emitter_tb/input_agent/input_agent_sequencer
# ** Note: Driver waiting for transaction number 15
#    Time: 190 ns  Iteration: 1  Instance: /morse_burst_emitter_tb/input_agent/input_agent_driver
# ** Note: Driver received transaction number 15
#    Time: 190 ns  Iteration: 1  Instance: /morse_burst_emitter_tb/input_agent/input_agent_driver
# ** Note: Sequencer : Sent transaction number 16
#    Time: 190010 ps  Iteration: 0  Instance: /morse_burst_emitter_tb/input_agent/input_agent_sequencer
# ** Note: Driver waiting for transaction number 16
#    Time: 200 ns  Iteration: 1  Instance: /morse_burst_emitter_tb/input_agent/input_agent_driver
# ** Note: Driver received transaction number 16
#    Time: 200 ns  Iteration: 1  Instance: /morse_burst_emitter_tb/input_agent/input_agent_driver
# ** Note: Sequencer : Sent transaction number 17
#    Time: 200010 ps  Iteration: 0  Instance: /morse_burst_emitter_tb/input_agent/input_agent_sequencer
# ** Note: Driver waiting for transaction number 17
#    Time: 210 ns  Iteration: 1  Instance: /morse_burst_emitter_tb/input_agent/input_agent_driver
# ** Note: Driver received transaction number 17
#    Time: 210 ns  Iteration: 1  Instance: /morse_burst_emitter_tb/input_agent/input_agent_driver
# ** Note: Sequencer : Sent transaction number 18
#    Time: 210010 ps  Iteration: 0  Instance: /morse_burst_emitter_tb/input_agent/input_agent_sequencer
# ** Note: Driver waiting for transaction number 18
#    Time: 220 ns  Iteration: 1  Instance: /morse_burst_emitter_tb/input_agent/input_agent_driver
# ** Note: Driver received transaction number 18
#    Time: 220 ns  Iteration: 1  Instance: /morse_burst_emitter_tb/input_agent/input_agent_driver
# ** Note: Sequencer : Sent transaction number 19
#    Time: 220010 ps  Iteration: 0  Instance: /morse_burst_emitter_tb/input_agent/input_agent_sequencer
# ** Note: Driver waiting for transaction number 19
#    Time: 230 ns  Iteration: 1  Instance: /morse_burst_emitter_tb/input_agent/input_agent_driver
# ** Note: Driver received transaction number 19
#    Time: 230 ns  Iteration: 1  Instance: /morse_burst_emitter_tb/input_agent/input_agent_driver
# ** Note: Sequencer : Sent transaction number 20
#    Time: 230010 ps  Iteration: 0  Instance: /morse_burst_emitter_tb/input_agent/input_agent_sequencer
# ** Note: Driver waiting for transaction number 20
#    Time: 240 ns  Iteration: 1  Instance: /morse_burst_emitter_tb/input_agent/input_agent_driver
# ** Note: Driver received transaction number 20
#    Time: 240 ns  Iteration: 1  Instance: /morse_burst_emitter_tb/input_agent/input_agent_driver
# ** Note: Sequencer : Sent transaction number 21
#    Time: 240010 ps  Iteration: 0  Instance: /morse_burst_emitter_tb/input_agent/input_agent_sequencer
# ** Note: Driver waiting for transaction number 21
#    Time: 250 ns  Iteration: 1  Instance: /morse_burst_emitter_tb/input_agent/input_agent_driver
# ** Note: Driver received transaction number 21
#    Time: 250 ns  Iteration: 1  Instance: /morse_burst_emitter_tb/input_agent/input_agent_driver
# ** Note: Sequencer : Sent transaction number 22
#    Time: 250010 ps  Iteration: 0  Instance: /morse_burst_emitter_tb/input_agent/input_agent_sequencer
# ** Note: Driver waiting for transaction number 22
#    Time: 260 ns  Iteration: 1  Instance: /morse_burst_emitter_tb/input_agent/input_agent_driver
# ** Note: Driver received transaction number 22
#    Time: 260 ns  Iteration: 1  Instance: /morse_burst_emitter_tb/input_agent/input_agent_driver
# ** Note: Sequencer : Sent transaction number 23
#    Time: 260010 ps  Iteration: 0  Instance: /morse_burst_emitter_tb/input_agent/input_agent_sequencer
# ** Note: Driver waiting for transaction number 23
#    Time: 270 ns  Iteration: 1  Instance: /morse_burst_emitter_tb/input_agent/input_agent_driver
# ** Note: Driver received transaction number 23
#    Time: 270 ns  Iteration: 1  Instance: /morse_burst_emitter_tb/input_agent/input_agent_driver
# ** Note: Sequencer : Sent transaction number 24
#    Time: 270010 ps  Iteration: 0  Instance: /morse_burst_emitter_tb/input_agent/input_agent_sequencer
# ** Note: Driver waiting for transaction number 24
#    Time: 280 ns  Iteration: 1  Instance: /morse_burst_emitter_tb/input_agent/input_agent_driver
# ** Note: Driver received transaction number 24
#    Time: 280 ns  Iteration: 1  Instance: /morse_burst_emitter_tb/input_agent/input_agent_driver
# ** Note: Sequencer : Sent transaction number 25
#    Time: 280010 ps  Iteration: 0  Instance: /morse_burst_emitter_tb/input_agent/input_agent_sequencer
# ** Note: Driver waiting for transaction number 25
#    Time: 290 ns  Iteration: 1  Instance: /morse_burst_emitter_tb/input_agent/input_agent_driver
# ** Note: Driver received transaction number 25
#    Time: 290 ns  Iteration: 1  Instance: /morse_burst_emitter_tb/input_agent/input_agent_driver
# ** Note: Sequencer : Sent transaction number 26
#    Time: 290010 ps  Iteration: 0  Instance: /morse_burst_emitter_tb/input_agent/input_agent_sequencer
# ** Note: Driver waiting for transaction number 26
#    Time: 300 ns  Iteration: 1  Instance: /morse_burst_emitter_tb/input_agent/input_agent_driver
# ** Note: Driver received transaction number 26
#    Time: 300 ns  Iteration: 1  Instance: /morse_burst_emitter_tb/input_agent/input_agent_driver
# ** Note: Sequencer : Sent transaction number 27
#    Time: 300010 ps  Iteration: 0  Instance: /morse_burst_emitter_tb/input_agent/input_agent_sequencer
# ** Note: Driver waiting for transaction number 27
#    Time: 310 ns  Iteration: 1  Instance: /morse_burst_emitter_tb/input_agent/input_agent_driver
# ** Note: Driver received transaction number 27
#    Time: 310 ns  Iteration: 1  Instance: /morse_burst_emitter_tb/input_agent/input_agent_driver
# ** Note: Sequencer : Sent transaction number 28
#    Time: 310010 ps  Iteration: 0  Instance: /morse_burst_emitter_tb/input_agent/input_agent_sequencer
# ** Note: Driver waiting for transaction number 28
#    Time: 320 ns  Iteration: 1  Instance: /morse_burst_emitter_tb/input_agent/input_agent_driver
# ** Note: Driver received transaction number 28
#    Time: 320 ns  Iteration: 1  Instance: /morse_burst_emitter_tb/input_agent/input_agent_driver
# ** Note: Sequencer : Sent transaction number 29
#    Time: 320010 ps  Iteration: 0  Instance: /morse_burst_emitter_tb/input_agent/input_agent_sequencer
# ** Note: Driver waiting for transaction number 29
#    Time: 330 ns  Iteration: 1  Instance: /morse_burst_emitter_tb/input_agent/input_agent_driver
# ** Note: Driver received transaction number 29
#    Time: 330 ns  Iteration: 1  Instance: /morse_burst_emitter_tb/input_agent/input_agent_driver
# ** Note: Sequencer : Sent transaction number 30
#    Time: 330010 ps  Iteration: 0  Instance: /morse_burst_emitter_tb/input_agent/input_agent_sequencer
# ** Note: Driver waiting for transaction number 30
#    Time: 340 ns  Iteration: 1  Instance: /morse_burst_emitter_tb/input_agent/input_agent_driver
# ** Note: Driver received transaction number 30
#    Time: 340 ns  Iteration: 1  Instance: /morse_burst_emitter_tb/input_agent/input_agent_driver
# ** Note: Sequencer : Sent transaction number 31
#    Time: 340010 ps  Iteration: 0  Instance: /morse_burst_emitter_tb/input_agent/input_agent_sequencer
# ** Note: Driver waiting for transaction number 31
#    Time: 350 ns  Iteration: 1  Instance: /morse_burst_emitter_tb/input_agent/input_agent_driver
# ** Note: Driver received transaction number 31
#    Time: 350 ns  Iteration: 1  Instance: /morse_burst_emitter_tb/input_agent/input_agent_driver
# ** Note: Sequencer : Sent transaction number 32
#    Time: 350010 ps  Iteration: 0  Instance: /morse_burst_emitter_tb/input_agent/input_agent_sequencer
# ** Note: Driver waiting for transaction number 32
#    Time: 360 ns  Iteration: 1  Instance: /morse_burst_emitter_tb/input_agent/input_agent_driver
# ** Note: Driver received transaction number 32
#    Time: 360 ns  Iteration: 1  Instance: /morse_burst_emitter_tb/input_agent/input_agent_driver
# ** Note: Sequencer : Sent transaction number 33
#    Time: 360010 ps  Iteration: 0  Instance: /morse_burst_emitter_tb/input_agent/input_agent_sequencer
# ** Note: Driver waiting for transaction number 33
#    Time: 370 ns  Iteration: 1  Instance: /morse_burst_emitter_tb/input_agent/input_agent_driver
# ** Note: Driver received transaction number 33
#    Time: 370 ns  Iteration: 1  Instance: /morse_burst_emitter_tb/input_agent/input_agent_driver
# ** Note: Sequencer : Sent transaction number 34
#    Time: 370010 ps  Iteration: 0  Instance: /morse_burst_emitter_tb/input_agent/input_agent_sequencer
# ** Note: Driver waiting for transaction number 34
#    Time: 380 ns  Iteration: 1  Instance: /morse_burst_emitter_tb/input_agent/input_agent_driver
# ** Note: Driver received transaction number 34
#    Time: 380 ns  Iteration: 1  Instance: /morse_burst_emitter_tb/input_agent/input_agent_driver
# ** Note: Sequencer : Sent transaction number 35
#    Time: 380010 ps  Iteration: 0  Instance: /morse_burst_emitter_tb/input_agent/input_agent_sequencer
# ** Note: Driver waiting for transaction number 35
#    Time: 390 ns  Iteration: 1  Instance: /morse_burst_emitter_tb/input_agent/input_agent_driver
# ** Note: Driver received transaction number 35
#    Time: 390 ns  Iteration: 1  Instance: /morse_burst_emitter_tb/input_agent/input_agent_driver
# ** Note: Sequencer : Sent transaction number 36
#    Time: 390010 ps  Iteration: 0  Instance: /morse_burst_emitter_tb/input_agent/input_agent_sequencer
# ** Note: Driver waiting for transaction number 36
#    Time: 400 ns  Iteration: 1  Instance: /morse_burst_emitter_tb/input_agent/input_agent_driver
# ** Note: Driver received transaction number 36
#    Time: 400 ns  Iteration: 1  Instance: /morse_burst_emitter_tb/input_agent/input_agent_driver
# ** Note: Sequencer : Sent transaction number 37
#    Time: 400010 ps  Iteration: 0  Instance: /morse_burst_emitter_tb/input_agent/input_agent_sequencer
# ** Note: Driver waiting for transaction number 37
#    Time: 410 ns  Iteration: 1  Instance: /morse_burst_emitter_tb/input_agent/input_agent_driver
# ** Note: Driver received transaction number 37
#    Time: 410 ns  Iteration: 1  Instance: /morse_burst_emitter_tb/input_agent/input_agent_driver
# ** Note: Sequencer : Sent transaction number 38
#    Time: 410010 ps  Iteration: 0  Instance: /morse_burst_emitter_tb/input_agent/input_agent_sequencer
# ** Note: Driver waiting for transaction number 38
#    Time: 420 ns  Iteration: 1  Instance: /morse_burst_emitter_tb/input_agent/input_agent_driver
# ** Note: Driver received transaction number 38
#    Time: 420 ns  Iteration: 1  Instance: /morse_burst_emitter_tb/input_agent/input_agent_driver
# ** Note: Sequencer : Sent transaction number 39
#    Time: 420010 ps  Iteration: 0  Instance: /morse_burst_emitter_tb/input_agent/input_agent_sequencer
# ** Note: Driver waiting for transaction number 39
#    Time: 430 ns  Iteration: 1  Instance: /morse_burst_emitter_tb/input_agent/input_agent_driver
# ** Note: Driver received transaction number 39
#    Time: 430 ns  Iteration: 1  Instance: /morse_burst_emitter_tb/input_agent/input_agent_driver
# ** Note: Sequencer : Sent transaction number 40
#    Time: 430010 ps  Iteration: 0  Instance: /morse_burst_emitter_tb/input_agent/input_agent_sequencer
# ** Note: Driver waiting for transaction number 40
#    Time: 440 ns  Iteration: 1  Instance: /morse_burst_emitter_tb/input_agent/input_agent_driver
# ** Note: Driver received transaction number 40
#    Time: 440 ns  Iteration: 1  Instance: /morse_burst_emitter_tb/input_agent/input_agent_driver
# ** Note: Sequencer : Sent transaction number 41
#    Time: 440010 ps  Iteration: 0  Instance: /morse_burst_emitter_tb/input_agent/input_agent_sequencer
# ** Note: Driver waiting for transaction number 41
#    Time: 450 ns  Iteration: 1  Instance: /morse_burst_emitter_tb/input_agent/input_agent_driver
# ** Note: Driver received transaction number 41
#    Time: 450 ns  Iteration: 1  Instance: /morse_burst_emitter_tb/input_agent/input_agent_driver
# ** Note: Sequencer : Sent transaction number 42
#    Time: 450010 ps  Iteration: 0  Instance: /morse_burst_emitter_tb/input_agent/input_agent_sequencer
# ** Note: Driver waiting for transaction number 42
#    Time: 460 ns  Iteration: 1  Instance: /morse_burst_emitter_tb/input_agent/input_agent_driver
# ** Note: Driver received transaction number 42
#    Time: 460 ns  Iteration: 1  Instance: /morse_burst_emitter_tb/input_agent/input_agent_driver
# ** Note: Sequencer : Sent transaction number 43
#    Time: 460010 ps  Iteration: 0  Instance: /morse_burst_emitter_tb/input_agent/input_agent_sequencer
# ** Note: Driver waiting for transaction number 43
#    Time: 470 ns  Iteration: 1  Instance: /morse_burst_emitter_tb/input_agent/input_agent_driver
# ** Note: Driver received transaction number 43
#    Time: 470 ns  Iteration: 1  Instance: /morse_burst_emitter_tb/input_agent/input_agent_driver
# ** Note: Sequencer : Sent transaction number 44
#    Time: 470010 ps  Iteration: 0  Instance: /morse_burst_emitter_tb/input_agent/input_agent_sequencer
# ** Note: Driver waiting for transaction number 44
#    Time: 480 ns  Iteration: 1  Instance: /morse_burst_emitter_tb/input_agent/input_agent_driver
# ** Note: Driver received transaction number 44
#    Time: 480 ns  Iteration: 1  Instance: /morse_burst_emitter_tb/input_agent/input_agent_driver
# ** Note: Sequencer : Sent transaction number 45
#    Time: 480010 ps  Iteration: 0  Instance: /morse_burst_emitter_tb/input_agent/input_agent_sequencer
# ** Note: Driver waiting for transaction number 45
#    Time: 490 ns  Iteration: 1  Instance: /morse_burst_emitter_tb/input_agent/input_agent_driver
# ** Note: Driver received transaction number 45
#    Time: 490 ns  Iteration: 1  Instance: /morse_burst_emitter_tb/input_agent/input_agent_driver
# ** Note: Sequencer : Sent transaction number 46
#    Time: 490010 ps  Iteration: 0  Instance: /morse_burst_emitter_tb/input_agent/input_agent_sequencer
# ** Note: Driver waiting for transaction number 46
#    Time: 500 ns  Iteration: 1  Instance: /morse_burst_emitter_tb/input_agent/input_agent_driver
# ** Note: Driver received transaction number 46
#    Time: 500 ns  Iteration: 1  Instance: /morse_burst_emitter_tb/input_agent/input_agent_driver
# ** Note: Sequencer : Sent transaction number 47
#    Time: 500010 ps  Iteration: 0  Instance: /morse_burst_emitter_tb/input_agent/input_agent_sequencer
# ** Note: Driver waiting for transaction number 47
#    Time: 510 ns  Iteration: 1  Instance: /morse_burst_emitter_tb/input_agent/input_agent_driver
# ** Note: Driver received transaction number 47
#    Time: 510 ns  Iteration: 1  Instance: /morse_burst_emitter_tb/input_agent/input_agent_driver
# ** Note: Sequencer : Sent transaction number 48
#    Time: 510010 ps  Iteration: 0  Instance: /morse_burst_emitter_tb/input_agent/input_agent_sequencer
# ** Note: Driver waiting for transaction number 48
#    Time: 520 ns  Iteration: 1  Instance: /morse_burst_emitter_tb/input_agent/input_agent_driver
# ** Note: Driver received transaction number 48
#    Time: 520 ns  Iteration: 1  Instance: /morse_burst_emitter_tb/input_agent/input_agent_driver
# ** Note: Sequencer : Sent transaction number 49
#    Time: 520010 ps  Iteration: 0  Instance: /morse_burst_emitter_tb/input_agent/input_agent_sequencer
# ** Note: Driver waiting for transaction number 49
#    Time: 530 ns  Iteration: 1  Instance: /morse_burst_emitter_tb/input_agent/input_agent_driver
# ** Note: Driver received transaction number 49
#    Time: 530 ns  Iteration: 1  Instance: /morse_burst_emitter_tb/input_agent/input_agent_driver
# ** Note: Sequencer : Sent transaction number 50
#    Time: 530010 ps  Iteration: 0  Instance: /morse_burst_emitter_tb/input_agent/input_agent_sequencer
# ** Note: Driver waiting for transaction number 50
#    Time: 540 ns  Iteration: 1  Instance: /morse_burst_emitter_tb/input_agent/input_agent_driver
# ** Note: Driver received transaction number 50
#    Time: 540 ns  Iteration: 1  Instance: /morse_burst_emitter_tb/input_agent/input_agent_driver
# ** Note: Sequencer : Sent transaction number 51
#    Time: 540010 ps  Iteration: 0  Instance: /morse_burst_emitter_tb/input_agent/input_agent_sequencer
# ** Note: Driver waiting for transaction number 51
#    Time: 550 ns  Iteration: 1  Instance: /morse_burst_emitter_tb/input_agent/input_agent_driver
# ** Note: Driver received transaction number 51
#    Time: 550 ns  Iteration: 1  Instance: /morse_burst_emitter_tb/input_agent/input_agent_driver
# ** Note: Sequencer : Sent transaction number 52
#    Time: 550010 ps  Iteration: 0  Instance: /morse_burst_emitter_tb/input_agent/input_agent_sequencer
# ** Note: Sequencer finished his job
#    Time: 550010 ps  Iteration: 0  Instance: /morse_burst_emitter_tb/input_agent/input_agent_sequencer
# ** Note: Driver waiting for transaction number 52
#    Time: 560 ns  Iteration: 1  Instance: /morse_burst_emitter_tb/input_agent/input_agent_driver
# ** Note: Driver received transaction number 52
#    Time: 560 ns  Iteration: 1  Instance: /morse_burst_emitter_tb/input_agent/input_agent_driver
# ** Note: Driver waiting for transaction number 53
#    Time: 570 ns  Iteration: 1  Instance: /morse_burst_emitter_tb/input_agent/input_agent_driver
# ** Note: Output Monitor received transaction number 0
# Value : 65
# Size : 2
# Char : .-
#    Time: 905 ns  Iteration: 1  Instance: /morse_burst_emitter_tb/output_agent/output_agent_monitor
# ** Note: Scoreboard received transaction number 0
#    Time: 905010 ps  Iteration: 0  Instance: /morse_burst_emitter_tb/scoreboard_inst
# ** Note: Everything's fine for transaction number 0(Scoreboard)
#    Time: 905010 ps  Iteration: 0  Instance: /morse_burst_emitter_tb/scoreboard_inst
# ** Note: Scoreboard waiting for transaction number 1
#    Time: 905010 ps  Iteration: 0  Instance: /morse_burst_emitter_tb/scoreboard_inst
# ** Note: Monitor waiting for transaction number 1
#    Time: 995 ns  Iteration: 1  Instance: /morse_burst_emitter_tb/output_agent/output_agent_monitor
# ** Note: Output Monitor received transaction number 1
# Value : 65
# Size : 2
# Char : .-
#    Time: 1305 ns  Iteration: 1  Instance: /morse_burst_emitter_tb/output_agent/output_agent_monitor
# ** Note: Scoreboard received transaction number 1
#    Time: 1305010 ps  Iteration: 0  Instance: /morse_burst_emitter_tb/scoreboard_inst
# ** Note: Everything's fine for transaction number 1(Scoreboard)
#    Time: 1305010 ps  Iteration: 0  Instance: /morse_burst_emitter_tb/scoreboard_inst
# ** Note: Scoreboard waiting for transaction number 2
#    Time: 1305010 ps  Iteration: 0  Instance: /morse_burst_emitter_tb/scoreboard_inst
# ** Note: Monitor waiting for transaction number 2
#    Time: 1395 ns  Iteration: 1  Instance: /morse_burst_emitter_tb/output_agent/output_agent_monitor
# ** Note: Output Monitor received transaction number 2
# Value : 66
# Size : 4
# Char : -...
#    Time: 1905 ns  Iteration: 1  Instance: /morse_burst_emitter_tb/output_agent/output_agent_monitor
# ** Note: Scoreboard received transaction number 2
#    Time: 1905010 ps  Iteration: 0  Instance: /morse_burst_emitter_tb/scoreboard_inst
# ** Note: Everything's fine for transaction number 2(Scoreboard)
#    Time: 1905010 ps  Iteration: 0  Instance: /morse_burst_emitter_tb/scoreboard_inst
# ** Note: Scoreboard waiting for transaction number 3
#    Time: 1905010 ps  Iteration: 0  Instance: /morse_burst_emitter_tb/scoreboard_inst
# ** Note: Monitor waiting for transaction number 3
#    Time: 1995 ns  Iteration: 1  Instance: /morse_burst_emitter_tb/output_agent/output_agent_monitor
# ** Note: Output Monitor received transaction number 3
# Value : 66
# Size : 4
# Char : -...
#    Time: 2505 ns  Iteration: 1  Instance: /morse_burst_emitter_tb/output_agent/output_agent_monitor
# ** Note: Scoreboard received transaction number 3
#    Time: 2505010 ps  Iteration: 0  Instance: /morse_burst_emitter_tb/scoreboard_inst
# ** Note: Everything's fine for transaction number 3(Scoreboard)
#    Time: 2505010 ps  Iteration: 0  Instance: /morse_burst_emitter_tb/scoreboard_inst
# ** Note: Scoreboard waiting for transaction number 4
#    Time: 2505010 ps  Iteration: 0  Instance: /morse_burst_emitter_tb/scoreboard_inst
# ** Note: Monitor waiting for transaction number 4
#    Time: 2595 ns  Iteration: 1  Instance: /morse_burst_emitter_tb/output_agent/output_agent_monitor
# ** Note: Output Monitor received transaction number 4
# Value : 67
# Size : 4
# Char : -.-.
#    Time: 3205 ns  Iteration: 1  Instance: /morse_burst_emitter_tb/output_agent/output_agent_monitor
# ** Note: Scoreboard received transaction number 4
#    Time: 3205010 ps  Iteration: 0  Instance: /morse_burst_emitter_tb/scoreboard_inst
# ** Note: Everything's fine for transaction number 4(Scoreboard)
#    Time: 3205010 ps  Iteration: 0  Instance: /morse_burst_emitter_tb/scoreboard_inst
# ** Note: Scoreboard waiting for transaction number 5
#    Time: 3205010 ps  Iteration: 0  Instance: /morse_burst_emitter_tb/scoreboard_inst
# ** Note: Monitor waiting for transaction number 5
#    Time: 3295 ns  Iteration: 1  Instance: /morse_burst_emitter_tb/output_agent/output_agent_monitor
# ** Note: Output Monitor received transaction number 5
# Value : 67
# Size : 4
# Char : -.-.
#    Time: 3905 ns  Iteration: 1  Instance: /morse_burst_emitter_tb/output_agent/output_agent_monitor
# ** Note: Scoreboard received transaction number 5
#    Time: 3905010 ps  Iteration: 0  Instance: /morse_burst_emitter_tb/scoreboard_inst
# ** Note: Everything's fine for transaction number 5(Scoreboard)
#    Time: 3905010 ps  Iteration: 0  Instance: /morse_burst_emitter_tb/scoreboard_inst
# ** Note: Scoreboard waiting for transaction number 6
#    Time: 3905010 ps  Iteration: 0  Instance: /morse_burst_emitter_tb/scoreboard_inst
# ** Note: Monitor waiting for transaction number 6
#    Time: 3995 ns  Iteration: 1  Instance: /morse_burst_emitter_tb/output_agent/output_agent_monitor
# ** Note: Output Monitor received transaction number 6
# Value : 68
# Size : 3
# Char : -..
#    Time: 4405 ns  Iteration: 1  Instance: /morse_burst_emitter_tb/output_agent/output_agent_monitor
# ** Note: Scoreboard received transaction number 6
#    Time: 4405010 ps  Iteration: 0  Instance: /morse_burst_emitter_tb/scoreboard_inst
# ** Note: Everything's fine for transaction number 6(Scoreboard)
#    Time: 4405010 ps  Iteration: 0  Instance: /morse_burst_emitter_tb/scoreboard_inst
# ** Note: Scoreboard waiting for transaction number 7
#    Time: 4405010 ps  Iteration: 0  Instance: /morse_burst_emitter_tb/scoreboard_inst
# ** Note: Monitor waiting for transaction number 7
#    Time: 4495 ns  Iteration: 1  Instance: /morse_burst_emitter_tb/output_agent/output_agent_monitor
# ** Note: Output Monitor received transaction number 7
# Value : 68
# Size : 3
# Char : -..
#    Time: 4905 ns  Iteration: 1  Instance: /morse_burst_emitter_tb/output_agent/output_agent_monitor
# ** Note: Scoreboard received transaction number 7
#    Time: 4905010 ps  Iteration: 0  Instance: /morse_burst_emitter_tb/scoreboard_inst
# ** Note: Everything's fine for transaction number 7(Scoreboard)
#    Time: 4905010 ps  Iteration: 0  Instance: /morse_burst_emitter_tb/scoreboard_inst
# ** Note: Scoreboard waiting for transaction number 8
#    Time: 4905010 ps  Iteration: 0  Instance: /morse_burst_emitter_tb/scoreboard_inst
# ** Note: Monitor waiting for transaction number 8
#    Time: 4995 ns  Iteration: 1  Instance: /morse_burst_emitter_tb/output_agent/output_agent_monitor
# ** Note: Output Monitor received transaction number 8
# Value : 69
# Size : 1
# Char : .
#    Time: 5105 ns  Iteration: 1  Instance: /morse_burst_emitter_tb/output_agent/output_agent_monitor
# ** Note: Scoreboard received transaction number 8
#    Time: 5105010 ps  Iteration: 0  Instance: /morse_burst_emitter_tb/scoreboard_inst
# ** Note: Everything's fine for transaction number 8(Scoreboard)
#    Time: 5105010 ps  Iteration: 0  Instance: /morse_burst_emitter_tb/scoreboard_inst
# ** Note: Scoreboard waiting for transaction number 9
#    Time: 5105010 ps  Iteration: 0  Instance: /morse_burst_emitter_tb/scoreboard_inst
# ** Note: Monitor waiting for transaction number 9
#    Time: 5195 ns  Iteration: 1  Instance: /morse_burst_emitter_tb/output_agent/output_agent_monitor
# ** Note: Output Monitor received transaction number 9
# Value : 69
# Size : 1
# Char : .
#    Time: 5305 ns  Iteration: 1  Instance: /morse_burst_emitter_tb/output_agent/output_agent_monitor
# ** Note: Scoreboard received transaction number 9
#    Time: 5305010 ps  Iteration: 0  Instance: /morse_burst_emitter_tb/scoreboard_inst
# ** Note: Everything's fine for transaction number 9(Scoreboard)
#    Time: 5305010 ps  Iteration: 0  Instance: /morse_burst_emitter_tb/scoreboard_inst
# ** Note: Scoreboard waiting for transaction number 10
#    Time: 5305010 ps  Iteration: 0  Instance: /morse_burst_emitter_tb/scoreboard_inst
# ** Note: Monitor waiting for transaction number 10
#    Time: 5395 ns  Iteration: 1  Instance: /morse_burst_emitter_tb/output_agent/output_agent_monitor
# ** Note: Output Monitor received transaction number 10
# Value : 70
# Size : 4
# Char : ..-.
#    Time: 5905 ns  Iteration: 1  Instance: /morse_burst_emitter_tb/output_agent/output_agent_monitor
# ** Note: Scoreboard received transaction number 10
#    Time: 5905010 ps  Iteration: 0  Instance: /morse_burst_emitter_tb/scoreboard_inst
# ** Note: Everything's fine for transaction number 10(Scoreboard)
#    Time: 5905010 ps  Iteration: 0  Instance: /morse_burst_emitter_tb/scoreboard_inst
# ** Note: Scoreboard waiting for transaction number 11
#    Time: 5905010 ps  Iteration: 0  Instance: /morse_burst_emitter_tb/scoreboard_inst
# ** Note: Monitor waiting for transaction number 11
#    Time: 5995 ns  Iteration: 1  Instance: /morse_burst_emitter_tb/output_agent/output_agent_monitor
# ** Note: Output Monitor received transaction number 11
# Value : 70
# Size : 4
# Char : ..-.
#    Time: 6505 ns  Iteration: 1  Instance: /morse_burst_emitter_tb/output_agent/output_agent_monitor
# ** Note: Scoreboard received transaction number 11
#    Time: 6505010 ps  Iteration: 0  Instance: /morse_burst_emitter_tb/scoreboard_inst
# ** Note: Everything's fine for transaction number 11(Scoreboard)
#    Time: 6505010 ps  Iteration: 0  Instance: /morse_burst_emitter_tb/scoreboard_inst
# ** Note: Scoreboard waiting for transaction number 12
#    Time: 6505010 ps  Iteration: 0  Instance: /morse_burst_emitter_tb/scoreboard_inst
# ** Note: Monitor waiting for transaction number 12
#    Time: 6595 ns  Iteration: 1  Instance: /morse_burst_emitter_tb/output_agent/output_agent_monitor
# ** Note: Output Monitor received transaction number 12
# Value : 71
# Size : 3
# Char : --.
#    Time: 7105 ns  Iteration: 1  Instance: /morse_burst_emitter_tb/output_agent/output_agent_monitor
# ** Note: Scoreboard received transaction number 12
#    Time: 7105010 ps  Iteration: 0  Instance: /morse_burst_emitter_tb/scoreboard_inst
# ** Note: Everything's fine for transaction number 12(Scoreboard)
#    Time: 7105010 ps  Iteration: 0  Instance: /morse_burst_emitter_tb/scoreboard_inst
# ** Note: Scoreboard waiting for transaction number 13
#    Time: 7105010 ps  Iteration: 0  Instance: /morse_burst_emitter_tb/scoreboard_inst
# ** Note: Monitor waiting for transaction number 13
#    Time: 7195 ns  Iteration: 1  Instance: /morse_burst_emitter_tb/output_agent/output_agent_monitor
# ** Note: Output Monitor received transaction number 13
# Value : 71
# Size : 3
# Char : --.
#    Time: 7705 ns  Iteration: 1  Instance: /morse_burst_emitter_tb/output_agent/output_agent_monitor
# ** Note: Scoreboard received transaction number 13
#    Time: 7705010 ps  Iteration: 0  Instance: /morse_burst_emitter_tb/scoreboard_inst
# ** Note: Everything's fine for transaction number 13(Scoreboard)
#    Time: 7705010 ps  Iteration: 0  Instance: /morse_burst_emitter_tb/scoreboard_inst
# ** Note: Scoreboard waiting for transaction number 14
#    Time: 7705010 ps  Iteration: 0  Instance: /morse_burst_emitter_tb/scoreboard_inst
# ** Note: Monitor waiting for transaction number 14
#    Time: 7795 ns  Iteration: 1  Instance: /morse_burst_emitter_tb/output_agent/output_agent_monitor
# ** Note: Output Monitor received transaction number 14
# Value : 72
# Size : 4
# Char : ....
#    Time: 8205 ns  Iteration: 1  Instance: /morse_burst_emitter_tb/output_agent/output_agent_monitor
# ** Note: Scoreboard received transaction number 14
#    Time: 8205010 ps  Iteration: 0  Instance: /morse_burst_emitter_tb/scoreboard_inst
# ** Note: Everything's fine for transaction number 14(Scoreboard)
#    Time: 8205010 ps  Iteration: 0  Instance: /morse_burst_emitter_tb/scoreboard_inst
# ** Note: Scoreboard waiting for transaction number 15
#    Time: 8205010 ps  Iteration: 0  Instance: /morse_burst_emitter_tb/scoreboard_inst
# ** Note: Monitor waiting for transaction number 15
#    Time: 8295 ns  Iteration: 1  Instance: /morse_burst_emitter_tb/output_agent/output_agent_monitor
# ** Note: Output Monitor received transaction number 15
# Value : 72
# Size : 4
# Char : ....
#    Time: 8705 ns  Iteration: 1  Instance: /morse_burst_emitter_tb/output_agent/output_agent_monitor
# ** Note: Scoreboard received transaction number 15
#    Time: 8705010 ps  Iteration: 0  Instance: /morse_burst_emitter_tb/scoreboard_inst
# ** Note: Everything's fine for transaction number 15(Scoreboard)
#    Time: 8705010 ps  Iteration: 0  Instance: /morse_burst_emitter_tb/scoreboard_inst
# ** Note: Scoreboard waiting for transaction number 16
#    Time: 8705010 ps  Iteration: 0  Instance: /morse_burst_emitter_tb/scoreboard_inst
# ** Note: Monitor waiting for transaction number 16
#    Time: 8795 ns  Iteration: 1  Instance: /morse_burst_emitter_tb/output_agent/output_agent_monitor
# ** Note: Output Monitor received transaction number 16
# Value : 73
# Size : 2
# Char : ..
#    Time: 9005 ns  Iteration: 1  Instance: /morse_burst_emitter_tb/output_agent/output_agent_monitor
# ** Note: Scoreboard received transaction number 16
#    Time: 9005010 ps  Iteration: 0  Instance: /morse_burst_emitter_tb/scoreboard_inst
# ** Note: Everything's fine for transaction number 16(Scoreboard)
#    Time: 9005010 ps  Iteration: 0  Instance: /morse_burst_emitter_tb/scoreboard_inst
# ** Note: Scoreboard waiting for transaction number 17
#    Time: 9005010 ps  Iteration: 0  Instance: /morse_burst_emitter_tb/scoreboard_inst
# ** Note: Monitor waiting for transaction number 17
#    Time: 9095 ns  Iteration: 1  Instance: /morse_burst_emitter_tb/output_agent/output_agent_monitor
# ** Note: Output Monitor received transaction number 17
# Value : 73
# Size : 2
# Char : ..
#    Time: 9305 ns  Iteration: 1  Instance: /morse_burst_emitter_tb/output_agent/output_agent_monitor
# ** Note: Scoreboard received transaction number 17
#    Time: 9305010 ps  Iteration: 0  Instance: /morse_burst_emitter_tb/scoreboard_inst
# ** Note: Everything's fine for transaction number 17(Scoreboard)
#    Time: 9305010 ps  Iteration: 0  Instance: /morse_burst_emitter_tb/scoreboard_inst
# ** Note: Scoreboard waiting for transaction number 18
#    Time: 9305010 ps  Iteration: 0  Instance: /morse_burst_emitter_tb/scoreboard_inst
# ** Note: Monitor waiting for transaction number 18
#    Time: 9395 ns  Iteration: 1  Instance: /morse_burst_emitter_tb/output_agent/output_agent_monitor
# ** Note: Output Monitor received transaction number 18
# Value : 74
# Size : 4
# Char : .---
#    Time: 10105 ns  Iteration: 1  Instance: /morse_burst_emitter_tb/output_agent/output_agent_monitor
# ** Note: Scoreboard received transaction number 18
#    Time: 10105010 ps  Iteration: 0  Instance: /morse_burst_emitter_tb/scoreboard_inst
# ** Note: Everything's fine for transaction number 18(Scoreboard)
#    Time: 10105010 ps  Iteration: 0  Instance: /morse_burst_emitter_tb/scoreboard_inst
# ** Note: Scoreboard waiting for transaction number 19
#    Time: 10105010 ps  Iteration: 0  Instance: /morse_burst_emitter_tb/scoreboard_inst
# ** Note: Monitor waiting for transaction number 19
#    Time: 10195 ns  Iteration: 1  Instance: /morse_burst_emitter_tb/output_agent/output_agent_monitor
# ** Note: Output Monitor received transaction number 19
# Value : 74
# Size : 4
# Char : .---
#    Time: 10905 ns  Iteration: 1  Instance: /morse_burst_emitter_tb/output_agent/output_agent_monitor
# ** Note: Scoreboard received transaction number 19
#    Time: 10905010 ps  Iteration: 0  Instance: /morse_burst_emitter_tb/scoreboard_inst
# ** Note: Everything's fine for transaction number 19(Scoreboard)
#    Time: 10905010 ps  Iteration: 0  Instance: /morse_burst_emitter_tb/scoreboard_inst
# ** Note: Scoreboard waiting for transaction number 20
#    Time: 10905010 ps  Iteration: 0  Instance: /morse_burst_emitter_tb/scoreboard_inst
# ** Note: Monitor waiting for transaction number 20
#    Time: 10995 ns  Iteration: 1  Instance: /morse_burst_emitter_tb/output_agent/output_agent_monitor
# ** Note: Output Monitor received transaction number 20
# Value : 75
# Size : 3
# Char : -.-
#    Time: 11505 ns  Iteration: 1  Instance: /morse_burst_emitter_tb/output_agent/output_agent_monitor
# ** Note: Scoreboard received transaction number 20
#    Time: 11505010 ps  Iteration: 0  Instance: /morse_burst_emitter_tb/scoreboard_inst
# ** Note: Everything's fine for transaction number 20(Scoreboard)
#    Time: 11505010 ps  Iteration: 0  Instance: /morse_burst_emitter_tb/scoreboard_inst
# ** Note: Scoreboard waiting for transaction number 21
#    Time: 11505010 ps  Iteration: 0  Instance: /morse_burst_emitter_tb/scoreboard_inst
# ** Note: Monitor waiting for transaction number 21
#    Time: 11595 ns  Iteration: 1  Instance: /morse_burst_emitter_tb/output_agent/output_agent_monitor
# ** Note: Output Monitor received transaction number 21
# Value : 75
# Size : 3
# Char : -.-
#    Time: 12105 ns  Iteration: 1  Instance: /morse_burst_emitter_tb/output_agent/output_agent_monitor
# ** Note: Scoreboard received transaction number 21
#    Time: 12105010 ps  Iteration: 0  Instance: /morse_burst_emitter_tb/scoreboard_inst
# ** Note: Everything's fine for transaction number 21(Scoreboard)
#    Time: 12105010 ps  Iteration: 0  Instance: /morse_burst_emitter_tb/scoreboard_inst
# ** Note: Scoreboard waiting for transaction number 22
#    Time: 12105010 ps  Iteration: 0  Instance: /morse_burst_emitter_tb/scoreboard_inst
# ** Note: Monitor waiting for transaction number 22
#    Time: 12195 ns  Iteration: 1  Instance: /morse_burst_emitter_tb/output_agent/output_agent_monitor
# ** Note: Output Monitor received transaction number 22
# Value : 76
# Size : 4
# Char : .-..
#    Time: 12705 ns  Iteration: 1  Instance: /morse_burst_emitter_tb/output_agent/output_agent_monitor
# ** Note: Scoreboard received transaction number 22
#    Time: 12705010 ps  Iteration: 0  Instance: /morse_burst_emitter_tb/scoreboard_inst
# ** Note: Everything's fine for transaction number 22(Scoreboard)
#    Time: 12705010 ps  Iteration: 0  Instance: /morse_burst_emitter_tb/scoreboard_inst
# ** Note: Scoreboard waiting for transaction number 23
#    Time: 12705010 ps  Iteration: 0  Instance: /morse_burst_emitter_tb/scoreboard_inst
# ** Note: Monitor waiting for transaction number 23
#    Time: 12795 ns  Iteration: 1  Instance: /morse_burst_emitter_tb/output_agent/output_agent_monitor
# ** Note: Output Monitor received transaction number 23
# Value : 76
# Size : 4
# Char : .-..
#    Time: 13305 ns  Iteration: 1  Instance: /morse_burst_emitter_tb/output_agent/output_agent_monitor
# ** Note: Scoreboard received transaction number 23
#    Time: 13305010 ps  Iteration: 0  Instance: /morse_burst_emitter_tb/scoreboard_inst
# ** Note: Everything's fine for transaction number 23(Scoreboard)
#    Time: 13305010 ps  Iteration: 0  Instance: /morse_burst_emitter_tb/scoreboard_inst
# ** Note: Scoreboard waiting for transaction number 24
#    Time: 13305010 ps  Iteration: 0  Instance: /morse_burst_emitter_tb/scoreboard_inst
# ** Note: Monitor waiting for transaction number 24
#    Time: 13395 ns  Iteration: 1  Instance: /morse_burst_emitter_tb/output_agent/output_agent_monitor
# ** Note: Output Monitor received transaction number 24
# Value : 77
# Size : 2
# Char : --
#    Time: 13805 ns  Iteration: 1  Instance: /morse_burst_emitter_tb/output_agent/output_agent_monitor
# ** Note: Scoreboard received transaction number 24
#    Time: 13805010 ps  Iteration: 0  Instance: /morse_burst_emitter_tb/scoreboard_inst
# ** Note: Everything's fine for transaction number 24(Scoreboard)
#    Time: 13805010 ps  Iteration: 0  Instance: /morse_burst_emitter_tb/scoreboard_inst
# ** Note: Scoreboard waiting for transaction number 25
#    Time: 13805010 ps  Iteration: 0  Instance: /morse_burst_emitter_tb/scoreboard_inst
# ** Note: Monitor waiting for transaction number 25
#    Time: 13895 ns  Iteration: 1  Instance: /morse_burst_emitter_tb/output_agent/output_agent_monitor
# ** Note: Output Monitor received transaction number 25
# Value : 77
# Size : 2
# Char : --
#    Time: 14305 ns  Iteration: 1  Instance: /morse_burst_emitter_tb/output_agent/output_agent_monitor
# ** Note: Scoreboard received transaction number 25
#    Time: 14305010 ps  Iteration: 0  Instance: /morse_burst_emitter_tb/scoreboard_inst
# ** Note: Everything's fine for transaction number 25(Scoreboard)
#    Time: 14305010 ps  Iteration: 0  Instance: /morse_burst_emitter_tb/scoreboard_inst
# ** Note: Scoreboard waiting for transaction number 26
#    Time: 14305010 ps  Iteration: 0  Instance: /morse_burst_emitter_tb/scoreboard_inst
# ** Note: Monitor waiting for transaction number 26
#    Time: 14395 ns  Iteration: 1  Instance: /morse_burst_emitter_tb/output_agent/output_agent_monitor
# ** Note: Output Monitor received transaction number 26
# Value : 78
# Size : 2
# Char : -.
#    Time: 14705 ns  Iteration: 1  Instance: /morse_burst_emitter_tb/output_agent/output_agent_monitor
# ** Note: Scoreboard received transaction number 26
#    Time: 14705010 ps  Iteration: 0  Instance: /morse_burst_emitter_tb/scoreboard_inst
# ** Note: Everything's fine for transaction number 26(Scoreboard)
#    Time: 14705010 ps  Iteration: 0  Instance: /morse_burst_emitter_tb/scoreboard_inst
# ** Note: Scoreboard waiting for transaction number 27
#    Time: 14705010 ps  Iteration: 0  Instance: /morse_burst_emitter_tb/scoreboard_inst
# ** Note: Monitor waiting for transaction number 27
#    Time: 14795 ns  Iteration: 1  Instance: /morse_burst_emitter_tb/output_agent/output_agent_monitor
# ** Note: Output Monitor received transaction number 27
# Value : 78
# Size : 2
# Char : -.
#    Time: 15105 ns  Iteration: 1  Instance: /morse_burst_emitter_tb/output_agent/output_agent_monitor
# ** Note: Scoreboard received transaction number 27
#    Time: 15105010 ps  Iteration: 0  Instance: /morse_burst_emitter_tb/scoreboard_inst
# ** Note: Everything's fine for transaction number 27(Scoreboard)
#    Time: 15105010 ps  Iteration: 0  Instance: /morse_burst_emitter_tb/scoreboard_inst
# ** Note: Scoreboard waiting for transaction number 28
#    Time: 15105010 ps  Iteration: 0  Instance: /morse_burst_emitter_tb/scoreboard_inst
# ** Note: Monitor waiting for transaction number 28
#    Time: 15195 ns  Iteration: 1  Instance: /morse_burst_emitter_tb/output_agent/output_agent_monitor
# ** Note: Output Monitor received transaction number 28
# Value : 79
# Size : 3
# Char : ---
#    Time: 15805 ns  Iteration: 1  Instance: /morse_burst_emitter_tb/output_agent/output_agent_monitor
# ** Note: Scoreboard received transaction number 28
#    Time: 15805010 ps  Iteration: 0  Instance: /morse_burst_emitter_tb/scoreboard_inst
# ** Note: Everything's fine for transaction number 28(Scoreboard)
#    Time: 15805010 ps  Iteration: 0  Instance: /morse_burst_emitter_tb/scoreboard_inst
# ** Note: Scoreboard waiting for transaction number 29
#    Time: 15805010 ps  Iteration: 0  Instance: /morse_burst_emitter_tb/scoreboard_inst
# ** Note: Monitor waiting for transaction number 29
#    Time: 15895 ns  Iteration: 1  Instance: /morse_burst_emitter_tb/output_agent/output_agent_monitor
# ** Note: Output Monitor received transaction number 29
# Value : 79
# Size : 3
# Char : ---
#    Time: 16505 ns  Iteration: 1  Instance: /morse_burst_emitter_tb/output_agent/output_agent_monitor
# ** Note: Scoreboard received transaction number 29
#    Time: 16505010 ps  Iteration: 0  Instance: /morse_burst_emitter_tb/scoreboard_inst
# ** Note: Everything's fine for transaction number 29(Scoreboard)
#    Time: 16505010 ps  Iteration: 0  Instance: /morse_burst_emitter_tb/scoreboard_inst
# ** Note: Scoreboard waiting for transaction number 30
#    Time: 16505010 ps  Iteration: 0  Instance: /morse_burst_emitter_tb/scoreboard_inst
# ** Note: Monitor waiting for transaction number 30
#    Time: 16595 ns  Iteration: 1  Instance: /morse_burst_emitter_tb/output_agent/output_agent_monitor
# ** Note: Output Monitor received transaction number 30
# Value : 80
# Size : 4
# Char : .--.
#    Time: 17205 ns  Iteration: 1  Instance: /morse_burst_emitter_tb/output_agent/output_agent_monitor
# ** Note: Scoreboard received transaction number 30
#    Time: 17205010 ps  Iteration: 0  Instance: /morse_burst_emitter_tb/scoreboard_inst
# ** Note: Everything's fine for transaction number 30(Scoreboard)
#    Time: 17205010 ps  Iteration: 0  Instance: /morse_burst_emitter_tb/scoreboard_inst
# ** Note: Scoreboard waiting for transaction number 31
#    Time: 17205010 ps  Iteration: 0  Instance: /morse_burst_emitter_tb/scoreboard_inst
# ** Note: Monitor waiting for transaction number 31
#    Time: 17295 ns  Iteration: 1  Instance: /morse_burst_emitter_tb/output_agent/output_agent_monitor
# ** Note: Output Monitor received transaction number 31
# Value : 80
# Size : 4
# Char : .--.
#    Time: 17905 ns  Iteration: 1  Instance: /morse_burst_emitter_tb/output_agent/output_agent_monitor
# ** Note: Scoreboard received transaction number 31
#    Time: 17905010 ps  Iteration: 0  Instance: /morse_burst_emitter_tb/scoreboard_inst
# ** Note: Everything's fine for transaction number 31(Scoreboard)
#    Time: 17905010 ps  Iteration: 0  Instance: /morse_burst_emitter_tb/scoreboard_inst
# ** Note: Scoreboard waiting for transaction number 32
#    Time: 17905010 ps  Iteration: 0  Instance: /morse_burst_emitter_tb/scoreboard_inst
# ** Note: Monitor waiting for transaction number 32
#    Time: 17995 ns  Iteration: 1  Instance: /morse_burst_emitter_tb/output_agent/output_agent_monitor
# ** Note: Output Monitor received transaction number 32
# Value : 81
# Size : 4
# Char : --.-
#    Time: 18705 ns  Iteration: 1  Instance: /morse_burst_emitter_tb/output_agent/output_agent_monitor
# ** Note: Scoreboard received transaction number 32
#    Time: 18705010 ps  Iteration: 0  Instance: /morse_burst_emitter_tb/scoreboard_inst
# ** Note: Everything's fine for transaction number 32(Scoreboard)
#    Time: 18705010 ps  Iteration: 0  Instance: /morse_burst_emitter_tb/scoreboard_inst
# ** Note: Scoreboard waiting for transaction number 33
#    Time: 18705010 ps  Iteration: 0  Instance: /morse_burst_emitter_tb/scoreboard_inst
# ** Note: Monitor waiting for transaction number 33
#    Time: 18795 ns  Iteration: 1  Instance: /morse_burst_emitter_tb/output_agent/output_agent_monitor
# ** Note: Output Monitor received transaction number 33
# Value : 81
# Size : 4
# Char : --.-
#    Time: 19505 ns  Iteration: 1  Instance: /morse_burst_emitter_tb/output_agent/output_agent_monitor
# ** Note: Scoreboard received transaction number 33
#    Time: 19505010 ps  Iteration: 0  Instance: /morse_burst_emitter_tb/scoreboard_inst
# ** Note: Everything's fine for transaction number 33(Scoreboard)
#    Time: 19505010 ps  Iteration: 0  Instance: /morse_burst_emitter_tb/scoreboard_inst
# ** Note: Scoreboard waiting for transaction number 34
#    Time: 19505010 ps  Iteration: 0  Instance: /morse_burst_emitter_tb/scoreboard_inst
# ** Note: Monitor waiting for transaction number 34
#    Time: 19595 ns  Iteration: 1  Instance: /morse_burst_emitter_tb/output_agent/output_agent_monitor
# ** Note: Output Monitor received transaction number 34
# Value : 82
# Size : 3
# Char : .-.
#    Time: 20005 ns  Iteration: 1  Instance: /morse_burst_emitter_tb/output_agent/output_agent_monitor
# ** Note: Scoreboard received transaction number 34
#    Time: 20005010 ps  Iteration: 0  Instance: /morse_burst_emitter_tb/scoreboard_inst
# ** Note: Everything's fine for transaction number 34(Scoreboard)
#    Time: 20005010 ps  Iteration: 0  Instance: /morse_burst_emitter_tb/scoreboard_inst
# ** Note: Scoreboard waiting for transaction number 35
#    Time: 20005010 ps  Iteration: 0  Instance: /morse_burst_emitter_tb/scoreboard_inst
# ** Note: Monitor waiting for transaction number 35
#    Time: 20095 ns  Iteration: 1  Instance: /morse_burst_emitter_tb/output_agent/output_agent_monitor
# ** Note: Output Monitor received transaction number 35
# Value : 82
# Size : 3
# Char : .-.
#    Time: 20505 ns  Iteration: 1  Instance: /morse_burst_emitter_tb/output_agent/output_agent_monitor
# ** Note: Scoreboard received transaction number 35
#    Time: 20505010 ps  Iteration: 0  Instance: /morse_burst_emitter_tb/scoreboard_inst
# ** Note: Everything's fine for transaction number 35(Scoreboard)
#    Time: 20505010 ps  Iteration: 0  Instance: /morse_burst_emitter_tb/scoreboard_inst
# ** Note: Scoreboard waiting for transaction number 36
#    Time: 20505010 ps  Iteration: 0  Instance: /morse_burst_emitter_tb/scoreboard_inst
# ** Note: Monitor waiting for transaction number 36
#    Time: 20595 ns  Iteration: 1  Instance: /morse_burst_emitter_tb/output_agent/output_agent_monitor
# ** Note: Output Monitor received transaction number 36
# Value : 83
# Size : 3
# Char : ...
#    Time: 20905 ns  Iteration: 1  Instance: /morse_burst_emitter_tb/output_agent/output_agent_monitor
# ** Note: Scoreboard received transaction number 36
#    Time: 20905010 ps  Iteration: 0  Instance: /morse_burst_emitter_tb/scoreboard_inst
# ** Note: Everything's fine for transaction number 36(Scoreboard)
#    Time: 20905010 ps  Iteration: 0  Instance: /morse_burst_emitter_tb/scoreboard_inst
# ** Note: Scoreboard waiting for transaction number 37
#    Time: 20905010 ps  Iteration: 0  Instance: /morse_burst_emitter_tb/scoreboard_inst
# ** Note: Monitor waiting for transaction number 37
#    Time: 20995 ns  Iteration: 1  Instance: /morse_burst_emitter_tb/output_agent/output_agent_monitor
# ** Note: Output Monitor received transaction number 37
# Value : 83
# Size : 3
# Char : ...
#    Time: 21305 ns  Iteration: 1  Instance: /morse_burst_emitter_tb/output_agent/output_agent_monitor
# ** Note: Scoreboard received transaction number 37
#    Time: 21305010 ps  Iteration: 0  Instance: /morse_burst_emitter_tb/scoreboard_inst
# ** Note: Everything's fine for transaction number 37(Scoreboard)
#    Time: 21305010 ps  Iteration: 0  Instance: /morse_burst_emitter_tb/scoreboard_inst
# ** Note: Scoreboard waiting for transaction number 38
#    Time: 21305010 ps  Iteration: 0  Instance: /morse_burst_emitter_tb/scoreboard_inst
# ** Note: Monitor waiting for transaction number 38
#    Time: 21395 ns  Iteration: 1  Instance: /morse_burst_emitter_tb/output_agent/output_agent_monitor
# ** Note: Output Monitor received transaction number 38
# Value : 84
# Size : 1
# Char : -
#    Time: 21605 ns  Iteration: 1  Instance: /morse_burst_emitter_tb/output_agent/output_agent_monitor
# ** Note: Scoreboard received transaction number 38
#    Time: 21605010 ps  Iteration: 0  Instance: /morse_burst_emitter_tb/scoreboard_inst
# ** Note: Everything's fine for transaction number 38(Scoreboard)
#    Time: 21605010 ps  Iteration: 0  Instance: /morse_burst_emitter_tb/scoreboard_inst
# ** Note: Scoreboard waiting for transaction number 39
#    Time: 21605010 ps  Iteration: 0  Instance: /morse_burst_emitter_tb/scoreboard_inst
# ** Note: Monitor waiting for transaction number 39
#    Time: 21695 ns  Iteration: 1  Instance: /morse_burst_emitter_tb/output_agent/output_agent_monitor
# ** Note: Output Monitor received transaction number 39
# Value : 84
# Size : 1
# Char : -
#    Time: 21905 ns  Iteration: 1  Instance: /morse_burst_emitter_tb/output_agent/output_agent_monitor
# ** Note: Scoreboard received transaction number 39
#    Time: 21905010 ps  Iteration: 0  Instance: /morse_burst_emitter_tb/scoreboard_inst
# ** Note: Everything's fine for transaction number 39(Scoreboard)
#    Time: 21905010 ps  Iteration: 0  Instance: /morse_burst_emitter_tb/scoreboard_inst
# ** Note: Scoreboard waiting for transaction number 40
#    Time: 21905010 ps  Iteration: 0  Instance: /morse_burst_emitter_tb/scoreboard_inst
# ** Note: Monitor waiting for transaction number 40
#    Time: 21995 ns  Iteration: 1  Instance: /morse_burst_emitter_tb/output_agent/output_agent_monitor
# ** Note: Output Monitor received transaction number 40
# Value : 85
# Size : 3
# Char : ..-
#    Time: 22405 ns  Iteration: 1  Instance: /morse_burst_emitter_tb/output_agent/output_agent_monitor
# ** Note: Scoreboard received transaction number 40
#    Time: 22405010 ps  Iteration: 0  Instance: /morse_burst_emitter_tb/scoreboard_inst
# ** Note: Everything's fine for transaction number 40(Scoreboard)
#    Time: 22405010 ps  Iteration: 0  Instance: /morse_burst_emitter_tb/scoreboard_inst
# ** Note: Scoreboard waiting for transaction number 41
#    Time: 22405010 ps  Iteration: 0  Instance: /morse_burst_emitter_tb/scoreboard_inst
# ** Note: Monitor waiting for transaction number 41
#    Time: 22495 ns  Iteration: 1  Instance: /morse_burst_emitter_tb/output_agent/output_agent_monitor
# ** Note: Output Monitor received transaction number 41
# Value : 85
# Size : 3
# Char : ..-
#    Time: 22905 ns  Iteration: 1  Instance: /morse_burst_emitter_tb/output_agent/output_agent_monitor
# ** Note: Scoreboard received transaction number 41
#    Time: 22905010 ps  Iteration: 0  Instance: /morse_burst_emitter_tb/scoreboard_inst
# ** Note: Everything's fine for transaction number 41(Scoreboard)
#    Time: 22905010 ps  Iteration: 0  Instance: /morse_burst_emitter_tb/scoreboard_inst
# ** Note: Scoreboard waiting for transaction number 42
#    Time: 22905010 ps  Iteration: 0  Instance: /morse_burst_emitter_tb/scoreboard_inst
# ** Note: Monitor waiting for transaction number 42
#    Time: 22995 ns  Iteration: 1  Instance: /morse_burst_emitter_tb/output_agent/output_agent_monitor
# ** Note: Output Monitor received transaction number 42
# Value : 86
# Size : 4
# Char : ...-
#    Time: 23505 ns  Iteration: 1  Instance: /morse_burst_emitter_tb/output_agent/output_agent_monitor
# ** Note: Scoreboard received transaction number 42
#    Time: 23505010 ps  Iteration: 0  Instance: /morse_burst_emitter_tb/scoreboard_inst
# ** Note: Everything's fine for transaction number 42(Scoreboard)
#    Time: 23505010 ps  Iteration: 0  Instance: /morse_burst_emitter_tb/scoreboard_inst
# ** Note: Scoreboard waiting for transaction number 43
#    Time: 23505010 ps  Iteration: 0  Instance: /morse_burst_emitter_tb/scoreboard_inst
# ** Note: Monitor waiting for transaction number 43
#    Time: 23595 ns  Iteration: 1  Instance: /morse_burst_emitter_tb/output_agent/output_agent_monitor
# ** Note: Output Monitor received transaction number 43
# Value : 86
# Size : 4
# Char : ...-
#    Time: 24105 ns  Iteration: 1  Instance: /morse_burst_emitter_tb/output_agent/output_agent_monitor
# ** Note: Scoreboard received transaction number 43
#    Time: 24105010 ps  Iteration: 0  Instance: /morse_burst_emitter_tb/scoreboard_inst
# ** Note: Everything's fine for transaction number 43(Scoreboard)
#    Time: 24105010 ps  Iteration: 0  Instance: /morse_burst_emitter_tb/scoreboard_inst
# ** Note: Scoreboard waiting for transaction number 44
#    Time: 24105010 ps  Iteration: 0  Instance: /morse_burst_emitter_tb/scoreboard_inst
# ** Note: Monitor waiting for transaction number 44
#    Time: 24195 ns  Iteration: 1  Instance: /morse_burst_emitter_tb/output_agent/output_agent_monitor
# ** Note: Output Monitor received transaction number 44
# Value : 87
# Size : 3
# Char : .--
#    Time: 24705 ns  Iteration: 1  Instance: /morse_burst_emitter_tb/output_agent/output_agent_monitor
# ** Note: Scoreboard received transaction number 44
#    Time: 24705010 ps  Iteration: 0  Instance: /morse_burst_emitter_tb/scoreboard_inst
# ** Note: Everything's fine for transaction number 44(Scoreboard)
#    Time: 24705010 ps  Iteration: 0  Instance: /morse_burst_emitter_tb/scoreboard_inst
# ** Note: Scoreboard waiting for transaction number 45
#    Time: 24705010 ps  Iteration: 0  Instance: /morse_burst_emitter_tb/scoreboard_inst
# ** Note: Monitor waiting for transaction number 45
#    Time: 24795 ns  Iteration: 1  Instance: /morse_burst_emitter_tb/output_agent/output_agent_monitor
# ** Note: Output Monitor received transaction number 45
# Value : 87
# Size : 3
# Char : .--
#    Time: 25305 ns  Iteration: 1  Instance: /morse_burst_emitter_tb/output_agent/output_agent_monitor
# ** Note: Scoreboard received transaction number 45
#    Time: 25305010 ps  Iteration: 0  Instance: /morse_burst_emitter_tb/scoreboard_inst
# ** Note: Everything's fine for transaction number 45(Scoreboard)
#    Time: 25305010 ps  Iteration: 0  Instance: /morse_burst_emitter_tb/scoreboard_inst
# ** Note: Scoreboard waiting for transaction number 46
#    Time: 25305010 ps  Iteration: 0  Instance: /morse_burst_emitter_tb/scoreboard_inst
# ** Note: Monitor waiting for transaction number 46
#    Time: 25395 ns  Iteration: 1  Instance: /morse_burst_emitter_tb/output_agent/output_agent_monitor
# ** Note: Output Monitor received transaction number 46
# Value : 88
# Size : 4
# Char : -..-
#    Time: 26005 ns  Iteration: 1  Instance: /morse_burst_emitter_tb/output_agent/output_agent_monitor
# ** Note: Scoreboard received transaction number 46
#    Time: 26005010 ps  Iteration: 0  Instance: /morse_burst_emitter_tb/scoreboard_inst
# ** Note: Everything's fine for transaction number 46(Scoreboard)
#    Time: 26005010 ps  Iteration: 0  Instance: /morse_burst_emitter_tb/scoreboard_inst
# ** Note: Scoreboard waiting for transaction number 47
#    Time: 26005010 ps  Iteration: 0  Instance: /morse_burst_emitter_tb/scoreboard_inst
# ** Note: Monitor waiting for transaction number 47
#    Time: 26095 ns  Iteration: 1  Instance: /morse_burst_emitter_tb/output_agent/output_agent_monitor
# ** Note: Output Monitor received transaction number 47
# Value : 88
# Size : 4
# Char : -..-
#    Time: 26705 ns  Iteration: 1  Instance: /morse_burst_emitter_tb/output_agent/output_agent_monitor
# ** Note: Scoreboard received transaction number 47
#    Time: 26705010 ps  Iteration: 0  Instance: /morse_burst_emitter_tb/scoreboard_inst
# ** Note: Everything's fine for transaction number 47(Scoreboard)
#    Time: 26705010 ps  Iteration: 0  Instance: /morse_burst_emitter_tb/scoreboard_inst
# ** Note: Scoreboard waiting for transaction number 48
#    Time: 26705010 ps  Iteration: 0  Instance: /morse_burst_emitter_tb/scoreboard_inst
# ** Note: Monitor waiting for transaction number 48
#    Time: 26795 ns  Iteration: 1  Instance: /morse_burst_emitter_tb/output_agent/output_agent_monitor
# ** Note: Output Monitor received transaction number 48
# Value : 89
# Size : 4
# Char : -.--
#    Time: 27505 ns  Iteration: 1  Instance: /morse_burst_emitter_tb/output_agent/output_agent_monitor
# ** Note: Scoreboard received transaction number 48
#    Time: 27505010 ps  Iteration: 0  Instance: /morse_burst_emitter_tb/scoreboard_inst
# ** Note: Everything's fine for transaction number 48(Scoreboard)
#    Time: 27505010 ps  Iteration: 0  Instance: /morse_burst_emitter_tb/scoreboard_inst
# ** Note: Scoreboard waiting for transaction number 49
#    Time: 27505010 ps  Iteration: 0  Instance: /morse_burst_emitter_tb/scoreboard_inst
# ** Note: Monitor waiting for transaction number 49
#    Time: 27595 ns  Iteration: 1  Instance: /morse_burst_emitter_tb/output_agent/output_agent_monitor
# ** Note: Output Monitor received transaction number 49
# Value : 89
# Size : 4
# Char : -.--
#    Time: 28305 ns  Iteration: 1  Instance: /morse_burst_emitter_tb/output_agent/output_agent_monitor
# ** Note: Scoreboard received transaction number 49
#    Time: 28305010 ps  Iteration: 0  Instance: /morse_burst_emitter_tb/scoreboard_inst
# ** Note: Everything's fine for transaction number 49(Scoreboard)
#    Time: 28305010 ps  Iteration: 0  Instance: /morse_burst_emitter_tb/scoreboard_inst
# ** Note: Scoreboard waiting for transaction number 50
#    Time: 28305010 ps  Iteration: 0  Instance: /morse_burst_emitter_tb/scoreboard_inst
# ** Note: Monitor waiting for transaction number 50
#    Time: 28395 ns  Iteration: 1  Instance: /morse_burst_emitter_tb/output_agent/output_agent_monitor
# ** Note: Output Monitor received transaction number 50
# Value : 90
# Size : 4
# Char : --..
#    Time: 29005 ns  Iteration: 1  Instance: /morse_burst_emitter_tb/output_agent/output_agent_monitor
# ** Note: Scoreboard received transaction number 50
#    Time: 29005010 ps  Iteration: 0  Instance: /morse_burst_emitter_tb/scoreboard_inst
# ** Note: Everything's fine for transaction number 50(Scoreboard)
#    Time: 29005010 ps  Iteration: 0  Instance: /morse_burst_emitter_tb/scoreboard_inst
# ** Note: Scoreboard waiting for transaction number 51
#    Time: 29005010 ps  Iteration: 0  Instance: /morse_burst_emitter_tb/scoreboard_inst
# ** Note: Monitor waiting for transaction number 51
#    Time: 29095 ns  Iteration: 1  Instance: /morse_burst_emitter_tb/output_agent/output_agent_monitor
# ** Note: Output Monitor received transaction number 51
# Value : 90
# Size : 4
# Char : --..
#    Time: 29705 ns  Iteration: 1  Instance: /morse_burst_emitter_tb/output_agent/output_agent_monitor
# ** Note: Scoreboard received transaction number 51
#    Time: 29705010 ps  Iteration: 0  Instance: /morse_burst_emitter_tb/scoreboard_inst
# ** Note: Everything's fine for transaction number 51(Scoreboard)
#    Time: 29705010 ps  Iteration: 0  Instance: /morse_burst_emitter_tb/scoreboard_inst
# ** Note: Scoreboard waiting for transaction number 52
#    Time: 29705010 ps  Iteration: 0  Instance: /morse_burst_emitter_tb/scoreboard_inst
# ** Note: Monitor waiting for transaction number 52
#    Time: 30005 ns  Iteration: 1  Instance: /morse_burst_emitter_tb/output_agent/output_agent_monitor
# ** Note: Finishing at time 100000000 ps
#    Time: 100 us  Iteration: 0  Instance: /morse_burst_emitter_tb/monitor
# ** Note: Ending status: Because of no more objections
#    Time: 100 us  Iteration: 0  Instance: /morse_burst_emitter_tb/monitor
# ** Note: --------------------------------
# FINAL report
# Total number of warnings : 0
# Total number of errors : 0
# --------------------------------
#    Time: 100 us  Iteration: 0  Instance: /morse_burst_emitter_tb/monitor
# Break in Process monitor_proc at /home/reds/vsn21_student/labo3/code/comp/../tlmvm/src/simulation_end_pkg.vhd line 175
# Stopped at /home/reds/vsn21_student/labo3/code/comp/../tlmvm/src/simulation_end_pkg.vhd line 175
# coverage attribute -name TESTNAME -value all_char_burst_fifo_full
# coverage save ../all_char_burst_fifo_full.ucdb
# quit -f
