# file delete -force work
# set Path_DUV "/home/reds/vsn21_student/labo3/code/src"
# /home/reds/vsn21_student/labo3/code/src
# set Path_TB  "/home/reds/vsn21_student/labo3/code/src_tb"
# /home/reds/vsn21_student/labo3/code/src_tb
# global Path_DUV
# global Path_TB
# vlib common_lib
# vcom +cover -work common_lib  -2008 $Path_TB/common_lib/logger_pkg.vhd
# QuestaSim-64 vcom 2020.1_1 Compiler 2020.03 Mar  4 2020
# Start time: 19:50:32 on Apr 28,2021
# vcom "+cover" -work common_lib -2008 /home/reds/vsn21_student/labo3/code/src_tb/common_lib/logger_pkg.vhd 
# -- Loading package STANDARD
# -- Loading package TEXTIO
# -- Loading package std_logic_1164
# -- Loading package NUMERIC_STD
# -- Loading package std_logic_textio
# -- Compiling package logger_pkg
# End time: 19:50:33 on Apr 28,2021, Elapsed time: 0:00:01
# Errors: 0, Warnings: 0
# vcom +cover -work common_lib  -2008 $Path_TB/common_lib/comparator_pkg.vhd
# QuestaSim-64 vcom 2020.1_1 Compiler 2020.03 Mar  4 2020
# Start time: 19:50:33 on Apr 28,2021
# vcom "+cover" -work common_lib -2008 /home/reds/vsn21_student/labo3/code/src_tb/common_lib/comparator_pkg.vhd 
# -- Loading package STANDARD
# -- Loading package TEXTIO
# -- Loading package std_logic_1164
# -- Loading package NUMERIC_STD
# -- Loading package std_logic_textio
# -- Loading package logger_pkg
# -- Compiling package comparator_pkg
# End time: 19:50:34 on Apr 28,2021, Elapsed time: 0:00:01
# Errors: 0, Warnings: 0
# vcom +cover -work common_lib  -2008 $Path_TB/common_lib/complex_comparator_pkg.vhd
# QuestaSim-64 vcom 2020.1_1 Compiler 2020.03 Mar  4 2020
# Start time: 19:50:34 on Apr 28,2021
# vcom "+cover" -work common_lib -2008 /home/reds/vsn21_student/labo3/code/src_tb/common_lib/complex_comparator_pkg.vhd 
# -- Loading package STANDARD
# -- Loading package TEXTIO
# -- Loading package std_logic_1164
# -- Loading package NUMERIC_STD
# -- Loading package std_logic_textio
# -- Loading package logger_pkg
# -- Compiling package complex_comparator_pkg
# End time: 19:50:34 on Apr 28,2021, Elapsed time: 0:00:00
# Errors: 0, Warnings: 0
# vcom +cover -work common_lib  -2008 $Path_TB/common_lib/common_ctx.vhd
# QuestaSim-64 vcom 2020.1_1 Compiler 2020.03 Mar  4 2020
# Start time: 19:50:34 on Apr 28,2021
# vcom "+cover" -work common_lib -2008 /home/reds/vsn21_student/labo3/code/src_tb/common_lib/common_ctx.vhd 
# -- Loading package STANDARD
# -- Compiling context declaration common_ctx
# End time: 19:50:34 on Apr 28,2021, Elapsed time: 0:00:00
# Errors: 0, Warnings: 0
# vcom +cover -work project_lib -2008 $Path_TB/project_logger_pkg.vhd
# QuestaSim-64 vcom 2020.1_1 Compiler 2020.03 Mar  4 2020
# Start time: 19:50:34 on Apr 28,2021
# vcom "+cover" -work project_lib -2008 /home/reds/vsn21_student/labo3/code/src_tb/project_logger_pkg.vhd 
# -- Loading package STANDARD
# -- Loading context declaration common_ctx
# -- Loading package TEXTIO
# -- Loading package std_logic_1164
# -- Loading package NUMERIC_STD
# -- Loading package std_logic_textio
# -- Loading package logger_pkg
# -- Loading package comparator_pkg
# -- Loading package complex_comparator_pkg
# -- Compiling package project_logger_pkg
# End time: 19:50:35 on Apr 28,2021, Elapsed time: 0:00:01
# Errors: 0, Warnings: 0
# vcom +cover -work project_lib -2008 $Path_TB/project_ctx.vhd
# QuestaSim-64 vcom 2020.1_1 Compiler 2020.03 Mar  4 2020
# Start time: 19:50:35 on Apr 28,2021
# vcom "+cover" -work project_lib -2008 /home/reds/vsn21_student/labo3/code/src_tb/project_ctx.vhd 
# -- Loading package STANDARD
# -- Compiling context declaration project_ctx
# End time: 19:50:36 on Apr 28,2021, Elapsed time: 0:00:01
# Errors: 0, Warnings: 0
# vlib morse
# vcom +cover -2008 -work morse $Path_DUV/morse_pkg.vhd
# QuestaSim-64 vcom 2020.1_1 Compiler 2020.03 Mar  4 2020
# Start time: 19:50:36 on Apr 28,2021
# vcom "+cover" -2008 -work morse /home/reds/vsn21_student/labo3/code/src/morse_pkg.vhd 
# -- Loading package STANDARD
# -- Loading package TEXTIO
# -- Loading package std_logic_1164
# -- Loading package NUMERIC_STD
# -- Compiling package morse_pkg
# -- Compiling package body morse_pkg
# -- Loading package morse_pkg
# End time: 19:50:36 on Apr 28,2021, Elapsed time: 0:00:00
# Errors: 0, Warnings: 0
# vcom +cover -2008 -work morse $Path_DUV/morse_burst_emitter_pkg.vhd
# QuestaSim-64 vcom 2020.1_1 Compiler 2020.03 Mar  4 2020
# Start time: 19:50:37 on Apr 28,2021
# vcom "+cover" -2008 -work morse /home/reds/vsn21_student/labo3/code/src/morse_burst_emitter_pkg.vhd 
# -- Loading package STANDARD
# -- Loading package TEXTIO
# -- Loading package std_logic_1164
# -- Loading package NUMERIC_STD
# -- Compiling package morse_burst_emitter_pkg
# End time: 19:50:37 on Apr 28,2021, Elapsed time: 0:00:00
# Errors: 0, Warnings: 0
# vlib work
# vcom +cover -2008 -work work $Path_DUV/fifo.vhd
# QuestaSim-64 vcom 2020.1_1 Compiler 2020.03 Mar  4 2020
# Start time: 19:50:37 on Apr 28,2021
# vcom "+cover" -2008 -work work /home/reds/vsn21_student/labo3/code/src/fifo.vhd 
# -- Loading package STANDARD
# End time: 19:50:38 on Apr 28,2021, Elapsed time: 0:00:01
# Errors: 0, Warnings: 0
# vcom +cover -2008 -work work $Path_DUV/morse_char_emitter.vhd
# QuestaSim-64 vcom 2020.1_1 Compiler 2020.03 Mar  4 2020
# Start time: 19:50:38 on Apr 28,2021
# vcom "+cover" -2008 -work work /home/reds/vsn21_student/labo3/code/src/morse_char_emitter.vhd 
# -- Loading package STANDARD
# End time: 19:50:39 on Apr 28,2021, Elapsed time: 0:00:01
# Errors: 0, Warnings: 0
# vcom +cover -2008 -work work $Path_DUV/morse_burst_emitter.vhd
# QuestaSim-64 vcom 2020.1_1 Compiler 2020.03 Mar  4 2020
# Start time: 19:50:39 on Apr 28,2021
# vcom "+cover" -2008 -work work /home/reds/vsn21_student/labo3/code/src/morse_burst_emitter.vhd 
# -- Loading package STANDARD
# -- Loading package TEXTIO
# -- Loading package std_logic_1164
# -- Loading package NUMERIC_STD
# -- Loading package morse_pkg
# -- Loading package morse_burst_emitter_pkg
# -- Compiling entity morse_burst_emitter
# End time: 19:50:41 on Apr 28,2021, Elapsed time: 0:00:02
# Errors: 0, Warnings: 0
# vcom +cover -2008 $Path_TB/transactions_pkg.vhd
# QuestaSim-64 vcom 2020.1_1 Compiler 2020.03 Mar  4 2020
# Start time: 19:50:41 on Apr 28,2021
# vcom "+cover" -2008 /home/reds/vsn21_student/labo3/code/src_tb/transactions_pkg.vhd 
# -- Loading package STANDARD
# -- Loading package TEXTIO
# -- Loading package std_logic_1164
# -- Compiling package transactions_pkg
# End time: 19:50:41 on Apr 28,2021, Elapsed time: 0:00:00
# Errors: 0, Warnings: 0
# vcom +cover -2008 $Path_TB/input_agent/input_agent_driver.vhd
# QuestaSim-64 vcom 2020.1_1 Compiler 2020.03 Mar  4 2020
# Start time: 19:50:41 on Apr 28,2021
# vcom "+cover" -2008 /home/reds/vsn21_student/labo3/code/src_tb/input_agent/input_agent_driver.vhd 
# -- Loading package STANDARD
# -- Loading package TEXTIO
# -- Loading package std_logic_1164
# -- Loading package NUMERIC_STD
# -- Loading context declaration tlmvm_context
# -- Loading package heartbeat_pkg
# -- Loading package heartbeat_env_pkg
# -- Loading package objection_pkg
# -- Loading package objection_env_pkg
# -- Loading package ENV
# -- Loading package simulation_end_pkg
# -- Loading package tlm_fifo_pkg
# -- Loading package tlm_unbounded_fifo_pkg
# -- Loading context declaration project_ctx
# -- Loading package MATH_REAL
# -- Loading context declaration common_ctx
# -- Loading package std_logic_textio
# -- Loading package logger_pkg
# -- Loading package comparator_pkg
# -- Loading package complex_comparator_pkg
# -- Loading package project_logger_pkg
# -- Loading package morse_pkg
# -- Loading package morse_burst_emitter_pkg
# -- Loading package transactions_pkg
# -- Compiling entity input_agent_driver
# -- Compiling architecture testbench of input_agent_driver
# End time: 19:50:43 on Apr 28,2021, Elapsed time: 0:00:02
# Errors: 0, Warnings: 0
# vcom +cover -2008 $Path_TB/input_agent/input_agent_monitor.vhd
# QuestaSim-64 vcom 2020.1_1 Compiler 2020.03 Mar  4 2020
# Start time: 19:50:43 on Apr 28,2021
# vcom "+cover" -2008 /home/reds/vsn21_student/labo3/code/src_tb/input_agent/input_agent_monitor.vhd 
# -- Loading package STANDARD
# -- Loading package TEXTIO
# -- Loading package std_logic_1164
# -- Loading package NUMERIC_STD
# -- Loading context declaration tlmvm_context
# -- Loading package heartbeat_pkg
# -- Loading package heartbeat_env_pkg
# -- Loading package objection_pkg
# -- Loading package objection_env_pkg
# -- Loading package ENV
# -- Loading package simulation_end_pkg
# -- Loading package tlm_fifo_pkg
# -- Loading package tlm_unbounded_fifo_pkg
# -- Loading context declaration project_ctx
# -- Loading package MATH_REAL
# -- Loading context declaration common_ctx
# -- Loading package std_logic_textio
# -- Loading package logger_pkg
# -- Loading package comparator_pkg
# -- Loading package complex_comparator_pkg
# -- Loading package project_logger_pkg
# -- Loading package morse_pkg
# -- Loading package morse_burst_emitter_pkg
# -- Loading package transactions_pkg
# -- Compiling entity input_agent_monitor
# -- Compiling architecture testbench of input_agent_monitor
# End time: 19:50:45 on Apr 28,2021, Elapsed time: 0:00:02
# Errors: 0, Warnings: 0
# vcom +cover -2008 $Path_TB/input_agent/input_agent_sequencer.vhd
# QuestaSim-64 vcom 2020.1_1 Compiler 2020.03 Mar  4 2020
# Start time: 19:50:45 on Apr 28,2021
# vcom "+cover" -2008 /home/reds/vsn21_student/labo3/code/src_tb/input_agent/input_agent_sequencer.vhd 
# -- Loading package STANDARD
# -- Loading package TEXTIO
# -- Loading package std_logic_1164
# -- Loading package NUMERIC_STD
# -- Loading context declaration tlmvm_context
# -- Loading package heartbeat_pkg
# -- Loading package heartbeat_env_pkg
# -- Loading package objection_pkg
# -- Loading package objection_env_pkg
# -- Loading package ENV
# -- Loading package simulation_end_pkg
# -- Loading package tlm_fifo_pkg
# -- Loading package tlm_unbounded_fifo_pkg
# -- Loading context declaration project_ctx
# -- Loading package MATH_REAL
# -- Loading context declaration common_ctx
# -- Loading package std_logic_textio
# -- Loading package logger_pkg
# -- Loading package comparator_pkg
# -- Loading package complex_comparator_pkg
# -- Loading package project_logger_pkg
# -- Loading package morse_pkg
# -- Loading package morse_burst_emitter_pkg
# -- Loading package transactions_pkg
# -- Compiling entity input_agent_sequencer
# -- Compiling architecture testbench of input_agent_sequencer
# End time: 19:50:46 on Apr 28,2021, Elapsed time: 0:00:01
# Errors: 0, Warnings: 0
# vcom +cover -2008 $Path_TB/input_agent/input_agent.vhd
# QuestaSim-64 vcom 2020.1_1 Compiler 2020.03 Mar  4 2020
# Start time: 19:50:46 on Apr 28,2021
# vcom "+cover" -2008 /home/reds/vsn21_student/labo3/code/src_tb/input_agent/input_agent.vhd 
# -- Loading package STANDARD
# -- Loading package TEXTIO
# -- Loading package std_logic_1164
# -- Loading package NUMERIC_STD
# -- Loading context declaration tlmvm_context
# -- Loading package heartbeat_pkg
# -- Loading package heartbeat_env_pkg
# -- Loading package objection_pkg
# -- Loading package objection_env_pkg
# -- Loading package ENV
# -- Loading package simulation_end_pkg
# -- Loading package tlm_fifo_pkg
# -- Loading package tlm_unbounded_fifo_pkg
# -- Loading context declaration project_ctx
# -- Loading package MATH_REAL
# -- Loading context declaration common_ctx
# -- Loading package std_logic_textio
# -- Loading package logger_pkg
# -- Loading package comparator_pkg
# -- Loading package complex_comparator_pkg
# -- Loading package project_logger_pkg
# -- Loading package morse_pkg
# -- Loading package morse_burst_emitter_pkg
# -- Loading package transactions_pkg
# -- Compiling entity input_agent
# -- Compiling architecture testbench of input_agent
# -- Loading package body tlm_fifo_pkg
# -- Loading context declaration tlmvm_context
# -- Loading context declaration project_ctx
# -- Loading entity input_agent_sequencer
# -- Loading context declaration tlmvm_context
# -- Loading context declaration project_ctx
# -- Loading entity input_agent_driver
# -- Loading context declaration tlmvm_context
# -- Loading context declaration project_ctx
# -- Loading entity input_agent_monitor
# End time: 19:50:47 on Apr 28,2021, Elapsed time: 0:00:01
# Errors: 0, Warnings: 0
# vcom +cover -2008 $Path_TB/output_agent/output_agent_monitor.vhd
# QuestaSim-64 vcom 2020.1_1 Compiler 2020.03 Mar  4 2020
# Start time: 19:50:47 on Apr 28,2021
# vcom "+cover" -2008 /home/reds/vsn21_student/labo3/code/src_tb/output_agent/output_agent_monitor.vhd 
# -- Loading package STANDARD
# -- Loading package TEXTIO
# -- Loading package std_logic_1164
# -- Loading package NUMERIC_STD
# -- Loading context declaration tlmvm_context
# -- Loading package heartbeat_pkg
# -- Loading package heartbeat_env_pkg
# -- Loading package objection_pkg
# -- Loading package objection_env_pkg
# -- Loading package ENV
# -- Loading package simulation_end_pkg
# -- Loading package tlm_fifo_pkg
# -- Loading package tlm_unbounded_fifo_pkg
# -- Loading context declaration project_ctx
# -- Loading package MATH_REAL
# -- Loading context declaration common_ctx
# -- Loading package std_logic_textio
# -- Loading package logger_pkg
# -- Loading package comparator_pkg
# -- Loading package complex_comparator_pkg
# -- Loading package project_logger_pkg
# -- Loading package morse_pkg
# -- Loading package morse_burst_emitter_pkg
# -- Loading package transactions_pkg
# -- Compiling entity output_agent_monitor
# -- Compiling architecture testbench of output_agent_monitor
# End time: 19:50:48 on Apr 28,2021, Elapsed time: 0:00:01
# Errors: 0, Warnings: 0
# vcom +cover -2008 $Path_TB/output_agent/output_agent.vhd
# QuestaSim-64 vcom 2020.1_1 Compiler 2020.03 Mar  4 2020
# Start time: 19:50:48 on Apr 28,2021
# vcom "+cover" -2008 /home/reds/vsn21_student/labo3/code/src_tb/output_agent/output_agent.vhd 
# -- Loading package STANDARD
# -- Loading package TEXTIO
# -- Loading package std_logic_1164
# -- Loading package NUMERIC_STD
# -- Loading context declaration tlmvm_context
# -- Loading package heartbeat_pkg
# -- Loading package heartbeat_env_pkg
# -- Loading package objection_pkg
# -- Loading package objection_env_pkg
# -- Loading package ENV
# -- Loading package simulation_end_pkg
# -- Loading package tlm_fifo_pkg
# -- Loading package tlm_unbounded_fifo_pkg
# -- Loading package transactions_pkg
# -- Compiling entity output_agent
# -- Compiling architecture testbench of output_agent
# -- Loading context declaration tlmvm_context
# -- Loading context declaration project_ctx
# -- Loading package MATH_REAL
# -- Loading context declaration common_ctx
# -- Loading package std_logic_textio
# -- Loading package logger_pkg
# -- Loading package comparator_pkg
# -- Loading package complex_comparator_pkg
# -- Loading package project_logger_pkg
# -- Loading package morse_pkg
# -- Loading package morse_burst_emitter_pkg
# -- Loading entity output_agent_monitor
# End time: 19:50:49 on Apr 28,2021, Elapsed time: 0:00:01
# Errors: 0, Warnings: 0
# vcom +cover -2008 $Path_TB/scoreboard.vhd
# QuestaSim-64 vcom 2020.1_1 Compiler 2020.03 Mar  4 2020
# Start time: 19:50:49 on Apr 28,2021
# vcom "+cover" -2008 /home/reds/vsn21_student/labo3/code/src_tb/scoreboard.vhd 
# -- Loading package STANDARD
# -- Loading package TEXTIO
# -- Loading package std_logic_1164
# -- Loading package NUMERIC_STD
# -- Loading context declaration tlmvm_context
# -- Loading package heartbeat_pkg
# -- Loading package heartbeat_env_pkg
# -- Loading package objection_pkg
# -- Loading package objection_env_pkg
# -- Loading package ENV
# -- Loading package simulation_end_pkg
# -- Loading package tlm_fifo_pkg
# -- Loading package tlm_unbounded_fifo_pkg
# -- Loading context declaration project_ctx
# -- Loading package MATH_REAL
# -- Loading context declaration common_ctx
# -- Loading package std_logic_textio
# -- Loading package logger_pkg
# -- Loading package comparator_pkg
# -- Loading package complex_comparator_pkg
# -- Loading package project_logger_pkg
# -- Loading package morse_pkg
# -- Loading package morse_burst_emitter_pkg
# -- Loading package transactions_pkg
# -- Compiling entity scoreboard
# -- Compiling architecture testbench of scoreboard
# End time: 19:50:50 on Apr 28,2021, Elapsed time: 0:00:01
# Errors: 0, Warnings: 0
# vcom +cover -2008 $Path_TB/morse_burst_emitter_tb.vhd
# QuestaSim-64 vcom 2020.1_1 Compiler 2020.03 Mar  4 2020
# Start time: 19:50:50 on Apr 28,2021
# vcom "+cover" -2008 /home/reds/vsn21_student/labo3/code/src_tb/morse_burst_emitter_tb.vhd 
# -- Loading package STANDARD
# -- Loading package TEXTIO
# -- Loading package std_logic_1164
# -- Loading package NUMERIC_STD
# -- Loading context declaration tlmvm_context
# -- Loading package heartbeat_pkg
# -- Loading package heartbeat_env_pkg
# -- Loading package objection_pkg
# -- Loading package objection_env_pkg
# -- Loading package ENV
# -- Loading package simulation_end_pkg
# -- Loading package tlm_fifo_pkg
# -- Loading package tlm_unbounded_fifo_pkg
# -- Loading context declaration project_ctx
# -- Loading package MATH_REAL
# -- Loading context declaration common_ctx
# -- Loading package std_logic_textio
# -- Loading package logger_pkg
# -- Loading package comparator_pkg
# -- Loading package complex_comparator_pkg
# -- Loading package project_logger_pkg
# -- Loading package morse_pkg
# -- Loading package morse_burst_emitter_pkg
# -- Loading package transactions_pkg
# -- Compiling entity morse_burst_emitter_tb
# -- Compiling architecture testbench of morse_burst_emitter_tb
# -- Loading package body tlm_unbounded_fifo_pkg
# -- Loading context declaration tlmvm_context
# -- Loading context declaration project_ctx
# -- Loading entity input_agent
# -- Loading context declaration tlmvm_context
# -- Loading entity output_agent
# -- Loading context declaration tlmvm_context
# -- Loading context declaration project_ctx
# -- Loading entity scoreboard
# End time: 19:50:51 on Apr 28,2021, Elapsed time: 0:00:01
# Errors: 0, Warnings: 0
# vsim -coverage -t 10ps -GFIFOSIZE=8 -GTESTCASE=1 -GERRNO=0 work.morse_burst_emitter_tb
# vsim -coverage -t 10ps work.morse_burst_emitter_tb -GTESTCASE=1 -GERRNO=0 -GFIFOSIZE=8 
# Start time: 19:50:51 on Apr 28,2021
# ** Note: (vsim-3812) Design is being optimized...
# //  Questa Sim-64
# //  Version 2020.1_1 linux_x86_64 Mar  4 2020
# //
# //  Copyright 1991-2020 Mentor Graphics Corporation
# //  All Rights Reserved.
# //
# //  QuestaSim and its associated documentation contain trade
# //  secrets and commercial or financial information that are the property of
# //  Mentor Graphics Corporation and are privileged, confidential,
# //  and exempt from disclosure under the Freedom of Information Act,
# //  5 U.S.C. Section 552. Furthermore, this information
# //  is prohibited from disclosure under the Trade Secrets Act,
# //  18 U.S.C. Section 1905.
# //
# Loading std.standard
# Loading std.textio(body)
# Loading ieee.std_logic_1164(body)
# Loading ieee.numeric_std(body)
# Loading tlmvm.heartbeat_pkg(body)
# Loading tlmvm.heartbeat_env_pkg(body)
# Loading tlmvm.objection_pkg(body)
# Loading tlmvm.objection_env_pkg(body)
# Loading std.env(body)
# Loading tlmvm.simulation_end_pkg(body)
# Loading tlmvm.tlm_fifo_pkg(body)
# Loading tlmvm.tlm_unbounded_fifo_pkg(body)
# Loading ieee.math_real(body)
# Loading ieee.std_logic_textio(body)
# Loading project_lib.project_logger_pkg
# Loading morse.morse_pkg(body)
# Loading morse.morse_burst_emitter_pkg
# Loading work.transactions_pkg
# Loading work.morse_burst_emitter_tb(testbench)#1
# Loading tlmvm.simulation_monitor(behave)#1
# Loading work.input_agent(testbench)#1
# Loading work.input_agent_sequencer(testbench)#1
# Loading work.input_agent_driver(testbench)#1
# Loading work.input_agent_monitor(testbench)#1
# Loading work.output_agent(testbench)#1
# Loading work.output_agent_monitor(testbench)#1
# Loading work.scoreboard(testbench)#1
# set StdArithNoWarnings 1
# 1
# set NumericStdNoWarnings 1
# 1
# run 2 ns
# ** Note: Scoreboard waiting for transaction number 0
#    Time: 10 ps  Iteration: 0  Instance: /morse_burst_emitter_tb/scoreboard_inst
# ** Note: Monitor waiting for transaction number 0
#    Time: 10 ps  Iteration: 0  Instance: /morse_burst_emitter_tb/output_agent/output_agent_monitor
# ** Note: Sequencer : Sent transaction number 0
#    Time: 10 ps  Iteration: 0  Instance: /morse_burst_emitter_tb/input_agent/input_agent_sequencer
# set StdArithNoWarnings 0
# 0
# set NumericStdNoWarnings 0
# 0
# run -all
# ** Note: Driver waiting for transaction number 0
#    Time: 40 ns  Iteration: 1  Instance: /morse_burst_emitter_tb/input_agent/input_agent_driver
# ** Note: Driver received transaction number 0
#    Time: 40 ns  Iteration: 1  Instance: /morse_burst_emitter_tb/input_agent/input_agent_driver
# ** Note: Sequencer : Sent transaction number 1
#    Time: 40010 ps  Iteration: 0  Instance: /morse_burst_emitter_tb/input_agent/input_agent_sequencer
# ** Note: Driver waiting for transaction number 1
#    Time: 50 ns  Iteration: 1  Instance: /morse_burst_emitter_tb/input_agent/input_agent_driver
# ** Note: Driver received transaction number 1
#    Time: 50 ns  Iteration: 1  Instance: /morse_burst_emitter_tb/input_agent/input_agent_driver
# ** Note: Sequencer : Sent transaction number 2
#    Time: 50010 ps  Iteration: 0  Instance: /morse_burst_emitter_tb/input_agent/input_agent_sequencer
# ** Note: Driver waiting for transaction number 2
#    Time: 60 ns  Iteration: 1  Instance: /morse_burst_emitter_tb/input_agent/input_agent_driver
# ** Note: Driver received transaction number 2
#    Time: 60 ns  Iteration: 1  Instance: /morse_burst_emitter_tb/input_agent/input_agent_driver
# ** Note: Sequencer : Sent transaction number 3
#    Time: 60010 ps  Iteration: 0  Instance: /morse_burst_emitter_tb/input_agent/input_agent_sequencer
# ** Note: Driver waiting for transaction number 3
#    Time: 70 ns  Iteration: 1  Instance: /morse_burst_emitter_tb/input_agent/input_agent_driver
# ** Note: Driver received transaction number 3
#    Time: 70 ns  Iteration: 1  Instance: /morse_burst_emitter_tb/input_agent/input_agent_driver
# ** Note: Sequencer : Sent transaction number 4
#    Time: 70010 ps  Iteration: 0  Instance: /morse_burst_emitter_tb/input_agent/input_agent_sequencer
# ** Note: Output Monitor received transaction number 0
# Value : 72
# Size : 4
# Char : ....
#    Time: 495 ns  Iteration: 1  Instance: /morse_burst_emitter_tb/output_agent/output_agent_monitor
# ** Note: Scoreboard received transaction number 0
#    Time: 495010 ps  Iteration: 0  Instance: /morse_burst_emitter_tb/scoreboard_inst
# ** Note: Everything's fine for transaction number 0(Scoreboard)
#    Time: 495010 ps  Iteration: 0  Instance: /morse_burst_emitter_tb/scoreboard_inst
# ** Note: Scoreboard waiting for transaction number 1
#    Time: 495010 ps  Iteration: 0  Instance: /morse_burst_emitter_tb/scoreboard_inst
# ** Note: Monitor waiting for transaction number 1
#    Time: 585 ns  Iteration: 1  Instance: /morse_burst_emitter_tb/output_agent/output_agent_monitor
# ** Note: Output Monitor received transaction number 1
# Value : 69
# Size : 1
# Char : .
#    Time: 695 ns  Iteration: 1  Instance: /morse_burst_emitter_tb/output_agent/output_agent_monitor
# ** Note: Scoreboard received transaction number 1
#    Time: 695010 ps  Iteration: 0  Instance: /morse_burst_emitter_tb/scoreboard_inst
# ** Note: Everything's fine for transaction number 1(Scoreboard)
#    Time: 695010 ps  Iteration: 0  Instance: /morse_burst_emitter_tb/scoreboard_inst
# ** Note: Scoreboard waiting for transaction number 2
#    Time: 695010 ps  Iteration: 0  Instance: /morse_burst_emitter_tb/scoreboard_inst
# ** Note: Driver waiting for transaction number 4
#    Time: 770 ns  Iteration: 1  Instance: /morse_burst_emitter_tb/input_agent/input_agent_driver
# ** Note: Driver received transaction number 4
#    Time: 770 ns  Iteration: 1  Instance: /morse_burst_emitter_tb/input_agent/input_agent_driver
# ** Note: Sequencer : Sent transaction number 5
#    Time: 770010 ps  Iteration: 0  Instance: /morse_burst_emitter_tb/input_agent/input_agent_sequencer
# ** Note: Driver waiting for transaction number 5
#    Time: 780 ns  Iteration: 1  Instance: /morse_burst_emitter_tb/input_agent/input_agent_driver
# ** Note: Driver received transaction number 5
#    Time: 780 ns  Iteration: 1  Instance: /morse_burst_emitter_tb/input_agent/input_agent_driver
# ** Note: Sequencer : Sent transaction number 6
#    Time: 780010 ps  Iteration: 0  Instance: /morse_burst_emitter_tb/input_agent/input_agent_sequencer
# ** Note: Driver waiting for transaction number 6
#    Time: 790 ns  Iteration: 1  Instance: /morse_burst_emitter_tb/input_agent/input_agent_driver
# ** Note: Driver received transaction number 6
#    Time: 790 ns  Iteration: 1  Instance: /morse_burst_emitter_tb/input_agent/input_agent_driver
# ** Note: Sequencer : Sent transaction number 7
#    Time: 790010 ps  Iteration: 0  Instance: /morse_burst_emitter_tb/input_agent/input_agent_sequencer
# ** Note: Driver waiting for transaction number 7
#    Time: 800 ns  Iteration: 1  Instance: /morse_burst_emitter_tb/input_agent/input_agent_driver
# ** Note: Driver received transaction number 7
#    Time: 800 ns  Iteration: 1  Instance: /morse_burst_emitter_tb/input_agent/input_agent_driver
# ** Note: Sequencer : Sent transaction number 8
#    Time: 800010 ps  Iteration: 0  Instance: /morse_burst_emitter_tb/input_agent/input_agent_sequencer
# ** Note: Monitor waiting for transaction number 2
#    Time: 815 ns  Iteration: 1  Instance: /morse_burst_emitter_tb/output_agent/output_agent_monitor
# ** Note: Output Monitor received transaction number 2
# Value : 76
# Size : 4
# Char : .-..
#    Time: 1325 ns  Iteration: 1  Instance: /morse_burst_emitter_tb/output_agent/output_agent_monitor
# ** Note: Scoreboard received transaction number 2
#    Time: 1325010 ps  Iteration: 0  Instance: /morse_burst_emitter_tb/scoreboard_inst
# ** Note: Everything's fine for transaction number 2(Scoreboard)
#    Time: 1325010 ps  Iteration: 0  Instance: /morse_burst_emitter_tb/scoreboard_inst
# ** Note: Scoreboard waiting for transaction number 3
#    Time: 1325010 ps  Iteration: 0  Instance: /morse_burst_emitter_tb/scoreboard_inst
# ** Note: Monitor waiting for transaction number 3
#    Time: 1415 ns  Iteration: 1  Instance: /morse_burst_emitter_tb/output_agent/output_agent_monitor
# ** Note: Output Monitor received transaction number 3
# Value : 76
# Size : 4
# Char : .-..
#    Time: 1925 ns  Iteration: 1  Instance: /morse_burst_emitter_tb/output_agent/output_agent_monitor
# ** Note: Scoreboard received transaction number 3
#    Time: 1925010 ps  Iteration: 0  Instance: /morse_burst_emitter_tb/scoreboard_inst
# ** Note: Everything's fine for transaction number 3(Scoreboard)
#    Time: 1925010 ps  Iteration: 0  Instance: /morse_burst_emitter_tb/scoreboard_inst
# ** Note: Scoreboard waiting for transaction number 4
#    Time: 1925010 ps  Iteration: 0  Instance: /morse_burst_emitter_tb/scoreboard_inst
# ** Note: Driver waiting for transaction number 8
#    Time: 2 us  Iteration: 1  Instance: /morse_burst_emitter_tb/input_agent/input_agent_driver
# ** Note: Driver received transaction number 8
#    Time: 2 us  Iteration: 1  Instance: /morse_burst_emitter_tb/input_agent/input_agent_driver
# ** Note: Sequencer : Sent transaction number 9
#    Time: 2000010 ps  Iteration: 0  Instance: /morse_burst_emitter_tb/input_agent/input_agent_sequencer
# ** Note: Driver waiting for transaction number 9
#    Time: 2010 ns  Iteration: 1  Instance: /morse_burst_emitter_tb/input_agent/input_agent_driver
# ** Note: Driver received transaction number 9
#    Time: 2010 ns  Iteration: 1  Instance: /morse_burst_emitter_tb/input_agent/input_agent_driver
# ** Note: Sequencer : Sent transaction number 10
#    Time: 2010010 ps  Iteration: 0  Instance: /morse_burst_emitter_tb/input_agent/input_agent_sequencer
# ** Note: Driver waiting for transaction number 10
#    Time: 2020 ns  Iteration: 1  Instance: /morse_burst_emitter_tb/input_agent/input_agent_driver
# ** Note: Driver received transaction number 10
#    Time: 2020 ns  Iteration: 1  Instance: /morse_burst_emitter_tb/input_agent/input_agent_driver
# ** Note: Sequencer : Sent transaction number 11
#    Time: 2020010 ps  Iteration: 0  Instance: /morse_burst_emitter_tb/input_agent/input_agent_sequencer
# ** Note: Driver waiting for transaction number 11
#    Time: 2030 ns  Iteration: 1  Instance: /morse_burst_emitter_tb/input_agent/input_agent_driver
# ** Note: Driver received transaction number 11
#    Time: 2030 ns  Iteration: 1  Instance: /morse_burst_emitter_tb/input_agent/input_agent_driver
# ** Note: Sequencer : Sent transaction number 12
#    Time: 2030010 ps  Iteration: 0  Instance: /morse_burst_emitter_tb/input_agent/input_agent_sequencer
# ** Note: Monitor waiting for transaction number 4
#    Time: 2045 ns  Iteration: 1  Instance: /morse_burst_emitter_tb/output_agent/output_agent_monitor
# ** Note: Output Monitor received transaction number 4
# Value : 79
# Size : 3
# Char : ---
#    Time: 2655 ns  Iteration: 1  Instance: /morse_burst_emitter_tb/output_agent/output_agent_monitor
# ** Note: Scoreboard received transaction number 4
#    Time: 2655010 ps  Iteration: 0  Instance: /morse_burst_emitter_tb/scoreboard_inst
# ** Note: Everything's fine for transaction number 4(Scoreboard)
#    Time: 2655010 ps  Iteration: 0  Instance: /morse_burst_emitter_tb/scoreboard_inst
# ** Note: Scoreboard waiting for transaction number 5
#    Time: 2655010 ps  Iteration: 0  Instance: /morse_burst_emitter_tb/scoreboard_inst
# ** Note: Driver waiting for transaction number 12
#    Time: 2930 ns  Iteration: 1  Instance: /morse_burst_emitter_tb/input_agent/input_agent_driver
# ** Note: Driver received transaction number 12
#    Time: 2930 ns  Iteration: 1  Instance: /morse_burst_emitter_tb/input_agent/input_agent_driver
# ** Note: Sequencer : Sent transaction number 13
#    Time: 2930010 ps  Iteration: 0  Instance: /morse_burst_emitter_tb/input_agent/input_agent_sequencer
# ** Note: Driver waiting for transaction number 13
#    Time: 2940 ns  Iteration: 1  Instance: /morse_burst_emitter_tb/input_agent/input_agent_driver
# ** Note: Driver received transaction number 13
#    Time: 2940 ns  Iteration: 1  Instance: /morse_burst_emitter_tb/input_agent/input_agent_driver
# ** Note: Sequencer : Sent transaction number 14
#    Time: 2940010 ps  Iteration: 0  Instance: /morse_burst_emitter_tb/input_agent/input_agent_sequencer
# ** Note: Driver waiting for transaction number 14
#    Time: 2950 ns  Iteration: 1  Instance: /morse_burst_emitter_tb/input_agent/input_agent_driver
# ** Note: Driver received transaction number 14
#    Time: 2950 ns  Iteration: 1  Instance: /morse_burst_emitter_tb/input_agent/input_agent_driver
# ** Note: Sequencer : Sent transaction number 15
#    Time: 2950010 ps  Iteration: 0  Instance: /morse_burst_emitter_tb/input_agent/input_agent_sequencer
# ** Note: Monitor waiting for transaction number 5
#    Time: 2955 ns  Iteration: 1  Instance: /morse_burst_emitter_tb/output_agent/output_agent_monitor
# ** Note: Driver waiting for transaction number 15
#    Time: 2960 ns  Iteration: 1  Instance: /morse_burst_emitter_tb/input_agent/input_agent_driver
# ** Note: Driver received transaction number 15
#    Time: 2960 ns  Iteration: 1  Instance: /morse_burst_emitter_tb/input_agent/input_agent_driver
# ** Note: Sequencer : Sent transaction number 16
#    Time: 2960010 ps  Iteration: 0  Instance: /morse_burst_emitter_tb/input_agent/input_agent_sequencer
# ** Note: Output Monitor received transaction number 5
# Value : 32
# Size : 0
# Char : 
#    Time: 2975 ns  Iteration: 1  Instance: /morse_burst_emitter_tb/output_agent/output_agent_monitor
# ** Note: Scoreboard received transaction number 5
#    Time: 2975010 ps  Iteration: 0  Instance: /morse_burst_emitter_tb/scoreboard_inst
# ** Note: Everything's fine for transaction number 5(Scoreboard)
#    Time: 2975010 ps  Iteration: 0  Instance: /morse_burst_emitter_tb/scoreboard_inst
# ** Note: Scoreboard waiting for transaction number 6
#    Time: 2975010 ps  Iteration: 0  Instance: /morse_burst_emitter_tb/scoreboard_inst
# ** Note: Output Monitor received transaction number 6
# Value : 87
# Size : 3
# Char : .--
#    Time: 3485 ns  Iteration: 1  Instance: /morse_burst_emitter_tb/output_agent/output_agent_monitor
# ** Note: Scoreboard received transaction number 6
#    Time: 3485010 ps  Iteration: 0  Instance: /morse_burst_emitter_tb/scoreboard_inst
# ** Note: Everything's fine for transaction number 6(Scoreboard)
#    Time: 3485010 ps  Iteration: 0  Instance: /morse_burst_emitter_tb/scoreboard_inst
# ** Note: Scoreboard waiting for transaction number 7
#    Time: 3485010 ps  Iteration: 0  Instance: /morse_burst_emitter_tb/scoreboard_inst
# ** Note: Monitor waiting for transaction number 7
#    Time: 3575 ns  Iteration: 1  Instance: /morse_burst_emitter_tb/output_agent/output_agent_monitor
# ** Note: Output Monitor received transaction number 7
# Value : 79
# Size : 3
# Char : ---
#    Time: 4185 ns  Iteration: 1  Instance: /morse_burst_emitter_tb/output_agent/output_agent_monitor
# ** Note: Scoreboard received transaction number 7
#    Time: 4185010 ps  Iteration: 0  Instance: /morse_burst_emitter_tb/scoreboard_inst
# ** Note: Everything's fine for transaction number 7(Scoreboard)
#    Time: 4185010 ps  Iteration: 0  Instance: /morse_burst_emitter_tb/scoreboard_inst
# ** Note: Scoreboard waiting for transaction number 8
#    Time: 4185010 ps  Iteration: 0  Instance: /morse_burst_emitter_tb/scoreboard_inst
# ** Note: Driver waiting for transaction number 16
#    Time: 4260 ns  Iteration: 1  Instance: /morse_burst_emitter_tb/input_agent/input_agent_driver
# ** Note: Driver received transaction number 16
#    Time: 4260 ns  Iteration: 1  Instance: /morse_burst_emitter_tb/input_agent/input_agent_driver
# ** Note: Sequencer : Sent transaction number 17
#    Time: 4260010 ps  Iteration: 0  Instance: /morse_burst_emitter_tb/input_agent/input_agent_sequencer
# ** Note: Driver waiting for transaction number 17
#    Time: 4270 ns  Iteration: 1  Instance: /morse_burst_emitter_tb/input_agent/input_agent_driver
# ** Note: Driver received transaction number 17
#    Time: 4270 ns  Iteration: 1  Instance: /morse_burst_emitter_tb/input_agent/input_agent_driver
# ** Note: Sequencer : Sent transaction number 18
#    Time: 4270010 ps  Iteration: 0  Instance: /morse_burst_emitter_tb/input_agent/input_agent_sequencer
# ** Note: Driver waiting for transaction number 18
#    Time: 4280 ns  Iteration: 1  Instance: /morse_burst_emitter_tb/input_agent/input_agent_driver
# ** Note: Driver received transaction number 18
#    Time: 4280 ns  Iteration: 1  Instance: /morse_burst_emitter_tb/input_agent/input_agent_driver
# ** Note: Sequencer : Sent transaction number 19
#    Time: 4280010 ps  Iteration: 0  Instance: /morse_burst_emitter_tb/input_agent/input_agent_sequencer
# ** Note: Driver waiting for transaction number 19
#    Time: 4290 ns  Iteration: 1  Instance: /morse_burst_emitter_tb/input_agent/input_agent_driver
# ** Note: Driver received transaction number 19
#    Time: 4290 ns  Iteration: 1  Instance: /morse_burst_emitter_tb/input_agent/input_agent_driver
# ** Note: Sequencer : Sent transaction number 20
#    Time: 4290010 ps  Iteration: 0  Instance: /morse_burst_emitter_tb/input_agent/input_agent_sequencer
# ** Note: Monitor waiting for transaction number 8
#    Time: 4305 ns  Iteration: 1  Instance: /morse_burst_emitter_tb/output_agent/output_agent_monitor
# ** Note: Output Monitor received transaction number 8
# Value : 82
# Size : 3
# Char : .-.
#    Time: 4715 ns  Iteration: 1  Instance: /morse_burst_emitter_tb/output_agent/output_agent_monitor
# ** Note: Scoreboard received transaction number 8
#    Time: 4715010 ps  Iteration: 0  Instance: /morse_burst_emitter_tb/scoreboard_inst
# ** Note: Everything's fine for transaction number 8(Scoreboard)
#    Time: 4715010 ps  Iteration: 0  Instance: /morse_burst_emitter_tb/scoreboard_inst
# ** Note: Scoreboard waiting for transaction number 9
#    Time: 4715010 ps  Iteration: 0  Instance: /morse_burst_emitter_tb/scoreboard_inst
# ** Note: Monitor waiting for transaction number 9
#    Time: 4805 ns  Iteration: 1  Instance: /morse_burst_emitter_tb/output_agent/output_agent_monitor
# ** Note: Output Monitor received transaction number 9
# Value : 76
# Size : 4
# Char : .-..
#    Time: 5315 ns  Iteration: 1  Instance: /morse_burst_emitter_tb/output_agent/output_agent_monitor
# ** Note: Scoreboard received transaction number 9
#    Time: 5315010 ps  Iteration: 0  Instance: /morse_burst_emitter_tb/scoreboard_inst
# ** Note: Everything's fine for transaction number 9(Scoreboard)
#    Time: 5315010 ps  Iteration: 0  Instance: /morse_burst_emitter_tb/scoreboard_inst
# ** Note: Scoreboard waiting for transaction number 10
#    Time: 5315010 ps  Iteration: 0  Instance: /morse_burst_emitter_tb/scoreboard_inst
# ** Note: Driver waiting for transaction number 20
#    Time: 5390 ns  Iteration: 1  Instance: /morse_burst_emitter_tb/input_agent/input_agent_driver
# ** Note: Driver received transaction number 20
#    Time: 5390 ns  Iteration: 1  Instance: /morse_burst_emitter_tb/input_agent/input_agent_driver
# ** Note: Sequencer : Sent transaction number 21
#    Time: 5390010 ps  Iteration: 0  Instance: /morse_burst_emitter_tb/input_agent/input_agent_sequencer
# ** Note: Sequencer finished his job
#    Time: 5390010 ps  Iteration: 0  Instance: /morse_burst_emitter_tb/input_agent/input_agent_sequencer
# ** Note: Driver waiting for transaction number 21
#    Time: 5400 ns  Iteration: 1  Instance: /morse_burst_emitter_tb/input_agent/input_agent_driver
# ** Note: Driver received transaction number 21
#    Time: 5400 ns  Iteration: 1  Instance: /morse_burst_emitter_tb/input_agent/input_agent_driver
# ** Note: Driver waiting for transaction number 22
#    Time: 5410 ns  Iteration: 1  Instance: /morse_burst_emitter_tb/input_agent/input_agent_driver
# ** Note: Monitor waiting for transaction number 10
#    Time: 5435 ns  Iteration: 1  Instance: /morse_burst_emitter_tb/output_agent/output_agent_monitor
# ** Note: Output Monitor received transaction number 10
# Value : 68
# Size : 3
# Char : -..
#    Time: 5845 ns  Iteration: 1  Instance: /morse_burst_emitter_tb/output_agent/output_agent_monitor
# ** Note: Scoreboard received transaction number 10
#    Time: 5845010 ps  Iteration: 0  Instance: /morse_burst_emitter_tb/scoreboard_inst
# ** Note: Everything's fine for transaction number 10(Scoreboard)
#    Time: 5845010 ps  Iteration: 0  Instance: /morse_burst_emitter_tb/scoreboard_inst
# ** Note: Scoreboard waiting for transaction number 11
#    Time: 5845010 ps  Iteration: 0  Instance: /morse_burst_emitter_tb/scoreboard_inst
# ** Note: Monitor waiting for transaction number 11
#    Time: 6145 ns  Iteration: 1  Instance: /morse_burst_emitter_tb/output_agent/output_agent_monitor
# ** Note: Finishing at time 100000000 ps
#    Time: 100 us  Iteration: 0  Instance: /morse_burst_emitter_tb/monitor
# ** Note: Ending status: Because of no more objections
#    Time: 100 us  Iteration: 0  Instance: /morse_burst_emitter_tb/monitor
# ** Note: --------------------------------
# FINAL report
# Total number of warnings : 0
# Total number of errors : 0
# --------------------------------
#    Time: 100 us  Iteration: 0  Instance: /morse_burst_emitter_tb/monitor
# Break in Process monitor_proc at /home/reds/vsn21_student/labo3/code/comp/../tlmvm/src/simulation_end_pkg.vhd line 175
# Stopped at /home/reds/vsn21_student/labo3/code/comp/../tlmvm/src/simulation_end_pkg.vhd line 175
# coverage attribute -name TESTNAME -value hello_world_nburst
# coverage save ../hello_world_nburst.ucdb
# quit -f
