# set mergefile /home/reds/vsn21_student/labo3/code/VRMDATA/merge.ucdb
# /home/reds/vsn21_student/labo3/code/VRMDATA/merge.ucdb
# set cmd [list vcover merge  -out $mergefile]
# vcover merge -out /home/reds/vsn21_student/labo3/code/VRMDATA/merge.ucdb
# if {[file readable $mergefile]} {lappend cmd $mergefile}
# eval $cmd -inputs /home/reds/vsn21_student/labo3/code/VRMDATA/Full52/directed/hello_world_burst_fifo_nfull/mergeScript.files
# QuestaSim-64 vcover 2020.1_1 Coverage Utility 2020.03 Mar  4 2020
# Start time: 19:51:13 on Apr 28,2021
# vcover merge -out /home/reds/vsn21_student/labo3/code/VRMDATA/merge.ucdb -inputs /home/reds/vsn21_student/labo3/code/VRMDATA/Full52/directed/hello_world_burst_fifo_nfull/mergeScript.files 
# QuestaSim-64 vcover 2020.1_1 Coverage Utility 2020.03 Mar  4 2020
# Merging file /home/reds/vsn21_student/labo3/code/VRMDATA/Full52/directed/hello_world_burst_fifo_nfull.ucdb
# Merging file /home/reds/vsn21_student/labo3/code/VRMDATA/Full52/directed/hello_world_nburst.ucdb
# Merging file /home/reds/vsn21_student/labo3/code/VRMDATA/Full52/directed/all_num_burst_fifo_nfull.ucdb
# Merging file /home/reds/vsn21_student/labo3/code/VRMDATA/Full52/directed/all_char_nburst.ucdb
# Merging file /home/reds/vsn21_student/labo3/code/VRMDATA/Full52/directed/all_num_burst_fifo_full.ucdb
# Writing merged result to /home/reds/vsn21_student/labo3/code/VRMDATA/merge.ucdb
# 
# End time: 19:51:13 on Apr 28,2021, Elapsed time: 0:00:00
# Errors: 0, Warnings: 0
# quit -f
