# file delete -force work
# set Path_DUV "/home/reds/vsn21_student/labo3/code/src"
# /home/reds/vsn21_student/labo3/code/src
# set Path_TB  "/home/reds/vsn21_student/labo3/code/src_tb"
# /home/reds/vsn21_student/labo3/code/src_tb
# global Path_DUV
# global Path_TB
# vlib common_lib
# vcom +cover -work common_lib  -2008 $Path_TB/common_lib/logger_pkg.vhd
# QuestaSim-64 vcom 2020.1_1 Compiler 2020.03 Mar  4 2020
# Start time: 19:50:34 on Apr 28,2021
# vcom "+cover" -work common_lib -2008 /home/reds/vsn21_student/labo3/code/src_tb/common_lib/logger_pkg.vhd 
# -- Loading package STANDARD
# -- Loading package TEXTIO
# -- Loading package std_logic_1164
# -- Loading package NUMERIC_STD
# -- Loading package std_logic_textio
# -- Compiling package logger_pkg
# End time: 19:50:35 on Apr 28,2021, Elapsed time: 0:00:01
# Errors: 0, Warnings: 0
# vcom +cover -work common_lib  -2008 $Path_TB/common_lib/comparator_pkg.vhd
# QuestaSim-64 vcom 2020.1_1 Compiler 2020.03 Mar  4 2020
# Start time: 19:50:35 on Apr 28,2021
# vcom "+cover" -work common_lib -2008 /home/reds/vsn21_student/labo3/code/src_tb/common_lib/comparator_pkg.vhd 
# -- Loading package STANDARD
# -- Loading package TEXTIO
# -- Loading package std_logic_1164
# -- Loading package NUMERIC_STD
# -- Loading package std_logic_textio
# -- Loading package logger_pkg
# -- Compiling package comparator_pkg
# End time: 19:50:35 on Apr 28,2021, Elapsed time: 0:00:00
# Errors: 0, Warnings: 0
# vcom +cover -work common_lib  -2008 $Path_TB/common_lib/complex_comparator_pkg.vhd
# QuestaSim-64 vcom 2020.1_1 Compiler 2020.03 Mar  4 2020
# Start time: 19:50:36 on Apr 28,2021
# vcom "+cover" -work common_lib -2008 /home/reds/vsn21_student/labo3/code/src_tb/common_lib/complex_comparator_pkg.vhd 
# -- Loading package STANDARD
# -- Loading package TEXTIO
# -- Loading package std_logic_1164
# -- Loading package NUMERIC_STD
# -- Loading package std_logic_textio
# -- Loading package logger_pkg
# -- Compiling package complex_comparator_pkg
# End time: 19:50:36 on Apr 28,2021, Elapsed time: 0:00:00
# Errors: 0, Warnings: 0
# vcom +cover -work common_lib  -2008 $Path_TB/common_lib/common_ctx.vhd
# QuestaSim-64 vcom 2020.1_1 Compiler 2020.03 Mar  4 2020
# Start time: 19:50:36 on Apr 28,2021
# vcom "+cover" -work common_lib -2008 /home/reds/vsn21_student/labo3/code/src_tb/common_lib/common_ctx.vhd 
# -- Loading package STANDARD
# -- Compiling context declaration common_ctx
# End time: 19:50:37 on Apr 28,2021, Elapsed time: 0:00:01
# Errors: 0, Warnings: 0
# vcom +cover -work project_lib -2008 $Path_TB/project_logger_pkg.vhd
# QuestaSim-64 vcom 2020.1_1 Compiler 2020.03 Mar  4 2020
# Start time: 19:50:37 on Apr 28,2021
# vcom "+cover" -work project_lib -2008 /home/reds/vsn21_student/labo3/code/src_tb/project_logger_pkg.vhd 
# -- Loading package STANDARD
# -- Loading context declaration common_ctx
# -- Loading package TEXTIO
# -- Loading package std_logic_1164
# -- Loading package NUMERIC_STD
# -- Loading package std_logic_textio
# -- Loading package logger_pkg
# -- Loading package comparator_pkg
# -- Loading package complex_comparator_pkg
# -- Compiling package project_logger_pkg
# End time: 19:50:38 on Apr 28,2021, Elapsed time: 0:00:01
# Errors: 0, Warnings: 0
# vcom +cover -work project_lib -2008 $Path_TB/project_ctx.vhd
# QuestaSim-64 vcom 2020.1_1 Compiler 2020.03 Mar  4 2020
# Start time: 19:50:38 on Apr 28,2021
# vcom "+cover" -work project_lib -2008 /home/reds/vsn21_student/labo3/code/src_tb/project_ctx.vhd 
# -- Loading package STANDARD
# -- Compiling context declaration project_ctx
# End time: 19:50:38 on Apr 28,2021, Elapsed time: 0:00:00
# Errors: 0, Warnings: 0
# vlib morse
# vcom +cover -2008 -work morse $Path_DUV/morse_pkg.vhd
# QuestaSim-64 vcom 2020.1_1 Compiler 2020.03 Mar  4 2020
# Start time: 19:50:39 on Apr 28,2021
# vcom "+cover" -2008 -work morse /home/reds/vsn21_student/labo3/code/src/morse_pkg.vhd 
# -- Loading package STANDARD
# -- Loading package TEXTIO
# -- Loading package std_logic_1164
# -- Loading package NUMERIC_STD
# -- Compiling package morse_pkg
# -- Compiling package body morse_pkg
# -- Loading package morse_pkg
# End time: 19:50:39 on Apr 28,2021, Elapsed time: 0:00:00
# Errors: 0, Warnings: 0
# vcom +cover -2008 -work morse $Path_DUV/morse_burst_emitter_pkg.vhd
# QuestaSim-64 vcom 2020.1_1 Compiler 2020.03 Mar  4 2020
# Start time: 19:50:39 on Apr 28,2021
# vcom "+cover" -2008 -work morse /home/reds/vsn21_student/labo3/code/src/morse_burst_emitter_pkg.vhd 
# -- Loading package STANDARD
# -- Loading package TEXTIO
# -- Loading package std_logic_1164
# -- Loading package NUMERIC_STD
# -- Compiling package morse_burst_emitter_pkg
# End time: 19:50:40 on Apr 28,2021, Elapsed time: 0:00:01
# Errors: 0, Warnings: 0
# vlib work
# vcom +cover -2008 -work work $Path_DUV/fifo.vhd
# QuestaSim-64 vcom 2020.1_1 Compiler 2020.03 Mar  4 2020
# Start time: 19:50:40 on Apr 28,2021
# vcom "+cover" -2008 -work work /home/reds/vsn21_student/labo3/code/src/fifo.vhd 
# -- Loading package STANDARD
# End time: 19:50:41 on Apr 28,2021, Elapsed time: 0:00:01
# Errors: 0, Warnings: 0
# vcom +cover -2008 -work work $Path_DUV/morse_char_emitter.vhd
# QuestaSim-64 vcom 2020.1_1 Compiler 2020.03 Mar  4 2020
# Start time: 19:50:41 on Apr 28,2021
# vcom "+cover" -2008 -work work /home/reds/vsn21_student/labo3/code/src/morse_char_emitter.vhd 
# -- Loading package STANDARD
# End time: 19:50:43 on Apr 28,2021, Elapsed time: 0:00:02
# Errors: 0, Warnings: 0
# vcom +cover -2008 -work work $Path_DUV/morse_burst_emitter.vhd
# QuestaSim-64 vcom 2020.1_1 Compiler 2020.03 Mar  4 2020
# Start time: 19:50:43 on Apr 28,2021
# vcom "+cover" -2008 -work work /home/reds/vsn21_student/labo3/code/src/morse_burst_emitter.vhd 
# -- Loading package STANDARD
# -- Loading package TEXTIO
# -- Loading package std_logic_1164
# -- Loading package NUMERIC_STD
# -- Loading package morse_pkg
# -- Loading package morse_burst_emitter_pkg
# -- Compiling entity morse_burst_emitter
# End time: 19:50:44 on Apr 28,2021, Elapsed time: 0:00:01
# Errors: 0, Warnings: 0
# vcom +cover -2008 $Path_TB/transactions_pkg.vhd
# QuestaSim-64 vcom 2020.1_1 Compiler 2020.03 Mar  4 2020
# Start time: 19:50:44 on Apr 28,2021
# vcom "+cover" -2008 /home/reds/vsn21_student/labo3/code/src_tb/transactions_pkg.vhd 
# -- Loading package STANDARD
# -- Loading package TEXTIO
# -- Loading package std_logic_1164
# -- Compiling package transactions_pkg
# End time: 19:50:45 on Apr 28,2021, Elapsed time: 0:00:01
# Errors: 0, Warnings: 0
# vcom +cover -2008 $Path_TB/input_agent/input_agent_driver.vhd
# QuestaSim-64 vcom 2020.1_1 Compiler 2020.03 Mar  4 2020
# Start time: 19:50:45 on Apr 28,2021
# vcom "+cover" -2008 /home/reds/vsn21_student/labo3/code/src_tb/input_agent/input_agent_driver.vhd 
# -- Loading package STANDARD
# -- Loading package TEXTIO
# -- Loading package std_logic_1164
# -- Loading package NUMERIC_STD
# -- Loading context declaration tlmvm_context
# -- Loading package heartbeat_pkg
# -- Loading package heartbeat_env_pkg
# -- Loading package objection_pkg
# -- Loading package objection_env_pkg
# -- Loading package ENV
# -- Loading package simulation_end_pkg
# -- Loading package tlm_fifo_pkg
# -- Loading package tlm_unbounded_fifo_pkg
# -- Loading context declaration project_ctx
# -- Loading package MATH_REAL
# -- Loading context declaration common_ctx
# -- Loading package std_logic_textio
# -- Loading package logger_pkg
# -- Loading package comparator_pkg
# -- Loading package complex_comparator_pkg
# -- Loading package project_logger_pkg
# -- Loading package morse_pkg
# -- Loading package morse_burst_emitter_pkg
# -- Loading package transactions_pkg
# -- Compiling entity input_agent_driver
# -- Compiling architecture testbench of input_agent_driver
# End time: 19:50:46 on Apr 28,2021, Elapsed time: 0:00:01
# Errors: 0, Warnings: 0
# vcom +cover -2008 $Path_TB/input_agent/input_agent_monitor.vhd
# QuestaSim-64 vcom 2020.1_1 Compiler 2020.03 Mar  4 2020
# Start time: 19:50:46 on Apr 28,2021
# vcom "+cover" -2008 /home/reds/vsn21_student/labo3/code/src_tb/input_agent/input_agent_monitor.vhd 
# -- Loading package STANDARD
# -- Loading package TEXTIO
# -- Loading package std_logic_1164
# -- Loading package NUMERIC_STD
# -- Loading context declaration tlmvm_context
# -- Loading package heartbeat_pkg
# -- Loading package heartbeat_env_pkg
# -- Loading package objection_pkg
# -- Loading package objection_env_pkg
# -- Loading package ENV
# -- Loading package simulation_end_pkg
# -- Loading package tlm_fifo_pkg
# -- Loading package tlm_unbounded_fifo_pkg
# -- Loading context declaration project_ctx
# -- Loading package MATH_REAL
# -- Loading context declaration common_ctx
# -- Loading package std_logic_textio
# -- Loading package logger_pkg
# -- Loading package comparator_pkg
# -- Loading package complex_comparator_pkg
# -- Loading package project_logger_pkg
# -- Loading package morse_pkg
# -- Loading package morse_burst_emitter_pkg
# -- Loading package transactions_pkg
# -- Compiling entity input_agent_monitor
# -- Compiling architecture testbench of input_agent_monitor
# End time: 19:50:47 on Apr 28,2021, Elapsed time: 0:00:01
# Errors: 0, Warnings: 0
# vcom +cover -2008 $Path_TB/input_agent/input_agent_sequencer.vhd
# QuestaSim-64 vcom 2020.1_1 Compiler 2020.03 Mar  4 2020
# Start time: 19:50:47 on Apr 28,2021
# vcom "+cover" -2008 /home/reds/vsn21_student/labo3/code/src_tb/input_agent/input_agent_sequencer.vhd 
# -- Loading package STANDARD
# -- Loading package TEXTIO
# -- Loading package std_logic_1164
# -- Loading package NUMERIC_STD
# -- Loading context declaration tlmvm_context
# -- Loading package heartbeat_pkg
# -- Loading package heartbeat_env_pkg
# -- Loading package objection_pkg
# -- Loading package objection_env_pkg
# -- Loading package ENV
# -- Loading package simulation_end_pkg
# -- Loading package tlm_fifo_pkg
# -- Loading package tlm_unbounded_fifo_pkg
# -- Loading context declaration project_ctx
# -- Loading package MATH_REAL
# -- Loading context declaration common_ctx
# -- Loading package std_logic_textio
# -- Loading package logger_pkg
# -- Loading package comparator_pkg
# -- Loading package complex_comparator_pkg
# -- Loading package project_logger_pkg
# -- Loading package morse_pkg
# -- Loading package morse_burst_emitter_pkg
# -- Loading package transactions_pkg
# -- Compiling entity input_agent_sequencer
# -- Compiling architecture testbench of input_agent_sequencer
# End time: 19:50:49 on Apr 28,2021, Elapsed time: 0:00:02
# Errors: 0, Warnings: 0
# vcom +cover -2008 $Path_TB/input_agent/input_agent.vhd
# QuestaSim-64 vcom 2020.1_1 Compiler 2020.03 Mar  4 2020
# Start time: 19:50:49 on Apr 28,2021
# vcom "+cover" -2008 /home/reds/vsn21_student/labo3/code/src_tb/input_agent/input_agent.vhd 
# -- Loading package STANDARD
# -- Loading package TEXTIO
# -- Loading package std_logic_1164
# -- Loading package NUMERIC_STD
# -- Loading context declaration tlmvm_context
# -- Loading package heartbeat_pkg
# -- Loading package heartbeat_env_pkg
# -- Loading package objection_pkg
# -- Loading package objection_env_pkg
# -- Loading package ENV
# -- Loading package simulation_end_pkg
# -- Loading package tlm_fifo_pkg
# -- Loading package tlm_unbounded_fifo_pkg
# -- Loading context declaration project_ctx
# -- Loading package MATH_REAL
# -- Loading context declaration common_ctx
# -- Loading package std_logic_textio
# -- Loading package logger_pkg
# -- Loading package comparator_pkg
# -- Loading package complex_comparator_pkg
# -- Loading package project_logger_pkg
# -- Loading package morse_pkg
# -- Loading package morse_burst_emitter_pkg
# -- Loading package transactions_pkg
# -- Compiling entity input_agent
# -- Compiling architecture testbench of input_agent
# -- Loading package body tlm_fifo_pkg
# -- Loading context declaration tlmvm_context
# -- Loading context declaration project_ctx
# -- Loading entity input_agent_sequencer
# -- Loading context declaration tlmvm_context
# -- Loading context declaration project_ctx
# -- Loading entity input_agent_driver
# -- Loading context declaration tlmvm_context
# -- Loading context declaration project_ctx
# -- Loading entity input_agent_monitor
# End time: 19:50:50 on Apr 28,2021, Elapsed time: 0:00:01
# Errors: 0, Warnings: 0
# vcom +cover -2008 $Path_TB/output_agent/output_agent_monitor.vhd
# QuestaSim-64 vcom 2020.1_1 Compiler 2020.03 Mar  4 2020
# Start time: 19:50:50 on Apr 28,2021
# vcom "+cover" -2008 /home/reds/vsn21_student/labo3/code/src_tb/output_agent/output_agent_monitor.vhd 
# -- Loading package STANDARD
# -- Loading package TEXTIO
# -- Loading package std_logic_1164
# -- Loading package NUMERIC_STD
# -- Loading context declaration tlmvm_context
# -- Loading package heartbeat_pkg
# -- Loading package heartbeat_env_pkg
# -- Loading package objection_pkg
# -- Loading package objection_env_pkg
# -- Loading package ENV
# -- Loading package simulation_end_pkg
# -- Loading package tlm_fifo_pkg
# -- Loading package tlm_unbounded_fifo_pkg
# -- Loading context declaration project_ctx
# -- Loading package MATH_REAL
# -- Loading context declaration common_ctx
# -- Loading package std_logic_textio
# -- Loading package logger_pkg
# -- Loading package comparator_pkg
# -- Loading package complex_comparator_pkg
# -- Loading package project_logger_pkg
# -- Loading package morse_pkg
# -- Loading package morse_burst_emitter_pkg
# -- Loading package transactions_pkg
# -- Compiling entity output_agent_monitor
# -- Compiling architecture testbench of output_agent_monitor
# End time: 19:50:51 on Apr 28,2021, Elapsed time: 0:00:01
# Errors: 0, Warnings: 0
# vcom +cover -2008 $Path_TB/output_agent/output_agent.vhd
# QuestaSim-64 vcom 2020.1_1 Compiler 2020.03 Mar  4 2020
# Start time: 19:50:51 on Apr 28,2021
# vcom "+cover" -2008 /home/reds/vsn21_student/labo3/code/src_tb/output_agent/output_agent.vhd 
# -- Loading package STANDARD
# -- Loading package TEXTIO
# -- Loading package std_logic_1164
# -- Loading package NUMERIC_STD
# -- Loading context declaration tlmvm_context
# -- Loading package heartbeat_pkg
# -- Loading package heartbeat_env_pkg
# -- Loading package objection_pkg
# -- Loading package objection_env_pkg
# -- Loading package ENV
# -- Loading package simulation_end_pkg
# -- Loading package tlm_fifo_pkg
# -- Loading package tlm_unbounded_fifo_pkg
# -- Loading package transactions_pkg
# -- Compiling entity output_agent
# -- Compiling architecture testbench of output_agent
# -- Loading context declaration tlmvm_context
# -- Loading context declaration project_ctx
# -- Loading package MATH_REAL
# -- Loading context declaration common_ctx
# -- Loading package std_logic_textio
# -- Loading package logger_pkg
# -- Loading package comparator_pkg
# -- Loading package complex_comparator_pkg
# -- Loading package project_logger_pkg
# -- Loading package morse_pkg
# -- Loading package morse_burst_emitter_pkg
# -- Loading entity output_agent_monitor
# End time: 19:50:53 on Apr 28,2021, Elapsed time: 0:00:02
# Errors: 0, Warnings: 0
# vcom +cover -2008 $Path_TB/scoreboard.vhd
# QuestaSim-64 vcom 2020.1_1 Compiler 2020.03 Mar  4 2020
# Start time: 19:50:53 on Apr 28,2021
# vcom "+cover" -2008 /home/reds/vsn21_student/labo3/code/src_tb/scoreboard.vhd 
# -- Loading package STANDARD
# -- Loading package TEXTIO
# -- Loading package std_logic_1164
# -- Loading package NUMERIC_STD
# -- Loading context declaration tlmvm_context
# -- Loading package heartbeat_pkg
# -- Loading package heartbeat_env_pkg
# -- Loading package objection_pkg
# -- Loading package objection_env_pkg
# -- Loading package ENV
# -- Loading package simulation_end_pkg
# -- Loading package tlm_fifo_pkg
# -- Loading package tlm_unbounded_fifo_pkg
# -- Loading context declaration project_ctx
# -- Loading package MATH_REAL
# -- Loading context declaration common_ctx
# -- Loading package std_logic_textio
# -- Loading package logger_pkg
# -- Loading package comparator_pkg
# -- Loading package complex_comparator_pkg
# -- Loading package project_logger_pkg
# -- Loading package morse_pkg
# -- Loading package morse_burst_emitter_pkg
# -- Loading package transactions_pkg
# -- Compiling entity scoreboard
# -- Compiling architecture testbench of scoreboard
# End time: 19:50:54 on Apr 28,2021, Elapsed time: 0:00:01
# Errors: 0, Warnings: 0
# vcom +cover -2008 $Path_TB/morse_burst_emitter_tb.vhd
# QuestaSim-64 vcom 2020.1_1 Compiler 2020.03 Mar  4 2020
# Start time: 19:50:54 on Apr 28,2021
# vcom "+cover" -2008 /home/reds/vsn21_student/labo3/code/src_tb/morse_burst_emitter_tb.vhd 
# -- Loading package STANDARD
# -- Loading package TEXTIO
# -- Loading package std_logic_1164
# -- Loading package NUMERIC_STD
# -- Loading context declaration tlmvm_context
# -- Loading package heartbeat_pkg
# -- Loading package heartbeat_env_pkg
# -- Loading package objection_pkg
# -- Loading package objection_env_pkg
# -- Loading package ENV
# -- Loading package simulation_end_pkg
# -- Loading package tlm_fifo_pkg
# -- Loading package tlm_unbounded_fifo_pkg
# -- Loading context declaration project_ctx
# -- Loading package MATH_REAL
# -- Loading context declaration common_ctx
# -- Loading package std_logic_textio
# -- Loading package logger_pkg
# -- Loading package comparator_pkg
# -- Loading package complex_comparator_pkg
# -- Loading package project_logger_pkg
# -- Loading package morse_pkg
# -- Loading package morse_burst_emitter_pkg
# -- Loading package transactions_pkg
# -- Compiling entity morse_burst_emitter_tb
# -- Compiling architecture testbench of morse_burst_emitter_tb
# -- Loading package body tlm_unbounded_fifo_pkg
# -- Loading context declaration tlmvm_context
# -- Loading context declaration project_ctx
# -- Loading entity input_agent
# -- Loading context declaration tlmvm_context
# -- Loading entity output_agent
# -- Loading context declaration tlmvm_context
# -- Loading context declaration project_ctx
# -- Loading entity scoreboard
# End time: 19:50:56 on Apr 28,2021, Elapsed time: 0:00:02
# Errors: 0, Warnings: 0
# vsim -coverage -t 10ps -GFIFOSIZE=8 -GTESTCASE=8 -GERRNO=0 work.morse_burst_emitter_tb
# vsim -coverage -t 10ps work.morse_burst_emitter_tb -GTESTCASE=8 -GERRNO=0 -GFIFOSIZE=8 
# Start time: 19:50:56 on Apr 28,2021
# ** Note: (vsim-3812) Design is being optimized...
# //  Questa Sim-64
# //  Version 2020.1_1 linux_x86_64 Mar  4 2020
# //
# //  Copyright 1991-2020 Mentor Graphics Corporation
# //  All Rights Reserved.
# //
# //  QuestaSim and its associated documentation contain trade
# //  secrets and commercial or financial information that are the property of
# //  Mentor Graphics Corporation and are privileged, confidential,
# //  and exempt from disclosure under the Freedom of Information Act,
# //  5 U.S.C. Section 552. Furthermore, this information
# //  is prohibited from disclosure under the Trade Secrets Act,
# //  18 U.S.C. Section 1905.
# //
# Loading std.standard
# Loading std.textio(body)
# Loading ieee.std_logic_1164(body)
# Loading ieee.numeric_std(body)
# Loading tlmvm.heartbeat_pkg(body)
# Loading tlmvm.heartbeat_env_pkg(body)
# Loading tlmvm.objection_pkg(body)
# Loading tlmvm.objection_env_pkg(body)
# Loading std.env(body)
# Loading tlmvm.simulation_end_pkg(body)
# Loading tlmvm.tlm_fifo_pkg(body)
# Loading tlmvm.tlm_unbounded_fifo_pkg(body)
# Loading ieee.math_real(body)
# Loading ieee.std_logic_textio(body)
# Loading project_lib.project_logger_pkg
# Loading morse.morse_pkg(body)
# Loading morse.morse_burst_emitter_pkg
# Loading work.transactions_pkg
# Loading work.morse_burst_emitter_tb(testbench)#1
# Loading tlmvm.simulation_monitor(behave)#1
# Loading work.input_agent(testbench)#1
# Loading work.input_agent_sequencer(testbench)#1
# Loading work.input_agent_driver(testbench)#1
# Loading work.input_agent_monitor(testbench)#1
# Loading work.output_agent(testbench)#1
# Loading work.output_agent_monitor(testbench)#1
# Loading work.scoreboard(testbench)#1
# set StdArithNoWarnings 1
# 1
# set NumericStdNoWarnings 1
# 1
# run 2 ns
# ** Note: Scoreboard waiting for transaction number 0
#    Time: 10 ps  Iteration: 0  Instance: /morse_burst_emitter_tb/scoreboard_inst
# ** Note: Monitor waiting for transaction number 0
#    Time: 10 ps  Iteration: 0  Instance: /morse_burst_emitter_tb/output_agent/output_agent_monitor
# ** Note: Sequencer : Sent transaction number 0
#    Time: 10 ps  Iteration: 0  Instance: /morse_burst_emitter_tb/input_agent/input_agent_sequencer
# set StdArithNoWarnings 0
# 0
# set NumericStdNoWarnings 0
# 0
# run -all
# ** Note: Driver waiting for transaction number 0
#    Time: 40 ns  Iteration: 1  Instance: /morse_burst_emitter_tb/input_agent/input_agent_driver
# ** Note: Driver received transaction number 0
#    Time: 40 ns  Iteration: 1  Instance: /morse_burst_emitter_tb/input_agent/input_agent_driver
# ** Note: Sequencer : Sent transaction number 1
#    Time: 40010 ps  Iteration: 0  Instance: /morse_burst_emitter_tb/input_agent/input_agent_sequencer
# ** Note: Driver waiting for transaction number 1
#    Time: 50 ns  Iteration: 1  Instance: /morse_burst_emitter_tb/input_agent/input_agent_driver
# ** Note: Driver received transaction number 1
#    Time: 50 ns  Iteration: 1  Instance: /morse_burst_emitter_tb/input_agent/input_agent_driver
# ** Note: Sequencer : Sent transaction number 2
#    Time: 50010 ps  Iteration: 0  Instance: /morse_burst_emitter_tb/input_agent/input_agent_sequencer
# ** Note: Driver waiting for transaction number 2
#    Time: 60 ns  Iteration: 1  Instance: /morse_burst_emitter_tb/input_agent/input_agent_driver
# ** Note: Driver received transaction number 2
#    Time: 60 ns  Iteration: 1  Instance: /morse_burst_emitter_tb/input_agent/input_agent_driver
# ** Note: Sequencer : Sent transaction number 3
#    Time: 60010 ps  Iteration: 0  Instance: /morse_burst_emitter_tb/input_agent/input_agent_sequencer
# ** Note: Driver waiting for transaction number 3
#    Time: 70 ns  Iteration: 1  Instance: /morse_burst_emitter_tb/input_agent/input_agent_driver
# ** Note: Driver received transaction number 3
#    Time: 70 ns  Iteration: 1  Instance: /morse_burst_emitter_tb/input_agent/input_agent_driver
# ** Note: Sequencer : Sent transaction number 4
#    Time: 70010 ps  Iteration: 0  Instance: /morse_burst_emitter_tb/input_agent/input_agent_sequencer
# ** Note: Driver waiting for transaction number 4
#    Time: 80 ns  Iteration: 1  Instance: /morse_burst_emitter_tb/input_agent/input_agent_driver
# ** Note: Driver received transaction number 4
#    Time: 80 ns  Iteration: 1  Instance: /morse_burst_emitter_tb/input_agent/input_agent_driver
# ** Note: Sequencer : Sent transaction number 5
#    Time: 80010 ps  Iteration: 0  Instance: /morse_burst_emitter_tb/input_agent/input_agent_sequencer
# ** Note: Driver waiting for transaction number 5
#    Time: 90 ns  Iteration: 1  Instance: /morse_burst_emitter_tb/input_agent/input_agent_driver
# ** Note: Driver received transaction number 5
#    Time: 90 ns  Iteration: 1  Instance: /morse_burst_emitter_tb/input_agent/input_agent_driver
# ** Note: Sequencer : Sent transaction number 6
#    Time: 90010 ps  Iteration: 0  Instance: /morse_burst_emitter_tb/input_agent/input_agent_sequencer
# ** Note: Driver waiting for transaction number 6
#    Time: 100 ns  Iteration: 1  Instance: /morse_burst_emitter_tb/input_agent/input_agent_driver
# ** Note: Driver received transaction number 6
#    Time: 100 ns  Iteration: 1  Instance: /morse_burst_emitter_tb/input_agent/input_agent_driver
# ** Note: Sequencer : Sent transaction number 7
#    Time: 100010 ps  Iteration: 0  Instance: /morse_burst_emitter_tb/input_agent/input_agent_sequencer
# ** Note: Driver waiting for transaction number 7
#    Time: 110 ns  Iteration: 1  Instance: /morse_burst_emitter_tb/input_agent/input_agent_driver
# ** Note: Driver received transaction number 7
#    Time: 110 ns  Iteration: 1  Instance: /morse_burst_emitter_tb/input_agent/input_agent_driver
# ** Note: Sequencer : Sent transaction number 8
#    Time: 110010 ps  Iteration: 0  Instance: /morse_burst_emitter_tb/input_agent/input_agent_sequencer
# ** Note: Driver waiting for transaction number 8
#    Time: 120 ns  Iteration: 1  Instance: /morse_burst_emitter_tb/input_agent/input_agent_driver
# ** Note: Driver received transaction number 8
#    Time: 120 ns  Iteration: 1  Instance: /morse_burst_emitter_tb/input_agent/input_agent_driver
# ** Note: Sequencer : Sent transaction number 9
#    Time: 120010 ps  Iteration: 0  Instance: /morse_burst_emitter_tb/input_agent/input_agent_sequencer
# ** Note: Driver waiting for transaction number 9
#    Time: 130 ns  Iteration: 1  Instance: /morse_burst_emitter_tb/input_agent/input_agent_driver
# ** Note: Driver received transaction number 9
#    Time: 130 ns  Iteration: 1  Instance: /morse_burst_emitter_tb/input_agent/input_agent_driver
# ** Note: Sequencer : Sent transaction number 10
#    Time: 130010 ps  Iteration: 0  Instance: /morse_burst_emitter_tb/input_agent/input_agent_sequencer
# ** Note: Driver waiting for transaction number 10
#    Time: 140 ns  Iteration: 1  Instance: /morse_burst_emitter_tb/input_agent/input_agent_driver
# ** Note: Driver received transaction number 10
#    Time: 140 ns  Iteration: 1  Instance: /morse_burst_emitter_tb/input_agent/input_agent_driver
# ** Note: Sequencer : Sent transaction number 11
#    Time: 140010 ps  Iteration: 0  Instance: /morse_burst_emitter_tb/input_agent/input_agent_sequencer
# ** Note: Output Monitor received transaction number 0
# Value : 65
# Size : 2
# Char : .-
#    Time: 395 ns  Iteration: 1  Instance: /morse_burst_emitter_tb/output_agent/output_agent_monitor
# ** Note: Scoreboard received transaction number 0
#    Time: 395010 ps  Iteration: 0  Instance: /morse_burst_emitter_tb/scoreboard_inst
# ** Note: Everything's fine for transaction number 0(Scoreboard)
#    Time: 395010 ps  Iteration: 0  Instance: /morse_burst_emitter_tb/scoreboard_inst
# ** Note: Scoreboard waiting for transaction number 1
#    Time: 395010 ps  Iteration: 0  Instance: /morse_burst_emitter_tb/scoreboard_inst
# ** Note: Driver waiting for transaction number 11
#    Time: 480 ns  Iteration: 1  Instance: /morse_burst_emitter_tb/input_agent/input_agent_driver
# ** Note: Driver received transaction number 11
#    Time: 480 ns  Iteration: 1  Instance: /morse_burst_emitter_tb/input_agent/input_agent_driver
# ** Note: Sequencer : Sent transaction number 12
#    Time: 480010 ps  Iteration: 0  Instance: /morse_burst_emitter_tb/input_agent/input_agent_sequencer
# ** Note: Monitor waiting for transaction number 1
#    Time: 485 ns  Iteration: 1  Instance: /morse_burst_emitter_tb/output_agent/output_agent_monitor
# ** Note: Output Monitor received transaction number 1
# Value : 65
# Size : 2
# Char : .-
#    Time: 795 ns  Iteration: 1  Instance: /morse_burst_emitter_tb/output_agent/output_agent_monitor
# ** Note: Scoreboard received transaction number 1
#    Time: 795010 ps  Iteration: 0  Instance: /morse_burst_emitter_tb/scoreboard_inst
# ** Note: Everything's fine for transaction number 1(Scoreboard)
#    Time: 795010 ps  Iteration: 0  Instance: /morse_burst_emitter_tb/scoreboard_inst
# ** Note: Scoreboard waiting for transaction number 2
#    Time: 795010 ps  Iteration: 0  Instance: /morse_burst_emitter_tb/scoreboard_inst
# ** Note: Driver waiting for transaction number 12
#    Time: 880 ns  Iteration: 1  Instance: /morse_burst_emitter_tb/input_agent/input_agent_driver
# ** Note: Driver received transaction number 12
#    Time: 880 ns  Iteration: 1  Instance: /morse_burst_emitter_tb/input_agent/input_agent_driver
# ** Note: Sequencer : Sent transaction number 13
#    Time: 880010 ps  Iteration: 0  Instance: /morse_burst_emitter_tb/input_agent/input_agent_sequencer
# ** Note: Monitor waiting for transaction number 2
#    Time: 885 ns  Iteration: 1  Instance: /morse_burst_emitter_tb/output_agent/output_agent_monitor
# ** Note: Output Monitor received transaction number 2
# Value : 66
# Size : 4
# Char : -...
#    Time: 1395 ns  Iteration: 1  Instance: /morse_burst_emitter_tb/output_agent/output_agent_monitor
# ** Note: Scoreboard received transaction number 2
#    Time: 1395010 ps  Iteration: 0  Instance: /morse_burst_emitter_tb/scoreboard_inst
# ** Note: Everything's fine for transaction number 2(Scoreboard)
#    Time: 1395010 ps  Iteration: 0  Instance: /morse_burst_emitter_tb/scoreboard_inst
# ** Note: Scoreboard waiting for transaction number 3
#    Time: 1395010 ps  Iteration: 0  Instance: /morse_burst_emitter_tb/scoreboard_inst
# ** Note: Driver waiting for transaction number 13
#    Time: 1480 ns  Iteration: 1  Instance: /morse_burst_emitter_tb/input_agent/input_agent_driver
# ** Note: Driver received transaction number 13
#    Time: 1480 ns  Iteration: 1  Instance: /morse_burst_emitter_tb/input_agent/input_agent_driver
# ** Note: Sequencer : Sent transaction number 14
#    Time: 1480010 ps  Iteration: 0  Instance: /morse_burst_emitter_tb/input_agent/input_agent_sequencer
# ** Note: Monitor waiting for transaction number 3
#    Time: 1485 ns  Iteration: 1  Instance: /morse_burst_emitter_tb/output_agent/output_agent_monitor
# ** Note: Output Monitor received transaction number 3
# Value : 66
# Size : 4
# Char : -...
#    Time: 1995 ns  Iteration: 1  Instance: /morse_burst_emitter_tb/output_agent/output_agent_monitor
# ** Note: Scoreboard received transaction number 3
#    Time: 1995010 ps  Iteration: 0  Instance: /morse_burst_emitter_tb/scoreboard_inst
# ** Note: Everything's fine for transaction number 3(Scoreboard)
#    Time: 1995010 ps  Iteration: 0  Instance: /morse_burst_emitter_tb/scoreboard_inst
# ** Note: Scoreboard waiting for transaction number 4
#    Time: 1995010 ps  Iteration: 0  Instance: /morse_burst_emitter_tb/scoreboard_inst
# ** Note: Driver waiting for transaction number 14
#    Time: 2080 ns  Iteration: 1  Instance: /morse_burst_emitter_tb/input_agent/input_agent_driver
# ** Note: Driver received transaction number 14
#    Time: 2080 ns  Iteration: 1  Instance: /morse_burst_emitter_tb/input_agent/input_agent_driver
# ** Note: Sequencer : Sent transaction number 15
#    Time: 2080010 ps  Iteration: 0  Instance: /morse_burst_emitter_tb/input_agent/input_agent_sequencer
# ** Note: Monitor waiting for transaction number 4
#    Time: 2085 ns  Iteration: 1  Instance: /morse_burst_emitter_tb/output_agent/output_agent_monitor
# ** Note: Output Monitor received transaction number 4
# Value : 67
# Size : 4
# Char : -.-.
#    Time: 2695 ns  Iteration: 1  Instance: /morse_burst_emitter_tb/output_agent/output_agent_monitor
# ** Note: Scoreboard received transaction number 4
#    Time: 2695010 ps  Iteration: 0  Instance: /morse_burst_emitter_tb/scoreboard_inst
# ** Note: Everything's fine for transaction number 4(Scoreboard)
#    Time: 2695010 ps  Iteration: 0  Instance: /morse_burst_emitter_tb/scoreboard_inst
# ** Note: Scoreboard waiting for transaction number 5
#    Time: 2695010 ps  Iteration: 0  Instance: /morse_burst_emitter_tb/scoreboard_inst
# ** Note: Driver waiting for transaction number 15
#    Time: 2780 ns  Iteration: 1  Instance: /morse_burst_emitter_tb/input_agent/input_agent_driver
# ** Note: Driver received transaction number 15
#    Time: 2780 ns  Iteration: 1  Instance: /morse_burst_emitter_tb/input_agent/input_agent_driver
# ** Note: Sequencer : Sent transaction number 16
#    Time: 2780010 ps  Iteration: 0  Instance: /morse_burst_emitter_tb/input_agent/input_agent_sequencer
# ** Note: Monitor waiting for transaction number 5
#    Time: 2785 ns  Iteration: 1  Instance: /morse_burst_emitter_tb/output_agent/output_agent_monitor
# ** Note: Output Monitor received transaction number 5
# Value : 67
# Size : 4
# Char : -.-.
#    Time: 3395 ns  Iteration: 1  Instance: /morse_burst_emitter_tb/output_agent/output_agent_monitor
# ** Note: Scoreboard received transaction number 5
#    Time: 3395010 ps  Iteration: 0  Instance: /morse_burst_emitter_tb/scoreboard_inst
# ** Note: Everything's fine for transaction number 5(Scoreboard)
#    Time: 3395010 ps  Iteration: 0  Instance: /morse_burst_emitter_tb/scoreboard_inst
# ** Note: Scoreboard waiting for transaction number 6
#    Time: 3395010 ps  Iteration: 0  Instance: /morse_burst_emitter_tb/scoreboard_inst
# ** Note: Driver waiting for transaction number 16
#    Time: 3480 ns  Iteration: 1  Instance: /morse_burst_emitter_tb/input_agent/input_agent_driver
# ** Note: Driver received transaction number 16
#    Time: 3480 ns  Iteration: 1  Instance: /morse_burst_emitter_tb/input_agent/input_agent_driver
# ** Note: Sequencer : Sent transaction number 17
#    Time: 3480010 ps  Iteration: 0  Instance: /morse_burst_emitter_tb/input_agent/input_agent_sequencer
# ** Note: Monitor waiting for transaction number 6
#    Time: 3485 ns  Iteration: 1  Instance: /morse_burst_emitter_tb/output_agent/output_agent_monitor
# ** Note: Output Monitor received transaction number 6
# Value : 68
# Size : 3
# Char : -..
#    Time: 3895 ns  Iteration: 1  Instance: /morse_burst_emitter_tb/output_agent/output_agent_monitor
# ** Note: Scoreboard received transaction number 6
#    Time: 3895010 ps  Iteration: 0  Instance: /morse_burst_emitter_tb/scoreboard_inst
# ** Note: Everything's fine for transaction number 6(Scoreboard)
#    Time: 3895010 ps  Iteration: 0  Instance: /morse_burst_emitter_tb/scoreboard_inst
# ** Note: Scoreboard waiting for transaction number 7
#    Time: 3895010 ps  Iteration: 0  Instance: /morse_burst_emitter_tb/scoreboard_inst
# ** Note: Driver waiting for transaction number 17
#    Time: 3980 ns  Iteration: 1  Instance: /morse_burst_emitter_tb/input_agent/input_agent_driver
# ** Note: Driver received transaction number 17
#    Time: 3980 ns  Iteration: 1  Instance: /morse_burst_emitter_tb/input_agent/input_agent_driver
# ** Note: Sequencer : Sent transaction number 18
#    Time: 3980010 ps  Iteration: 0  Instance: /morse_burst_emitter_tb/input_agent/input_agent_sequencer
# ** Note: Monitor waiting for transaction number 7
#    Time: 3985 ns  Iteration: 1  Instance: /morse_burst_emitter_tb/output_agent/output_agent_monitor
# ** Note: Output Monitor received transaction number 7
# Value : 68
# Size : 3
# Char : -..
#    Time: 4395 ns  Iteration: 1  Instance: /morse_burst_emitter_tb/output_agent/output_agent_monitor
# ** Note: Scoreboard received transaction number 7
#    Time: 4395010 ps  Iteration: 0  Instance: /morse_burst_emitter_tb/scoreboard_inst
# ** Note: Everything's fine for transaction number 7(Scoreboard)
#    Time: 4395010 ps  Iteration: 0  Instance: /morse_burst_emitter_tb/scoreboard_inst
# ** Note: Scoreboard waiting for transaction number 8
#    Time: 4395010 ps  Iteration: 0  Instance: /morse_burst_emitter_tb/scoreboard_inst
# ** Note: Driver waiting for transaction number 18
#    Time: 4480 ns  Iteration: 1  Instance: /morse_burst_emitter_tb/input_agent/input_agent_driver
# ** Note: Driver received transaction number 18
#    Time: 4480 ns  Iteration: 1  Instance: /morse_burst_emitter_tb/input_agent/input_agent_driver
# ** Note: Sequencer : Sent transaction number 19
#    Time: 4480010 ps  Iteration: 0  Instance: /morse_burst_emitter_tb/input_agent/input_agent_sequencer
# ** Note: Monitor waiting for transaction number 8
#    Time: 4485 ns  Iteration: 1  Instance: /morse_burst_emitter_tb/output_agent/output_agent_monitor
# ** Note: Output Monitor received transaction number 8
# Value : 69
# Size : 1
# Char : .
#    Time: 4595 ns  Iteration: 1  Instance: /morse_burst_emitter_tb/output_agent/output_agent_monitor
# ** Note: Scoreboard received transaction number 8
#    Time: 4595010 ps  Iteration: 0  Instance: /morse_burst_emitter_tb/scoreboard_inst
# ** Note: Everything's fine for transaction number 8(Scoreboard)
#    Time: 4595010 ps  Iteration: 0  Instance: /morse_burst_emitter_tb/scoreboard_inst
# ** Note: Scoreboard waiting for transaction number 9
#    Time: 4595010 ps  Iteration: 0  Instance: /morse_burst_emitter_tb/scoreboard_inst
# ** Note: Driver waiting for transaction number 19
#    Time: 4680 ns  Iteration: 1  Instance: /morse_burst_emitter_tb/input_agent/input_agent_driver
# ** Note: Driver received transaction number 19
#    Time: 4680 ns  Iteration: 1  Instance: /morse_burst_emitter_tb/input_agent/input_agent_driver
# ** Note: Sequencer : Sent transaction number 20
#    Time: 4680010 ps  Iteration: 0  Instance: /morse_burst_emitter_tb/input_agent/input_agent_sequencer
# ** Note: Monitor waiting for transaction number 9
#    Time: 4685 ns  Iteration: 1  Instance: /morse_burst_emitter_tb/output_agent/output_agent_monitor
# ** Note: Output Monitor received transaction number 9
# Value : 69
# Size : 1
# Char : .
#    Time: 4795 ns  Iteration: 1  Instance: /morse_burst_emitter_tb/output_agent/output_agent_monitor
# ** Note: Scoreboard received transaction number 9
#    Time: 4795010 ps  Iteration: 0  Instance: /morse_burst_emitter_tb/scoreboard_inst
# ** Note: Everything's fine for transaction number 9(Scoreboard)
#    Time: 4795010 ps  Iteration: 0  Instance: /morse_burst_emitter_tb/scoreboard_inst
# ** Note: Scoreboard waiting for transaction number 10
#    Time: 4795010 ps  Iteration: 0  Instance: /morse_burst_emitter_tb/scoreboard_inst
# ** Note: Driver waiting for transaction number 20
#    Time: 4880 ns  Iteration: 1  Instance: /morse_burst_emitter_tb/input_agent/input_agent_driver
# ** Note: Driver received transaction number 20
#    Time: 4880 ns  Iteration: 1  Instance: /morse_burst_emitter_tb/input_agent/input_agent_driver
# ** Note: Sequencer : Sent transaction number 21
#    Time: 4880010 ps  Iteration: 0  Instance: /morse_burst_emitter_tb/input_agent/input_agent_sequencer
# ** Note: Monitor waiting for transaction number 10
#    Time: 4885 ns  Iteration: 1  Instance: /morse_burst_emitter_tb/output_agent/output_agent_monitor
# ** Note: Output Monitor received transaction number 10
# Value : 70
# Size : 4
# Char : ..-.
#    Time: 5395 ns  Iteration: 1  Instance: /morse_burst_emitter_tb/output_agent/output_agent_monitor
# ** Note: Scoreboard received transaction number 10
#    Time: 5395010 ps  Iteration: 0  Instance: /morse_burst_emitter_tb/scoreboard_inst
# ** Note: Everything's fine for transaction number 10(Scoreboard)
#    Time: 5395010 ps  Iteration: 0  Instance: /morse_burst_emitter_tb/scoreboard_inst
# ** Note: Scoreboard waiting for transaction number 11
#    Time: 5395010 ps  Iteration: 0  Instance: /morse_burst_emitter_tb/scoreboard_inst
# ** Note: Driver waiting for transaction number 21
#    Time: 5480 ns  Iteration: 1  Instance: /morse_burst_emitter_tb/input_agent/input_agent_driver
# ** Note: Driver received transaction number 21
#    Time: 5480 ns  Iteration: 1  Instance: /morse_burst_emitter_tb/input_agent/input_agent_driver
# ** Note: Sequencer : Sent transaction number 22
#    Time: 5480010 ps  Iteration: 0  Instance: /morse_burst_emitter_tb/input_agent/input_agent_sequencer
# ** Note: Monitor waiting for transaction number 11
#    Time: 5485 ns  Iteration: 1  Instance: /morse_burst_emitter_tb/output_agent/output_agent_monitor
# ** Note: Output Monitor received transaction number 11
# Value : 70
# Size : 4
# Char : ..-.
#    Time: 5995 ns  Iteration: 1  Instance: /morse_burst_emitter_tb/output_agent/output_agent_monitor
# ** Note: Scoreboard received transaction number 11
#    Time: 5995010 ps  Iteration: 0  Instance: /morse_burst_emitter_tb/scoreboard_inst
# ** Note: Everything's fine for transaction number 11(Scoreboard)
#    Time: 5995010 ps  Iteration: 0  Instance: /morse_burst_emitter_tb/scoreboard_inst
# ** Note: Scoreboard waiting for transaction number 12
#    Time: 5995010 ps  Iteration: 0  Instance: /morse_burst_emitter_tb/scoreboard_inst
# ** Note: Driver waiting for transaction number 22
#    Time: 6080 ns  Iteration: 1  Instance: /morse_burst_emitter_tb/input_agent/input_agent_driver
# ** Note: Driver received transaction number 22
#    Time: 6080 ns  Iteration: 1  Instance: /morse_burst_emitter_tb/input_agent/input_agent_driver
# ** Note: Sequencer : Sent transaction number 23
#    Time: 6080010 ps  Iteration: 0  Instance: /morse_burst_emitter_tb/input_agent/input_agent_sequencer
# ** Note: Monitor waiting for transaction number 12
#    Time: 6085 ns  Iteration: 1  Instance: /morse_burst_emitter_tb/output_agent/output_agent_monitor
# ** Note: Output Monitor received transaction number 12
# Value : 71
# Size : 3
# Char : --.
#    Time: 6595 ns  Iteration: 1  Instance: /morse_burst_emitter_tb/output_agent/output_agent_monitor
# ** Note: Scoreboard received transaction number 12
#    Time: 6595010 ps  Iteration: 0  Instance: /morse_burst_emitter_tb/scoreboard_inst
# ** Note: Everything's fine for transaction number 12(Scoreboard)
#    Time: 6595010 ps  Iteration: 0  Instance: /morse_burst_emitter_tb/scoreboard_inst
# ** Note: Scoreboard waiting for transaction number 13
#    Time: 6595010 ps  Iteration: 0  Instance: /morse_burst_emitter_tb/scoreboard_inst
# ** Note: Driver waiting for transaction number 23
#    Time: 6680 ns  Iteration: 1  Instance: /morse_burst_emitter_tb/input_agent/input_agent_driver
# ** Note: Driver received transaction number 23
#    Time: 6680 ns  Iteration: 1  Instance: /morse_burst_emitter_tb/input_agent/input_agent_driver
# ** Note: Sequencer : Sent transaction number 24
#    Time: 6680010 ps  Iteration: 0  Instance: /morse_burst_emitter_tb/input_agent/input_agent_sequencer
# ** Note: Monitor waiting for transaction number 13
#    Time: 6685 ns  Iteration: 1  Instance: /morse_burst_emitter_tb/output_agent/output_agent_monitor
# ** Note: Output Monitor received transaction number 13
# Value : 71
# Size : 3
# Char : --.
#    Time: 7195 ns  Iteration: 1  Instance: /morse_burst_emitter_tb/output_agent/output_agent_monitor
# ** Note: Scoreboard received transaction number 13
#    Time: 7195010 ps  Iteration: 0  Instance: /morse_burst_emitter_tb/scoreboard_inst
# ** Note: Everything's fine for transaction number 13(Scoreboard)
#    Time: 7195010 ps  Iteration: 0  Instance: /morse_burst_emitter_tb/scoreboard_inst
# ** Note: Scoreboard waiting for transaction number 14
#    Time: 7195010 ps  Iteration: 0  Instance: /morse_burst_emitter_tb/scoreboard_inst
# ** Note: Driver waiting for transaction number 24
#    Time: 7280 ns  Iteration: 1  Instance: /morse_burst_emitter_tb/input_agent/input_agent_driver
# ** Note: Driver received transaction number 24
#    Time: 7280 ns  Iteration: 1  Instance: /morse_burst_emitter_tb/input_agent/input_agent_driver
# ** Note: Sequencer : Sent transaction number 25
#    Time: 7280010 ps  Iteration: 0  Instance: /morse_burst_emitter_tb/input_agent/input_agent_sequencer
# ** Note: Monitor waiting for transaction number 14
#    Time: 7285 ns  Iteration: 1  Instance: /morse_burst_emitter_tb/output_agent/output_agent_monitor
# ** Note: Output Monitor received transaction number 14
# Value : 72
# Size : 4
# Char : ....
#    Time: 7695 ns  Iteration: 1  Instance: /morse_burst_emitter_tb/output_agent/output_agent_monitor
# ** Note: Scoreboard received transaction number 14
#    Time: 7695010 ps  Iteration: 0  Instance: /morse_burst_emitter_tb/scoreboard_inst
# ** Note: Everything's fine for transaction number 14(Scoreboard)
#    Time: 7695010 ps  Iteration: 0  Instance: /morse_burst_emitter_tb/scoreboard_inst
# ** Note: Scoreboard waiting for transaction number 15
#    Time: 7695010 ps  Iteration: 0  Instance: /morse_burst_emitter_tb/scoreboard_inst
# ** Note: Driver waiting for transaction number 25
#    Time: 7780 ns  Iteration: 1  Instance: /morse_burst_emitter_tb/input_agent/input_agent_driver
# ** Note: Driver received transaction number 25
#    Time: 7780 ns  Iteration: 1  Instance: /morse_burst_emitter_tb/input_agent/input_agent_driver
# ** Note: Sequencer : Sent transaction number 26
#    Time: 7780010 ps  Iteration: 0  Instance: /morse_burst_emitter_tb/input_agent/input_agent_sequencer
# ** Note: Monitor waiting for transaction number 15
#    Time: 7785 ns  Iteration: 1  Instance: /morse_burst_emitter_tb/output_agent/output_agent_monitor
# ** Note: Output Monitor received transaction number 15
# Value : 72
# Size : 4
# Char : ....
#    Time: 8195 ns  Iteration: 1  Instance: /morse_burst_emitter_tb/output_agent/output_agent_monitor
# ** Note: Scoreboard received transaction number 15
#    Time: 8195010 ps  Iteration: 0  Instance: /morse_burst_emitter_tb/scoreboard_inst
# ** Note: Everything's fine for transaction number 15(Scoreboard)
#    Time: 8195010 ps  Iteration: 0  Instance: /morse_burst_emitter_tb/scoreboard_inst
# ** Note: Scoreboard waiting for transaction number 16
#    Time: 8195010 ps  Iteration: 0  Instance: /morse_burst_emitter_tb/scoreboard_inst
# ** Note: Driver waiting for transaction number 26
#    Time: 8280 ns  Iteration: 1  Instance: /morse_burst_emitter_tb/input_agent/input_agent_driver
# ** Note: Driver received transaction number 26
#    Time: 8280 ns  Iteration: 1  Instance: /morse_burst_emitter_tb/input_agent/input_agent_driver
# ** Note: Sequencer : Sent transaction number 27
#    Time: 8280010 ps  Iteration: 0  Instance: /morse_burst_emitter_tb/input_agent/input_agent_sequencer
# ** Note: Monitor waiting for transaction number 16
#    Time: 8285 ns  Iteration: 1  Instance: /morse_burst_emitter_tb/output_agent/output_agent_monitor
# ** Note: Output Monitor received transaction number 16
# Value : 73
# Size : 2
# Char : ..
#    Time: 8495 ns  Iteration: 1  Instance: /morse_burst_emitter_tb/output_agent/output_agent_monitor
# ** Note: Scoreboard received transaction number 16
#    Time: 8495010 ps  Iteration: 0  Instance: /morse_burst_emitter_tb/scoreboard_inst
# ** Note: Everything's fine for transaction number 16(Scoreboard)
#    Time: 8495010 ps  Iteration: 0  Instance: /morse_burst_emitter_tb/scoreboard_inst
# ** Note: Scoreboard waiting for transaction number 17
#    Time: 8495010 ps  Iteration: 0  Instance: /morse_burst_emitter_tb/scoreboard_inst
# ** Note: Driver waiting for transaction number 27
#    Time: 8580 ns  Iteration: 1  Instance: /morse_burst_emitter_tb/input_agent/input_agent_driver
# ** Note: Driver received transaction number 27
#    Time: 8580 ns  Iteration: 1  Instance: /morse_burst_emitter_tb/input_agent/input_agent_driver
# ** Note: Sequencer : Sent transaction number 28
#    Time: 8580010 ps  Iteration: 0  Instance: /morse_burst_emitter_tb/input_agent/input_agent_sequencer
# ** Note: Monitor waiting for transaction number 17
#    Time: 8585 ns  Iteration: 1  Instance: /morse_burst_emitter_tb/output_agent/output_agent_monitor
# ** Note: Output Monitor received transaction number 17
# Value : 73
# Size : 2
# Char : ..
#    Time: 8795 ns  Iteration: 1  Instance: /morse_burst_emitter_tb/output_agent/output_agent_monitor
# ** Note: Scoreboard received transaction number 17
#    Time: 8795010 ps  Iteration: 0  Instance: /morse_burst_emitter_tb/scoreboard_inst
# ** Note: Everything's fine for transaction number 17(Scoreboard)
#    Time: 8795010 ps  Iteration: 0  Instance: /morse_burst_emitter_tb/scoreboard_inst
# ** Note: Scoreboard waiting for transaction number 18
#    Time: 8795010 ps  Iteration: 0  Instance: /morse_burst_emitter_tb/scoreboard_inst
# ** Note: Driver waiting for transaction number 28
#    Time: 8880 ns  Iteration: 1  Instance: /morse_burst_emitter_tb/input_agent/input_agent_driver
# ** Note: Driver received transaction number 28
#    Time: 8880 ns  Iteration: 1  Instance: /morse_burst_emitter_tb/input_agent/input_agent_driver
# ** Note: Sequencer : Sent transaction number 29
#    Time: 8880010 ps  Iteration: 0  Instance: /morse_burst_emitter_tb/input_agent/input_agent_sequencer
# ** Note: Monitor waiting for transaction number 18
#    Time: 8885 ns  Iteration: 1  Instance: /morse_burst_emitter_tb/output_agent/output_agent_monitor
# ** Note: Output Monitor received transaction number 18
# Value : 74
# Size : 4
# Char : .---
#    Time: 9595 ns  Iteration: 1  Instance: /morse_burst_emitter_tb/output_agent/output_agent_monitor
# ** Note: Scoreboard received transaction number 18
#    Time: 9595010 ps  Iteration: 0  Instance: /morse_burst_emitter_tb/scoreboard_inst
# ** Note: Everything's fine for transaction number 18(Scoreboard)
#    Time: 9595010 ps  Iteration: 0  Instance: /morse_burst_emitter_tb/scoreboard_inst
# ** Note: Scoreboard waiting for transaction number 19
#    Time: 9595010 ps  Iteration: 0  Instance: /morse_burst_emitter_tb/scoreboard_inst
# ** Note: Driver waiting for transaction number 29
#    Time: 9680 ns  Iteration: 1  Instance: /morse_burst_emitter_tb/input_agent/input_agent_driver
# ** Note: Driver received transaction number 29
#    Time: 9680 ns  Iteration: 1  Instance: /morse_burst_emitter_tb/input_agent/input_agent_driver
# ** Note: Sequencer : Sent transaction number 30
#    Time: 9680010 ps  Iteration: 0  Instance: /morse_burst_emitter_tb/input_agent/input_agent_sequencer
# ** Note: Monitor waiting for transaction number 19
#    Time: 9685 ns  Iteration: 1  Instance: /morse_burst_emitter_tb/output_agent/output_agent_monitor
# ** Note: Output Monitor received transaction number 19
# Value : 74
# Size : 4
# Char : .---
#    Time: 10395 ns  Iteration: 1  Instance: /morse_burst_emitter_tb/output_agent/output_agent_monitor
# ** Note: Scoreboard received transaction number 19
#    Time: 10395010 ps  Iteration: 0  Instance: /morse_burst_emitter_tb/scoreboard_inst
# ** Note: Everything's fine for transaction number 19(Scoreboard)
#    Time: 10395010 ps  Iteration: 0  Instance: /morse_burst_emitter_tb/scoreboard_inst
# ** Note: Scoreboard waiting for transaction number 20
#    Time: 10395010 ps  Iteration: 0  Instance: /morse_burst_emitter_tb/scoreboard_inst
# ** Note: Driver waiting for transaction number 30
#    Time: 10480 ns  Iteration: 1  Instance: /morse_burst_emitter_tb/input_agent/input_agent_driver
# ** Note: Driver received transaction number 30
#    Time: 10480 ns  Iteration: 1  Instance: /morse_burst_emitter_tb/input_agent/input_agent_driver
# ** Note: Sequencer : Sent transaction number 31
#    Time: 10480010 ps  Iteration: 0  Instance: /morse_burst_emitter_tb/input_agent/input_agent_sequencer
# ** Note: Monitor waiting for transaction number 20
#    Time: 10485 ns  Iteration: 1  Instance: /morse_burst_emitter_tb/output_agent/output_agent_monitor
# ** Note: Output Monitor received transaction number 20
# Value : 75
# Size : 3
# Char : -.-
#    Time: 10995 ns  Iteration: 1  Instance: /morse_burst_emitter_tb/output_agent/output_agent_monitor
# ** Note: Scoreboard received transaction number 20
#    Time: 10995010 ps  Iteration: 0  Instance: /morse_burst_emitter_tb/scoreboard_inst
# ** Note: Everything's fine for transaction number 20(Scoreboard)
#    Time: 10995010 ps  Iteration: 0  Instance: /morse_burst_emitter_tb/scoreboard_inst
# ** Note: Scoreboard waiting for transaction number 21
#    Time: 10995010 ps  Iteration: 0  Instance: /morse_burst_emitter_tb/scoreboard_inst
# ** Note: Driver waiting for transaction number 31
#    Time: 11080 ns  Iteration: 1  Instance: /morse_burst_emitter_tb/input_agent/input_agent_driver
# ** Note: Driver received transaction number 31
#    Time: 11080 ns  Iteration: 1  Instance: /morse_burst_emitter_tb/input_agent/input_agent_driver
# ** Note: Sequencer : Sent transaction number 32
#    Time: 11080010 ps  Iteration: 0  Instance: /morse_burst_emitter_tb/input_agent/input_agent_sequencer
# ** Note: Monitor waiting for transaction number 21
#    Time: 11085 ns  Iteration: 1  Instance: /morse_burst_emitter_tb/output_agent/output_agent_monitor
# ** Note: Output Monitor received transaction number 21
# Value : 75
# Size : 3
# Char : -.-
#    Time: 11595 ns  Iteration: 1  Instance: /morse_burst_emitter_tb/output_agent/output_agent_monitor
# ** Note: Scoreboard received transaction number 21
#    Time: 11595010 ps  Iteration: 0  Instance: /morse_burst_emitter_tb/scoreboard_inst
# ** Note: Everything's fine for transaction number 21(Scoreboard)
#    Time: 11595010 ps  Iteration: 0  Instance: /morse_burst_emitter_tb/scoreboard_inst
# ** Note: Scoreboard waiting for transaction number 22
#    Time: 11595010 ps  Iteration: 0  Instance: /morse_burst_emitter_tb/scoreboard_inst
# ** Note: Driver waiting for transaction number 32
#    Time: 11680 ns  Iteration: 1  Instance: /morse_burst_emitter_tb/input_agent/input_agent_driver
# ** Note: Driver received transaction number 32
#    Time: 11680 ns  Iteration: 1  Instance: /morse_burst_emitter_tb/input_agent/input_agent_driver
# ** Note: Sequencer : Sent transaction number 33
#    Time: 11680010 ps  Iteration: 0  Instance: /morse_burst_emitter_tb/input_agent/input_agent_sequencer
# ** Note: Monitor waiting for transaction number 22
#    Time: 11685 ns  Iteration: 1  Instance: /morse_burst_emitter_tb/output_agent/output_agent_monitor
# ** Note: Output Monitor received transaction number 22
# Value : 76
# Size : 4
# Char : .-..
#    Time: 12195 ns  Iteration: 1  Instance: /morse_burst_emitter_tb/output_agent/output_agent_monitor
# ** Note: Scoreboard received transaction number 22
#    Time: 12195010 ps  Iteration: 0  Instance: /morse_burst_emitter_tb/scoreboard_inst
# ** Note: Everything's fine for transaction number 22(Scoreboard)
#    Time: 12195010 ps  Iteration: 0  Instance: /morse_burst_emitter_tb/scoreboard_inst
# ** Note: Scoreboard waiting for transaction number 23
#    Time: 12195010 ps  Iteration: 0  Instance: /morse_burst_emitter_tb/scoreboard_inst
# ** Note: Driver waiting for transaction number 33
#    Time: 12280 ns  Iteration: 1  Instance: /morse_burst_emitter_tb/input_agent/input_agent_driver
# ** Note: Driver received transaction number 33
#    Time: 12280 ns  Iteration: 1  Instance: /morse_burst_emitter_tb/input_agent/input_agent_driver
# ** Note: Sequencer : Sent transaction number 34
#    Time: 12280010 ps  Iteration: 0  Instance: /morse_burst_emitter_tb/input_agent/input_agent_sequencer
# ** Note: Monitor waiting for transaction number 23
#    Time: 12285 ns  Iteration: 1  Instance: /morse_burst_emitter_tb/output_agent/output_agent_monitor
# ** Note: Output Monitor received transaction number 23
# Value : 76
# Size : 4
# Char : .-..
#    Time: 12795 ns  Iteration: 1  Instance: /morse_burst_emitter_tb/output_agent/output_agent_monitor
# ** Note: Scoreboard received transaction number 23
#    Time: 12795010 ps  Iteration: 0  Instance: /morse_burst_emitter_tb/scoreboard_inst
# ** Note: Everything's fine for transaction number 23(Scoreboard)
#    Time: 12795010 ps  Iteration: 0  Instance: /morse_burst_emitter_tb/scoreboard_inst
# ** Note: Scoreboard waiting for transaction number 24
#    Time: 12795010 ps  Iteration: 0  Instance: /morse_burst_emitter_tb/scoreboard_inst
# ** Note: Driver waiting for transaction number 34
#    Time: 12880 ns  Iteration: 1  Instance: /morse_burst_emitter_tb/input_agent/input_agent_driver
# ** Note: Driver received transaction number 34
#    Time: 12880 ns  Iteration: 1  Instance: /morse_burst_emitter_tb/input_agent/input_agent_driver
# ** Note: Sequencer : Sent transaction number 35
#    Time: 12880010 ps  Iteration: 0  Instance: /morse_burst_emitter_tb/input_agent/input_agent_sequencer
# ** Note: Monitor waiting for transaction number 24
#    Time: 12885 ns  Iteration: 1  Instance: /morse_burst_emitter_tb/output_agent/output_agent_monitor
# ** Note: Output Monitor received transaction number 24
# Value : 77
# Size : 2
# Char : --
#    Time: 13295 ns  Iteration: 1  Instance: /morse_burst_emitter_tb/output_agent/output_agent_monitor
# ** Note: Scoreboard received transaction number 24
#    Time: 13295010 ps  Iteration: 0  Instance: /morse_burst_emitter_tb/scoreboard_inst
# ** Note: Everything's fine for transaction number 24(Scoreboard)
#    Time: 13295010 ps  Iteration: 0  Instance: /morse_burst_emitter_tb/scoreboard_inst
# ** Note: Scoreboard waiting for transaction number 25
#    Time: 13295010 ps  Iteration: 0  Instance: /morse_burst_emitter_tb/scoreboard_inst
# ** Note: Driver waiting for transaction number 35
#    Time: 13380 ns  Iteration: 1  Instance: /morse_burst_emitter_tb/input_agent/input_agent_driver
# ** Note: Driver received transaction number 35
#    Time: 13380 ns  Iteration: 1  Instance: /morse_burst_emitter_tb/input_agent/input_agent_driver
# ** Note: Sequencer : Sent transaction number 36
#    Time: 13380010 ps  Iteration: 0  Instance: /morse_burst_emitter_tb/input_agent/input_agent_sequencer
# ** Note: Monitor waiting for transaction number 25
#    Time: 13385 ns  Iteration: 1  Instance: /morse_burst_emitter_tb/output_agent/output_agent_monitor
# ** Note: Output Monitor received transaction number 25
# Value : 77
# Size : 2
# Char : --
#    Time: 13795 ns  Iteration: 1  Instance: /morse_burst_emitter_tb/output_agent/output_agent_monitor
# ** Note: Scoreboard received transaction number 25
#    Time: 13795010 ps  Iteration: 0  Instance: /morse_burst_emitter_tb/scoreboard_inst
# ** Note: Everything's fine for transaction number 25(Scoreboard)
#    Time: 13795010 ps  Iteration: 0  Instance: /morse_burst_emitter_tb/scoreboard_inst
# ** Note: Scoreboard waiting for transaction number 26
#    Time: 13795010 ps  Iteration: 0  Instance: /morse_burst_emitter_tb/scoreboard_inst
# ** Note: Driver waiting for transaction number 36
#    Time: 13880 ns  Iteration: 1  Instance: /morse_burst_emitter_tb/input_agent/input_agent_driver
# ** Note: Driver received transaction number 36
#    Time: 13880 ns  Iteration: 1  Instance: /morse_burst_emitter_tb/input_agent/input_agent_driver
# ** Note: Sequencer : Sent transaction number 37
#    Time: 13880010 ps  Iteration: 0  Instance: /morse_burst_emitter_tb/input_agent/input_agent_sequencer
# ** Note: Monitor waiting for transaction number 26
#    Time: 13885 ns  Iteration: 1  Instance: /morse_burst_emitter_tb/output_agent/output_agent_monitor
# ** Note: Output Monitor received transaction number 26
# Value : 78
# Size : 2
# Char : -.
#    Time: 14195 ns  Iteration: 1  Instance: /morse_burst_emitter_tb/output_agent/output_agent_monitor
# ** Note: Scoreboard received transaction number 26
#    Time: 14195010 ps  Iteration: 0  Instance: /morse_burst_emitter_tb/scoreboard_inst
# ** Note: Everything's fine for transaction number 26(Scoreboard)
#    Time: 14195010 ps  Iteration: 0  Instance: /morse_burst_emitter_tb/scoreboard_inst
# ** Note: Scoreboard waiting for transaction number 27
#    Time: 14195010 ps  Iteration: 0  Instance: /morse_burst_emitter_tb/scoreboard_inst
# ** Note: Driver waiting for transaction number 37
#    Time: 14280 ns  Iteration: 1  Instance: /morse_burst_emitter_tb/input_agent/input_agent_driver
# ** Note: Driver received transaction number 37
#    Time: 14280 ns  Iteration: 1  Instance: /morse_burst_emitter_tb/input_agent/input_agent_driver
# ** Note: Sequencer : Sent transaction number 38
#    Time: 14280010 ps  Iteration: 0  Instance: /morse_burst_emitter_tb/input_agent/input_agent_sequencer
# ** Note: Monitor waiting for transaction number 27
#    Time: 14285 ns  Iteration: 1  Instance: /morse_burst_emitter_tb/output_agent/output_agent_monitor
# ** Note: Output Monitor received transaction number 27
# Value : 78
# Size : 2
# Char : -.
#    Time: 14595 ns  Iteration: 1  Instance: /morse_burst_emitter_tb/output_agent/output_agent_monitor
# ** Note: Scoreboard received transaction number 27
#    Time: 14595010 ps  Iteration: 0  Instance: /morse_burst_emitter_tb/scoreboard_inst
# ** Note: Everything's fine for transaction number 27(Scoreboard)
#    Time: 14595010 ps  Iteration: 0  Instance: /morse_burst_emitter_tb/scoreboard_inst
# ** Note: Scoreboard waiting for transaction number 28
#    Time: 14595010 ps  Iteration: 0  Instance: /morse_burst_emitter_tb/scoreboard_inst
# ** Note: Driver waiting for transaction number 38
#    Time: 14680 ns  Iteration: 1  Instance: /morse_burst_emitter_tb/input_agent/input_agent_driver
# ** Note: Driver received transaction number 38
#    Time: 14680 ns  Iteration: 1  Instance: /morse_burst_emitter_tb/input_agent/input_agent_driver
# ** Note: Sequencer : Sent transaction number 39
#    Time: 14680010 ps  Iteration: 0  Instance: /morse_burst_emitter_tb/input_agent/input_agent_sequencer
# ** Note: Monitor waiting for transaction number 28
#    Time: 14685 ns  Iteration: 1  Instance: /morse_burst_emitter_tb/output_agent/output_agent_monitor
# ** Note: Output Monitor received transaction number 28
# Value : 79
# Size : 3
# Char : ---
#    Time: 15295 ns  Iteration: 1  Instance: /morse_burst_emitter_tb/output_agent/output_agent_monitor
# ** Note: Scoreboard received transaction number 28
#    Time: 15295010 ps  Iteration: 0  Instance: /morse_burst_emitter_tb/scoreboard_inst
# ** Note: Everything's fine for transaction number 28(Scoreboard)
#    Time: 15295010 ps  Iteration: 0  Instance: /morse_burst_emitter_tb/scoreboard_inst
# ** Note: Scoreboard waiting for transaction number 29
#    Time: 15295010 ps  Iteration: 0  Instance: /morse_burst_emitter_tb/scoreboard_inst
# ** Note: Driver waiting for transaction number 39
#    Time: 15380 ns  Iteration: 1  Instance: /morse_burst_emitter_tb/input_agent/input_agent_driver
# ** Note: Driver received transaction number 39
#    Time: 15380 ns  Iteration: 1  Instance: /morse_burst_emitter_tb/input_agent/input_agent_driver
# ** Note: Sequencer : Sent transaction number 40
#    Time: 15380010 ps  Iteration: 0  Instance: /morse_burst_emitter_tb/input_agent/input_agent_sequencer
# ** Note: Monitor waiting for transaction number 29
#    Time: 15385 ns  Iteration: 1  Instance: /morse_burst_emitter_tb/output_agent/output_agent_monitor
# ** Note: Output Monitor received transaction number 29
# Value : 79
# Size : 3
# Char : ---
#    Time: 15995 ns  Iteration: 1  Instance: /morse_burst_emitter_tb/output_agent/output_agent_monitor
# ** Note: Scoreboard received transaction number 29
#    Time: 15995010 ps  Iteration: 0  Instance: /morse_burst_emitter_tb/scoreboard_inst
# ** Note: Everything's fine for transaction number 29(Scoreboard)
#    Time: 15995010 ps  Iteration: 0  Instance: /morse_burst_emitter_tb/scoreboard_inst
# ** Note: Scoreboard waiting for transaction number 30
#    Time: 15995010 ps  Iteration: 0  Instance: /morse_burst_emitter_tb/scoreboard_inst
# ** Note: Driver waiting for transaction number 40
#    Time: 16080 ns  Iteration: 1  Instance: /morse_burst_emitter_tb/input_agent/input_agent_driver
# ** Note: Driver received transaction number 40
#    Time: 16080 ns  Iteration: 1  Instance: /morse_burst_emitter_tb/input_agent/input_agent_driver
# ** Note: Sequencer : Sent transaction number 41
#    Time: 16080010 ps  Iteration: 0  Instance: /morse_burst_emitter_tb/input_agent/input_agent_sequencer
# ** Note: Monitor waiting for transaction number 30
#    Time: 16085 ns  Iteration: 1  Instance: /morse_burst_emitter_tb/output_agent/output_agent_monitor
# ** Note: Output Monitor received transaction number 30
# Value : 80
# Size : 4
# Char : .--.
#    Time: 16695 ns  Iteration: 1  Instance: /morse_burst_emitter_tb/output_agent/output_agent_monitor
# ** Note: Scoreboard received transaction number 30
#    Time: 16695010 ps  Iteration: 0  Instance: /morse_burst_emitter_tb/scoreboard_inst
# ** Note: Everything's fine for transaction number 30(Scoreboard)
#    Time: 16695010 ps  Iteration: 0  Instance: /morse_burst_emitter_tb/scoreboard_inst
# ** Note: Scoreboard waiting for transaction number 31
#    Time: 16695010 ps  Iteration: 0  Instance: /morse_burst_emitter_tb/scoreboard_inst
# ** Note: Driver waiting for transaction number 41
#    Time: 16780 ns  Iteration: 1  Instance: /morse_burst_emitter_tb/input_agent/input_agent_driver
# ** Note: Driver received transaction number 41
#    Time: 16780 ns  Iteration: 1  Instance: /morse_burst_emitter_tb/input_agent/input_agent_driver
# ** Note: Sequencer : Sent transaction number 42
#    Time: 16780010 ps  Iteration: 0  Instance: /morse_burst_emitter_tb/input_agent/input_agent_sequencer
# ** Note: Monitor waiting for transaction number 31
#    Time: 16785 ns  Iteration: 1  Instance: /morse_burst_emitter_tb/output_agent/output_agent_monitor
# ** Note: Output Monitor received transaction number 31
# Value : 80
# Size : 4
# Char : .--.
#    Time: 17395 ns  Iteration: 1  Instance: /morse_burst_emitter_tb/output_agent/output_agent_monitor
# ** Note: Scoreboard received transaction number 31
#    Time: 17395010 ps  Iteration: 0  Instance: /morse_burst_emitter_tb/scoreboard_inst
# ** Note: Everything's fine for transaction number 31(Scoreboard)
#    Time: 17395010 ps  Iteration: 0  Instance: /morse_burst_emitter_tb/scoreboard_inst
# ** Note: Scoreboard waiting for transaction number 32
#    Time: 17395010 ps  Iteration: 0  Instance: /morse_burst_emitter_tb/scoreboard_inst
# ** Note: Driver waiting for transaction number 42
#    Time: 17480 ns  Iteration: 1  Instance: /morse_burst_emitter_tb/input_agent/input_agent_driver
# ** Note: Driver received transaction number 42
#    Time: 17480 ns  Iteration: 1  Instance: /morse_burst_emitter_tb/input_agent/input_agent_driver
# ** Note: Sequencer : Sent transaction number 43
#    Time: 17480010 ps  Iteration: 0  Instance: /morse_burst_emitter_tb/input_agent/input_agent_sequencer
# ** Note: Monitor waiting for transaction number 32
#    Time: 17485 ns  Iteration: 1  Instance: /morse_burst_emitter_tb/output_agent/output_agent_monitor
# ** Note: Output Monitor received transaction number 32
# Value : 81
# Size : 4
# Char : --.-
#    Time: 18195 ns  Iteration: 1  Instance: /morse_burst_emitter_tb/output_agent/output_agent_monitor
# ** Note: Scoreboard received transaction number 32
#    Time: 18195010 ps  Iteration: 0  Instance: /morse_burst_emitter_tb/scoreboard_inst
# ** Note: Everything's fine for transaction number 32(Scoreboard)
#    Time: 18195010 ps  Iteration: 0  Instance: /morse_burst_emitter_tb/scoreboard_inst
# ** Note: Scoreboard waiting for transaction number 33
#    Time: 18195010 ps  Iteration: 0  Instance: /morse_burst_emitter_tb/scoreboard_inst
# ** Note: Driver waiting for transaction number 43
#    Time: 18280 ns  Iteration: 1  Instance: /morse_burst_emitter_tb/input_agent/input_agent_driver
# ** Note: Driver received transaction number 43
#    Time: 18280 ns  Iteration: 1  Instance: /morse_burst_emitter_tb/input_agent/input_agent_driver
# ** Note: Sequencer : Sent transaction number 44
#    Time: 18280010 ps  Iteration: 0  Instance: /morse_burst_emitter_tb/input_agent/input_agent_sequencer
# ** Note: Monitor waiting for transaction number 33
#    Time: 18285 ns  Iteration: 1  Instance: /morse_burst_emitter_tb/output_agent/output_agent_monitor
# ** Note: Output Monitor received transaction number 33
# Value : 81
# Size : 4
# Char : --.-
#    Time: 18995 ns  Iteration: 1  Instance: /morse_burst_emitter_tb/output_agent/output_agent_monitor
# ** Note: Scoreboard received transaction number 33
#    Time: 18995010 ps  Iteration: 0  Instance: /morse_burst_emitter_tb/scoreboard_inst
# ** Note: Everything's fine for transaction number 33(Scoreboard)
#    Time: 18995010 ps  Iteration: 0  Instance: /morse_burst_emitter_tb/scoreboard_inst
# ** Note: Scoreboard waiting for transaction number 34
#    Time: 18995010 ps  Iteration: 0  Instance: /morse_burst_emitter_tb/scoreboard_inst
# ** Note: Driver waiting for transaction number 44
#    Time: 19080 ns  Iteration: 1  Instance: /morse_burst_emitter_tb/input_agent/input_agent_driver
# ** Note: Driver received transaction number 44
#    Time: 19080 ns  Iteration: 1  Instance: /morse_burst_emitter_tb/input_agent/input_agent_driver
# ** Note: Sequencer : Sent transaction number 45
#    Time: 19080010 ps  Iteration: 0  Instance: /morse_burst_emitter_tb/input_agent/input_agent_sequencer
# ** Note: Monitor waiting for transaction number 34
#    Time: 19085 ns  Iteration: 1  Instance: /morse_burst_emitter_tb/output_agent/output_agent_monitor
# ** Note: Output Monitor received transaction number 34
# Value : 82
# Size : 3
# Char : .-.
#    Time: 19495 ns  Iteration: 1  Instance: /morse_burst_emitter_tb/output_agent/output_agent_monitor
# ** Note: Scoreboard received transaction number 34
#    Time: 19495010 ps  Iteration: 0  Instance: /morse_burst_emitter_tb/scoreboard_inst
# ** Note: Everything's fine for transaction number 34(Scoreboard)
#    Time: 19495010 ps  Iteration: 0  Instance: /morse_burst_emitter_tb/scoreboard_inst
# ** Note: Scoreboard waiting for transaction number 35
#    Time: 19495010 ps  Iteration: 0  Instance: /morse_burst_emitter_tb/scoreboard_inst
# ** Note: Driver waiting for transaction number 45
#    Time: 19580 ns  Iteration: 1  Instance: /morse_burst_emitter_tb/input_agent/input_agent_driver
# ** Note: Driver received transaction number 45
#    Time: 19580 ns  Iteration: 1  Instance: /morse_burst_emitter_tb/input_agent/input_agent_driver
# ** Note: Sequencer : Sent transaction number 46
#    Time: 19580010 ps  Iteration: 0  Instance: /morse_burst_emitter_tb/input_agent/input_agent_sequencer
# ** Note: Monitor waiting for transaction number 35
#    Time: 19585 ns  Iteration: 1  Instance: /morse_burst_emitter_tb/output_agent/output_agent_monitor
# ** Note: Output Monitor received transaction number 35
# Value : 82
# Size : 3
# Char : .-.
#    Time: 19995 ns  Iteration: 1  Instance: /morse_burst_emitter_tb/output_agent/output_agent_monitor
# ** Note: Scoreboard received transaction number 35
#    Time: 19995010 ps  Iteration: 0  Instance: /morse_burst_emitter_tb/scoreboard_inst
# ** Note: Everything's fine for transaction number 35(Scoreboard)
#    Time: 19995010 ps  Iteration: 0  Instance: /morse_burst_emitter_tb/scoreboard_inst
# ** Note: Scoreboard waiting for transaction number 36
#    Time: 19995010 ps  Iteration: 0  Instance: /morse_burst_emitter_tb/scoreboard_inst
# ** Note: Driver waiting for transaction number 46
#    Time: 20080 ns  Iteration: 1  Instance: /morse_burst_emitter_tb/input_agent/input_agent_driver
# ** Note: Driver received transaction number 46
#    Time: 20080 ns  Iteration: 1  Instance: /morse_burst_emitter_tb/input_agent/input_agent_driver
# ** Note: Sequencer : Sent transaction number 47
#    Time: 20080010 ps  Iteration: 0  Instance: /morse_burst_emitter_tb/input_agent/input_agent_sequencer
# ** Note: Monitor waiting for transaction number 36
#    Time: 20085 ns  Iteration: 1  Instance: /morse_burst_emitter_tb/output_agent/output_agent_monitor
# ** Note: Output Monitor received transaction number 36
# Value : 83
# Size : 3
# Char : ...
#    Time: 20395 ns  Iteration: 1  Instance: /morse_burst_emitter_tb/output_agent/output_agent_monitor
# ** Note: Scoreboard received transaction number 36
#    Time: 20395010 ps  Iteration: 0  Instance: /morse_burst_emitter_tb/scoreboard_inst
# ** Note: Everything's fine for transaction number 36(Scoreboard)
#    Time: 20395010 ps  Iteration: 0  Instance: /morse_burst_emitter_tb/scoreboard_inst
# ** Note: Scoreboard waiting for transaction number 37
#    Time: 20395010 ps  Iteration: 0  Instance: /morse_burst_emitter_tb/scoreboard_inst
# ** Note: Driver waiting for transaction number 47
#    Time: 20480 ns  Iteration: 1  Instance: /morse_burst_emitter_tb/input_agent/input_agent_driver
# ** Note: Driver received transaction number 47
#    Time: 20480 ns  Iteration: 1  Instance: /morse_burst_emitter_tb/input_agent/input_agent_driver
# ** Note: Sequencer : Sent transaction number 48
#    Time: 20480010 ps  Iteration: 0  Instance: /morse_burst_emitter_tb/input_agent/input_agent_sequencer
# ** Note: Monitor waiting for transaction number 37
#    Time: 20485 ns  Iteration: 1  Instance: /morse_burst_emitter_tb/output_agent/output_agent_monitor
# ** Note: Output Monitor received transaction number 37
# Value : 83
# Size : 3
# Char : ...
#    Time: 20795 ns  Iteration: 1  Instance: /morse_burst_emitter_tb/output_agent/output_agent_monitor
# ** Note: Scoreboard received transaction number 37
#    Time: 20795010 ps  Iteration: 0  Instance: /morse_burst_emitter_tb/scoreboard_inst
# ** Note: Everything's fine for transaction number 37(Scoreboard)
#    Time: 20795010 ps  Iteration: 0  Instance: /morse_burst_emitter_tb/scoreboard_inst
# ** Note: Scoreboard waiting for transaction number 38
#    Time: 20795010 ps  Iteration: 0  Instance: /morse_burst_emitter_tb/scoreboard_inst
# ** Note: Driver waiting for transaction number 48
#    Time: 20880 ns  Iteration: 1  Instance: /morse_burst_emitter_tb/input_agent/input_agent_driver
# ** Note: Driver received transaction number 48
#    Time: 20880 ns  Iteration: 1  Instance: /morse_burst_emitter_tb/input_agent/input_agent_driver
# ** Note: Sequencer : Sent transaction number 49
#    Time: 20880010 ps  Iteration: 0  Instance: /morse_burst_emitter_tb/input_agent/input_agent_sequencer
# ** Note: Monitor waiting for transaction number 38
#    Time: 20885 ns  Iteration: 1  Instance: /morse_burst_emitter_tb/output_agent/output_agent_monitor
# ** Note: Output Monitor received transaction number 38
# Value : 84
# Size : 1
# Char : -
#    Time: 21095 ns  Iteration: 1  Instance: /morse_burst_emitter_tb/output_agent/output_agent_monitor
# ** Note: Scoreboard received transaction number 38
#    Time: 21095010 ps  Iteration: 0  Instance: /morse_burst_emitter_tb/scoreboard_inst
# ** Note: Everything's fine for transaction number 38(Scoreboard)
#    Time: 21095010 ps  Iteration: 0  Instance: /morse_burst_emitter_tb/scoreboard_inst
# ** Note: Scoreboard waiting for transaction number 39
#    Time: 21095010 ps  Iteration: 0  Instance: /morse_burst_emitter_tb/scoreboard_inst
# ** Note: Driver waiting for transaction number 49
#    Time: 21180 ns  Iteration: 1  Instance: /morse_burst_emitter_tb/input_agent/input_agent_driver
# ** Note: Driver received transaction number 49
#    Time: 21180 ns  Iteration: 1  Instance: /morse_burst_emitter_tb/input_agent/input_agent_driver
# ** Note: Sequencer : Sent transaction number 50
#    Time: 21180010 ps  Iteration: 0  Instance: /morse_burst_emitter_tb/input_agent/input_agent_sequencer
# ** Note: Monitor waiting for transaction number 39
#    Time: 21185 ns  Iteration: 1  Instance: /morse_burst_emitter_tb/output_agent/output_agent_monitor
# ** Note: Output Monitor received transaction number 39
# Value : 84
# Size : 1
# Char : -
#    Time: 21395 ns  Iteration: 1  Instance: /morse_burst_emitter_tb/output_agent/output_agent_monitor
# ** Note: Scoreboard received transaction number 39
#    Time: 21395010 ps  Iteration: 0  Instance: /morse_burst_emitter_tb/scoreboard_inst
# ** Note: Everything's fine for transaction number 39(Scoreboard)
#    Time: 21395010 ps  Iteration: 0  Instance: /morse_burst_emitter_tb/scoreboard_inst
# ** Note: Scoreboard waiting for transaction number 40
#    Time: 21395010 ps  Iteration: 0  Instance: /morse_burst_emitter_tb/scoreboard_inst
# ** Note: Driver waiting for transaction number 50
#    Time: 21480 ns  Iteration: 1  Instance: /morse_burst_emitter_tb/input_agent/input_agent_driver
# ** Note: Driver received transaction number 50
#    Time: 21480 ns  Iteration: 1  Instance: /morse_burst_emitter_tb/input_agent/input_agent_driver
# ** Note: Sequencer : Sent transaction number 51
#    Time: 21480010 ps  Iteration: 0  Instance: /morse_burst_emitter_tb/input_agent/input_agent_sequencer
# ** Note: Monitor waiting for transaction number 40
#    Time: 21485 ns  Iteration: 1  Instance: /morse_burst_emitter_tb/output_agent/output_agent_monitor
# ** Note: Output Monitor received transaction number 40
# Value : 85
# Size : 3
# Char : ..-
#    Time: 21895 ns  Iteration: 1  Instance: /morse_burst_emitter_tb/output_agent/output_agent_monitor
# ** Note: Scoreboard received transaction number 40
#    Time: 21895010 ps  Iteration: 0  Instance: /morse_burst_emitter_tb/scoreboard_inst
# ** Note: Everything's fine for transaction number 40(Scoreboard)
#    Time: 21895010 ps  Iteration: 0  Instance: /morse_burst_emitter_tb/scoreboard_inst
# ** Note: Scoreboard waiting for transaction number 41
#    Time: 21895010 ps  Iteration: 0  Instance: /morse_burst_emitter_tb/scoreboard_inst
# ** Note: Driver waiting for transaction number 51
#    Time: 21980 ns  Iteration: 1  Instance: /morse_burst_emitter_tb/input_agent/input_agent_driver
# ** Note: Driver received transaction number 51
#    Time: 21980 ns  Iteration: 1  Instance: /morse_burst_emitter_tb/input_agent/input_agent_driver
# ** Note: Sequencer : Sent transaction number 52
#    Time: 21980010 ps  Iteration: 0  Instance: /morse_burst_emitter_tb/input_agent/input_agent_sequencer
# ** Note: Sequencer finished his job
#    Time: 21980010 ps  Iteration: 0  Instance: /morse_burst_emitter_tb/input_agent/input_agent_sequencer
# ** Note: Monitor waiting for transaction number 41
#    Time: 21985 ns  Iteration: 1  Instance: /morse_burst_emitter_tb/output_agent/output_agent_monitor
# ** Note: Output Monitor received transaction number 41
# Value : 85
# Size : 3
# Char : ..-
#    Time: 22395 ns  Iteration: 1  Instance: /morse_burst_emitter_tb/output_agent/output_agent_monitor
# ** Note: Scoreboard received transaction number 41
#    Time: 22395010 ps  Iteration: 0  Instance: /morse_burst_emitter_tb/scoreboard_inst
# ** Note: Everything's fine for transaction number 41(Scoreboard)
#    Time: 22395010 ps  Iteration: 0  Instance: /morse_burst_emitter_tb/scoreboard_inst
# ** Note: Scoreboard waiting for transaction number 42
#    Time: 22395010 ps  Iteration: 0  Instance: /morse_burst_emitter_tb/scoreboard_inst
# ** Note: Driver waiting for transaction number 52
#    Time: 22480 ns  Iteration: 1  Instance: /morse_burst_emitter_tb/input_agent/input_agent_driver
# ** Note: Driver received transaction number 52
#    Time: 22480 ns  Iteration: 1  Instance: /morse_burst_emitter_tb/input_agent/input_agent_driver
# ** Note: Monitor waiting for transaction number 42
#    Time: 22485 ns  Iteration: 1  Instance: /morse_burst_emitter_tb/output_agent/output_agent_monitor
# ** Note: Output Monitor received transaction number 42
# Value : 86
# Size : 4
# Char : ...-
#    Time: 22995 ns  Iteration: 1  Instance: /morse_burst_emitter_tb/output_agent/output_agent_monitor
# ** Note: Scoreboard received transaction number 42
#    Time: 22995010 ps  Iteration: 0  Instance: /morse_burst_emitter_tb/scoreboard_inst
# ** Note: Everything's fine for transaction number 42(Scoreboard)
#    Time: 22995010 ps  Iteration: 0  Instance: /morse_burst_emitter_tb/scoreboard_inst
# ** Note: Scoreboard waiting for transaction number 43
#    Time: 22995010 ps  Iteration: 0  Instance: /morse_burst_emitter_tb/scoreboard_inst
# ** Note: Driver waiting for transaction number 53
#    Time: 23080 ns  Iteration: 1  Instance: /morse_burst_emitter_tb/input_agent/input_agent_driver
# ** Note: Monitor waiting for transaction number 43
#    Time: 23085 ns  Iteration: 1  Instance: /morse_burst_emitter_tb/output_agent/output_agent_monitor
# ** Note: Output Monitor received transaction number 43
# Value : 86
# Size : 4
# Char : ...-
#    Time: 23595 ns  Iteration: 1  Instance: /morse_burst_emitter_tb/output_agent/output_agent_monitor
# ** Note: Scoreboard received transaction number 43
#    Time: 23595010 ps  Iteration: 0  Instance: /morse_burst_emitter_tb/scoreboard_inst
# ** Note: Everything's fine for transaction number 43(Scoreboard)
#    Time: 23595010 ps  Iteration: 0  Instance: /morse_burst_emitter_tb/scoreboard_inst
# ** Note: Scoreboard waiting for transaction number 44
#    Time: 23595010 ps  Iteration: 0  Instance: /morse_burst_emitter_tb/scoreboard_inst
# ** Note: Monitor waiting for transaction number 44
#    Time: 23685 ns  Iteration: 1  Instance: /morse_burst_emitter_tb/output_agent/output_agent_monitor
# ** Note: Output Monitor received transaction number 44
# Value : 87
# Size : 3
# Char : .--
#    Time: 24195 ns  Iteration: 1  Instance: /morse_burst_emitter_tb/output_agent/output_agent_monitor
# ** Note: Scoreboard received transaction number 44
#    Time: 24195010 ps  Iteration: 0  Instance: /morse_burst_emitter_tb/scoreboard_inst
# ** Note: Everything's fine for transaction number 44(Scoreboard)
#    Time: 24195010 ps  Iteration: 0  Instance: /morse_burst_emitter_tb/scoreboard_inst
# ** Note: Scoreboard waiting for transaction number 45
#    Time: 24195010 ps  Iteration: 0  Instance: /morse_burst_emitter_tb/scoreboard_inst
# ** Note: Monitor waiting for transaction number 45
#    Time: 24285 ns  Iteration: 1  Instance: /morse_burst_emitter_tb/output_agent/output_agent_monitor
# ** Note: Output Monitor received transaction number 45
# Value : 87
# Size : 3
# Char : .--
#    Time: 24795 ns  Iteration: 1  Instance: /morse_burst_emitter_tb/output_agent/output_agent_monitor
# ** Note: Scoreboard received transaction number 45
#    Time: 24795010 ps  Iteration: 0  Instance: /morse_burst_emitter_tb/scoreboard_inst
# ** Note: Everything's fine for transaction number 45(Scoreboard)
#    Time: 24795010 ps  Iteration: 0  Instance: /morse_burst_emitter_tb/scoreboard_inst
# ** Note: Scoreboard waiting for transaction number 46
#    Time: 24795010 ps  Iteration: 0  Instance: /morse_burst_emitter_tb/scoreboard_inst
# ** Note: Monitor waiting for transaction number 46
#    Time: 24885 ns  Iteration: 1  Instance: /morse_burst_emitter_tb/output_agent/output_agent_monitor
# ** Note: Output Monitor received transaction number 46
# Value : 88
# Size : 4
# Char : -..-
#    Time: 25495 ns  Iteration: 1  Instance: /morse_burst_emitter_tb/output_agent/output_agent_monitor
# ** Note: Scoreboard received transaction number 46
#    Time: 25495010 ps  Iteration: 0  Instance: /morse_burst_emitter_tb/scoreboard_inst
# ** Note: Everything's fine for transaction number 46(Scoreboard)
#    Time: 25495010 ps  Iteration: 0  Instance: /morse_burst_emitter_tb/scoreboard_inst
# ** Note: Scoreboard waiting for transaction number 47
#    Time: 25495010 ps  Iteration: 0  Instance: /morse_burst_emitter_tb/scoreboard_inst
# ** Note: Monitor waiting for transaction number 47
#    Time: 25585 ns  Iteration: 1  Instance: /morse_burst_emitter_tb/output_agent/output_agent_monitor
# ** Note: Output Monitor received transaction number 47
# Value : 88
# Size : 4
# Char : -..-
#    Time: 26195 ns  Iteration: 1  Instance: /morse_burst_emitter_tb/output_agent/output_agent_monitor
# ** Note: Scoreboard received transaction number 47
#    Time: 26195010 ps  Iteration: 0  Instance: /morse_burst_emitter_tb/scoreboard_inst
# ** Note: Everything's fine for transaction number 47(Scoreboard)
#    Time: 26195010 ps  Iteration: 0  Instance: /morse_burst_emitter_tb/scoreboard_inst
# ** Note: Scoreboard waiting for transaction number 48
#    Time: 26195010 ps  Iteration: 0  Instance: /morse_burst_emitter_tb/scoreboard_inst
# ** Note: Monitor waiting for transaction number 48
#    Time: 26285 ns  Iteration: 1  Instance: /morse_burst_emitter_tb/output_agent/output_agent_monitor
# ** Note: Output Monitor received transaction number 48
# Value : 89
# Size : 4
# Char : -.--
#    Time: 26995 ns  Iteration: 1  Instance: /morse_burst_emitter_tb/output_agent/output_agent_monitor
# ** Note: Scoreboard received transaction number 48
#    Time: 26995010 ps  Iteration: 0  Instance: /morse_burst_emitter_tb/scoreboard_inst
# ** Note: Everything's fine for transaction number 48(Scoreboard)
#    Time: 26995010 ps  Iteration: 0  Instance: /morse_burst_emitter_tb/scoreboard_inst
# ** Note: Scoreboard waiting for transaction number 49
#    Time: 26995010 ps  Iteration: 0  Instance: /morse_burst_emitter_tb/scoreboard_inst
# ** Note: Monitor waiting for transaction number 49
#    Time: 27085 ns  Iteration: 1  Instance: /morse_burst_emitter_tb/output_agent/output_agent_monitor
# ** Note: Output Monitor received transaction number 49
# Value : 89
# Size : 4
# Char : -.--
#    Time: 27795 ns  Iteration: 1  Instance: /morse_burst_emitter_tb/output_agent/output_agent_monitor
# ** Note: Scoreboard received transaction number 49
#    Time: 27795010 ps  Iteration: 0  Instance: /morse_burst_emitter_tb/scoreboard_inst
# ** Note: Everything's fine for transaction number 49(Scoreboard)
#    Time: 27795010 ps  Iteration: 0  Instance: /morse_burst_emitter_tb/scoreboard_inst
# ** Note: Scoreboard waiting for transaction number 50
#    Time: 27795010 ps  Iteration: 0  Instance: /morse_burst_emitter_tb/scoreboard_inst
# ** Note: Monitor waiting for transaction number 50
#    Time: 27885 ns  Iteration: 1  Instance: /morse_burst_emitter_tb/output_agent/output_agent_monitor
# ** Note: Output Monitor received transaction number 50
# Value : 90
# Size : 4
# Char : --..
#    Time: 28495 ns  Iteration: 1  Instance: /morse_burst_emitter_tb/output_agent/output_agent_monitor
# ** Note: Scoreboard received transaction number 50
#    Time: 28495010 ps  Iteration: 0  Instance: /morse_burst_emitter_tb/scoreboard_inst
# ** Note: Everything's fine for transaction number 50(Scoreboard)
#    Time: 28495010 ps  Iteration: 0  Instance: /morse_burst_emitter_tb/scoreboard_inst
# ** Note: Scoreboard waiting for transaction number 51
#    Time: 28495010 ps  Iteration: 0  Instance: /morse_burst_emitter_tb/scoreboard_inst
# ** Note: Monitor waiting for transaction number 51
#    Time: 28585 ns  Iteration: 1  Instance: /morse_burst_emitter_tb/output_agent/output_agent_monitor
# ** Note: Output Monitor received transaction number 51
# Value : 90
# Size : 4
# Char : --..
#    Time: 29195 ns  Iteration: 1  Instance: /morse_burst_emitter_tb/output_agent/output_agent_monitor
# ** Note: Scoreboard received transaction number 51
#    Time: 29195010 ps  Iteration: 0  Instance: /morse_burst_emitter_tb/scoreboard_inst
# ** Note: Everything's fine for transaction number 51(Scoreboard)
#    Time: 29195010 ps  Iteration: 0  Instance: /morse_burst_emitter_tb/scoreboard_inst
# ** Note: Scoreboard waiting for transaction number 52
#    Time: 29195010 ps  Iteration: 0  Instance: /morse_burst_emitter_tb/scoreboard_inst
# ** Note: Monitor waiting for transaction number 52
#    Time: 29495 ns  Iteration: 1  Instance: /morse_burst_emitter_tb/output_agent/output_agent_monitor
# ** Note: Finishing at time 100000000 ps
#    Time: 100 us  Iteration: 0  Instance: /morse_burst_emitter_tb/monitor
# ** Note: Ending status: Because of no more objections
#    Time: 100 us  Iteration: 0  Instance: /morse_burst_emitter_tb/monitor
# ** Note: --------------------------------
# FINAL report
# Total number of warnings : 0
# Total number of errors : 0
# --------------------------------
#    Time: 100 us  Iteration: 0  Instance: /morse_burst_emitter_tb/monitor
# Break in Process monitor_proc at /home/reds/vsn21_student/labo3/code/comp/../tlmvm/src/simulation_end_pkg.vhd line 175
# Stopped at /home/reds/vsn21_student/labo3/code/comp/../tlmvm/src/simulation_end_pkg.vhd line 175
# coverage attribute -name TESTNAME -value all_char_burst_fifo_nfull
# coverage save ../all_char_burst_fifo_nfull.ucdb
# quit -f
