# set mergefile /home/reds/vsn21_student/labo3/code/VRMDATA/merge.ucdb
# /home/reds/vsn21_student/labo3/code/VRMDATA/merge.ucdb
# set cmd [list vcover merge  -out $mergefile]
# vcover merge -out /home/reds/vsn21_student/labo3/code/VRMDATA/merge.ucdb
# if {[file readable $mergefile]} {lappend cmd $mergefile}
# vcover merge -out /home/reds/vsn21_student/labo3/code/VRMDATA/merge.ucdb /home/reds/vsn21_student/labo3/code/VRMDATA/merge.ucdb
# eval $cmd -inputs /home/reds/vsn21_student/labo3/code/VRMDATA/Full52/directed/hello_world_burst_fifo_full/mergeScript.files
# QuestaSim-64 vcover 2020.1_1 Coverage Utility 2020.03 Mar  4 2020
# Start time: 19:51:55 on Apr 28,2021
# vcover merge -out /home/reds/vsn21_student/labo3/code/VRMDATA/merge.ucdb /home/reds/vsn21_student/labo3/code/VRMDATA/merge.ucdb -inputs /home/reds/vsn21_student/labo3/code/VRMDATA/Full52/directed/hello_world_burst_fifo_full/mergeScript.files 
# QuestaSim-64 vcover 2020.1_1 Coverage Utility 2020.03 Mar  4 2020
# Merging file /home/reds/vsn21_student/labo3/code/VRMDATA/merge.ucdb
# Merging file /home/reds/vsn21_student/labo3/code/VRMDATA/merge_morse_burst_emitter.ucdb
# Merging file /home/reds/vsn21_student/labo3/code/VRMDATA/Full52/directed/hello_world_burst_fifo_full.ucdb
# Merging file /home/reds/vsn21_student/labo3/code/VRMDATA/Full52/directed/word_size_0_100.ucdb
# Merging file /home/reds/vsn21_student/labo3/code/VRMDATA/Full52/directed/full_random.ucdb
# Merging file /home/reds/vsn21_student/labo3/code/VRMDATA/Full52/directed/testerrno4.ucdb
# Merging file /home/reds/vsn21_student/labo3/code/VRMDATA/Full52/directed/testerrno0.ucdb
# Writing merged result to /home/reds/vsn21_student/labo3/code/VRMDATA/merge.ucdb
# 
# Applying tag commands ...
# ===== Testplan item: /testplan/Coverage/Coverage DUV
# (Tag command: -tagname testplan.6.1 -bins -r -path /com_store_velux_tb/duv/#stmt#* )
# No matching paths
# ===== Testplan item: /testplan/ERRNO testing/ERRNO = 1
# (Tag command: -tagname testplan.7.2 -testrecord testerrno1 )
# Warning: Potential test record "testerrno1" created!
# ===== Testplan item: /testplan/ERRNO testing/ERRNO = 2
# (Tag command: -tagname testplan.7.3 -testrecord testerrno2 )
# Warning: Potential test record "testerrno2" created!
# ===== Testplan item: /testplan/ERRNO testing/ERRNO = 3
# (Tag command: -tagname testplan.7.4 -testrecord testerrno3 )
# Warning: Potential test record "testerrno3" created!
# ===== Testplan item: /testplan/ERRNO testing/ERRNO = 5
# (Tag command: -tagname testplan.7.6 -testrecord testerrno5 )
# Warning: Potential test record "testerrno5" created!
# ===== Testplan item: /testplan/ERRNO testing/ERRNO = 6
# (Tag command: -tagname testplan.7.7 -testrecord testerrno6 )
# Warning: Potential test record "testerrno6" created!
# ===== Testplan item: /testplan/ERRNO testing/ERRNO = 7
# (Tag command: -tagname testplan.7.8 -testrecord testerrno7 )
# Warning: Potential test record "testerrno7" created!
# ===== Testplan item: /testplan/ERRNO testing/ERRNO = 8
# (Tag command: -tagname testplan.7.9 -testrecord testerrno8 )
# Warning: Potential test record "testerrno8" created!
# ===== Testplan item: /testplan/ERRNO testing/ERRNO = 9
# (Tag command: -tagname testplan.7.10 -testrecord testerrno9 )
# Warning: Potential test record "testerrno9" created!
# ===== Testplan item: /testplan/ERRNO testing/ERRNO = 10
# (Tag command: -tagname testplan.7.11 -testrecord testerrno10 )
# Warning: Potential test record "testerrno10" created!
# ===== Testplan item: /testplan/ERRNO testing/ERRNO = 11
# (Tag command: -tagname testplan.7.12 -testrecord testerrno11 )
# Warning: Potential test record "testerrno11" created!
# ===== Testplan item: /testplan/ERRNO testing/ERRNO = 12
# (Tag command: -tagname testplan.7.13 -testrecord testerrno12 )
# Warning: Potential test record "testerrno12" created!
# ===== Testplan item: /testplan/ERRNO testing/ERRNO = 13
# (Tag command: -tagname testplan.7.14 -testrecord testerrno13 )
# Warning: Potential test record "testerrno13" created!
# ===== Testplan item: /testplan/ERRNO testing/ERRNO = 14
# (Tag command: -tagname testplan.7.15 -testrecord testerrno14 )
# Warning: Potential test record "testerrno14" created!
# ===== Testplan item: /testplan/ERRNO testing/ERRNO = 15
# (Tag command: -tagname testplan.7.16 -testrecord testerrno15 )
# Warning: Potential test record "testerrno15" created!
# ===== Testplan item: /testplan/ERRNO testing/ERRNO = 16
# (Tag command: -tagname testplan.7.17 -testrecord testerrno16 )
# Warning: Potential test record "testerrno16" created!
# ===== Testplan item: /testplan/ERRNO testing/ERRNO = 17
# (Tag command: -tagname testplan.7.18 -testrecord testerrno17 )
# Warning: Potential test record "testerrno17" created!
# All tags are applied successfully.
# End time: 19:51:55 on Apr 28,2021, Elapsed time: 0:00:00
# Errors: 0, Warnings: 0
# quit -f
